[openmc.deplete] t=0.0 s, dt=14400 s, source=174
[openmc.deplete] t=0.0 s, dt=14400 s, source=174
[openmc.deplete] t=0.0 s, dt=14400 s, source=174
[openmc.deplete] t=0.0 s, dt=14400 s, source=174
[openmc.deplete] t=14400.0 (final operator evaluation)
[openmc.deplete] t=14400.0 (final operator evaluation)
[openmc.deplete] t=14400.0 (final operator evaluation)
[openmc.deplete] t=14400.0 (final operator evaluation)
re-initializing model
re-initializing model
re-initializing model
re-initializing model
                                %%%%%%%%%%%%%%%
                           %%%%%%%%%%%%%%%%%%%%%%%%
                        %%%%%%%%%%%%%%%%%%%%%%%%%%%%%%
                      %%%%%%%%%%%%%%%%%%%%%%%%%%%%%%%%%%
                    %%%%%%%%%%%%%%%%%%%%%%%%%%%%%%%%%%%%%%
                   %%%%%%%%%%%%%%%%%%%%%%%%%%%%%%%%%%%%%%%%
                                    %%%%%%%%%%%%%%%%%%%%%%%%
                                     %%%%%%%%%%%%%%%%%%%%%%%%
                 ###############      %%%%%%%%%%%%%%%%%%%%%%%%
                ##################     %%%%%%%%%%%%%%%%%%%%%%%
                ###################     %%%%%%%%%%%%%%%%%%%%%%%
                ####################     %%%%%%%%%%%%%%%%%%%%%%
                #####################     %%%%%%%%%%%%%%%%%%%%%
                ######################     %%%%%%%%%%%%%%%%%%%%
                #######################     %%%%%%%%%%%%%%%%%%
                 #######################     %%%%%%%%%%%%%%%%%
                 ######################     %%%%%%%%%%%%%%%%%
                  ####################     %%%%%%%%%%%%%%%%%
                    #################     %%%%%%%%%%%%%%%%%
                     ###############     %%%%%%%%%%%%%%%%
                       ############     %%%%%%%%%%%%%%%
                          ########     %%%%%%%%%%%%%%
                                      %%%%%%%%%%%

                 | The OpenMC Monte Carlo Code
       Copyright | 2011-2022 MIT, UChicago Argonne LLC, and contributors
         License | https://docs.openmc.org/en/latest/license.html
         Version | 0.13.1-dev
        Git SHA1 | 91638baeecec220b1ab5df59adf71714daf2cba4
       Date/Time | 2022-08-19 15:44:54
   MPI Processes | 4
  OpenMP Threads | 18

 Reading settings XML file...
 Reading cross sections XML file...
 Reading materials XML file...
 Reading geometry XML file...
 Reading U236 from
 /home/oyardas/2023-openmc-depletion-data/hours3/../../cross-section-libraries/en
 dfb71_hdf5/U236.h5
 Reading O16 from
 /home/oyardas/2023-openmc-depletion-data/hours3/../../cross-section-libraries/en
 dfb71_hdf5/O16.h5
 Reading O17 from
 /home/oyardas/2023-openmc-depletion-data/hours3/../../cross-section-libraries/en
 dfb71_hdf5/O17.h5
 Reading Cs135 from
 /home/oyardas/2023-openmc-depletion-data/hours3/../../cross-section-libraries/en
 dfb71_hdf5/Cs135.h5
 Reading Gd156 from
 /home/oyardas/2023-openmc-depletion-data/hours3/../../cross-section-libraries/en
 dfb71_hdf5/Gd156.h5
 Reading Gd157 from
 /home/oyardas/2023-openmc-depletion-data/hours3/../../cross-section-libraries/en
 dfb71_hdf5/Gd157.h5
 Reading I135 from
 /home/oyardas/2023-openmc-depletion-data/hours3/../../cross-section-libraries/en
 dfb71_hdf5/I135.h5
 Reading U234 from
 /home/oyardas/2023-openmc-depletion-data/hours3/../../cross-section-libraries/en
 dfb71_hdf5/U234.h5
 Reading U235 from
 /home/oyardas/2023-openmc-depletion-data/hours3/../../cross-section-libraries/en
 dfb71_hdf5/U235.h5
 Reading U238 from
 /home/oyardas/2023-openmc-depletion-data/hours3/../../cross-section-libraries/en
 dfb71_hdf5/U238.h5
 Reading Xe135 from
 /home/oyardas/2023-openmc-depletion-data/hours3/../../cross-section-libraries/en
 dfb71_hdf5/Xe135.h5
 Reading Xe136 from
 /home/oyardas/2023-openmc-depletion-data/hours3/../../cross-section-libraries/en
 dfb71_hdf5/Xe136.h5
 Reading Zr90 from
 /home/oyardas/2023-openmc-depletion-data/hours3/../../cross-section-libraries/en
 dfb71_hdf5/Zr90.h5
 Reading Zr91 from
 /home/oyardas/2023-openmc-depletion-data/hours3/../../cross-section-libraries/en
 dfb71_hdf5/Zr91.h5
 Reading Zr92 from
 /home/oyardas/2023-openmc-depletion-data/hours3/../../cross-section-libraries/en
 dfb71_hdf5/Zr92.h5
 Reading Zr94 from
 /home/oyardas/2023-openmc-depletion-data/hours3/../../cross-section-libraries/en
 dfb71_hdf5/Zr94.h5
generating new microxs
/gpfs/fs1/home/oyardas/openmc/openmc/mixin.py:70: IDWarning: Another Filter instance already exists with id=1.
  warn(msg, IDWarning)
/gpfs/fs1/home/oyardas/openmc/openmc/mixin.py:70: IDWarning: Another Filter instance already exists with id=2.
  warn(msg, IDWarning)
generating new microxs
/gpfs/fs1/home/oyardas/openmc/openmc/mixin.py:70: IDWarning: Another Filter instance already exists with id=1.
  warn(msg, IDWarning)
/gpfs/fs1/home/oyardas/openmc/openmc/mixin.py:70: IDWarning: Another Filter instance already exists with id=2.
  warn(msg, IDWarning)
 Reading Zr96 from
 /home/oyardas/2023-openmc-depletion-data/hours3/../../cross-section-libraries/en
 dfb71_hdf5/Zr96.h5
 Reading H1 from
 /home/oyardas/2023-openmc-depletion-data/hours3/../../cross-section-libraries/en
 dfb71_hdf5/H1.h5
 Reading H2 from
 /home/oyardas/2023-openmc-depletion-data/hours3/../../cross-section-libraries/en
 dfb71_hdf5/H2.h5
 Reading c_H_in_H2O from
 /home/oyardas/2023-openmc-depletion-data/hours3/../../cross-section-libraries/en
 dfb71_hdf5/c_H_in_H2O.h5
generating new microxs
 Minimum neutron data temperature: 0 K
 Maximum neutron data temperature: 1.7976931348623157e+308 K
 Reading tallies XML file...
 Preparing distributed cell instances...
 Reading plot XML file...
 Writing summary.h5 file...
generating new microxs
/gpfs/fs1/home/oyardas/openmc/openmc/mixin.py:70: IDWarning: Another Filter instance already exists with id=1.
  warn(msg, IDWarning)
/gpfs/fs1/home/oyardas/openmc/openmc/mixin.py:70: IDWarning: Another Filter instance already exists with id=2.
  warn(msg, IDWarning)
/gpfs/fs1/home/oyardas/openmc/openmc/mixin.py:70: IDWarning: Another Filter instance already exists with id=1.
  warn(msg, IDWarning)
/gpfs/fs1/home/oyardas/openmc/openmc/mixin.py:70: IDWarning: Another Filter instance already exists with id=2.
  warn(msg, IDWarning)
                                %%%%%%%%%%%%%%%
                           %%%%%%%%%%%%%%%%%%%%%%%%
                        %%%%%%%%%%%%%%%%%%%%%%%%%%%%%%
                      %%%%%%%%%%%%%%%%%%%%%%%%%%%%%%%%%%
                    %%%%%%%%%%%%%%%%%%%%%%%%%%%%%%%%%%%%%%
                   %%%%%%%%%%%%%%%%%%%%%%%%%%%%%%%%%%%%%%%%
                                    %%%%%%%%%%%%%%%%%%%%%%%%
                                     %%%%%%%%%%%%%%%%%%%%%%%%
                 ###############      %%%%%%%%%%%%%%%%%%%%%%%%
                ##################     %%%%%%%%%%%%%%%%%%%%%%%
                ###################     %%%%%%%%%%%%%%%%%%%%%%%
                ####################     %%%%%%%%%%%%%%%%%%%%%%
                #####################     %%%%%%%%%%%%%%%%%%%%%
                ######################     %%%%%%%%%%%%%%%%%%%%
                #######################     %%%%%%%%%%%%%%%%%%
                 #######################     %%%%%%%%%%%%%%%%%
                 ######################     %%%%%%%%%%%%%%%%%
                  ####################     %%%%%%%%%%%%%%%%%
                    #################     %%%%%%%%%%%%%%%%%
                     ###############     %%%%%%%%%%%%%%%%
                       ############     %%%%%%%%%%%%%%%
                          ########     %%%%%%%%%%%%%%
                                      %%%%%%%%%%%

                 | The OpenMC Monte Carlo Code
       Copyright | 2011-2022 MIT, UChicago Argonne LLC, and contributors
         License | https://docs.openmc.org/en/latest/license.html
         Version | 0.13.1-dev
        Git SHA1 | 91638baeecec220b1ab5df59adf71714daf2cba4
       Date/Time | 2022-08-19 15:44:57
   MPI Processes | 4
  OpenMP Threads | 18

 Reading settings XML file...
 Reading cross sections XML file...
 Reading materials XML file...
 Reading geometry XML file...
 Reading U236 from
 /home/oyardas/2023-openmc-depletion-data/hours3/../../cross-section-libraries/en
 dfb71_hdf5/U236.h5
 Reading O16 from
 /home/oyardas/2023-openmc-depletion-data/hours3/../../cross-section-libraries/en
 dfb71_hdf5/O16.h5
 Reading O17 from
 /home/oyardas/2023-openmc-depletion-data/hours3/../../cross-section-libraries/en
 dfb71_hdf5/O17.h5
 Reading Cs135 from
 /home/oyardas/2023-openmc-depletion-data/hours3/../../cross-section-libraries/en
 dfb71_hdf5/Cs135.h5
 Reading Gd156 from
 /home/oyardas/2023-openmc-depletion-data/hours3/../../cross-section-libraries/en
 dfb71_hdf5/Gd156.h5
 Reading Gd157 from
 /home/oyardas/2023-openmc-depletion-data/hours3/../../cross-section-libraries/en
 dfb71_hdf5/Gd157.h5
 Reading I135 from
 /home/oyardas/2023-openmc-depletion-data/hours3/../../cross-section-libraries/en
 dfb71_hdf5/I135.h5
 Reading U234 from
 /home/oyardas/2023-openmc-depletion-data/hours3/../../cross-section-libraries/en
 dfb71_hdf5/U234.h5
 Reading U235 from
 /home/oyardas/2023-openmc-depletion-data/hours3/../../cross-section-libraries/en
 dfb71_hdf5/U235.h5
 Reading U238 from
 /home/oyardas/2023-openmc-depletion-data/hours3/../../cross-section-libraries/en
 dfb71_hdf5/U238.h5
 Reading Xe135 from
 /home/oyardas/2023-openmc-depletion-data/hours3/../../cross-section-libraries/en
 dfb71_hdf5/Xe135.h5
 Reading Xe136 from
 /home/oyardas/2023-openmc-depletion-data/hours3/../../cross-section-libraries/en
 dfb71_hdf5/Xe136.h5
 Reading Zr90 from
 /home/oyardas/2023-openmc-depletion-data/hours3/../../cross-section-libraries/en
 dfb71_hdf5/Zr90.h5
 Reading Zr91 from
 /home/oyardas/2023-openmc-depletion-data/hours3/../../cross-section-libraries/en
 dfb71_hdf5/Zr91.h5
 Reading Zr92 from
 /home/oyardas/2023-openmc-depletion-data/hours3/../../cross-section-libraries/en
 dfb71_hdf5/Zr92.h5
 Reading Zr94 from
 /home/oyardas/2023-openmc-depletion-data/hours3/../../cross-section-libraries/en
 dfb71_hdf5/Zr94.h5
 Reading Zr96 from
 /home/oyardas/2023-openmc-depletion-data/hours3/../../cross-section-libraries/en
 dfb71_hdf5/Zr96.h5
 Reading H1 from
 /home/oyardas/2023-openmc-depletion-data/hours3/../../cross-section-libraries/en
 dfb71_hdf5/H1.h5
 Reading H2 from
 /home/oyardas/2023-openmc-depletion-data/hours3/../../cross-section-libraries/en
 dfb71_hdf5/H2.h5
 Reading c_H_in_H2O from
 /home/oyardas/2023-openmc-depletion-data/hours3/../../cross-section-libraries/en
 dfb71_hdf5/c_H_in_H2O.h5
 Minimum neutron data temperature: 0 K
 Maximum neutron data temperature: 1.7976931348623157e+308 K
 Reading tallies XML file...
 Preparing distributed cell instances...
 Reading plot XML file...
 Writing summary.h5 file...
 Maximum neutron transport energy: 20000000 eV for O17
 Initializing source particles...

 ====================>     K EIGENVALUE SIMULATION     <====================

  Bat./Gen.      k            Average k
  =========   ========   ====================
        1/1    1.42917
        2/1    1.51241
        3/1    1.46842
        4/1    1.40151
        5/1    1.45529
        6/1    1.52674
        7/1    1.41808
        8/1    1.35921
        9/1    1.48489
       10/1    1.43180
       11/1    1.41182
       12/1    1.36957    1.39070 +/- 0.02113
       13/1    1.53568    1.43902 +/- 0.04984
       14/1    1.39957    1.42916 +/- 0.03660
       15/1    1.40799    1.42492 +/- 0.02866
       16/1    1.49763    1.43704 +/- 0.02635
       17/1    1.51996    1.44889 +/- 0.02523
       18/1    1.48700    1.45365 +/- 0.02236
       19/1    1.42617    1.45060 +/- 0.01996
       20/1    1.56115    1.46165 +/- 0.02099
       21/1    1.51867    1.46684 +/- 0.01969
       22/1    1.40232    1.46146 +/- 0.01876
       23/1    1.38652    1.45570 +/- 0.01819
       24/1    1.43666    1.45434 +/- 0.01690
       25/1    1.30570    1.44443 +/- 0.01859
       26/1    1.42311    1.44310 +/- 0.01744
       27/1    1.44156    1.44300 +/- 0.01638
       28/1    1.36025    1.43841 +/- 0.01612
       29/1    1.47639    1.44041 +/- 0.01537
       30/1    1.41180    1.43898 +/- 0.01466
       31/1    1.38190    1.43626 +/- 0.01420
       32/1    1.44074    1.43646 +/- 0.01354
       33/1    1.41103    1.43536 +/- 0.01299
       34/1    1.45003    1.43597 +/- 0.01245
       35/1    1.49198    1.43821 +/- 0.01215
       36/1    1.39722    1.43663 +/- 0.01178
       37/1    1.50116    1.43902 +/- 0.01158
       38/1    1.47321    1.44024 +/- 0.01123
       39/1    1.56748    1.44463 +/- 0.01169
       40/1    1.44065    1.44450 +/- 0.01129
       41/1    1.46493    1.44516 +/- 0.01094
       42/1    1.47179    1.44599 +/- 0.01063
       43/1    1.45718    1.44633 +/- 0.01031
       44/1    1.48814    1.44756 +/- 0.01007
       45/1    1.47547    1.44836 +/- 0.00982
       46/1    1.50734    1.44999 +/- 0.00968
       47/1    1.43658    1.44963 +/- 0.00942
       48/1    1.45206    1.44970 +/- 0.00917
       49/1    1.39677    1.44834 +/- 0.00903
       50/1    1.44338    1.44821 +/- 0.00881
 Creating state point statepoint.50.h5...

 =======================>     TIMING STATISTICS     <=======================

 Total time for initialization     = 2.2582e+00 seconds
   Reading cross sections          = 2.2306e+00 seconds
 Total time in simulation          = 2.5582e-01 seconds
   Time in transport only          = 1.2423e-01 seconds
   Time in inactive batches        = 8.3639e-02 seconds
   Time in active batches          = 1.7218e-01 seconds
   Time synchronizing fission bank = 8.0513e-02 seconds
     Sampling source sites         = 8.5262e-03 seconds
     SEND/RECV source sites        = 5.3631e-04 seconds
   Time accumulating tallies       = 3.5228e-03 seconds
   Time writing statepoints        = 3.7498e-02 seconds
 Total time for finalization       = 2.5963e-05 seconds
 Total time elapsed                = 2.5300e+00 seconds
 Calculation Rate (inactive)       = 119562 particles/second
 Calculation Rate (active)         = 232318 particles/second

 ============================>     RESULTS     <============================

 k-effective (Collision)     = 1.45943 +/- 0.00631
 k-effective (Track-length)  = 1.44821 +/- 0.00881
 k-effective (Absorption)    = 1.45738 +/- 0.00486
 Combined k-effective        = 1.45688 +/- 0.00458
 Leakage Fraction            = 0.00000 +/- 0.00000

[openmc.deplete] t=0.0 s, dt=14400 s, source=174
[openmc.deplete] t=0.0 s, dt=14400 s, source=174
[openmc.deplete] t=0.0 s, dt=14400 s, source=174
[openmc.deplete] t=0.0 s, dt=14400 s, source=174
[openmc.deplete] t=14400.0 (final operator evaluation)
[openmc.deplete] t=14400.0 (final operator evaluation)
[openmc.deplete] t=14400.0 (final operator evaluation)
[openmc.deplete] t=14400.0 (final operator evaluation)
re-initializing model
re-initializing model
re-initializing model
re-initializing model
                                %%%%%%%%%%%%%%%
                           %%%%%%%%%%%%%%%%%%%%%%%%
                        %%%%%%%%%%%%%%%%%%%%%%%%%%%%%%
                      %%%%%%%%%%%%%%%%%%%%%%%%%%%%%%%%%%
                    %%%%%%%%%%%%%%%%%%%%%%%%%%%%%%%%%%%%%%
                   %%%%%%%%%%%%%%%%%%%%%%%%%%%%%%%%%%%%%%%%
                                    %%%%%%%%%%%%%%%%%%%%%%%%
                                     %%%%%%%%%%%%%%%%%%%%%%%%
                 ###############      %%%%%%%%%%%%%%%%%%%%%%%%
                ##################     %%%%%%%%%%%%%%%%%%%%%%%
                ###################     %%%%%%%%%%%%%%%%%%%%%%%
                ####################     %%%%%%%%%%%%%%%%%%%%%%
                #####################     %%%%%%%%%%%%%%%%%%%%%
                ######################     %%%%%%%%%%%%%%%%%%%%
                #######################     %%%%%%%%%%%%%%%%%%
                 #######################     %%%%%%%%%%%%%%%%%
                 ######################     %%%%%%%%%%%%%%%%%
                  ####################     %%%%%%%%%%%%%%%%%
                    #################     %%%%%%%%%%%%%%%%%
                     ###############     %%%%%%%%%%%%%%%%
                       ############     %%%%%%%%%%%%%%%
                          ########     %%%%%%%%%%%%%%
                                      %%%%%%%%%%%

                 | The OpenMC Monte Carlo Code
       Copyright | 2011-2022 MIT, UChicago Argonne LLC, and contributors
         License | https://docs.openmc.org/en/latest/license.html
         Version | 0.13.1-dev
        Git SHA1 | 91638baeecec220b1ab5df59adf71714daf2cba4
       Date/Time | 2022-08-19 15:45:00
   MPI Processes | 4
  OpenMP Threads | 18

 Reading settings XML file...
 Reading cross sections XML file...
 Reading materials XML file...
 Reading geometry XML file...
 Reading U236 from
 /home/oyardas/2023-openmc-depletion-data/hours3/../../cross-section-libraries/en
 dfb71_hdf5/U236.h5
 Reading O16 from
 /home/oyardas/2023-openmc-depletion-data/hours3/../../cross-section-libraries/en
 dfb71_hdf5/O16.h5
 Reading O17 from
 /home/oyardas/2023-openmc-depletion-data/hours3/../../cross-section-libraries/en
 dfb71_hdf5/O17.h5
 Reading Cs135 from
 /home/oyardas/2023-openmc-depletion-data/hours3/../../cross-section-libraries/en
 dfb71_hdf5/Cs135.h5
 Reading Gd156 from
 /home/oyardas/2023-openmc-depletion-data/hours3/../../cross-section-libraries/en
 dfb71_hdf5/Gd156.h5
 Reading Gd157 from
 /home/oyardas/2023-openmc-depletion-data/hours3/../../cross-section-libraries/en
 dfb71_hdf5/Gd157.h5
 Reading I135 from
 /home/oyardas/2023-openmc-depletion-data/hours3/../../cross-section-libraries/en
 dfb71_hdf5/I135.h5
 Reading U234 from
 /home/oyardas/2023-openmc-depletion-data/hours3/../../cross-section-libraries/en
 dfb71_hdf5/U234.h5
 Reading U235 from
 /home/oyardas/2023-openmc-depletion-data/hours3/../../cross-section-libraries/en
 dfb71_hdf5/U235.h5
 Reading U238 from
 /home/oyardas/2023-openmc-depletion-data/hours3/../../cross-section-libraries/en
 dfb71_hdf5/U238.h5
 Reading Xe135 from
 /home/oyardas/2023-openmc-depletion-data/hours3/../../cross-section-libraries/en
 dfb71_hdf5/Xe135.h5
 Reading Xe136 from
 /home/oyardas/2023-openmc-depletion-data/hours3/../../cross-section-libraries/en
 dfb71_hdf5/Xe136.h5
 Reading Zr90 from
 /home/oyardas/2023-openmc-depletion-data/hours3/../../cross-section-libraries/en
 dfb71_hdf5/Zr90.h5
 Reading Zr91 from
 /home/oyardas/2023-openmc-depletion-data/hours3/../../cross-section-libraries/en
 dfb71_hdf5/Zr91.h5
 Reading Zr92 from
 /home/oyardas/2023-openmc-depletion-data/hours3/../../cross-section-libraries/en
 dfb71_hdf5/Zr92.h5
 Reading Zr94 from
 /home/oyardas/2023-openmc-depletion-data/hours3/../../cross-section-libraries/en
 dfb71_hdf5/Zr94.h5
 Reading Zr96 from
 /home/oyardas/2023-openmc-depletion-data/hours3/../../cross-section-libraries/en
 dfb71_hdf5/Zr96.h5
generating new microxs
generating new microxs
 Reading H1 from
 /home/oyardas/2023-openmc-depletion-data/hours3/../../cross-section-libraries/en
 dfb71_hdf5/H1.h5
 Reading H2 from
 /home/oyardas/2023-openmc-depletion-data/hours3/../../cross-section-libraries/en
 dfb71_hdf5/H2.h5
 Reading c_H_in_H2O from
 /home/oyardas/2023-openmc-depletion-data/hours3/../../cross-section-libraries/en
 dfb71_hdf5/c_H_in_H2O.h5
/gpfs/fs1/home/oyardas/openmc/openmc/mixin.py:70: IDWarning: Another Filter instance already exists with id=1.
  warn(msg, IDWarning)
/gpfs/fs1/home/oyardas/openmc/openmc/mixin.py:70: IDWarning: Another Filter instance already exists with id=2.
  warn(msg, IDWarning)
/gpfs/fs1/home/oyardas/openmc/openmc/mixin.py:70: IDWarning: Another Filter instance already exists with id=1.
  warn(msg, IDWarning)
/gpfs/fs1/home/oyardas/openmc/openmc/mixin.py:70: IDWarning: Another Filter instance already exists with id=2.
  warn(msg, IDWarning)
generating new microxs
 Minimum neutron data temperature: 0 K
 Maximum neutron data temperature: 1.7976931348623157e+308 K
 Reading tallies XML file...
 Preparing distributed cell instances...
 Reading plot XML file...
 Writing summary.h5 file...
generating new microxs
/gpfs/fs1/home/oyardas/openmc/openmc/mixin.py:70: IDWarning: Another Filter instance already exists with id=1.
  warn(msg, IDWarning)
/gpfs/fs1/home/oyardas/openmc/openmc/mixin.py:70: IDWarning: Another Filter instance already exists with id=2.
  warn(msg, IDWarning)
/gpfs/fs1/home/oyardas/openmc/openmc/mixin.py:70: IDWarning: Another Filter instance already exists with id=1.
  warn(msg, IDWarning)
/gpfs/fs1/home/oyardas/openmc/openmc/mixin.py:70: IDWarning: Another Filter instance already exists with id=2.
  warn(msg, IDWarning)
                                %%%%%%%%%%%%%%%
                           %%%%%%%%%%%%%%%%%%%%%%%%
                        %%%%%%%%%%%%%%%%%%%%%%%%%%%%%%
                      %%%%%%%%%%%%%%%%%%%%%%%%%%%%%%%%%%
                    %%%%%%%%%%%%%%%%%%%%%%%%%%%%%%%%%%%%%%
                   %%%%%%%%%%%%%%%%%%%%%%%%%%%%%%%%%%%%%%%%
                                    %%%%%%%%%%%%%%%%%%%%%%%%
                                     %%%%%%%%%%%%%%%%%%%%%%%%
                 ###############      %%%%%%%%%%%%%%%%%%%%%%%%
                ##################     %%%%%%%%%%%%%%%%%%%%%%%
                ###################     %%%%%%%%%%%%%%%%%%%%%%%
                ####################     %%%%%%%%%%%%%%%%%%%%%%
                #####################     %%%%%%%%%%%%%%%%%%%%%
                ######################     %%%%%%%%%%%%%%%%%%%%
                #######################     %%%%%%%%%%%%%%%%%%
                 #######################     %%%%%%%%%%%%%%%%%
                 ######################     %%%%%%%%%%%%%%%%%
                  ####################     %%%%%%%%%%%%%%%%%
                    #################     %%%%%%%%%%%%%%%%%
                     ###############     %%%%%%%%%%%%%%%%
                       ############     %%%%%%%%%%%%%%%
                          ########     %%%%%%%%%%%%%%
                                      %%%%%%%%%%%

                 | The OpenMC Monte Carlo Code
       Copyright | 2011-2022 MIT, UChicago Argonne LLC, and contributors
         License | https://docs.openmc.org/en/latest/license.html
         Version | 0.13.1-dev
        Git SHA1 | 91638baeecec220b1ab5df59adf71714daf2cba4
       Date/Time | 2022-08-19 15:45:03
   MPI Processes | 4
  OpenMP Threads | 18

 Reading settings XML file...
 Reading cross sections XML file...
 Reading materials XML file...
 Reading geometry XML file...
 Reading U236 from
 /home/oyardas/2023-openmc-depletion-data/hours3/../../cross-section-libraries/en
 dfb71_hdf5/U236.h5
 Reading O16 from
 /home/oyardas/2023-openmc-depletion-data/hours3/../../cross-section-libraries/en
 dfb71_hdf5/O16.h5
 Reading O17 from
 /home/oyardas/2023-openmc-depletion-data/hours3/../../cross-section-libraries/en
 dfb71_hdf5/O17.h5
 Reading Cs135 from
 /home/oyardas/2023-openmc-depletion-data/hours3/../../cross-section-libraries/en
 dfb71_hdf5/Cs135.h5
 Reading Gd156 from
 /home/oyardas/2023-openmc-depletion-data/hours3/../../cross-section-libraries/en
 dfb71_hdf5/Gd156.h5
 Reading Gd157 from
 /home/oyardas/2023-openmc-depletion-data/hours3/../../cross-section-libraries/en
 dfb71_hdf5/Gd157.h5
 Reading I135 from
 /home/oyardas/2023-openmc-depletion-data/hours3/../../cross-section-libraries/en
 dfb71_hdf5/I135.h5
 Reading U234 from
 /home/oyardas/2023-openmc-depletion-data/hours3/../../cross-section-libraries/en
 dfb71_hdf5/U234.h5
 Reading U235 from
 /home/oyardas/2023-openmc-depletion-data/hours3/../../cross-section-libraries/en
 dfb71_hdf5/U235.h5
 Reading U238 from
 /home/oyardas/2023-openmc-depletion-data/hours3/../../cross-section-libraries/en
 dfb71_hdf5/U238.h5
 Reading Xe135 from
 /home/oyardas/2023-openmc-depletion-data/hours3/../../cross-section-libraries/en
 dfb71_hdf5/Xe135.h5
 Reading Xe136 from
 /home/oyardas/2023-openmc-depletion-data/hours3/../../cross-section-libraries/en
 dfb71_hdf5/Xe136.h5
 Reading Zr90 from
 /home/oyardas/2023-openmc-depletion-data/hours3/../../cross-section-libraries/en
 dfb71_hdf5/Zr90.h5
 Reading Zr91 from
 /home/oyardas/2023-openmc-depletion-data/hours3/../../cross-section-libraries/en
 dfb71_hdf5/Zr91.h5
 Reading Zr92 from
 /home/oyardas/2023-openmc-depletion-data/hours3/../../cross-section-libraries/en
 dfb71_hdf5/Zr92.h5
 Reading Zr94 from
 /home/oyardas/2023-openmc-depletion-data/hours3/../../cross-section-libraries/en
 dfb71_hdf5/Zr94.h5
 Reading Zr96 from
 /home/oyardas/2023-openmc-depletion-data/hours3/../../cross-section-libraries/en
 dfb71_hdf5/Zr96.h5
 Reading H1 from
 /home/oyardas/2023-openmc-depletion-data/hours3/../../cross-section-libraries/en
 dfb71_hdf5/H1.h5
 Reading H2 from
 /home/oyardas/2023-openmc-depletion-data/hours3/../../cross-section-libraries/en
 dfb71_hdf5/H2.h5
 Reading c_H_in_H2O from
 /home/oyardas/2023-openmc-depletion-data/hours3/../../cross-section-libraries/en
 dfb71_hdf5/c_H_in_H2O.h5
 Minimum neutron data temperature: 0 K
 Maximum neutron data temperature: 1.7976931348623157e+308 K
 Reading tallies XML file...
 Preparing distributed cell instances...
 Reading plot XML file...
 Writing summary.h5 file...
 Maximum neutron transport energy: 20000000 eV for O17
 Initializing source particles...

 ====================>     K EIGENVALUE SIMULATION     <====================

  Bat./Gen.      k            Average k
  =========   ========   ====================
        1/1    1.41111
        2/1    1.36229
        3/1    1.48989
        4/1    1.41246
        5/1    1.39671
        6/1    1.44785
        7/1    1.42218
        8/1    1.46523
        9/1    1.37545
       10/1    1.50274
       11/1    1.53293
       12/1    1.43286    1.48289 +/- 0.05003
       13/1    1.38856    1.45145 +/- 0.04270
       14/1    1.41092    1.44132 +/- 0.03185
       15/1    1.41160    1.43537 +/- 0.02537
       16/1    1.59501    1.46198 +/- 0.03372
       17/1    1.51148    1.46905 +/- 0.02936
       18/1    1.42640    1.46372 +/- 0.02598
       19/1    1.43710    1.46076 +/- 0.02310
       20/1    1.46675    1.46136 +/- 0.02067
       21/1    1.36801    1.45288 +/- 0.02054
       22/1    1.47414    1.45465 +/- 0.01883
       23/1    1.43479    1.45312 +/- 0.01739
       24/1    1.42125    1.45084 +/- 0.01626
       25/1    1.40612    1.44786 +/- 0.01543
       26/1    1.39362    1.44447 +/- 0.01482
       27/1    1.42196    1.44315 +/- 0.01399
       28/1    1.43034    1.44244 +/- 0.01321
       29/1    1.39448    1.43991 +/- 0.01274
       30/1    1.47010    1.44142 +/- 0.01218
       31/1    1.38114    1.43855 +/- 0.01194
       32/1    1.41957    1.43769 +/- 0.01142
       33/1    1.48227    1.43963 +/- 0.01108
       34/1    1.58160    1.44554 +/- 0.01215
       35/1    1.44709    1.44560 +/- 0.01165
       36/1    1.45314    1.44589 +/- 0.01120
       37/1    1.35812    1.44264 +/- 0.01125
       38/1    1.49114    1.44437 +/- 0.01098
       39/1    1.43599    1.44409 +/- 0.01060
       40/1    1.43781    1.44388 +/- 0.01024
       41/1    1.41602    1.44298 +/- 0.00995
       42/1    1.58497    1.44742 +/- 0.01061
       43/1    1.43611    1.44707 +/- 0.01028
       44/1    1.41952    1.44626 +/- 0.01001
       45/1    1.55592    1.44940 +/- 0.01021
       46/1    1.55384    1.45230 +/- 0.01034
       47/1    1.46052    1.45252 +/- 0.01006
       48/1    1.38246    1.45068 +/- 0.00996
       49/1    1.46874    1.45114 +/- 0.00972
       50/1    1.34878    1.44858 +/- 0.00981
 Creating state point statepoint.50.h5...

 =======================>     TIMING STATISTICS     <=======================

 Total time for initialization     = 2.1944e+00 seconds
   Reading cross sections          = 2.1702e+00 seconds
 Total time in simulation          = 1.8644e-01 seconds
   Time in transport only          = 1.2688e-01 seconds
   Time in inactive batches        = 2.4359e-02 seconds
   Time in active batches          = 1.6208e-01 seconds
   Time synchronizing fission bank = 1.9581e-02 seconds
     Sampling source sites         = 9.0662e-03 seconds
     SEND/RECV source sites        = 5.1495e-04 seconds
   Time accumulating tallies       = 3.5753e-03 seconds
   Time writing statepoints        = 2.6755e-02 seconds
 Total time for finalization       = 2.0715e-05 seconds
 Total time elapsed                = 2.3949e+00 seconds
 Calculation Rate (inactive)       = 410519 particles/second
 Calculation Rate (active)         = 246795 particles/second

 ============================>     RESULTS     <============================

 k-effective (Collision)     = 1.44788 +/- 0.00812
 k-effective (Track-length)  = 1.44858 +/- 0.00981
 k-effective (Absorption)    = 1.46273 +/- 0.00419
 Combined k-effective        = 1.46120 +/- 0.00425
 Leakage Fraction            = 0.00000 +/- 0.00000

[openmc.deplete] t=0.0 s, dt=14400 s, source=174
[openmc.deplete] t=0.0 s, dt=14400 s, source=174
[openmc.deplete] t=0.0 s, dt=14400 s, source=174
[openmc.deplete] t=0.0 s, dt=14400 s, source=174
[openmc.deplete] t=14400.0 (final operator evaluation)
[openmc.deplete] t=14400.0 (final operator evaluation)
[openmc.deplete] t=14400.0 (final operator evaluation)
[openmc.deplete] t=14400.0 (final operator evaluation)
re-initializing model
re-initializing model
re-initializing model
re-initializing model
 ERROR: Error processing settings.xml file.
 ERROR: Error processing settings.xml file.
application called MPI_Abort(MPI_COMM_WORLD, -1) - process 1
application called MPI_Abort(MPI_COMM_WORLD, -1) - process 0
slurmstepd: error: *** STEP 2548676.0 ON bdw-0159 CANCELLED AT 2022-08-19T15:45:06 ***
srun: Job step aborted: Waiting up to 32 seconds for job step to finish.
srun: error: bdw-0159: tasks 0-1: Killed
srun: error: bdw-0317: tasks 2-3: Killed
