[openmc.deplete] t=0.0 s, dt=14400 s, source=174
[openmc.deplete] t=14400.0 (final operator evaluation)
generating new microxs
/gpfs/fs1/home/oyardas/openmc/openmc/mixin.py:70: IDWarning: Another Filter instance already exists with id=1.
  warn(msg, IDWarning)
/gpfs/fs1/home/oyardas/openmc/openmc/mixin.py:70: IDWarning: Another Filter instance already exists with id=2.
  warn(msg, IDWarning)
                                %%%%%%%%%%%%%%%
                           %%%%%%%%%%%%%%%%%%%%%%%%
                        %%%%%%%%%%%%%%%%%%%%%%%%%%%%%%
                      %%%%%%%%%%%%%%%%%%%%%%%%%%%%%%%%%%
                    %%%%%%%%%%%%%%%%%%%%%%%%%%%%%%%%%%%%%%
                   %%%%%%%%%%%%%%%%%%%%%%%%%%%%%%%%%%%%%%%%
                                    %%%%%%%%%%%%%%%%%%%%%%%%
                                     %%%%%%%%%%%%%%%%%%%%%%%%
                 ###############      %%%%%%%%%%%%%%%%%%%%%%%%
                ##################     %%%%%%%%%%%%%%%%%%%%%%%
                ###################     %%%%%%%%%%%%%%%%%%%%%%%
                ####################     %%%%%%%%%%%%%%%%%%%%%%
                #####################     %%%%%%%%%%%%%%%%%%%%%
                ######################     %%%%%%%%%%%%%%%%%%%%
                #######################     %%%%%%%%%%%%%%%%%%
                 #######################     %%%%%%%%%%%%%%%%%
                 ######################     %%%%%%%%%%%%%%%%%
                  ####################     %%%%%%%%%%%%%%%%%
                    #################     %%%%%%%%%%%%%%%%%
                     ###############     %%%%%%%%%%%%%%%%
                       ############     %%%%%%%%%%%%%%%
                          ########     %%%%%%%%%%%%%%
                                      %%%%%%%%%%%

                 | The OpenMC Monte Carlo Code
       Copyright | 2011-2022 MIT, UChicago Argonne LLC, and contributors
         License | https://docs.openmc.org/en/latest/license.html
         Version | 0.13.1-dev
        Git SHA1 | 91638baeecec220b1ab5df59adf71714daf2cba4
       Date/Time | 2022-09-07 10:47:58
   MPI Processes | 4
  OpenMP Threads | 18

 Reading settings XML file...
 Reading cross sections XML file...
 Reading materials XML file...
 Reading geometry XML file...
 Reading U236 from
 /home/oyardas/2023-openmc-depletion-data/hours3/../../cross-section-libraries/en
 dfb71_hdf5/U236.h5
 Reading O16 from
 /home/oyardas/2023-openmc-depletion-data/hours3/../../cross-section-libraries/en
 dfb71_hdf5/O16.h5
 Reading O17 from
 /home/oyardas/2023-openmc-depletion-data/hours3/../../cross-section-libraries/en
 dfb71_hdf5/O17.h5
 Reading Cs135 from
 /home/oyardas/2023-openmc-depletion-data/hours3/../../cross-section-libraries/en
 dfb71_hdf5/Cs135.h5
 Reading Gd156 from
 /home/oyardas/2023-openmc-depletion-data/hours3/../../cross-section-libraries/en
 dfb71_hdf5/Gd156.h5
 Reading Gd157 from
 /home/oyardas/2023-openmc-depletion-data/hours3/../../cross-section-libraries/en
 dfb71_hdf5/Gd157.h5
 Reading I135 from
 /home/oyardas/2023-openmc-depletion-data/hours3/../../cross-section-libraries/en
 dfb71_hdf5/I135.h5
 Reading U234 from
 /home/oyardas/2023-openmc-depletion-data/hours3/../../cross-section-libraries/en
 dfb71_hdf5/U234.h5
 Reading U235 from
 /home/oyardas/2023-openmc-depletion-data/hours3/../../cross-section-libraries/en
 dfb71_hdf5/U235.h5
 Reading U238 from
 /home/oyardas/2023-openmc-depletion-data/hours3/../../cross-section-libraries/en
 dfb71_hdf5/U238.h5
 Reading Xe135 from
 /home/oyardas/2023-openmc-depletion-data/hours3/../../cross-section-libraries/en
 dfb71_hdf5/Xe135.h5
 Reading Xe136 from
 /home/oyardas/2023-openmc-depletion-data/hours3/../../cross-section-libraries/en
 dfb71_hdf5/Xe136.h5
 Reading Zr90 from
 /home/oyardas/2023-openmc-depletion-data/hours3/../../cross-section-libraries/en
 dfb71_hdf5/Zr90.h5
 Reading Zr91 from
 /home/oyardas/2023-openmc-depletion-data/hours3/../../cross-section-libraries/en
 dfb71_hdf5/Zr91.h5
 Reading Zr92 from
 /home/oyardas/2023-openmc-depletion-data/hours3/../../cross-section-libraries/en
 dfb71_hdf5/Zr92.h5
 Reading Zr94 from
 /home/oyardas/2023-openmc-depletion-data/hours3/../../cross-section-libraries/en
 dfb71_hdf5/Zr94.h5
 Reading Zr96 from
 /home/oyardas/2023-openmc-depletion-data/hours3/../../cross-section-libraries/en
 dfb71_hdf5/Zr96.h5
 Reading H1 from
 /home/oyardas/2023-openmc-depletion-data/hours3/../../cross-section-libraries/en
 dfb71_hdf5/H1.h5
 Reading H2 from
 /home/oyardas/2023-openmc-depletion-data/hours3/../../cross-section-libraries/en
 dfb71_hdf5/H2.h5
 Reading c_H_in_H2O from
 /home/oyardas/2023-openmc-depletion-data/hours3/../../cross-section-libraries/en
 dfb71_hdf5/c_H_in_H2O.h5
 Minimum neutron data temperature: 294 K
 Maximum neutron data temperature: 294 K
 Reading tallies XML file...
 Preparing distributed cell instances...
 Reading plot XML file...
 Writing summary.h5 file...
 Maximum neutron transport energy: 20000000 eV for O17
 Initializing source particles...

 ====================>     K EIGENVALUE SIMULATION     <====================

  Bat./Gen.      k            Average k
  =========   ========   ====================
        1/1    1.42917
        2/1    1.51241
        3/1    1.46842
        4/1    1.40151
        5/1    1.45529
        6/1    1.52674
        7/1    1.41808
        8/1    1.35921
        9/1    1.48489
       10/1    1.43180
       11/1    1.41182
       12/1    1.36957    1.39070 +/- 0.02113
       13/1    1.53568    1.43902 +/- 0.04984
       14/1    1.39957    1.42916 +/- 0.03660
       15/1    1.40799    1.42492 +/- 0.02866
       16/1    1.49763    1.43704 +/- 0.02635
       17/1    1.51996    1.44889 +/- 0.02523
       18/1    1.48700    1.45365 +/- 0.02236
       19/1    1.42617    1.45060 +/- 0.01996
       20/1    1.56115    1.46165 +/- 0.02099
       21/1    1.51867    1.46684 +/- 0.01969
       22/1    1.40232    1.46146 +/- 0.01876
       23/1    1.38652    1.45570 +/- 0.01819
       24/1    1.43666    1.45434 +/- 0.01690
       25/1    1.30570    1.44443 +/- 0.01859
       26/1    1.42311    1.44310 +/- 0.01744
       27/1    1.44156    1.44300 +/- 0.01638
       28/1    1.36025    1.43841 +/- 0.01612
       29/1    1.47639    1.44041 +/- 0.01537
       30/1    1.41180    1.43898 +/- 0.01466
       31/1    1.38190    1.43626 +/- 0.01420
       32/1    1.44074    1.43646 +/- 0.01354
       33/1    1.41103    1.43536 +/- 0.01299
       34/1    1.45003    1.43597 +/- 0.01245
       35/1    1.49198    1.43821 +/- 0.01215
       36/1    1.39722    1.43663 +/- 0.01178
       37/1    1.50116    1.43902 +/- 0.01158
       38/1    1.47321    1.44024 +/- 0.01123
       39/1    1.56748    1.44463 +/- 0.01169
       40/1    1.44065    1.44450 +/- 0.01129
       41/1    1.46493    1.44516 +/- 0.01094
       42/1    1.47179    1.44599 +/- 0.01063
       43/1    1.45718    1.44633 +/- 0.01031
       44/1    1.48814    1.44756 +/- 0.01007
       45/1    1.47547    1.44836 +/- 0.00982
       46/1    1.50734    1.44999 +/- 0.00968
       47/1    1.43658    1.44963 +/- 0.00942
       48/1    1.45206    1.44970 +/- 0.00917
       49/1    1.39677    1.44834 +/- 0.00903
       50/1    1.44338    1.44821 +/- 0.00881
 Creating state point statepoint.50.h5...

 =======================>     TIMING STATISTICS     <=======================

 Total time for initialization     = 3.2949e+00 seconds
   Reading cross sections          = 2.9006e+00 seconds
 Total time in simulation          = 1.8380e-01 seconds
   Time in transport only          = 1.2507e-01 seconds
   Time in inactive batches        = 2.4455e-02 seconds
   Time in active batches          = 1.5934e-01 seconds
   Time synchronizing fission bank = 1.9815e-02 seconds
     Sampling source sites         = 7.0196e-03 seconds
     SEND/RECV source sites        = 3.9756e-04 seconds
   Time accumulating tallies       = 3.4423e-03 seconds
   Time writing statepoints        = 2.5335e-02 seconds
 Total time for finalization       = 4.3526e-05 seconds
 Total time elapsed                = 3.4946e+00 seconds
 Calculation Rate (inactive)       = 408911 particles/second
 Calculation Rate (active)         = 251030 particles/second

 ============================>     RESULTS     <============================

 k-effective (Collision)     = 1.45943 +/- 0.00631
 k-effective (Track-length)  = 1.44821 +/- 0.00881
 k-effective (Absorption)    = 1.45738 +/- 0.00486
 Combined k-effective        = 1.45688 +/- 0.00458
 Leakage Fraction            = 0.00000 +/- 0.00000

[openmc.deplete] t=0.0 s, dt=14400 s, source=174
[openmc.deplete] t=14400.0 (final operator evaluation)
generating new microxs
/gpfs/fs1/home/oyardas/openmc/openmc/mixin.py:70: IDWarning: Another Filter instance already exists with id=1.
  warn(msg, IDWarning)
/gpfs/fs1/home/oyardas/openmc/openmc/mixin.py:70: IDWarning: Another Filter instance already exists with id=2.
  warn(msg, IDWarning)
                                %%%%%%%%%%%%%%%
                           %%%%%%%%%%%%%%%%%%%%%%%%
                        %%%%%%%%%%%%%%%%%%%%%%%%%%%%%%
                      %%%%%%%%%%%%%%%%%%%%%%%%%%%%%%%%%%
                    %%%%%%%%%%%%%%%%%%%%%%%%%%%%%%%%%%%%%%
                   %%%%%%%%%%%%%%%%%%%%%%%%%%%%%%%%%%%%%%%%
                                    %%%%%%%%%%%%%%%%%%%%%%%%
                                     %%%%%%%%%%%%%%%%%%%%%%%%
                 ###############      %%%%%%%%%%%%%%%%%%%%%%%%
                ##################     %%%%%%%%%%%%%%%%%%%%%%%
                ###################     %%%%%%%%%%%%%%%%%%%%%%%
                ####################     %%%%%%%%%%%%%%%%%%%%%%
                #####################     %%%%%%%%%%%%%%%%%%%%%
                ######################     %%%%%%%%%%%%%%%%%%%%
                #######################     %%%%%%%%%%%%%%%%%%
                 #######################     %%%%%%%%%%%%%%%%%
                 ######################     %%%%%%%%%%%%%%%%%
                  ####################     %%%%%%%%%%%%%%%%%
                    #################     %%%%%%%%%%%%%%%%%
                     ###############     %%%%%%%%%%%%%%%%
                       ############     %%%%%%%%%%%%%%%
                          ########     %%%%%%%%%%%%%%
                                      %%%%%%%%%%%

                 | The OpenMC Monte Carlo Code
       Copyright | 2011-2022 MIT, UChicago Argonne LLC, and contributors
         License | https://docs.openmc.org/en/latest/license.html
         Version | 0.13.1-dev
        Git SHA1 | 91638baeecec220b1ab5df59adf71714daf2cba4
       Date/Time | 2022-09-07 10:48:03
   MPI Processes | 4
  OpenMP Threads | 18

 Reading settings XML file...
 Reading cross sections XML file...
 Reading materials XML file...
 Reading geometry XML file...
 Reading U236 from
 /home/oyardas/2023-openmc-depletion-data/hours3/../../cross-section-libraries/en
 dfb71_hdf5/U236.h5
 Reading O16 from
 /home/oyardas/2023-openmc-depletion-data/hours3/../../cross-section-libraries/en
 dfb71_hdf5/O16.h5
 Reading O17 from
 /home/oyardas/2023-openmc-depletion-data/hours3/../../cross-section-libraries/en
 dfb71_hdf5/O17.h5
 Reading Cs135 from
 /home/oyardas/2023-openmc-depletion-data/hours3/../../cross-section-libraries/en
 dfb71_hdf5/Cs135.h5
 Reading Gd156 from
 /home/oyardas/2023-openmc-depletion-data/hours3/../../cross-section-libraries/en
 dfb71_hdf5/Gd156.h5
 Reading Gd157 from
 /home/oyardas/2023-openmc-depletion-data/hours3/../../cross-section-libraries/en
 dfb71_hdf5/Gd157.h5
 Reading I135 from
 /home/oyardas/2023-openmc-depletion-data/hours3/../../cross-section-libraries/en
 dfb71_hdf5/I135.h5
 Reading U234 from
 /home/oyardas/2023-openmc-depletion-data/hours3/../../cross-section-libraries/en
 dfb71_hdf5/U234.h5
 Reading U235 from
 /home/oyardas/2023-openmc-depletion-data/hours3/../../cross-section-libraries/en
 dfb71_hdf5/U235.h5
 Reading U238 from
 /home/oyardas/2023-openmc-depletion-data/hours3/../../cross-section-libraries/en
 dfb71_hdf5/U238.h5
 Reading Xe135 from
 /home/oyardas/2023-openmc-depletion-data/hours3/../../cross-section-libraries/en
 dfb71_hdf5/Xe135.h5
 Reading Xe136 from
 /home/oyardas/2023-openmc-depletion-data/hours3/../../cross-section-libraries/en
 dfb71_hdf5/Xe136.h5
 Reading Zr90 from
 /home/oyardas/2023-openmc-depletion-data/hours3/../../cross-section-libraries/en
 dfb71_hdf5/Zr90.h5
 Reading Zr91 from
 /home/oyardas/2023-openmc-depletion-data/hours3/../../cross-section-libraries/en
 dfb71_hdf5/Zr91.h5
 Reading Zr92 from
 /home/oyardas/2023-openmc-depletion-data/hours3/../../cross-section-libraries/en
 dfb71_hdf5/Zr92.h5
 Reading Zr94 from
 /home/oyardas/2023-openmc-depletion-data/hours3/../../cross-section-libraries/en
 dfb71_hdf5/Zr94.h5
 Reading Zr96 from
 /home/oyardas/2023-openmc-depletion-data/hours3/../../cross-section-libraries/en
 dfb71_hdf5/Zr96.h5
 Reading H1 from
 /home/oyardas/2023-openmc-depletion-data/hours3/../../cross-section-libraries/en
 dfb71_hdf5/H1.h5
 Reading H2 from
 /home/oyardas/2023-openmc-depletion-data/hours3/../../cross-section-libraries/en
 dfb71_hdf5/H2.h5
 Reading c_H_in_H2O from
 /home/oyardas/2023-openmc-depletion-data/hours3/../../cross-section-libraries/en
 dfb71_hdf5/c_H_in_H2O.h5
 Minimum neutron data temperature: 294 K
 Maximum neutron data temperature: 294 K
 Reading tallies XML file...
 Preparing distributed cell instances...
 Reading plot XML file...
 Writing summary.h5 file...
 Maximum neutron transport energy: 20000000 eV for O17
 Initializing source particles...

 ====================>     K EIGENVALUE SIMULATION     <====================

  Bat./Gen.      k            Average k
  =========   ========   ====================
        1/1    1.41111
        2/1    1.36229
        3/1    1.48989
        4/1    1.41246
        5/1    1.39671
        6/1    1.44785
        7/1    1.42218
        8/1    1.46523
        9/1    1.37545
       10/1    1.50274
       11/1    1.53293
       12/1    1.43286    1.48289 +/- 0.05003
       13/1    1.38856    1.45145 +/- 0.04270
       14/1    1.41092    1.44132 +/- 0.03185
       15/1    1.41160    1.43537 +/- 0.02537
       16/1    1.59501    1.46198 +/- 0.03372
       17/1    1.51148    1.46905 +/- 0.02936
       18/1    1.42640    1.46372 +/- 0.02598
       19/1    1.43710    1.46076 +/- 0.02310
       20/1    1.46675    1.46136 +/- 0.02067
       21/1    1.36801    1.45288 +/- 0.02054
       22/1    1.47414    1.45465 +/- 0.01883
       23/1    1.43479    1.45312 +/- 0.01739
       24/1    1.42125    1.45084 +/- 0.01626
       25/1    1.40612    1.44786 +/- 0.01543
       26/1    1.39362    1.44447 +/- 0.01482
       27/1    1.42196    1.44315 +/- 0.01399
       28/1    1.43034    1.44244 +/- 0.01321
       29/1    1.39448    1.43991 +/- 0.01274
       30/1    1.47010    1.44142 +/- 0.01218
       31/1    1.38114    1.43855 +/- 0.01194
       32/1    1.41957    1.43769 +/- 0.01142
       33/1    1.48227    1.43963 +/- 0.01108
       34/1    1.58160    1.44554 +/- 0.01215
       35/1    1.44709    1.44560 +/- 0.01165
       36/1    1.45314    1.44589 +/- 0.01120
       37/1    1.35812    1.44264 +/- 0.01125
       38/1    1.49114    1.44438 +/- 0.01098
       39/1    1.43599    1.44409 +/- 0.01060
       40/1    1.43781    1.44388 +/- 0.01024
       41/1    1.41602    1.44298 +/- 0.00995
       42/1    1.58497    1.44742 +/- 0.01061
       43/1    1.43611    1.44707 +/- 0.01028
       44/1    1.41952    1.44626 +/- 0.01001
       45/1    1.55592    1.44940 +/- 0.01021
       46/1    1.55384    1.45230 +/- 0.01034
       47/1    1.46052    1.45252 +/- 0.01006
       48/1    1.38246    1.45068 +/- 0.00996
       49/1    1.46874    1.45114 +/- 0.00972
       50/1    1.34878    1.44858 +/- 0.00981
 Creating state point statepoint.50.h5...

 =======================>     TIMING STATISTICS     <=======================

 Total time for initialization     = 2.2928e+00 seconds
   Reading cross sections          = 2.2474e+00 seconds
 Total time in simulation          = 1.8763e-01 seconds
   Time in transport only          = 1.2664e-01 seconds
   Time in inactive batches        = 2.4821e-02 seconds
   Time in active batches          = 1.6281e-01 seconds
   Time synchronizing fission bank = 1.9943e-02 seconds
     Sampling source sites         = 7.9749e-03 seconds
     SEND/RECV source sites        = 4.1772e-04 seconds
   Time accumulating tallies       = 2.7265e-03 seconds
   Time writing statepoints        = 2.7831e-02 seconds
 Total time for finalization       = 2.5557e-05 seconds
 Total time elapsed                = 2.4955e+00 seconds
 Calculation Rate (inactive)       = 402888 particles/second
 Calculation Rate (active)         = 245688 particles/second

 ============================>     RESULTS     <============================

 k-effective (Collision)     = 1.44788 +/- 0.00812
 k-effective (Track-length)  = 1.44858 +/- 0.00981
 k-effective (Absorption)    = 1.46273 +/- 0.00419
 Combined k-effective        = 1.46120 +/- 0.00425
 Leakage Fraction            = 0.00000 +/- 0.00000

[openmc.deplete] t=0.0 s, dt=14400 s, source=174
[openmc.deplete] t=14400.0 (final operator evaluation)
generating new microxs
/gpfs/fs1/home/oyardas/openmc/openmc/mixin.py:70: IDWarning: Another Filter instance already exists with id=1.
  warn(msg, IDWarning)
/gpfs/fs1/home/oyardas/openmc/openmc/mixin.py:70: IDWarning: Another Filter instance already exists with id=2.
  warn(msg, IDWarning)
                                %%%%%%%%%%%%%%%
                           %%%%%%%%%%%%%%%%%%%%%%%%
                        %%%%%%%%%%%%%%%%%%%%%%%%%%%%%%
                      %%%%%%%%%%%%%%%%%%%%%%%%%%%%%%%%%%
                    %%%%%%%%%%%%%%%%%%%%%%%%%%%%%%%%%%%%%%
                   %%%%%%%%%%%%%%%%%%%%%%%%%%%%%%%%%%%%%%%%
                                    %%%%%%%%%%%%%%%%%%%%%%%%
                                     %%%%%%%%%%%%%%%%%%%%%%%%
                 ###############      %%%%%%%%%%%%%%%%%%%%%%%%
                ##################     %%%%%%%%%%%%%%%%%%%%%%%
                ###################     %%%%%%%%%%%%%%%%%%%%%%%
                ####################     %%%%%%%%%%%%%%%%%%%%%%
                #####################     %%%%%%%%%%%%%%%%%%%%%
                ######################     %%%%%%%%%%%%%%%%%%%%
                #######################     %%%%%%%%%%%%%%%%%%
                 #######################     %%%%%%%%%%%%%%%%%
                 ######################     %%%%%%%%%%%%%%%%%
                  ####################     %%%%%%%%%%%%%%%%%
                    #################     %%%%%%%%%%%%%%%%%
                     ###############     %%%%%%%%%%%%%%%%
                       ############     %%%%%%%%%%%%%%%
                          ########     %%%%%%%%%%%%%%
                                      %%%%%%%%%%%

                 | The OpenMC Monte Carlo Code
       Copyright | 2011-2022 MIT, UChicago Argonne LLC, and contributors
         License | https://docs.openmc.org/en/latest/license.html
         Version | 0.13.1-dev
        Git SHA1 | 91638baeecec220b1ab5df59adf71714daf2cba4
       Date/Time | 2022-09-07 10:48:07
   MPI Processes | 4
  OpenMP Threads | 18

 Reading settings XML file...
 Reading cross sections XML file...
 Reading materials XML file...
 Reading geometry XML file...
 Reading U236 from
 /home/oyardas/2023-openmc-depletion-data/hours3/../../cross-section-libraries/en
 dfb71_hdf5/U236.h5
 Reading O16 from
 /home/oyardas/2023-openmc-depletion-data/hours3/../../cross-section-libraries/en
 dfb71_hdf5/O16.h5
 Reading O17 from
 /home/oyardas/2023-openmc-depletion-data/hours3/../../cross-section-libraries/en
 dfb71_hdf5/O17.h5
 Reading Cs135 from
 /home/oyardas/2023-openmc-depletion-data/hours3/../../cross-section-libraries/en
 dfb71_hdf5/Cs135.h5
 Reading Gd156 from
 /home/oyardas/2023-openmc-depletion-data/hours3/../../cross-section-libraries/en
 dfb71_hdf5/Gd156.h5
 Reading Gd157 from
 /home/oyardas/2023-openmc-depletion-data/hours3/../../cross-section-libraries/en
 dfb71_hdf5/Gd157.h5
 Reading I135 from
 /home/oyardas/2023-openmc-depletion-data/hours3/../../cross-section-libraries/en
 dfb71_hdf5/I135.h5
 Reading U234 from
 /home/oyardas/2023-openmc-depletion-data/hours3/../../cross-section-libraries/en
 dfb71_hdf5/U234.h5
 Reading U235 from
 /home/oyardas/2023-openmc-depletion-data/hours3/../../cross-section-libraries/en
 dfb71_hdf5/U235.h5
 Reading U238 from
 /home/oyardas/2023-openmc-depletion-data/hours3/../../cross-section-libraries/en
 dfb71_hdf5/U238.h5
 Reading Xe135 from
 /home/oyardas/2023-openmc-depletion-data/hours3/../../cross-section-libraries/en
 dfb71_hdf5/Xe135.h5
 Reading Xe136 from
 /home/oyardas/2023-openmc-depletion-data/hours3/../../cross-section-libraries/en
 dfb71_hdf5/Xe136.h5
 Reading Zr90 from
 /home/oyardas/2023-openmc-depletion-data/hours3/../../cross-section-libraries/en
 dfb71_hdf5/Zr90.h5
 Reading Zr91 from
 /home/oyardas/2023-openmc-depletion-data/hours3/../../cross-section-libraries/en
 dfb71_hdf5/Zr91.h5
 Reading Zr92 from
 /home/oyardas/2023-openmc-depletion-data/hours3/../../cross-section-libraries/en
 dfb71_hdf5/Zr92.h5
 Reading Zr94 from
 /home/oyardas/2023-openmc-depletion-data/hours3/../../cross-section-libraries/en
 dfb71_hdf5/Zr94.h5
 Reading Zr96 from
 /home/oyardas/2023-openmc-depletion-data/hours3/../../cross-section-libraries/en
 dfb71_hdf5/Zr96.h5
 Reading H1 from
 /home/oyardas/2023-openmc-depletion-data/hours3/../../cross-section-libraries/en
 dfb71_hdf5/H1.h5
 Reading H2 from
 /home/oyardas/2023-openmc-depletion-data/hours3/../../cross-section-libraries/en
 dfb71_hdf5/H2.h5
 Reading c_H_in_H2O from
 /home/oyardas/2023-openmc-depletion-data/hours3/../../cross-section-libraries/en
 dfb71_hdf5/c_H_in_H2O.h5
 Minimum neutron data temperature: 294 K
 Maximum neutron data temperature: 294 K
 Reading tallies XML file...
 Preparing distributed cell instances...
 Reading plot XML file...
 Writing summary.h5 file...
 Maximum neutron transport energy: 20000000 eV for O17
 Initializing source particles...

 ====================>     K EIGENVALUE SIMULATION     <====================

  Bat./Gen.      k            Average k
  =========   ========   ====================
        1/1    1.41713
        2/1    1.39180
        3/1    1.46795
        4/1    1.47016
        5/1    1.42104
        6/1    1.36205
        7/1    1.46784
        8/1    1.48913
        9/1    1.50995
       10/1    1.42189
       11/1    1.45898
       12/1    1.56663    1.51281 +/- 0.05383
       13/1    1.47421    1.49994 +/- 0.03363
       14/1    1.46637    1.49155 +/- 0.02522
       15/1    1.49948    1.49313 +/- 0.01960
       16/1    1.54302    1.50145 +/- 0.01803
       17/1    1.58890    1.51394 +/- 0.01971
       18/1    1.52259    1.51502 +/- 0.01710
       19/1    1.54958    1.51886 +/- 0.01556
       20/1    1.42565    1.50954 +/- 0.01675
       21/1    1.52382    1.51084 +/- 0.01521
       22/1    1.48548    1.50873 +/- 0.01404
       23/1    1.29039    1.49193 +/- 0.02119
       24/1    1.54853    1.49597 +/- 0.02003
       25/1    1.44554    1.49261 +/- 0.01895
       26/1    1.49251    1.49260 +/- 0.01772
       27/1    1.32139    1.48253 +/- 0.01946
       28/1    1.45813    1.48118 +/- 0.01839
       29/1    1.51362    1.48288 +/- 0.01748
       30/1    1.46841    1.48216 +/- 0.01660
       31/1    1.53036    1.48446 +/- 0.01596
       32/1    1.49594    1.48498 +/- 0.01522
       33/1    1.57052    1.48870 +/- 0.01501
       34/1    1.48844    1.48869 +/- 0.01438
       35/1    1.28232    1.48043 +/- 0.01607
       36/1    1.41896    1.47807 +/- 0.01562
       37/1    1.46362    1.47753 +/- 0.01504
       38/1    1.39071    1.47443 +/- 0.01482
       39/1    1.42219    1.47263 +/- 0.01441
       40/1    1.41910    1.47085 +/- 0.01404
       41/1    1.46840    1.47077 +/- 0.01358
       42/1    1.49340    1.47147 +/- 0.01317
       43/1    1.42877    1.47018 +/- 0.01283
       44/1    1.49087    1.47079 +/- 0.01246
       45/1    1.46769    1.47070 +/- 0.01210
       46/1    1.47074    1.47070 +/- 0.01176
       47/1    1.39454    1.46864 +/- 0.01162
       48/1    1.42502    1.46749 +/- 0.01137
       49/1    1.48198    1.46787 +/- 0.01108
       50/1    1.39220    1.46597 +/- 0.01096
 Creating state point statepoint.50.h5...

 =======================>     TIMING STATISTICS     <=======================

 Total time for initialization     = 2.0959e+00 seconds
   Reading cross sections          = 2.0591e+00 seconds
 Total time in simulation          = 1.9250e-01 seconds
   Time in transport only          = 1.3003e-01 seconds
   Time in inactive batches        = 2.8903e-02 seconds
   Time in active batches          = 1.6360e-01 seconds
   Time synchronizing fission bank = 2.1864e-02 seconds
     Sampling source sites         = 6.5236e-03 seconds
     SEND/RECV source sites        = 5.9885e-04 seconds
   Time accumulating tallies       = 5.0509e-03 seconds
   Time writing statepoints        = 2.5063e-02 seconds
 Total time for finalization       = 2.2580e-05 seconds
 Total time elapsed                = 2.3047e+00 seconds
 Calculation Rate (inactive)       = 345980 particles/second
 Calculation Rate (active)         = 244502 particles/second

 ============================>     RESULTS     <============================

 k-effective (Collision)     = 1.46283 +/- 0.00729
 k-effective (Track-length)  = 1.46597 +/- 0.01096
 k-effective (Absorption)    = 1.46347 +/- 0.00467
 Combined k-effective        = 1.46300 +/- 0.00441
 Leakage Fraction            = 0.00000 +/- 0.00000

[openmc.deplete] t=0.0 s, dt=14400 s, source=174
[openmc.deplete] t=14400.0 (final operator evaluation)
generating new microxs
/gpfs/fs1/home/oyardas/openmc/openmc/mixin.py:70: IDWarning: Another Filter instance already exists with id=1.
  warn(msg, IDWarning)
/gpfs/fs1/home/oyardas/openmc/openmc/mixin.py:70: IDWarning: Another Filter instance already exists with id=2.
  warn(msg, IDWarning)
                                %%%%%%%%%%%%%%%
                           %%%%%%%%%%%%%%%%%%%%%%%%
                        %%%%%%%%%%%%%%%%%%%%%%%%%%%%%%
                      %%%%%%%%%%%%%%%%%%%%%%%%%%%%%%%%%%
                    %%%%%%%%%%%%%%%%%%%%%%%%%%%%%%%%%%%%%%
                   %%%%%%%%%%%%%%%%%%%%%%%%%%%%%%%%%%%%%%%%
                                    %%%%%%%%%%%%%%%%%%%%%%%%
                                     %%%%%%%%%%%%%%%%%%%%%%%%
                 ###############      %%%%%%%%%%%%%%%%%%%%%%%%
                ##################     %%%%%%%%%%%%%%%%%%%%%%%
                ###################     %%%%%%%%%%%%%%%%%%%%%%%
                ####################     %%%%%%%%%%%%%%%%%%%%%%
                #####################     %%%%%%%%%%%%%%%%%%%%%
                ######################     %%%%%%%%%%%%%%%%%%%%
                #######################     %%%%%%%%%%%%%%%%%%
                 #######################     %%%%%%%%%%%%%%%%%
                 ######################     %%%%%%%%%%%%%%%%%
                  ####################     %%%%%%%%%%%%%%%%%
                    #################     %%%%%%%%%%%%%%%%%
                     ###############     %%%%%%%%%%%%%%%%
                       ############     %%%%%%%%%%%%%%%
                          ########     %%%%%%%%%%%%%%
                                      %%%%%%%%%%%

                 | The OpenMC Monte Carlo Code
       Copyright | 2011-2022 MIT, UChicago Argonne LLC, and contributors
         License | https://docs.openmc.org/en/latest/license.html
         Version | 0.13.1-dev
        Git SHA1 | 91638baeecec220b1ab5df59adf71714daf2cba4
       Date/Time | 2022-09-07 10:48:10
   MPI Processes | 4
  OpenMP Threads | 18

 Reading settings XML file...
 Reading cross sections XML file...
 Reading materials XML file...
 Reading geometry XML file...
 Reading U236 from
 /home/oyardas/2023-openmc-depletion-data/hours3/../../cross-section-libraries/en
 dfb71_hdf5/U236.h5
 Reading O16 from
 /home/oyardas/2023-openmc-depletion-data/hours3/../../cross-section-libraries/en
 dfb71_hdf5/O16.h5
 Reading O17 from
 /home/oyardas/2023-openmc-depletion-data/hours3/../../cross-section-libraries/en
 dfb71_hdf5/O17.h5
 Reading Cs135 from
 /home/oyardas/2023-openmc-depletion-data/hours3/../../cross-section-libraries/en
 dfb71_hdf5/Cs135.h5
 Reading Gd156 from
 /home/oyardas/2023-openmc-depletion-data/hours3/../../cross-section-libraries/en
 dfb71_hdf5/Gd156.h5
 Reading Gd157 from
 /home/oyardas/2023-openmc-depletion-data/hours3/../../cross-section-libraries/en
 dfb71_hdf5/Gd157.h5
 Reading I135 from
 /home/oyardas/2023-openmc-depletion-data/hours3/../../cross-section-libraries/en
 dfb71_hdf5/I135.h5
 Reading U234 from
 /home/oyardas/2023-openmc-depletion-data/hours3/../../cross-section-libraries/en
 dfb71_hdf5/U234.h5
 Reading U235 from
 /home/oyardas/2023-openmc-depletion-data/hours3/../../cross-section-libraries/en
 dfb71_hdf5/U235.h5
 Reading U238 from
 /home/oyardas/2023-openmc-depletion-data/hours3/../../cross-section-libraries/en
 dfb71_hdf5/U238.h5
 Reading Xe135 from
 /home/oyardas/2023-openmc-depletion-data/hours3/../../cross-section-libraries/en
 dfb71_hdf5/Xe135.h5
 Reading Xe136 from
 /home/oyardas/2023-openmc-depletion-data/hours3/../../cross-section-libraries/en
 dfb71_hdf5/Xe136.h5
 Reading Zr90 from
 /home/oyardas/2023-openmc-depletion-data/hours3/../../cross-section-libraries/en
 dfb71_hdf5/Zr90.h5
 Reading Zr91 from
 /home/oyardas/2023-openmc-depletion-data/hours3/../../cross-section-libraries/en
 dfb71_hdf5/Zr91.h5
 Reading Zr92 from
 /home/oyardas/2023-openmc-depletion-data/hours3/../../cross-section-libraries/en
 dfb71_hdf5/Zr92.h5
 Reading Zr94 from
 /home/oyardas/2023-openmc-depletion-data/hours3/../../cross-section-libraries/en
 dfb71_hdf5/Zr94.h5
 Reading Zr96 from
 /home/oyardas/2023-openmc-depletion-data/hours3/../../cross-section-libraries/en
 dfb71_hdf5/Zr96.h5
 Reading H1 from
 /home/oyardas/2023-openmc-depletion-data/hours3/../../cross-section-libraries/en
 dfb71_hdf5/H1.h5
 Reading H2 from
 /home/oyardas/2023-openmc-depletion-data/hours3/../../cross-section-libraries/en
 dfb71_hdf5/H2.h5
 Reading c_H_in_H2O from
 /home/oyardas/2023-openmc-depletion-data/hours3/../../cross-section-libraries/en
 dfb71_hdf5/c_H_in_H2O.h5
 Minimum neutron data temperature: 294 K
 Maximum neutron data temperature: 294 K
 Reading tallies XML file...
 Preparing distributed cell instances...
 Reading plot XML file...
 Writing summary.h5 file...
 Maximum neutron transport energy: 20000000 eV for O17
 Initializing source particles...

 ====================>     K EIGENVALUE SIMULATION     <====================

  Bat./Gen.      k            Average k
  =========   ========   ====================
        1/1    1.41000
        2/1    1.41503
        3/1    1.46227
        4/1    1.45357
        5/1    1.37481
        6/1    1.56285
        7/1    1.44952
        8/1    1.46424
        9/1    1.45737
       10/1    1.39224
       11/1    1.43561
       12/1    1.51333    1.47447 +/- 0.03886
       13/1    1.39788    1.44894 +/- 0.03399
       14/1    1.42478    1.44290 +/- 0.02478
       15/1    1.35622    1.42556 +/- 0.02586
       16/1    1.49834    1.43769 +/- 0.02435
       17/1    1.40025    1.43234 +/- 0.02127
       18/1    1.46770    1.43676 +/- 0.01894
       19/1    1.39757    1.43241 +/- 0.01726
       20/1    1.39647    1.42882 +/- 0.01585
       21/1    1.48975    1.43435 +/- 0.01537
       22/1    1.40180    1.43164 +/- 0.01429
       23/1    1.49975    1.43688 +/- 0.01415
       24/1    1.40774    1.43480 +/- 0.01327
       25/1    1.48730    1.43830 +/- 0.01284
       26/1    1.46432    1.43993 +/- 0.01212
       27/1    1.44613    1.44029 +/- 0.01139
       28/1    1.48408    1.44272 +/- 0.01101
       29/1    1.47231    1.44428 +/- 0.01053
       30/1    1.46531    1.44533 +/- 0.01004
       31/1    1.56885    1.45121 +/- 0.01122
       32/1    1.47634    1.45236 +/- 0.01076
       33/1    1.47160    1.45319 +/- 0.01031
       34/1    1.51554    1.45579 +/- 0.01021
       35/1    1.31281    1.45007 +/- 0.01134
       36/1    1.42677    1.44917 +/- 0.01093
       37/1    1.44734    1.44911 +/- 0.01052
       38/1    1.47361    1.44998 +/- 0.01018
       39/1    1.38623    1.44778 +/- 0.01006
       40/1    1.36567    1.44505 +/- 0.01010
       41/1    1.38978    1.44326 +/- 0.00993
       42/1    1.47006    1.44410 +/- 0.00965
       43/1    1.50890    1.44606 +/- 0.00956
       44/1    1.49835    1.44760 +/- 0.00940
       45/1    1.44139    1.44742 +/- 0.00913
       46/1    1.36610    1.44517 +/- 0.00915
       47/1    1.47588    1.44600 +/- 0.00894
       48/1    1.45703    1.44629 +/- 0.00871
       49/1    1.32874    1.44327 +/- 0.00900
       50/1    1.48120    1.44422 +/- 0.00882
 Creating state point statepoint.50.h5...

 =======================>     TIMING STATISTICS     <=======================

 Total time for initialization     = 2.0693e+00 seconds
   Reading cross sections          = 2.0325e+00 seconds
 Total time in simulation          = 2.6495e-01 seconds
   Time in transport only          = 1.2962e-01 seconds
   Time in inactive batches        = 1.0560e-01 seconds
   Time in active batches          = 1.5935e-01 seconds
   Time synchronizing fission bank = 9.8632e-02 seconds
     Sampling source sites         = 8.2799e-03 seconds
     SEND/RECV source sites        = 4.6362e-04 seconds
   Time accumulating tallies       = 3.6851e-03 seconds
   Time writing statepoints        = 2.3354e-02 seconds
 Total time for finalization       = 2.0848e-05 seconds
 Total time elapsed                = 2.3497e+00 seconds
 Calculation Rate (inactive)       = 94695.2 particles/second
 Calculation Rate (active)         = 251017 particles/second

 ============================>     RESULTS     <============================

 k-effective (Collision)     = 1.45171 +/- 0.00692
 k-effective (Track-length)  = 1.44422 +/- 0.00882
 k-effective (Absorption)    = 1.45493 +/- 0.00489
 Combined k-effective        = 1.45471 +/- 0.00507
 Leakage Fraction            = 0.00000 +/- 0.00000

[openmc.deplete] t=0.0 s, dt=14400 s, source=174
[openmc.deplete] t=14400.0 (final operator evaluation)
generating new microxs
/gpfs/fs1/home/oyardas/openmc/openmc/mixin.py:70: IDWarning: Another Filter instance already exists with id=1.
  warn(msg, IDWarning)
/gpfs/fs1/home/oyardas/openmc/openmc/mixin.py:70: IDWarning: Another Filter instance already exists with id=2.
  warn(msg, IDWarning)
                                %%%%%%%%%%%%%%%
                           %%%%%%%%%%%%%%%%%%%%%%%%
                        %%%%%%%%%%%%%%%%%%%%%%%%%%%%%%
                      %%%%%%%%%%%%%%%%%%%%%%%%%%%%%%%%%%
                    %%%%%%%%%%%%%%%%%%%%%%%%%%%%%%%%%%%%%%
                   %%%%%%%%%%%%%%%%%%%%%%%%%%%%%%%%%%%%%%%%
                                    %%%%%%%%%%%%%%%%%%%%%%%%
                                     %%%%%%%%%%%%%%%%%%%%%%%%
                 ###############      %%%%%%%%%%%%%%%%%%%%%%%%
                ##################     %%%%%%%%%%%%%%%%%%%%%%%
                ###################     %%%%%%%%%%%%%%%%%%%%%%%
                ####################     %%%%%%%%%%%%%%%%%%%%%%
                #####################     %%%%%%%%%%%%%%%%%%%%%
                ######################     %%%%%%%%%%%%%%%%%%%%
                #######################     %%%%%%%%%%%%%%%%%%
                 #######################     %%%%%%%%%%%%%%%%%
                 ######################     %%%%%%%%%%%%%%%%%
                  ####################     %%%%%%%%%%%%%%%%%
                    #################     %%%%%%%%%%%%%%%%%
                     ###############     %%%%%%%%%%%%%%%%
                       ############     %%%%%%%%%%%%%%%
                          ########     %%%%%%%%%%%%%%
                                      %%%%%%%%%%%

                 | The OpenMC Monte Carlo Code
       Copyright | 2011-2022 MIT, UChicago Argonne LLC, and contributors
         License | https://docs.openmc.org/en/latest/license.html
         Version | 0.13.1-dev
        Git SHA1 | 91638baeecec220b1ab5df59adf71714daf2cba4
       Date/Time | 2022-09-07 10:48:14
   MPI Processes | 4
  OpenMP Threads | 18

 Reading settings XML file...
 Reading cross sections XML file...
 Reading materials XML file...
 Reading geometry XML file...
 Reading U236 from
 /home/oyardas/2023-openmc-depletion-data/hours3/../../cross-section-libraries/en
 dfb71_hdf5/U236.h5
 Reading O16 from
 /home/oyardas/2023-openmc-depletion-data/hours3/../../cross-section-libraries/en
 dfb71_hdf5/O16.h5
 Reading O17 from
 /home/oyardas/2023-openmc-depletion-data/hours3/../../cross-section-libraries/en
 dfb71_hdf5/O17.h5
 Reading Cs135 from
 /home/oyardas/2023-openmc-depletion-data/hours3/../../cross-section-libraries/en
 dfb71_hdf5/Cs135.h5
 Reading Gd156 from
 /home/oyardas/2023-openmc-depletion-data/hours3/../../cross-section-libraries/en
 dfb71_hdf5/Gd156.h5
 Reading Gd157 from
 /home/oyardas/2023-openmc-depletion-data/hours3/../../cross-section-libraries/en
 dfb71_hdf5/Gd157.h5
 Reading I135 from
 /home/oyardas/2023-openmc-depletion-data/hours3/../../cross-section-libraries/en
 dfb71_hdf5/I135.h5
 Reading U234 from
 /home/oyardas/2023-openmc-depletion-data/hours3/../../cross-section-libraries/en
 dfb71_hdf5/U234.h5
 Reading U235 from
 /home/oyardas/2023-openmc-depletion-data/hours3/../../cross-section-libraries/en
 dfb71_hdf5/U235.h5
 Reading U238 from
 /home/oyardas/2023-openmc-depletion-data/hours3/../../cross-section-libraries/en
 dfb71_hdf5/U238.h5
 Reading Xe135 from
 /home/oyardas/2023-openmc-depletion-data/hours3/../../cross-section-libraries/en
 dfb71_hdf5/Xe135.h5
 Reading Xe136 from
 /home/oyardas/2023-openmc-depletion-data/hours3/../../cross-section-libraries/en
 dfb71_hdf5/Xe136.h5
 Reading Zr90 from
 /home/oyardas/2023-openmc-depletion-data/hours3/../../cross-section-libraries/en
 dfb71_hdf5/Zr90.h5
 Reading Zr91 from
 /home/oyardas/2023-openmc-depletion-data/hours3/../../cross-section-libraries/en
 dfb71_hdf5/Zr91.h5
 Reading Zr92 from
 /home/oyardas/2023-openmc-depletion-data/hours3/../../cross-section-libraries/en
 dfb71_hdf5/Zr92.h5
 Reading Zr94 from
 /home/oyardas/2023-openmc-depletion-data/hours3/../../cross-section-libraries/en
 dfb71_hdf5/Zr94.h5
 Reading Zr96 from
 /home/oyardas/2023-openmc-depletion-data/hours3/../../cross-section-libraries/en
 dfb71_hdf5/Zr96.h5
 Reading H1 from
 /home/oyardas/2023-openmc-depletion-data/hours3/../../cross-section-libraries/en
 dfb71_hdf5/H1.h5
 Reading H2 from
 /home/oyardas/2023-openmc-depletion-data/hours3/../../cross-section-libraries/en
 dfb71_hdf5/H2.h5
 Reading c_H_in_H2O from
 /home/oyardas/2023-openmc-depletion-data/hours3/../../cross-section-libraries/en
 dfb71_hdf5/c_H_in_H2O.h5
 Minimum neutron data temperature: 294 K
 Maximum neutron data temperature: 294 K
 Reading tallies XML file...
 Preparing distributed cell instances...
 Reading plot XML file...
 Writing summary.h5 file...
 Maximum neutron transport energy: 20000000 eV for O17
 Initializing source particles...

 ====================>     K EIGENVALUE SIMULATION     <====================

  Bat./Gen.      k            Average k
  =========   ========   ====================
        1/1    1.39810
        2/1    1.52569
        3/1    1.40282
        4/1    1.41124
        5/1    1.48090
        6/1    1.41547
        7/1    1.34467
        8/1    1.43015
        9/1    1.41479
       10/1    1.38814
       11/1    1.44915
       12/1    1.46040    1.45478 +/- 0.00563
       13/1    1.52191    1.47716 +/- 0.02261
       14/1    1.40071    1.45804 +/- 0.02492
       15/1    1.51631    1.46970 +/- 0.02255
       16/1    1.48031    1.47146 +/- 0.01849
       17/1    1.35529    1.45487 +/- 0.02280
       18/1    1.49565    1.45997 +/- 0.02039
       19/1    1.47810    1.46198 +/- 0.01810
       20/1    1.42267    1.45805 +/- 0.01666
       21/1    1.37357    1.45037 +/- 0.01691
       22/1    1.42968    1.44865 +/- 0.01553
       23/1    1.36276    1.44204 +/- 0.01574
       24/1    1.44414    1.44219 +/- 0.01457
       25/1    1.38039    1.43807 +/- 0.01418
       26/1    1.42641    1.43734 +/- 0.01328
       27/1    1.43129    1.43699 +/- 0.01248
       28/1    1.49725    1.44033 +/- 0.01224
       29/1    1.48363    1.44261 +/- 0.01180
       30/1    1.43744    1.44235 +/- 0.01119
       31/1    1.37656    1.43922 +/- 0.01110
       32/1    1.40288    1.43757 +/- 0.01071
       33/1    1.50306    1.44042 +/- 0.01062
       34/1    1.46561    1.44147 +/- 0.01023
       35/1    1.39677    1.43968 +/- 0.00997
       36/1    1.51119    1.44243 +/- 0.00997
       37/1    1.37877    1.44007 +/- 0.00987
       38/1    1.46683    1.44103 +/- 0.00956
       39/1    1.47542    1.44221 +/- 0.00930
       40/1    1.37385    1.43993 +/- 0.00927
       41/1    1.46983    1.44090 +/- 0.00902
       42/1    1.33537    1.43760 +/- 0.00934
       43/1    1.51173    1.43985 +/- 0.00932
       44/1    1.45679    1.44034 +/- 0.00906
       45/1    1.55356    1.44358 +/- 0.00937
       46/1    1.50341    1.44524 +/- 0.00926
       47/1    1.36336    1.44303 +/- 0.00927
       48/1    1.48924    1.44424 +/- 0.00911
       49/1    1.45651    1.44456 +/- 0.00888
       50/1    1.47908    1.44542 +/- 0.00869
 Creating state point statepoint.50.h5...

 =======================>     TIMING STATISTICS     <=======================

 Total time for initialization     = 2.0344e+00 seconds
   Reading cross sections          = 1.9989e+00 seconds
 Total time in simulation          = 2.6063e-01 seconds
   Time in transport only          = 1.2569e-01 seconds
   Time in inactive batches        = 9.8356e-02 seconds
   Time in active batches          = 1.6228e-01 seconds
   Time synchronizing fission bank = 9.5846e-02 seconds
     Sampling source sites         = 7.8603e-03 seconds
     SEND/RECV source sites        = 7.1226e-04 seconds
   Time accumulating tallies       = 3.1537e-03 seconds
   Time writing statepoints        = 2.6535e-02 seconds
 Total time for finalization       = 2.0570e-05 seconds
 Total time elapsed                = 2.3100e+00 seconds
 Calculation Rate (inactive)       = 101671 particles/second
 Calculation Rate (active)         = 246491 particles/second

 ============================>     RESULTS     <============================

 k-effective (Collision)     = 1.43959 +/- 0.00593
 k-effective (Track-length)  = 1.44542 +/- 0.00869
 k-effective (Absorption)    = 1.43488 +/- 0.00499
 Combined k-effective        = 1.43642 +/- 0.00458
 Leakage Fraction            = 0.00000 +/- 0.00000

[openmc.deplete] t=0.0 s, dt=14400 s, source=174
[openmc.deplete] t=14400.0 (final operator evaluation)
generating new microxs
/gpfs/fs1/home/oyardas/openmc/openmc/mixin.py:70: IDWarning: Another Filter instance already exists with id=1.
  warn(msg, IDWarning)
/gpfs/fs1/home/oyardas/openmc/openmc/mixin.py:70: IDWarning: Another Filter instance already exists with id=2.
  warn(msg, IDWarning)
                                %%%%%%%%%%%%%%%
                           %%%%%%%%%%%%%%%%%%%%%%%%
                        %%%%%%%%%%%%%%%%%%%%%%%%%%%%%%
                      %%%%%%%%%%%%%%%%%%%%%%%%%%%%%%%%%%
                    %%%%%%%%%%%%%%%%%%%%%%%%%%%%%%%%%%%%%%
                   %%%%%%%%%%%%%%%%%%%%%%%%%%%%%%%%%%%%%%%%
                                    %%%%%%%%%%%%%%%%%%%%%%%%
                                     %%%%%%%%%%%%%%%%%%%%%%%%
                 ###############      %%%%%%%%%%%%%%%%%%%%%%%%
                ##################     %%%%%%%%%%%%%%%%%%%%%%%
                ###################     %%%%%%%%%%%%%%%%%%%%%%%
                ####################     %%%%%%%%%%%%%%%%%%%%%%
                #####################     %%%%%%%%%%%%%%%%%%%%%
                ######################     %%%%%%%%%%%%%%%%%%%%
                #######################     %%%%%%%%%%%%%%%%%%
                 #######################     %%%%%%%%%%%%%%%%%
                 ######################     %%%%%%%%%%%%%%%%%
                  ####################     %%%%%%%%%%%%%%%%%
                    #################     %%%%%%%%%%%%%%%%%
                     ###############     %%%%%%%%%%%%%%%%
                       ############     %%%%%%%%%%%%%%%
                          ########     %%%%%%%%%%%%%%
                                      %%%%%%%%%%%

                 | The OpenMC Monte Carlo Code
       Copyright | 2011-2022 MIT, UChicago Argonne LLC, and contributors
         License | https://docs.openmc.org/en/latest/license.html
         Version | 0.13.1-dev
        Git SHA1 | 91638baeecec220b1ab5df59adf71714daf2cba4
       Date/Time | 2022-09-07 10:48:17
   MPI Processes | 4
  OpenMP Threads | 18

 Reading settings XML file...
 Reading cross sections XML file...
 Reading materials XML file...
 Reading geometry XML file...
 Reading U236 from
 /home/oyardas/2023-openmc-depletion-data/hours3/../../cross-section-libraries/en
 dfb71_hdf5/U236.h5
 Reading O16 from
 /home/oyardas/2023-openmc-depletion-data/hours3/../../cross-section-libraries/en
 dfb71_hdf5/O16.h5
 Reading O17 from
 /home/oyardas/2023-openmc-depletion-data/hours3/../../cross-section-libraries/en
 dfb71_hdf5/O17.h5
 Reading Cs135 from
 /home/oyardas/2023-openmc-depletion-data/hours3/../../cross-section-libraries/en
 dfb71_hdf5/Cs135.h5
 Reading Gd156 from
 /home/oyardas/2023-openmc-depletion-data/hours3/../../cross-section-libraries/en
 dfb71_hdf5/Gd156.h5
 Reading Gd157 from
 /home/oyardas/2023-openmc-depletion-data/hours3/../../cross-section-libraries/en
 dfb71_hdf5/Gd157.h5
 Reading I135 from
 /home/oyardas/2023-openmc-depletion-data/hours3/../../cross-section-libraries/en
 dfb71_hdf5/I135.h5
 Reading U234 from
 /home/oyardas/2023-openmc-depletion-data/hours3/../../cross-section-libraries/en
 dfb71_hdf5/U234.h5
 Reading U235 from
 /home/oyardas/2023-openmc-depletion-data/hours3/../../cross-section-libraries/en
 dfb71_hdf5/U235.h5
 Reading U238 from
 /home/oyardas/2023-openmc-depletion-data/hours3/../../cross-section-libraries/en
 dfb71_hdf5/U238.h5
 Reading Xe135 from
 /home/oyardas/2023-openmc-depletion-data/hours3/../../cross-section-libraries/en
 dfb71_hdf5/Xe135.h5
 Reading Xe136 from
 /home/oyardas/2023-openmc-depletion-data/hours3/../../cross-section-libraries/en
 dfb71_hdf5/Xe136.h5
 Reading Zr90 from
 /home/oyardas/2023-openmc-depletion-data/hours3/../../cross-section-libraries/en
 dfb71_hdf5/Zr90.h5
 Reading Zr91 from
 /home/oyardas/2023-openmc-depletion-data/hours3/../../cross-section-libraries/en
 dfb71_hdf5/Zr91.h5
 Reading Zr92 from
 /home/oyardas/2023-openmc-depletion-data/hours3/../../cross-section-libraries/en
 dfb71_hdf5/Zr92.h5
 Reading Zr94 from
 /home/oyardas/2023-openmc-depletion-data/hours3/../../cross-section-libraries/en
 dfb71_hdf5/Zr94.h5
 Reading Zr96 from
 /home/oyardas/2023-openmc-depletion-data/hours3/../../cross-section-libraries/en
 dfb71_hdf5/Zr96.h5
 Reading H1 from
 /home/oyardas/2023-openmc-depletion-data/hours3/../../cross-section-libraries/en
 dfb71_hdf5/H1.h5
 Reading H2 from
 /home/oyardas/2023-openmc-depletion-data/hours3/../../cross-section-libraries/en
 dfb71_hdf5/H2.h5
 Reading c_H_in_H2O from
 /home/oyardas/2023-openmc-depletion-data/hours3/../../cross-section-libraries/en
 dfb71_hdf5/c_H_in_H2O.h5
 Minimum neutron data temperature: 294 K
 Maximum neutron data temperature: 294 K
 Reading tallies XML file...
 Preparing distributed cell instances...
 Reading plot XML file...
 Writing summary.h5 file...
 Maximum neutron transport energy: 20000000 eV for O17
 Initializing source particles...

 ====================>     K EIGENVALUE SIMULATION     <====================

  Bat./Gen.      k            Average k
  =========   ========   ====================
        1/1    1.39143
        2/1    1.45552
        3/1    1.39492
        4/1    1.43284
        5/1    1.41335
        6/1    1.37557
        7/1    1.41286
        8/1    1.39922
        9/1    1.38701
       10/1    1.44702
       11/1    1.47428
       12/1    1.41924    1.44676 +/- 0.02752
       13/1    1.47425    1.45592 +/- 0.01834
       14/1    1.45145    1.45480 +/- 0.01302
       15/1    1.55121    1.47409 +/- 0.02176
       16/1    1.40728    1.46295 +/- 0.02097
       17/1    1.39785    1.45365 +/- 0.02001
       18/1    1.49754    1.45914 +/- 0.01818
       19/1    1.36492    1.44867 +/- 0.01915
       20/1    1.49559    1.45336 +/- 0.01776
       21/1    1.43224    1.45144 +/- 0.01618
       22/1    1.46793    1.45282 +/- 0.01483
       23/1    1.51419    1.45754 +/- 0.01444
       24/1    1.51309    1.46150 +/- 0.01394
       25/1    1.37930    1.45602 +/- 0.01409
       26/1    1.45276    1.45582 +/- 0.01318
       27/1    1.38795    1.45183 +/- 0.01301
       28/1    1.48669    1.45376 +/- 0.01242
       29/1    1.41610    1.45178 +/- 0.01191
       30/1    1.45151    1.45177 +/- 0.01130
       31/1    1.47453    1.45285 +/- 0.01080
       32/1    1.43081    1.45185 +/- 0.01035
       33/1    1.47980    1.45307 +/- 0.00996
       34/1    1.43047    1.45212 +/- 0.00958
       35/1    1.44325    1.45177 +/- 0.00920
       36/1    1.43685    1.45120 +/- 0.00886
       37/1    1.44958    1.45114 +/- 0.00852
       38/1    1.49794    1.45281 +/- 0.00838
       39/1    1.52367    1.45525 +/- 0.00845
       40/1    1.38062    1.45276 +/- 0.00853
       41/1    1.37882    1.45038 +/- 0.00859
       42/1    1.43227    1.44981 +/- 0.00834
       43/1    1.43957    1.44950 +/- 0.00809
       44/1    1.46114    1.44984 +/- 0.00785
       45/1    1.37992    1.44785 +/- 0.00788
       46/1    1.46928    1.44844 +/- 0.00768
       47/1    1.53331    1.45074 +/- 0.00782
       48/1    1.41915    1.44990 +/- 0.00765
       49/1    1.55919    1.45271 +/- 0.00796
       50/1    1.37514    1.45077 +/- 0.00800
 Creating state point statepoint.50.h5...

 =======================>     TIMING STATISTICS     <=======================

 Total time for initialization     = 2.0679e+00 seconds
   Reading cross sections          = 2.0303e+00 seconds
 Total time in simulation          = 2.4064e-01 seconds
   Time in transport only          = 1.2658e-01 seconds
   Time in inactive batches        = 8.1753e-02 seconds
   Time in active batches          = 1.5889e-01 seconds
   Time synchronizing fission bank = 7.5974e-02 seconds
     Sampling source sites         = 6.4378e-03 seconds
     SEND/RECV source sites        = 3.9786e-04 seconds
   Time accumulating tallies       = 4.2233e-03 seconds
   Time writing statepoints        = 2.4813e-02 seconds
 Total time for finalization       = 2.3868e-05 seconds
 Total time elapsed                = 2.3237e+00 seconds
 Calculation Rate (inactive)       = 122319 particles/second
 Calculation Rate (active)         = 251745 particles/second

 ============================>     RESULTS     <============================

 k-effective (Collision)     = 1.44863 +/- 0.00612
 k-effective (Track-length)  = 1.45077 +/- 0.00800
 k-effective (Absorption)    = 1.44836 +/- 0.00501
 Combined k-effective        = 1.44845 +/- 0.00475
 Leakage Fraction            = 0.00000 +/- 0.00000

[openmc.deplete] t=0.0 s, dt=14400 s, source=174
[openmc.deplete] t=14400.0 (final operator evaluation)
generating new microxs
/gpfs/fs1/home/oyardas/openmc/openmc/mixin.py:70: IDWarning: Another Filter instance already exists with id=1.
  warn(msg, IDWarning)
/gpfs/fs1/home/oyardas/openmc/openmc/mixin.py:70: IDWarning: Another Filter instance already exists with id=2.
  warn(msg, IDWarning)
                                %%%%%%%%%%%%%%%
                           %%%%%%%%%%%%%%%%%%%%%%%%
                        %%%%%%%%%%%%%%%%%%%%%%%%%%%%%%
                      %%%%%%%%%%%%%%%%%%%%%%%%%%%%%%%%%%
                    %%%%%%%%%%%%%%%%%%%%%%%%%%%%%%%%%%%%%%
                   %%%%%%%%%%%%%%%%%%%%%%%%%%%%%%%%%%%%%%%%
                                    %%%%%%%%%%%%%%%%%%%%%%%%
                                     %%%%%%%%%%%%%%%%%%%%%%%%
                 ###############      %%%%%%%%%%%%%%%%%%%%%%%%
                ##################     %%%%%%%%%%%%%%%%%%%%%%%
                ###################     %%%%%%%%%%%%%%%%%%%%%%%
                ####################     %%%%%%%%%%%%%%%%%%%%%%
                #####################     %%%%%%%%%%%%%%%%%%%%%
                ######################     %%%%%%%%%%%%%%%%%%%%
                #######################     %%%%%%%%%%%%%%%%%%
                 #######################     %%%%%%%%%%%%%%%%%
                 ######################     %%%%%%%%%%%%%%%%%
                  ####################     %%%%%%%%%%%%%%%%%
                    #################     %%%%%%%%%%%%%%%%%
                     ###############     %%%%%%%%%%%%%%%%
                       ############     %%%%%%%%%%%%%%%
                          ########     %%%%%%%%%%%%%%
                                      %%%%%%%%%%%

                 | The OpenMC Monte Carlo Code
       Copyright | 2011-2022 MIT, UChicago Argonne LLC, and contributors
         License | https://docs.openmc.org/en/latest/license.html
         Version | 0.13.1-dev
        Git SHA1 | 91638baeecec220b1ab5df59adf71714daf2cba4
       Date/Time | 2022-09-07 10:48:20
   MPI Processes | 4
  OpenMP Threads | 18

 Reading settings XML file...
 Reading cross sections XML file...
 Reading materials XML file...
 Reading geometry XML file...
 Reading U236 from
 /home/oyardas/2023-openmc-depletion-data/hours3/../../cross-section-libraries/en
 dfb71_hdf5/U236.h5
 Reading O16 from
 /home/oyardas/2023-openmc-depletion-data/hours3/../../cross-section-libraries/en
 dfb71_hdf5/O16.h5
 Reading O17 from
 /home/oyardas/2023-openmc-depletion-data/hours3/../../cross-section-libraries/en
 dfb71_hdf5/O17.h5
 Reading Cs135 from
 /home/oyardas/2023-openmc-depletion-data/hours3/../../cross-section-libraries/en
 dfb71_hdf5/Cs135.h5
 Reading Gd156 from
 /home/oyardas/2023-openmc-depletion-data/hours3/../../cross-section-libraries/en
 dfb71_hdf5/Gd156.h5
 Reading Gd157 from
 /home/oyardas/2023-openmc-depletion-data/hours3/../../cross-section-libraries/en
 dfb71_hdf5/Gd157.h5
 Reading I135 from
 /home/oyardas/2023-openmc-depletion-data/hours3/../../cross-section-libraries/en
 dfb71_hdf5/I135.h5
 Reading U234 from
 /home/oyardas/2023-openmc-depletion-data/hours3/../../cross-section-libraries/en
 dfb71_hdf5/U234.h5
 Reading U235 from
 /home/oyardas/2023-openmc-depletion-data/hours3/../../cross-section-libraries/en
 dfb71_hdf5/U235.h5
 Reading U238 from
 /home/oyardas/2023-openmc-depletion-data/hours3/../../cross-section-libraries/en
 dfb71_hdf5/U238.h5
 Reading Xe135 from
 /home/oyardas/2023-openmc-depletion-data/hours3/../../cross-section-libraries/en
 dfb71_hdf5/Xe135.h5
 Reading Xe136 from
 /home/oyardas/2023-openmc-depletion-data/hours3/../../cross-section-libraries/en
 dfb71_hdf5/Xe136.h5
 Reading Zr90 from
 /home/oyardas/2023-openmc-depletion-data/hours3/../../cross-section-libraries/en
 dfb71_hdf5/Zr90.h5
 Reading Zr91 from
 /home/oyardas/2023-openmc-depletion-data/hours3/../../cross-section-libraries/en
 dfb71_hdf5/Zr91.h5
 Reading Zr92 from
 /home/oyardas/2023-openmc-depletion-data/hours3/../../cross-section-libraries/en
 dfb71_hdf5/Zr92.h5
 Reading Zr94 from
 /home/oyardas/2023-openmc-depletion-data/hours3/../../cross-section-libraries/en
 dfb71_hdf5/Zr94.h5
 Reading Zr96 from
 /home/oyardas/2023-openmc-depletion-data/hours3/../../cross-section-libraries/en
 dfb71_hdf5/Zr96.h5
 Reading H1 from
 /home/oyardas/2023-openmc-depletion-data/hours3/../../cross-section-libraries/en
 dfb71_hdf5/H1.h5
 Reading H2 from
 /home/oyardas/2023-openmc-depletion-data/hours3/../../cross-section-libraries/en
 dfb71_hdf5/H2.h5
 Reading c_H_in_H2O from
 /home/oyardas/2023-openmc-depletion-data/hours3/../../cross-section-libraries/en
 dfb71_hdf5/c_H_in_H2O.h5
 Minimum neutron data temperature: 294 K
 Maximum neutron data temperature: 294 K
 Reading tallies XML file...
 Preparing distributed cell instances...
 Reading plot XML file...
 Writing summary.h5 file...
 Maximum neutron transport energy: 20000000 eV for O17
 Initializing source particles...

 ====================>     K EIGENVALUE SIMULATION     <====================

  Bat./Gen.      k            Average k
  =========   ========   ====================
        1/1    1.39483
        2/1    1.39115
        3/1    1.49820
        4/1    1.43277
        5/1    1.43826
        6/1    1.37266
        7/1    1.46686
        8/1    1.46825
        9/1    1.38808
       10/1    1.45753
       11/1    1.44475
       12/1    1.43449    1.43962 +/- 0.00513
       13/1    1.41504    1.43143 +/- 0.00871
       14/1    1.42698    1.43032 +/- 0.00626
       15/1    1.47879    1.44001 +/- 0.01084
       16/1    1.38358    1.43060 +/- 0.01292
       17/1    1.43832    1.43171 +/- 0.01097
       18/1    1.39564    1.42720 +/- 0.01052
       19/1    1.44478    1.42915 +/- 0.00948
       20/1    1.42146    1.42838 +/- 0.00851
       21/1    1.48555    1.43358 +/- 0.00929
       22/1    1.39305    1.43020 +/- 0.00913
       23/1    1.43561    1.43062 +/- 0.00841
       24/1    1.56093    1.43993 +/- 0.01213
       25/1    1.52487    1.44559 +/- 0.01264
       26/1    1.49192    1.44849 +/- 0.01217
       27/1    1.36818    1.44376 +/- 0.01237
       28/1    1.43136    1.44307 +/- 0.01168
       29/1    1.50471    1.44632 +/- 0.01152
       30/1    1.59686    1.45384 +/- 0.01327
       31/1    1.52475    1.45722 +/- 0.01306
       32/1    1.44770    1.45679 +/- 0.01246
       33/1    1.43695    1.45593 +/- 0.01194
       34/1    1.52260    1.45870 +/- 0.01176
       35/1    1.46728    1.45905 +/- 0.01129
       36/1    1.39393    1.45654 +/- 0.01113
       37/1    1.41302    1.45493 +/- 0.01083
       38/1    1.51534    1.45709 +/- 0.01066
       39/1    1.48663    1.45811 +/- 0.01033
       40/1    1.46567    1.45836 +/- 0.00999
       41/1    1.44962    1.45808 +/- 0.00966
       42/1    1.42058    1.45690 +/- 0.00943
       43/1    1.49104    1.45794 +/- 0.00920
       44/1    1.44310    1.45750 +/- 0.00893
       45/1    1.52388    1.45940 +/- 0.00888
       46/1    1.40386    1.45786 +/- 0.00877
       47/1    1.43655    1.45728 +/- 0.00855
       48/1    1.38708    1.45543 +/- 0.00852
       49/1    1.43495    1.45491 +/- 0.00832
       50/1    1.37919    1.45301 +/- 0.00832
 Creating state point statepoint.50.h5...

 =======================>     TIMING STATISTICS     <=======================

 Total time for initialization     = 2.1363e+00 seconds
   Reading cross sections          = 2.1011e+00 seconds
 Total time in simulation          = 1.8588e-01 seconds
   Time in transport only          = 1.2697e-01 seconds
   Time in inactive batches        = 2.4841e-02 seconds
   Time in active batches          = 1.6104e-01 seconds
   Time synchronizing fission bank = 2.0627e-02 seconds
     Sampling source sites         = 7.7774e-03 seconds
     SEND/RECV source sites        = 8.7642e-04 seconds
   Time accumulating tallies       = 3.2408e-03 seconds
   Time writing statepoints        = 2.4804e-02 seconds
 Total time for finalization       = 3.0320e-05 seconds
 Total time elapsed                = 2.3377e+00 seconds
 Calculation Rate (inactive)       = 402566 particles/second
 Calculation Rate (active)         = 248387 particles/second

 ============================>     RESULTS     <============================

 k-effective (Collision)     = 1.45103 +/- 0.00636
 k-effective (Track-length)  = 1.45301 +/- 0.00832
 k-effective (Absorption)    = 1.44483 +/- 0.00499
 Combined k-effective        = 1.44661 +/- 0.00452
 Leakage Fraction            = 0.00000 +/- 0.00000

[openmc.deplete] t=0.0 s, dt=14400 s, source=174
[openmc.deplete] t=14400.0 (final operator evaluation)
generating new microxs
/gpfs/fs1/home/oyardas/openmc/openmc/mixin.py:70: IDWarning: Another Filter instance already exists with id=1.
  warn(msg, IDWarning)
/gpfs/fs1/home/oyardas/openmc/openmc/mixin.py:70: IDWarning: Another Filter instance already exists with id=2.
  warn(msg, IDWarning)
                                %%%%%%%%%%%%%%%
                           %%%%%%%%%%%%%%%%%%%%%%%%
                        %%%%%%%%%%%%%%%%%%%%%%%%%%%%%%
                      %%%%%%%%%%%%%%%%%%%%%%%%%%%%%%%%%%
                    %%%%%%%%%%%%%%%%%%%%%%%%%%%%%%%%%%%%%%
                   %%%%%%%%%%%%%%%%%%%%%%%%%%%%%%%%%%%%%%%%
                                    %%%%%%%%%%%%%%%%%%%%%%%%
                                     %%%%%%%%%%%%%%%%%%%%%%%%
                 ###############      %%%%%%%%%%%%%%%%%%%%%%%%
                ##################     %%%%%%%%%%%%%%%%%%%%%%%
                ###################     %%%%%%%%%%%%%%%%%%%%%%%
                ####################     %%%%%%%%%%%%%%%%%%%%%%
                #####################     %%%%%%%%%%%%%%%%%%%%%
                ######################     %%%%%%%%%%%%%%%%%%%%
                #######################     %%%%%%%%%%%%%%%%%%
                 #######################     %%%%%%%%%%%%%%%%%
                 ######################     %%%%%%%%%%%%%%%%%
                  ####################     %%%%%%%%%%%%%%%%%
                    #################     %%%%%%%%%%%%%%%%%
                     ###############     %%%%%%%%%%%%%%%%
                       ############     %%%%%%%%%%%%%%%
                          ########     %%%%%%%%%%%%%%
                                      %%%%%%%%%%%

                 | The OpenMC Monte Carlo Code
       Copyright | 2011-2022 MIT, UChicago Argonne LLC, and contributors
         License | https://docs.openmc.org/en/latest/license.html
         Version | 0.13.1-dev
        Git SHA1 | 91638baeecec220b1ab5df59adf71714daf2cba4
       Date/Time | 2022-09-07 10:48:24
   MPI Processes | 4
  OpenMP Threads | 18

 Reading settings XML file...
 Reading cross sections XML file...
 Reading materials XML file...
 Reading geometry XML file...
 Reading U236 from
 /home/oyardas/2023-openmc-depletion-data/hours3/../../cross-section-libraries/en
 dfb71_hdf5/U236.h5
 Reading O16 from
 /home/oyardas/2023-openmc-depletion-data/hours3/../../cross-section-libraries/en
 dfb71_hdf5/O16.h5
 Reading O17 from
 /home/oyardas/2023-openmc-depletion-data/hours3/../../cross-section-libraries/en
 dfb71_hdf5/O17.h5
 Reading Cs135 from
 /home/oyardas/2023-openmc-depletion-data/hours3/../../cross-section-libraries/en
 dfb71_hdf5/Cs135.h5
 Reading Gd156 from
 /home/oyardas/2023-openmc-depletion-data/hours3/../../cross-section-libraries/en
 dfb71_hdf5/Gd156.h5
 Reading Gd157 from
 /home/oyardas/2023-openmc-depletion-data/hours3/../../cross-section-libraries/en
 dfb71_hdf5/Gd157.h5
 Reading I135 from
 /home/oyardas/2023-openmc-depletion-data/hours3/../../cross-section-libraries/en
 dfb71_hdf5/I135.h5
 Reading U234 from
 /home/oyardas/2023-openmc-depletion-data/hours3/../../cross-section-libraries/en
 dfb71_hdf5/U234.h5
 Reading U235 from
 /home/oyardas/2023-openmc-depletion-data/hours3/../../cross-section-libraries/en
 dfb71_hdf5/U235.h5
 Reading U238 from
 /home/oyardas/2023-openmc-depletion-data/hours3/../../cross-section-libraries/en
 dfb71_hdf5/U238.h5
 Reading Xe135 from
 /home/oyardas/2023-openmc-depletion-data/hours3/../../cross-section-libraries/en
 dfb71_hdf5/Xe135.h5
 Reading Xe136 from
 /home/oyardas/2023-openmc-depletion-data/hours3/../../cross-section-libraries/en
 dfb71_hdf5/Xe136.h5
 Reading Zr90 from
 /home/oyardas/2023-openmc-depletion-data/hours3/../../cross-section-libraries/en
 dfb71_hdf5/Zr90.h5
 Reading Zr91 from
 /home/oyardas/2023-openmc-depletion-data/hours3/../../cross-section-libraries/en
 dfb71_hdf5/Zr91.h5
 Reading Zr92 from
 /home/oyardas/2023-openmc-depletion-data/hours3/../../cross-section-libraries/en
 dfb71_hdf5/Zr92.h5
 Reading Zr94 from
 /home/oyardas/2023-openmc-depletion-data/hours3/../../cross-section-libraries/en
 dfb71_hdf5/Zr94.h5
 Reading Zr96 from
 /home/oyardas/2023-openmc-depletion-data/hours3/../../cross-section-libraries/en
 dfb71_hdf5/Zr96.h5
 Reading H1 from
 /home/oyardas/2023-openmc-depletion-data/hours3/../../cross-section-libraries/en
 dfb71_hdf5/H1.h5
 Reading H2 from
 /home/oyardas/2023-openmc-depletion-data/hours3/../../cross-section-libraries/en
 dfb71_hdf5/H2.h5
 Reading c_H_in_H2O from
 /home/oyardas/2023-openmc-depletion-data/hours3/../../cross-section-libraries/en
 dfb71_hdf5/c_H_in_H2O.h5
 Minimum neutron data temperature: 294 K
 Maximum neutron data temperature: 294 K
 Reading tallies XML file...
 Preparing distributed cell instances...
 Reading plot XML file...
 Writing summary.h5 file...
 Maximum neutron transport energy: 20000000 eV for O17
 Initializing source particles...

 ====================>     K EIGENVALUE SIMULATION     <====================

  Bat./Gen.      k            Average k
  =========   ========   ====================
        1/1    1.39269
        2/1    1.50726
        3/1    1.43060
        4/1    1.45602
        5/1    1.31680
        6/1    1.43071
        7/1    1.36174
        8/1    1.42872
        9/1    1.50713
       10/1    1.43007
       11/1    1.56643
       12/1    1.51162    1.53903 +/- 0.02740
       13/1    1.35364    1.47723 +/- 0.06379
       14/1    1.43775    1.46736 +/- 0.04617
       15/1    1.49015    1.47192 +/- 0.03605
       16/1    1.48533    1.47415 +/- 0.02952
       17/1    1.43360    1.46836 +/- 0.02562
       18/1    1.38755    1.45826 +/- 0.02438
       19/1    1.40263    1.45208 +/- 0.02237
       20/1    1.46404    1.45327 +/- 0.02004
       21/1    1.45029    1.45300 +/- 0.01813
       22/1    1.48650    1.45579 +/- 0.01678
       23/1    1.41882    1.45295 +/- 0.01570
       24/1    1.45753    1.45328 +/- 0.01454
       25/1    1.42112    1.45113 +/- 0.01370
       26/1    1.38884    1.44724 +/- 0.01340
       27/1    1.39881    1.44439 +/- 0.01290
       28/1    1.41640    1.44284 +/- 0.01226
       29/1    1.37589    1.43931 +/- 0.01212
       30/1    1.35936    1.43532 +/- 0.01218
       31/1    1.47782    1.43734 +/- 0.01176
       32/1    1.48031    1.43929 +/- 0.01138
       33/1    1.45872    1.44014 +/- 0.01091
       34/1    1.40944    1.43886 +/- 0.01052
       35/1    1.36890    1.43606 +/- 0.01047
       36/1    1.47580    1.43759 +/- 0.01018
       37/1    1.49311    1.43964 +/- 0.01001
       38/1    1.52464    1.44268 +/- 0.01011
       39/1    1.43544    1.44243 +/- 0.00976
       40/1    1.53356    1.44547 +/- 0.00990
       41/1    1.41135    1.44437 +/- 0.00964
       42/1    1.50923    1.44639 +/- 0.00955
       43/1    1.39222    1.44475 +/- 0.00940
       44/1    1.44119    1.44465 +/- 0.00912
       45/1    1.40163    1.44342 +/- 0.00894
       46/1    1.41326    1.44258 +/- 0.00873
       47/1    1.45079    1.44280 +/- 0.00850
       48/1    1.51889    1.44481 +/- 0.00851
       49/1    1.36133    1.44266 +/- 0.00856
       50/1    1.44764    1.44279 +/- 0.00834
 Creating state point statepoint.50.h5...

 =======================>     TIMING STATISTICS     <=======================

 Total time for initialization     = 2.2035e+00 seconds
   Reading cross sections          = 2.1685e+00 seconds
 Total time in simulation          = 1.8619e-01 seconds
   Time in transport only          = 1.2735e-01 seconds
   Time in inactive batches        = 2.5051e-02 seconds
   Time in active batches          = 1.6114e-01 seconds
   Time synchronizing fission bank = 1.8070e-02 seconds
     Sampling source sites         = 6.7471e-03 seconds
     SEND/RECV source sites        = 6.2120e-04 seconds
   Time accumulating tallies       = 3.6406e-03 seconds
   Time writing statepoints        = 2.5869e-02 seconds
 Total time for finalization       = 2.4153e-05 seconds
 Total time elapsed                = 2.4047e+00 seconds
 Calculation Rate (inactive)       = 399186 particles/second
 Calculation Rate (active)         = 248226 particles/second

 ============================>     RESULTS     <============================

 k-effective (Collision)     = 1.44927 +/- 0.00558
 k-effective (Track-length)  = 1.44279 +/- 0.00834
 k-effective (Absorption)    = 1.45069 +/- 0.00499
 Combined k-effective        = 1.45068 +/- 0.00422
 Leakage Fraction            = 0.00000 +/- 0.00000

[openmc.deplete] t=0.0 s, dt=14400 s, source=174
[openmc.deplete] t=14400.0 (final operator evaluation)
generating new microxs
/gpfs/fs1/home/oyardas/openmc/openmc/mixin.py:70: IDWarning: Another Filter instance already exists with id=1.
  warn(msg, IDWarning)
/gpfs/fs1/home/oyardas/openmc/openmc/mixin.py:70: IDWarning: Another Filter instance already exists with id=2.
  warn(msg, IDWarning)
                                %%%%%%%%%%%%%%%
                           %%%%%%%%%%%%%%%%%%%%%%%%
                        %%%%%%%%%%%%%%%%%%%%%%%%%%%%%%
                      %%%%%%%%%%%%%%%%%%%%%%%%%%%%%%%%%%
                    %%%%%%%%%%%%%%%%%%%%%%%%%%%%%%%%%%%%%%
                   %%%%%%%%%%%%%%%%%%%%%%%%%%%%%%%%%%%%%%%%
                                    %%%%%%%%%%%%%%%%%%%%%%%%
                                     %%%%%%%%%%%%%%%%%%%%%%%%
                 ###############      %%%%%%%%%%%%%%%%%%%%%%%%
                ##################     %%%%%%%%%%%%%%%%%%%%%%%
                ###################     %%%%%%%%%%%%%%%%%%%%%%%
                ####################     %%%%%%%%%%%%%%%%%%%%%%
                #####################     %%%%%%%%%%%%%%%%%%%%%
                ######################     %%%%%%%%%%%%%%%%%%%%
                #######################     %%%%%%%%%%%%%%%%%%
                 #######################     %%%%%%%%%%%%%%%%%
                 ######################     %%%%%%%%%%%%%%%%%
                  ####################     %%%%%%%%%%%%%%%%%
                    #################     %%%%%%%%%%%%%%%%%
                     ###############     %%%%%%%%%%%%%%%%
                       ############     %%%%%%%%%%%%%%%
                          ########     %%%%%%%%%%%%%%
                                      %%%%%%%%%%%

                 | The OpenMC Monte Carlo Code
       Copyright | 2011-2022 MIT, UChicago Argonne LLC, and contributors
         License | https://docs.openmc.org/en/latest/license.html
         Version | 0.13.1-dev
        Git SHA1 | 91638baeecec220b1ab5df59adf71714daf2cba4
       Date/Time | 2022-09-07 10:48:28
   MPI Processes | 4
  OpenMP Threads | 18

 Reading settings XML file...
 Reading cross sections XML file...
 Reading materials XML file...
 Reading geometry XML file...
 Reading U236 from
 /home/oyardas/2023-openmc-depletion-data/hours3/../../cross-section-libraries/en
 dfb71_hdf5/U236.h5
 Reading O16 from
 /home/oyardas/2023-openmc-depletion-data/hours3/../../cross-section-libraries/en
 dfb71_hdf5/O16.h5
 Reading O17 from
 /home/oyardas/2023-openmc-depletion-data/hours3/../../cross-section-libraries/en
 dfb71_hdf5/O17.h5
 Reading Cs135 from
 /home/oyardas/2023-openmc-depletion-data/hours3/../../cross-section-libraries/en
 dfb71_hdf5/Cs135.h5
 Reading Gd156 from
 /home/oyardas/2023-openmc-depletion-data/hours3/../../cross-section-libraries/en
 dfb71_hdf5/Gd156.h5
 Reading Gd157 from
 /home/oyardas/2023-openmc-depletion-data/hours3/../../cross-section-libraries/en
 dfb71_hdf5/Gd157.h5
 Reading I135 from
 /home/oyardas/2023-openmc-depletion-data/hours3/../../cross-section-libraries/en
 dfb71_hdf5/I135.h5
 Reading U234 from
 /home/oyardas/2023-openmc-depletion-data/hours3/../../cross-section-libraries/en
 dfb71_hdf5/U234.h5
 Reading U235 from
 /home/oyardas/2023-openmc-depletion-data/hours3/../../cross-section-libraries/en
 dfb71_hdf5/U235.h5
 Reading U238 from
 /home/oyardas/2023-openmc-depletion-data/hours3/../../cross-section-libraries/en
 dfb71_hdf5/U238.h5
 Reading Xe135 from
 /home/oyardas/2023-openmc-depletion-data/hours3/../../cross-section-libraries/en
 dfb71_hdf5/Xe135.h5
 Reading Xe136 from
 /home/oyardas/2023-openmc-depletion-data/hours3/../../cross-section-libraries/en
 dfb71_hdf5/Xe136.h5
 Reading Zr90 from
 /home/oyardas/2023-openmc-depletion-data/hours3/../../cross-section-libraries/en
 dfb71_hdf5/Zr90.h5
 Reading Zr91 from
 /home/oyardas/2023-openmc-depletion-data/hours3/../../cross-section-libraries/en
 dfb71_hdf5/Zr91.h5
 Reading Zr92 from
 /home/oyardas/2023-openmc-depletion-data/hours3/../../cross-section-libraries/en
 dfb71_hdf5/Zr92.h5
 Reading Zr94 from
 /home/oyardas/2023-openmc-depletion-data/hours3/../../cross-section-libraries/en
 dfb71_hdf5/Zr94.h5
 Reading Zr96 from
 /home/oyardas/2023-openmc-depletion-data/hours3/../../cross-section-libraries/en
 dfb71_hdf5/Zr96.h5
 Reading H1 from
 /home/oyardas/2023-openmc-depletion-data/hours3/../../cross-section-libraries/en
 dfb71_hdf5/H1.h5
 Reading H2 from
 /home/oyardas/2023-openmc-depletion-data/hours3/../../cross-section-libraries/en
 dfb71_hdf5/H2.h5
 Reading c_H_in_H2O from
 /home/oyardas/2023-openmc-depletion-data/hours3/../../cross-section-libraries/en
 dfb71_hdf5/c_H_in_H2O.h5
 Minimum neutron data temperature: 294 K
 Maximum neutron data temperature: 294 K
 Reading tallies XML file...
 Preparing distributed cell instances...
 Reading plot XML file...
 Writing summary.h5 file...
 Maximum neutron transport energy: 20000000 eV for O17
 Initializing source particles...

 ====================>     K EIGENVALUE SIMULATION     <====================

  Bat./Gen.      k            Average k
  =========   ========   ====================
        1/1    1.39189
        2/1    1.37366
        3/1    1.34034
        4/1    1.41328
        5/1    1.37548
        6/1    1.47627
        7/1    1.49921
        8/1    1.38292
        9/1    1.46139
       10/1    1.41333
       11/1    1.46540
       12/1    1.42363    1.44451 +/- 0.02088
       13/1    1.47957    1.45620 +/- 0.01679
       14/1    1.48953    1.46453 +/- 0.01451
       15/1    1.41426    1.45448 +/- 0.01508
       16/1    1.36565    1.43967 +/- 0.01925
       17/1    1.50222    1.44861 +/- 0.01856
       18/1    1.48343    1.45296 +/- 0.01666
       19/1    1.48650    1.45669 +/- 0.01516
       20/1    1.35137    1.44616 +/- 0.01717
       21/1    1.48897    1.45005 +/- 0.01601
       22/1    1.51978    1.45586 +/- 0.01573
       23/1    1.55423    1.46343 +/- 0.01632
       24/1    1.44812    1.46233 +/- 0.01515
       25/1    1.38534    1.45720 +/- 0.01501
       26/1    1.51525    1.46083 +/- 0.01450
       27/1    1.41280    1.45800 +/- 0.01391
       28/1    1.45657    1.45792 +/- 0.01312
       29/1    1.43871    1.45691 +/- 0.01245
       30/1    1.38833    1.45348 +/- 0.01230
       31/1    1.37846    1.44991 +/- 0.01223
       32/1    1.49889    1.45214 +/- 0.01187
       33/1    1.49241    1.45389 +/- 0.01148
       34/1    1.40326    1.45178 +/- 0.01119
       35/1    1.49654    1.45357 +/- 0.01088
       36/1    1.35434    1.44975 +/- 0.01113
       37/1    1.41525    1.44847 +/- 0.01079
       38/1    1.45832    1.44883 +/- 0.01040
       39/1    1.41630    1.44770 +/- 0.01010
       40/1    1.43681    1.44734 +/- 0.00976
       41/1    1.43285    1.44687 +/- 0.00945
       42/1    1.55012    1.45010 +/- 0.00970
       43/1    1.42957    1.44948 +/- 0.00943
       44/1    1.46016    1.44979 +/- 0.00915
       45/1    1.47177    1.45042 +/- 0.00891
       46/1    1.45249    1.45048 +/- 0.00866
       47/1    1.44377    1.45030 +/- 0.00842
       48/1    1.39577    1.44886 +/- 0.00832
       49/1    1.39759    1.44755 +/- 0.00821
       50/1    1.51052    1.44912 +/- 0.00816
 Creating state point statepoint.50.h5...

 =======================>     TIMING STATISTICS     <=======================

 Total time for initialization     = 2.0630e+00 seconds
   Reading cross sections          = 2.0279e+00 seconds
 Total time in simulation          = 2.3152e-01 seconds
   Time in transport only          = 1.2888e-01 seconds
   Time in inactive batches        = 6.1639e-02 seconds
   Time in active batches          = 1.6988e-01 seconds
   Time synchronizing fission bank = 5.6880e-02 seconds
     Sampling source sites         = 8.8133e-03 seconds
     SEND/RECV source sites        = 4.4974e-04 seconds
   Time accumulating tallies       = 5.3453e-03 seconds
   Time writing statepoints        = 3.0760e-02 seconds
 Total time for finalization       = 4.4400e-05 seconds
 Total time elapsed                = 2.3098e+00 seconds
 Calculation Rate (inactive)       = 162235 particles/second
 Calculation Rate (active)         = 235459 particles/second

 ============================>     RESULTS     <============================

 k-effective (Collision)     = 1.45413 +/- 0.00657
 k-effective (Track-length)  = 1.44912 +/- 0.00816
 k-effective (Absorption)    = 1.44736 +/- 0.00400
 Combined k-effective        = 1.44708 +/- 0.00394
 Leakage Fraction            = 0.00000 +/- 0.00000

[openmc.deplete] t=0.0 s, dt=14400 s, source=174
[openmc.deplete] t=14400.0 (final operator evaluation)
generating new microxs
/gpfs/fs1/home/oyardas/openmc/openmc/mixin.py:70: IDWarning: Another Filter instance already exists with id=1.
  warn(msg, IDWarning)
/gpfs/fs1/home/oyardas/openmc/openmc/mixin.py:70: IDWarning: Another Filter instance already exists with id=2.
  warn(msg, IDWarning)
                                %%%%%%%%%%%%%%%
                           %%%%%%%%%%%%%%%%%%%%%%%%
                        %%%%%%%%%%%%%%%%%%%%%%%%%%%%%%
                      %%%%%%%%%%%%%%%%%%%%%%%%%%%%%%%%%%
                    %%%%%%%%%%%%%%%%%%%%%%%%%%%%%%%%%%%%%%
                   %%%%%%%%%%%%%%%%%%%%%%%%%%%%%%%%%%%%%%%%
                                    %%%%%%%%%%%%%%%%%%%%%%%%
                                     %%%%%%%%%%%%%%%%%%%%%%%%
                 ###############      %%%%%%%%%%%%%%%%%%%%%%%%
                ##################     %%%%%%%%%%%%%%%%%%%%%%%
                ###################     %%%%%%%%%%%%%%%%%%%%%%%
                ####################     %%%%%%%%%%%%%%%%%%%%%%
                #####################     %%%%%%%%%%%%%%%%%%%%%
                ######################     %%%%%%%%%%%%%%%%%%%%
                #######################     %%%%%%%%%%%%%%%%%%
                 #######################     %%%%%%%%%%%%%%%%%
                 ######################     %%%%%%%%%%%%%%%%%
                  ####################     %%%%%%%%%%%%%%%%%
                    #################     %%%%%%%%%%%%%%%%%
                     ###############     %%%%%%%%%%%%%%%%
                       ############     %%%%%%%%%%%%%%%
                          ########     %%%%%%%%%%%%%%
                                      %%%%%%%%%%%

                 | The OpenMC Monte Carlo Code
       Copyright | 2011-2022 MIT, UChicago Argonne LLC, and contributors
         License | https://docs.openmc.org/en/latest/license.html
         Version | 0.13.1-dev
        Git SHA1 | 91638baeecec220b1ab5df59adf71714daf2cba4
       Date/Time | 2022-09-07 10:48:31
   MPI Processes | 4
  OpenMP Threads | 18

 Reading settings XML file...
 Reading cross sections XML file...
 Reading materials XML file...
 Reading geometry XML file...
 Reading U236 from
 /home/oyardas/2023-openmc-depletion-data/hours3/../../cross-section-libraries/en
 dfb71_hdf5/U236.h5
 Reading O16 from
 /home/oyardas/2023-openmc-depletion-data/hours3/../../cross-section-libraries/en
 dfb71_hdf5/O16.h5
 Reading O17 from
 /home/oyardas/2023-openmc-depletion-data/hours3/../../cross-section-libraries/en
 dfb71_hdf5/O17.h5
 Reading Cs135 from
 /home/oyardas/2023-openmc-depletion-data/hours3/../../cross-section-libraries/en
 dfb71_hdf5/Cs135.h5
 Reading Gd156 from
 /home/oyardas/2023-openmc-depletion-data/hours3/../../cross-section-libraries/en
 dfb71_hdf5/Gd156.h5
 Reading Gd157 from
 /home/oyardas/2023-openmc-depletion-data/hours3/../../cross-section-libraries/en
 dfb71_hdf5/Gd157.h5
 Reading I135 from
 /home/oyardas/2023-openmc-depletion-data/hours3/../../cross-section-libraries/en
 dfb71_hdf5/I135.h5
 Reading U234 from
 /home/oyardas/2023-openmc-depletion-data/hours3/../../cross-section-libraries/en
 dfb71_hdf5/U234.h5
 Reading U235 from
 /home/oyardas/2023-openmc-depletion-data/hours3/../../cross-section-libraries/en
 dfb71_hdf5/U235.h5
 Reading U238 from
 /home/oyardas/2023-openmc-depletion-data/hours3/../../cross-section-libraries/en
 dfb71_hdf5/U238.h5
 Reading Xe135 from
 /home/oyardas/2023-openmc-depletion-data/hours3/../../cross-section-libraries/en
 dfb71_hdf5/Xe135.h5
 Reading Xe136 from
 /home/oyardas/2023-openmc-depletion-data/hours3/../../cross-section-libraries/en
 dfb71_hdf5/Xe136.h5
 Reading Zr90 from
 /home/oyardas/2023-openmc-depletion-data/hours3/../../cross-section-libraries/en
 dfb71_hdf5/Zr90.h5
 Reading Zr91 from
 /home/oyardas/2023-openmc-depletion-data/hours3/../../cross-section-libraries/en
 dfb71_hdf5/Zr91.h5
 Reading Zr92 from
 /home/oyardas/2023-openmc-depletion-data/hours3/../../cross-section-libraries/en
 dfb71_hdf5/Zr92.h5
 Reading Zr94 from
 /home/oyardas/2023-openmc-depletion-data/hours3/../../cross-section-libraries/en
 dfb71_hdf5/Zr94.h5
 Reading Zr96 from
 /home/oyardas/2023-openmc-depletion-data/hours3/../../cross-section-libraries/en
 dfb71_hdf5/Zr96.h5
 Reading H1 from
 /home/oyardas/2023-openmc-depletion-data/hours3/../../cross-section-libraries/en
 dfb71_hdf5/H1.h5
 Reading H2 from
 /home/oyardas/2023-openmc-depletion-data/hours3/../../cross-section-libraries/en
 dfb71_hdf5/H2.h5
 Reading c_H_in_H2O from
 /home/oyardas/2023-openmc-depletion-data/hours3/../../cross-section-libraries/en
 dfb71_hdf5/c_H_in_H2O.h5
 Minimum neutron data temperature: 294 K
 Maximum neutron data temperature: 294 K
 Reading tallies XML file...
 Preparing distributed cell instances...
 Reading plot XML file...
 Writing summary.h5 file...
 Maximum neutron transport energy: 20000000 eV for O17
 Initializing source particles...

 ====================>     K EIGENVALUE SIMULATION     <====================

  Bat./Gen.      k            Average k
  =========   ========   ====================
        1/1    1.39110
        2/1    1.37684
        3/1    1.44956
        4/1    1.40123
        5/1    1.44058
        6/1    1.39180
        7/1    1.42742
        8/1    1.47131
        9/1    1.50868
       10/1    1.48251
       11/1    1.41667
       12/1    1.39018    1.40342 +/- 0.01324
       13/1    1.38663    1.39783 +/- 0.00948
       14/1    1.35760    1.38777 +/- 0.01208
       15/1    1.31696    1.37361 +/- 0.01698
       16/1    1.42992    1.38299 +/- 0.01674
       17/1    1.37831    1.38233 +/- 0.01416
       18/1    1.43136    1.38845 +/- 0.01371
       19/1    1.41219    1.39109 +/- 0.01238
       20/1    1.44097    1.39608 +/- 0.01214
       21/1    1.51881    1.40724 +/- 0.01566
       22/1    1.43360    1.40943 +/- 0.01446
       23/1    1.47918    1.41480 +/- 0.01434
       24/1    1.48835    1.42005 +/- 0.01428
       25/1    1.46693    1.42318 +/- 0.01366
       26/1    1.46811    1.42599 +/- 0.01308
       27/1    1.37915    1.42323 +/- 0.01259
       28/1    1.51828    1.42851 +/- 0.01299
       29/1    1.43907    1.42907 +/- 0.01230
       30/1    1.40128    1.42768 +/- 0.01175
       31/1    1.43379    1.42797 +/- 0.01118
       32/1    1.37523    1.42557 +/- 0.01093
       33/1    1.46447    1.42726 +/- 0.01058
       34/1    1.41031    1.42656 +/- 0.01015
       35/1    1.47578    1.42852 +/- 0.00994
       36/1    1.48040    1.43052 +/- 0.00975
       37/1    1.38972    1.42901 +/- 0.00950
       38/1    1.41205    1.42840 +/- 0.00918
       39/1    1.50517    1.43105 +/- 0.00924
       40/1    1.41748    1.43060 +/- 0.00894
       41/1    1.41447    1.43008 +/- 0.00866
       42/1    1.44059    1.43041 +/- 0.00840
       43/1    1.50377    1.43263 +/- 0.00844
       44/1    1.42120    1.43229 +/- 0.00819
       45/1    1.50308    1.43432 +/- 0.00821
       46/1    1.51036    1.43643 +/- 0.00825
       47/1    1.46459    1.43719 +/- 0.00806
       48/1    1.46388    1.43789 +/- 0.00788
       49/1    1.51165    1.43978 +/- 0.00790
       50/1    1.52194    1.44184 +/- 0.00797
 Creating state point statepoint.50.h5...

 =======================>     TIMING STATISTICS     <=======================

 Total time for initialization     = 2.0313e+00 seconds
   Reading cross sections          = 1.9955e+00 seconds
 Total time in simulation          = 2.5434e-01 seconds
   Time in transport only          = 1.2592e-01 seconds
   Time in inactive batches        = 8.7107e-02 seconds
   Time in active batches          = 1.6723e-01 seconds
   Time synchronizing fission bank = 8.3134e-02 seconds
     Sampling source sites         = 7.8973e-03 seconds
     SEND/RECV source sites        = 5.1497e-04 seconds
   Time accumulating tallies       = 3.1827e-03 seconds
   Time writing statepoints        = 3.2799e-02 seconds
 Total time for finalization       = 2.7241e-05 seconds
 Total time elapsed                = 2.3006e+00 seconds
 Calculation Rate (inactive)       = 114801 particles/second
 Calculation Rate (active)         = 239194 particles/second

 ============================>     RESULTS     <============================

 k-effective (Collision)     = 1.44290 +/- 0.00510
 k-effective (Track-length)  = 1.44184 +/- 0.00797
 k-effective (Absorption)    = 1.44597 +/- 0.00508
 Combined k-effective        = 1.44442 +/- 0.00435
 Leakage Fraction            = 0.00000 +/- 0.00000

[openmc.deplete] t=0.0 s, dt=14400 s, source=174
[openmc.deplete] t=14400.0 (final operator evaluation)
generating new microxs
/gpfs/fs1/home/oyardas/openmc/openmc/mixin.py:70: IDWarning: Another Filter instance already exists with id=1.
  warn(msg, IDWarning)
/gpfs/fs1/home/oyardas/openmc/openmc/mixin.py:70: IDWarning: Another Filter instance already exists with id=2.
  warn(msg, IDWarning)
                                %%%%%%%%%%%%%%%
                           %%%%%%%%%%%%%%%%%%%%%%%%
                        %%%%%%%%%%%%%%%%%%%%%%%%%%%%%%
                      %%%%%%%%%%%%%%%%%%%%%%%%%%%%%%%%%%
                    %%%%%%%%%%%%%%%%%%%%%%%%%%%%%%%%%%%%%%
                   %%%%%%%%%%%%%%%%%%%%%%%%%%%%%%%%%%%%%%%%
                                    %%%%%%%%%%%%%%%%%%%%%%%%
                                     %%%%%%%%%%%%%%%%%%%%%%%%
                 ###############      %%%%%%%%%%%%%%%%%%%%%%%%
                ##################     %%%%%%%%%%%%%%%%%%%%%%%
                ###################     %%%%%%%%%%%%%%%%%%%%%%%
                ####################     %%%%%%%%%%%%%%%%%%%%%%
                #####################     %%%%%%%%%%%%%%%%%%%%%
                ######################     %%%%%%%%%%%%%%%%%%%%
                #######################     %%%%%%%%%%%%%%%%%%
                 #######################     %%%%%%%%%%%%%%%%%
                 ######################     %%%%%%%%%%%%%%%%%
                  ####################     %%%%%%%%%%%%%%%%%
                    #################     %%%%%%%%%%%%%%%%%
                     ###############     %%%%%%%%%%%%%%%%
                       ############     %%%%%%%%%%%%%%%
                          ########     %%%%%%%%%%%%%%
                                      %%%%%%%%%%%

                 | The OpenMC Monte Carlo Code
       Copyright | 2011-2022 MIT, UChicago Argonne LLC, and contributors
         License | https://docs.openmc.org/en/latest/license.html
         Version | 0.13.1-dev
        Git SHA1 | 91638baeecec220b1ab5df59adf71714daf2cba4
       Date/Time | 2022-09-07 10:48:34
   MPI Processes | 4
  OpenMP Threads | 18

 Reading settings XML file...
 Reading cross sections XML file...
 Reading materials XML file...
 Reading geometry XML file...
 Reading U236 from
 /home/oyardas/2023-openmc-depletion-data/hours3/../../cross-section-libraries/en
 dfb71_hdf5/U236.h5
 Reading O16 from
 /home/oyardas/2023-openmc-depletion-data/hours3/../../cross-section-libraries/en
 dfb71_hdf5/O16.h5
 Reading O17 from
 /home/oyardas/2023-openmc-depletion-data/hours3/../../cross-section-libraries/en
 dfb71_hdf5/O17.h5
 Reading Cs135 from
 /home/oyardas/2023-openmc-depletion-data/hours3/../../cross-section-libraries/en
 dfb71_hdf5/Cs135.h5
 Reading Gd156 from
 /home/oyardas/2023-openmc-depletion-data/hours3/../../cross-section-libraries/en
 dfb71_hdf5/Gd156.h5
 Reading Gd157 from
 /home/oyardas/2023-openmc-depletion-data/hours3/../../cross-section-libraries/en
 dfb71_hdf5/Gd157.h5
 Reading I135 from
 /home/oyardas/2023-openmc-depletion-data/hours3/../../cross-section-libraries/en
 dfb71_hdf5/I135.h5
 Reading U234 from
 /home/oyardas/2023-openmc-depletion-data/hours3/../../cross-section-libraries/en
 dfb71_hdf5/U234.h5
 Reading U235 from
 /home/oyardas/2023-openmc-depletion-data/hours3/../../cross-section-libraries/en
 dfb71_hdf5/U235.h5
 Reading U238 from
 /home/oyardas/2023-openmc-depletion-data/hours3/../../cross-section-libraries/en
 dfb71_hdf5/U238.h5
 Reading Xe135 from
 /home/oyardas/2023-openmc-depletion-data/hours3/../../cross-section-libraries/en
 dfb71_hdf5/Xe135.h5
 Reading Xe136 from
 /home/oyardas/2023-openmc-depletion-data/hours3/../../cross-section-libraries/en
 dfb71_hdf5/Xe136.h5
 Reading Zr90 from
 /home/oyardas/2023-openmc-depletion-data/hours3/../../cross-section-libraries/en
 dfb71_hdf5/Zr90.h5
 Reading Zr91 from
 /home/oyardas/2023-openmc-depletion-data/hours3/../../cross-section-libraries/en
 dfb71_hdf5/Zr91.h5
 Reading Zr92 from
 /home/oyardas/2023-openmc-depletion-data/hours3/../../cross-section-libraries/en
 dfb71_hdf5/Zr92.h5
 Reading Zr94 from
 /home/oyardas/2023-openmc-depletion-data/hours3/../../cross-section-libraries/en
 dfb71_hdf5/Zr94.h5
 Reading Zr96 from
 /home/oyardas/2023-openmc-depletion-data/hours3/../../cross-section-libraries/en
 dfb71_hdf5/Zr96.h5
 Reading H1 from
 /home/oyardas/2023-openmc-depletion-data/hours3/../../cross-section-libraries/en
 dfb71_hdf5/H1.h5
 Reading H2 from
 /home/oyardas/2023-openmc-depletion-data/hours3/../../cross-section-libraries/en
 dfb71_hdf5/H2.h5
 Reading c_H_in_H2O from
 /home/oyardas/2023-openmc-depletion-data/hours3/../../cross-section-libraries/en
 dfb71_hdf5/c_H_in_H2O.h5
 Minimum neutron data temperature: 294 K
 Maximum neutron data temperature: 294 K
 Reading tallies XML file...
 Preparing distributed cell instances...
 Reading plot XML file...
 Writing summary.h5 file...
 Maximum neutron transport energy: 20000000 eV for O17
 Initializing source particles...

 ====================>     K EIGENVALUE SIMULATION     <====================

  Bat./Gen.      k            Average k
  =========   ========   ====================
        1/1    1.39090
        2/1    1.37770
        3/1    1.45810
        4/1    1.44723
        5/1    1.35729
        6/1    1.35790
        7/1    1.36223
        8/1    1.38569
        9/1    1.37864
       10/1    1.52260
       11/1    1.50625
       12/1    1.41325    1.45975 +/- 0.04650
       13/1    1.37664    1.43205 +/- 0.03858
       14/1    1.40800    1.42604 +/- 0.02793
       15/1    1.45225    1.43128 +/- 0.02226
       16/1    1.48377    1.44003 +/- 0.02017
       17/1    1.42093    1.43730 +/- 0.01727
       18/1    1.39795    1.43238 +/- 0.01574
       19/1    1.54089    1.44444 +/- 0.01839
       20/1    1.36987    1.43698 +/- 0.01806
       21/1    1.34774    1.42887 +/- 0.01824
       22/1    1.46445    1.43183 +/- 0.01691
       23/1    1.42960    1.43166 +/- 0.01556
       24/1    1.39722    1.42920 +/- 0.01461
       25/1    1.45779    1.43111 +/- 0.01373
       26/1    1.41589    1.43016 +/- 0.01288
       27/1    1.49772    1.43413 +/- 0.01274
       28/1    1.45610    1.43535 +/- 0.01207
       29/1    1.55214    1.44150 +/- 0.01297
       30/1    1.41943    1.44039 +/- 0.01235
       31/1    1.50333    1.44339 +/- 0.01212
       32/1    1.43481    1.44300 +/- 0.01157
       33/1    1.44919    1.44327 +/- 0.01106
       34/1    1.36646    1.44007 +/- 0.01106
       35/1    1.44399    1.44023 +/- 0.01061
       36/1    1.49929    1.44250 +/- 0.01044
       37/1    1.43273    1.44214 +/- 0.01005
       38/1    1.45700    1.44267 +/- 0.00970
       39/1    1.45072    1.44294 +/- 0.00937
       40/1    1.43609    1.44272 +/- 0.00905
       41/1    1.44142    1.44267 +/- 0.00876
       42/1    1.42685    1.44218 +/- 0.00849
       43/1    1.36487    1.43984 +/- 0.00856
       44/1    1.43156    1.43959 +/- 0.00831
       45/1    1.48646    1.44093 +/- 0.00817
       46/1    1.44052    1.44092 +/- 0.00794
       47/1    1.37000    1.43900 +/- 0.00796
       48/1    1.37935    1.43743 +/- 0.00791
       49/1    1.52140    1.43959 +/- 0.00800
       50/1    1.32103    1.43662 +/- 0.00834
 Creating state point statepoint.50.h5...

 =======================>     TIMING STATISTICS     <=======================

 Total time for initialization     = 2.0470e+00 seconds
   Reading cross sections          = 2.0121e+00 seconds
 Total time in simulation          = 3.0150e-01 seconds
   Time in transport only          = 1.2861e-01 seconds
   Time in inactive batches        = 1.4034e-01 seconds
   Time in active batches          = 1.6116e-01 seconds
   Time synchronizing fission bank = 1.3396e-01 seconds
     Sampling source sites         = 7.2437e-03 seconds
     SEND/RECV source sites        = 3.6956e-04 seconds
   Time accumulating tallies       = 3.8738e-03 seconds
   Time writing statepoints        = 2.5738e-02 seconds
 Total time for finalization       = 3.0914e-05 seconds
 Total time elapsed                = 2.3657e+00 seconds
 Calculation Rate (inactive)       = 71254.3 particles/second
 Calculation Rate (active)         = 248205 particles/second

 ============================>     RESULTS     <============================

 k-effective (Collision)     = 1.43320 +/- 0.00661
 k-effective (Track-length)  = 1.43662 +/- 0.00834
 k-effective (Absorption)    = 1.44697 +/- 0.00399
 Combined k-effective        = 1.44503 +/- 0.00377
 Leakage Fraction            = 0.00000 +/- 0.00000

