[openmc.deplete] t=0.0 s, dt=14400 s, source=174
[openmc.deplete] t=14400.0 (final operator evaluation)
generating new microxs
/gpfs/fs1/home/oyardas/openmc/openmc/mixin.py:70: IDWarning: Another Filter instance already exists with id=1.
  warn(msg, IDWarning)
/gpfs/fs1/home/oyardas/openmc/openmc/mixin.py:70: IDWarning: Another Filter instance already exists with id=2.
  warn(msg, IDWarning)
                                %%%%%%%%%%%%%%%
                           %%%%%%%%%%%%%%%%%%%%%%%%
                        %%%%%%%%%%%%%%%%%%%%%%%%%%%%%%
                      %%%%%%%%%%%%%%%%%%%%%%%%%%%%%%%%%%
                    %%%%%%%%%%%%%%%%%%%%%%%%%%%%%%%%%%%%%%
                   %%%%%%%%%%%%%%%%%%%%%%%%%%%%%%%%%%%%%%%%
                                    %%%%%%%%%%%%%%%%%%%%%%%%
                                     %%%%%%%%%%%%%%%%%%%%%%%%
                 ###############      %%%%%%%%%%%%%%%%%%%%%%%%
                ##################     %%%%%%%%%%%%%%%%%%%%%%%
                ###################     %%%%%%%%%%%%%%%%%%%%%%%
                ####################     %%%%%%%%%%%%%%%%%%%%%%
                #####################     %%%%%%%%%%%%%%%%%%%%%
                ######################     %%%%%%%%%%%%%%%%%%%%
                #######################     %%%%%%%%%%%%%%%%%%
                 #######################     %%%%%%%%%%%%%%%%%
                 ######################     %%%%%%%%%%%%%%%%%
                  ####################     %%%%%%%%%%%%%%%%%
                    #################     %%%%%%%%%%%%%%%%%
                     ###############     %%%%%%%%%%%%%%%%
                       ############     %%%%%%%%%%%%%%%
                          ########     %%%%%%%%%%%%%%
                                      %%%%%%%%%%%

                 | The OpenMC Monte Carlo Code
       Copyright | 2011-2022 MIT, UChicago Argonne LLC, and contributors
         License | https://docs.openmc.org/en/latest/license.html
         Version | 0.13.1-dev
        Git SHA1 | 91638baeecec220b1ab5df59adf71714daf2cba4
       Date/Time | 2022-09-07 10:55:00
   MPI Processes | 4
  OpenMP Threads | 18

 Reading settings XML file...
 Reading cross sections XML file...
 Reading materials XML file...
 Reading geometry XML file...
 Reading U236 from
 /home/oyardas/2023-openmc-depletion-data/hours3/../../cross-section-libraries/en
 dfb71_hdf5/U236.h5
 Reading O16 from
 /home/oyardas/2023-openmc-depletion-data/hours3/../../cross-section-libraries/en
 dfb71_hdf5/O16.h5
 Reading O17 from
 /home/oyardas/2023-openmc-depletion-data/hours3/../../cross-section-libraries/en
 dfb71_hdf5/O17.h5
 Reading Cs135 from
 /home/oyardas/2023-openmc-depletion-data/hours3/../../cross-section-libraries/en
 dfb71_hdf5/Cs135.h5
 Reading Gd156 from
 /home/oyardas/2023-openmc-depletion-data/hours3/../../cross-section-libraries/en
 dfb71_hdf5/Gd156.h5
 Reading Gd157 from
 /home/oyardas/2023-openmc-depletion-data/hours3/../../cross-section-libraries/en
 dfb71_hdf5/Gd157.h5
 Reading I135 from
 /home/oyardas/2023-openmc-depletion-data/hours3/../../cross-section-libraries/en
 dfb71_hdf5/I135.h5
 Reading U234 from
 /home/oyardas/2023-openmc-depletion-data/hours3/../../cross-section-libraries/en
 dfb71_hdf5/U234.h5
 Reading U235 from
 /home/oyardas/2023-openmc-depletion-data/hours3/../../cross-section-libraries/en
 dfb71_hdf5/U235.h5
 Reading U238 from
 /home/oyardas/2023-openmc-depletion-data/hours3/../../cross-section-libraries/en
 dfb71_hdf5/U238.h5
 Reading Xe135 from
 /home/oyardas/2023-openmc-depletion-data/hours3/../../cross-section-libraries/en
 dfb71_hdf5/Xe135.h5
 Reading Xe136 from
 /home/oyardas/2023-openmc-depletion-data/hours3/../../cross-section-libraries/en
 dfb71_hdf5/Xe136.h5
 Reading Zr90 from
 /home/oyardas/2023-openmc-depletion-data/hours3/../../cross-section-libraries/en
 dfb71_hdf5/Zr90.h5
 Reading Zr91 from
 /home/oyardas/2023-openmc-depletion-data/hours3/../../cross-section-libraries/en
 dfb71_hdf5/Zr91.h5
 Reading Zr92 from
 /home/oyardas/2023-openmc-depletion-data/hours3/../../cross-section-libraries/en
 dfb71_hdf5/Zr92.h5
 Reading Zr94 from
 /home/oyardas/2023-openmc-depletion-data/hours3/../../cross-section-libraries/en
 dfb71_hdf5/Zr94.h5
 Reading Zr96 from
 /home/oyardas/2023-openmc-depletion-data/hours3/../../cross-section-libraries/en
 dfb71_hdf5/Zr96.h5
 Reading H1 from
 /home/oyardas/2023-openmc-depletion-data/hours3/../../cross-section-libraries/en
 dfb71_hdf5/H1.h5
 Reading H2 from
 /home/oyardas/2023-openmc-depletion-data/hours3/../../cross-section-libraries/en
 dfb71_hdf5/H2.h5
 Reading c_H_in_H2O from
 /home/oyardas/2023-openmc-depletion-data/hours3/../../cross-section-libraries/en
 dfb71_hdf5/c_H_in_H2O.h5
 Minimum neutron data temperature: 294 K
 Maximum neutron data temperature: 294 K
 Reading tallies XML file...
 Preparing distributed cell instances...
 Reading plot XML file...
 Writing summary.h5 file...
 Maximum neutron transport energy: 20000000 eV for O17
 Initializing source particles...

 ====================>     K EIGENVALUE SIMULATION     <====================

  Bat./Gen.      k            Average k
  =========   ========   ====================
        1/1    1.42917
        2/1    1.51241
        3/1    1.46842
        4/1    1.40151
        5/1    1.45529
        6/1    1.52674
        7/1    1.41808
        8/1    1.35921
        9/1    1.48489
       10/1    1.43180
       11/1    1.41182
       12/1    1.36957    1.39070 +/- 0.02113
       13/1    1.53568    1.43902 +/- 0.04984
       14/1    1.39957    1.42916 +/- 0.03660
       15/1    1.40799    1.42492 +/- 0.02866
       16/1    1.49763    1.43704 +/- 0.02635
       17/1    1.51996    1.44889 +/- 0.02523
       18/1    1.48700    1.45365 +/- 0.02236
       19/1    1.42617    1.45060 +/- 0.01996
       20/1    1.56115    1.46165 +/- 0.02099
       21/1    1.51867    1.46684 +/- 0.01969
       22/1    1.40232    1.46146 +/- 0.01876
       23/1    1.38652    1.45570 +/- 0.01819
       24/1    1.43666    1.45434 +/- 0.01690
       25/1    1.30570    1.44443 +/- 0.01859
       26/1    1.42311    1.44310 +/- 0.01744
       27/1    1.44156    1.44300 +/- 0.01638
       28/1    1.36025    1.43841 +/- 0.01612
       29/1    1.47639    1.44041 +/- 0.01537
       30/1    1.41180    1.43898 +/- 0.01466
       31/1    1.38190    1.43626 +/- 0.01420
       32/1    1.44074    1.43646 +/- 0.01354
       33/1    1.41103    1.43536 +/- 0.01299
       34/1    1.45003    1.43597 +/- 0.01245
       35/1    1.49198    1.43821 +/- 0.01215
       36/1    1.39722    1.43663 +/- 0.01178
       37/1    1.50116    1.43902 +/- 0.01158
       38/1    1.47321    1.44024 +/- 0.01123
       39/1    1.56748    1.44463 +/- 0.01169
       40/1    1.44065    1.44450 +/- 0.01129
       41/1    1.46493    1.44516 +/- 0.01094
       42/1    1.47179    1.44599 +/- 0.01063
       43/1    1.45718    1.44633 +/- 0.01031
       44/1    1.48814    1.44756 +/- 0.01007
       45/1    1.47547    1.44836 +/- 0.00982
       46/1    1.50734    1.44999 +/- 0.00968
       47/1    1.43658    1.44963 +/- 0.00942
       48/1    1.45206    1.44970 +/- 0.00917
       49/1    1.39677    1.44834 +/- 0.00903
       50/1    1.44338    1.44821 +/- 0.00881
 Creating state point statepoint.50.h5...

 =======================>     TIMING STATISTICS     <=======================

 Total time for initialization     = 2.9955e+00 seconds
   Reading cross sections          = 2.6304e+00 seconds
 Total time in simulation          = 1.8476e-01 seconds
   Time in transport only          = 1.2497e-01 seconds
   Time in inactive batches        = 2.4558e-02 seconds
   Time in active batches          = 1.6020e-01 seconds
   Time synchronizing fission bank = 2.1127e-02 seconds
     Sampling source sites         = 5.7840e-03 seconds
     SEND/RECV source sites        = 7.1468e-04 seconds
   Time accumulating tallies       = 3.6824e-03 seconds
   Time writing statepoints        = 2.5624e-02 seconds
 Total time for finalization       = 2.3106e-05 seconds
 Total time elapsed                = 3.1952e+00 seconds
 Calculation Rate (inactive)       = 407202 particles/second
 Calculation Rate (active)         = 249682 particles/second

 ============================>     RESULTS     <============================

 k-effective (Collision)     = 1.45943 +/- 0.00631
 k-effective (Track-length)  = 1.44821 +/- 0.00881
 k-effective (Absorption)    = 1.45738 +/- 0.00486
 Combined k-effective        = 1.45688 +/- 0.00458
 Leakage Fraction            = 0.00000 +/- 0.00000

[openmc.deplete] t=0.0 s, dt=14400 s, source=174
[openmc.deplete] t=14400.0 (final operator evaluation)
generating new microxs
/gpfs/fs1/home/oyardas/openmc/openmc/mixin.py:70: IDWarning: Another Filter instance already exists with id=1.
  warn(msg, IDWarning)
/gpfs/fs1/home/oyardas/openmc/openmc/mixin.py:70: IDWarning: Another Filter instance already exists with id=2.
  warn(msg, IDWarning)
                                %%%%%%%%%%%%%%%
                           %%%%%%%%%%%%%%%%%%%%%%%%
                        %%%%%%%%%%%%%%%%%%%%%%%%%%%%%%
                      %%%%%%%%%%%%%%%%%%%%%%%%%%%%%%%%%%
                    %%%%%%%%%%%%%%%%%%%%%%%%%%%%%%%%%%%%%%
                   %%%%%%%%%%%%%%%%%%%%%%%%%%%%%%%%%%%%%%%%
                                    %%%%%%%%%%%%%%%%%%%%%%%%
                                     %%%%%%%%%%%%%%%%%%%%%%%%
                 ###############      %%%%%%%%%%%%%%%%%%%%%%%%
                ##################     %%%%%%%%%%%%%%%%%%%%%%%
                ###################     %%%%%%%%%%%%%%%%%%%%%%%
                ####################     %%%%%%%%%%%%%%%%%%%%%%
                #####################     %%%%%%%%%%%%%%%%%%%%%
                ######################     %%%%%%%%%%%%%%%%%%%%
                #######################     %%%%%%%%%%%%%%%%%%
                 #######################     %%%%%%%%%%%%%%%%%
                 ######################     %%%%%%%%%%%%%%%%%
                  ####################     %%%%%%%%%%%%%%%%%
                    #################     %%%%%%%%%%%%%%%%%
                     ###############     %%%%%%%%%%%%%%%%
                       ############     %%%%%%%%%%%%%%%
                          ########     %%%%%%%%%%%%%%
                                      %%%%%%%%%%%

                 | The OpenMC Monte Carlo Code
       Copyright | 2011-2022 MIT, UChicago Argonne LLC, and contributors
         License | https://docs.openmc.org/en/latest/license.html
         Version | 0.13.1-dev
        Git SHA1 | 91638baeecec220b1ab5df59adf71714daf2cba4
       Date/Time | 2022-09-07 10:55:04
   MPI Processes | 4
  OpenMP Threads | 18

 Reading settings XML file...
 Reading cross sections XML file...
 Reading materials XML file...
 Reading geometry XML file...
 Reading U236 from
 /home/oyardas/2023-openmc-depletion-data/hours3/../../cross-section-libraries/en
 dfb71_hdf5/U236.h5
 Reading O16 from
 /home/oyardas/2023-openmc-depletion-data/hours3/../../cross-section-libraries/en
 dfb71_hdf5/O16.h5
 Reading O17 from
 /home/oyardas/2023-openmc-depletion-data/hours3/../../cross-section-libraries/en
 dfb71_hdf5/O17.h5
 Reading Cs135 from
 /home/oyardas/2023-openmc-depletion-data/hours3/../../cross-section-libraries/en
 dfb71_hdf5/Cs135.h5
 Reading Gd156 from
 /home/oyardas/2023-openmc-depletion-data/hours3/../../cross-section-libraries/en
 dfb71_hdf5/Gd156.h5
 Reading Gd157 from
 /home/oyardas/2023-openmc-depletion-data/hours3/../../cross-section-libraries/en
 dfb71_hdf5/Gd157.h5
 Reading I135 from
 /home/oyardas/2023-openmc-depletion-data/hours3/../../cross-section-libraries/en
 dfb71_hdf5/I135.h5
 Reading U234 from
 /home/oyardas/2023-openmc-depletion-data/hours3/../../cross-section-libraries/en
 dfb71_hdf5/U234.h5
 Reading U235 from
 /home/oyardas/2023-openmc-depletion-data/hours3/../../cross-section-libraries/en
 dfb71_hdf5/U235.h5
 Reading U238 from
 /home/oyardas/2023-openmc-depletion-data/hours3/../../cross-section-libraries/en
 dfb71_hdf5/U238.h5
 Reading Xe135 from
 /home/oyardas/2023-openmc-depletion-data/hours3/../../cross-section-libraries/en
 dfb71_hdf5/Xe135.h5
 Reading Xe136 from
 /home/oyardas/2023-openmc-depletion-data/hours3/../../cross-section-libraries/en
 dfb71_hdf5/Xe136.h5
 Reading Zr90 from
 /home/oyardas/2023-openmc-depletion-data/hours3/../../cross-section-libraries/en
 dfb71_hdf5/Zr90.h5
 Reading Zr91 from
 /home/oyardas/2023-openmc-depletion-data/hours3/../../cross-section-libraries/en
 dfb71_hdf5/Zr91.h5
 Reading Zr92 from
 /home/oyardas/2023-openmc-depletion-data/hours3/../../cross-section-libraries/en
 dfb71_hdf5/Zr92.h5
 Reading Zr94 from
 /home/oyardas/2023-openmc-depletion-data/hours3/../../cross-section-libraries/en
 dfb71_hdf5/Zr94.h5
 Reading Zr96 from
 /home/oyardas/2023-openmc-depletion-data/hours3/../../cross-section-libraries/en
 dfb71_hdf5/Zr96.h5
 Reading H1 from
 /home/oyardas/2023-openmc-depletion-data/hours3/../../cross-section-libraries/en
 dfb71_hdf5/H1.h5
 Reading H2 from
 /home/oyardas/2023-openmc-depletion-data/hours3/../../cross-section-libraries/en
 dfb71_hdf5/H2.h5
 Reading c_H_in_H2O from
 /home/oyardas/2023-openmc-depletion-data/hours3/../../cross-section-libraries/en
 dfb71_hdf5/c_H_in_H2O.h5
 Minimum neutron data temperature: 294 K
 Maximum neutron data temperature: 294 K
 Reading tallies XML file...
 Preparing distributed cell instances...
 Reading plot XML file...
 Writing summary.h5 file...
 Maximum neutron transport energy: 20000000 eV for O17
 Initializing source particles...

 ====================>     K EIGENVALUE SIMULATION     <====================

  Bat./Gen.      k            Average k
  =========   ========   ====================
        1/1    1.41111
        2/1    1.36229
        3/1    1.48989
        4/1    1.41246
        5/1    1.39671
        6/1    1.44785
        7/1    1.42218
        8/1    1.46523
        9/1    1.37545
       10/1    1.50274
       11/1    1.53293
       12/1    1.43286    1.48289 +/- 0.05003
       13/1    1.38856    1.45145 +/- 0.04270
       14/1    1.41092    1.44132 +/- 0.03185
       15/1    1.41160    1.43537 +/- 0.02537
       16/1    1.59501    1.46198 +/- 0.03372
       17/1    1.51148    1.46905 +/- 0.02936
       18/1    1.42640    1.46372 +/- 0.02598
       19/1    1.43710    1.46076 +/- 0.02310
       20/1    1.46675    1.46136 +/- 0.02067
       21/1    1.36801    1.45288 +/- 0.02054
       22/1    1.47414    1.45465 +/- 0.01883
       23/1    1.43479    1.45312 +/- 0.01739
       24/1    1.42125    1.45084 +/- 0.01626
       25/1    1.40612    1.44786 +/- 0.01543
       26/1    1.39362    1.44447 +/- 0.01482
       27/1    1.42196    1.44315 +/- 0.01399
       28/1    1.43034    1.44244 +/- 0.01321
       29/1    1.39448    1.43991 +/- 0.01274
       30/1    1.47010    1.44142 +/- 0.01218
       31/1    1.38114    1.43855 +/- 0.01194
       32/1    1.41957    1.43769 +/- 0.01142
       33/1    1.48227    1.43963 +/- 0.01108
       34/1    1.58160    1.44554 +/- 0.01215
       35/1    1.44709    1.44560 +/- 0.01165
       36/1    1.45314    1.44589 +/- 0.01120
       37/1    1.35812    1.44264 +/- 0.01125
       38/1    1.49114    1.44437 +/- 0.01098
       39/1    1.43599    1.44409 +/- 0.01060
       40/1    1.43781    1.44388 +/- 0.01024
       41/1    1.41602    1.44298 +/- 0.00995
       42/1    1.58497    1.44742 +/- 0.01061
       43/1    1.43611    1.44707 +/- 0.01028
       44/1    1.41952    1.44626 +/- 0.01001
       45/1    1.55592    1.44940 +/- 0.01021
       46/1    1.55384    1.45230 +/- 0.01034
       47/1    1.46052    1.45252 +/- 0.01006
       48/1    1.38246    1.45068 +/- 0.00996
       49/1    1.46874    1.45114 +/- 0.00972
       50/1    1.34878    1.44858 +/- 0.00981
 Creating state point statepoint.50.h5...

 =======================>     TIMING STATISTICS     <=======================

 Total time for initialization     = 2.1058e+00 seconds
   Reading cross sections          = 2.0714e+00 seconds
 Total time in simulation          = 1.8338e-01 seconds
   Time in transport only          = 1.2756e-01 seconds
   Time in inactive batches        = 2.4550e-02 seconds
   Time in active batches          = 1.5883e-01 seconds
   Time synchronizing fission bank = 1.9258e-02 seconds
     Sampling source sites         = 7.5054e-03 seconds
     SEND/RECV source sites        = 4.8872e-04 seconds
   Time accumulating tallies       = 3.5159e-03 seconds
   Time writing statepoints        = 2.3713e-02 seconds
 Total time for finalization       = 2.2702e-05 seconds
 Total time elapsed                = 2.3041e+00 seconds
 Calculation Rate (inactive)       = 407326 particles/second
 Calculation Rate (active)         = 251845 particles/second

 ============================>     RESULTS     <============================

 k-effective (Collision)     = 1.44788 +/- 0.00812
 k-effective (Track-length)  = 1.44858 +/- 0.00981
 k-effective (Absorption)    = 1.46273 +/- 0.00419
 Combined k-effective        = 1.46120 +/- 0.00425
 Leakage Fraction            = 0.00000 +/- 0.00000

[openmc.deplete] t=0.0 s, dt=14400 s, source=174
[openmc.deplete] t=14400.0 (final operator evaluation)
generating new microxs
/gpfs/fs1/home/oyardas/openmc/openmc/mixin.py:70: IDWarning: Another Filter instance already exists with id=1.
  warn(msg, IDWarning)
/gpfs/fs1/home/oyardas/openmc/openmc/mixin.py:70: IDWarning: Another Filter instance already exists with id=2.
  warn(msg, IDWarning)
                                %%%%%%%%%%%%%%%
                           %%%%%%%%%%%%%%%%%%%%%%%%
                        %%%%%%%%%%%%%%%%%%%%%%%%%%%%%%
                      %%%%%%%%%%%%%%%%%%%%%%%%%%%%%%%%%%
                    %%%%%%%%%%%%%%%%%%%%%%%%%%%%%%%%%%%%%%
                   %%%%%%%%%%%%%%%%%%%%%%%%%%%%%%%%%%%%%%%%
                                    %%%%%%%%%%%%%%%%%%%%%%%%
                                     %%%%%%%%%%%%%%%%%%%%%%%%
                 ###############      %%%%%%%%%%%%%%%%%%%%%%%%
                ##################     %%%%%%%%%%%%%%%%%%%%%%%
                ###################     %%%%%%%%%%%%%%%%%%%%%%%
                ####################     %%%%%%%%%%%%%%%%%%%%%%
                #####################     %%%%%%%%%%%%%%%%%%%%%
                ######################     %%%%%%%%%%%%%%%%%%%%
                #######################     %%%%%%%%%%%%%%%%%%
                 #######################     %%%%%%%%%%%%%%%%%
                 ######################     %%%%%%%%%%%%%%%%%
                  ####################     %%%%%%%%%%%%%%%%%
                    #################     %%%%%%%%%%%%%%%%%
                     ###############     %%%%%%%%%%%%%%%%
                       ############     %%%%%%%%%%%%%%%
                          ########     %%%%%%%%%%%%%%
                                      %%%%%%%%%%%

                 | The OpenMC Monte Carlo Code
       Copyright | 2011-2022 MIT, UChicago Argonne LLC, and contributors
         License | https://docs.openmc.org/en/latest/license.html
         Version | 0.13.1-dev
        Git SHA1 | 91638baeecec220b1ab5df59adf71714daf2cba4
       Date/Time | 2022-09-07 10:55:08
   MPI Processes | 4
  OpenMP Threads | 18

 Reading settings XML file...
 Reading cross sections XML file...
 Reading materials XML file...
 Reading geometry XML file...
 Reading U236 from
 /home/oyardas/2023-openmc-depletion-data/hours3/../../cross-section-libraries/en
 dfb71_hdf5/U236.h5
 Reading O16 from
 /home/oyardas/2023-openmc-depletion-data/hours3/../../cross-section-libraries/en
 dfb71_hdf5/O16.h5
 Reading O17 from
 /home/oyardas/2023-openmc-depletion-data/hours3/../../cross-section-libraries/en
 dfb71_hdf5/O17.h5
 Reading Cs135 from
 /home/oyardas/2023-openmc-depletion-data/hours3/../../cross-section-libraries/en
 dfb71_hdf5/Cs135.h5
 Reading Gd156 from
 /home/oyardas/2023-openmc-depletion-data/hours3/../../cross-section-libraries/en
 dfb71_hdf5/Gd156.h5
 Reading Gd157 from
 /home/oyardas/2023-openmc-depletion-data/hours3/../../cross-section-libraries/en
 dfb71_hdf5/Gd157.h5
 Reading I135 from
 /home/oyardas/2023-openmc-depletion-data/hours3/../../cross-section-libraries/en
 dfb71_hdf5/I135.h5
 Reading U234 from
 /home/oyardas/2023-openmc-depletion-data/hours3/../../cross-section-libraries/en
 dfb71_hdf5/U234.h5
 Reading U235 from
 /home/oyardas/2023-openmc-depletion-data/hours3/../../cross-section-libraries/en
 dfb71_hdf5/U235.h5
 Reading U238 from
 /home/oyardas/2023-openmc-depletion-data/hours3/../../cross-section-libraries/en
 dfb71_hdf5/U238.h5
 Reading Xe135 from
 /home/oyardas/2023-openmc-depletion-data/hours3/../../cross-section-libraries/en
 dfb71_hdf5/Xe135.h5
 Reading Xe136 from
 /home/oyardas/2023-openmc-depletion-data/hours3/../../cross-section-libraries/en
 dfb71_hdf5/Xe136.h5
 Reading Zr90 from
 /home/oyardas/2023-openmc-depletion-data/hours3/../../cross-section-libraries/en
 dfb71_hdf5/Zr90.h5
 Reading Zr91 from
 /home/oyardas/2023-openmc-depletion-data/hours3/../../cross-section-libraries/en
 dfb71_hdf5/Zr91.h5
 Reading Zr92 from
 /home/oyardas/2023-openmc-depletion-data/hours3/../../cross-section-libraries/en
 dfb71_hdf5/Zr92.h5
 Reading Zr94 from
 /home/oyardas/2023-openmc-depletion-data/hours3/../../cross-section-libraries/en
 dfb71_hdf5/Zr94.h5
 Reading Zr96 from
 /home/oyardas/2023-openmc-depletion-data/hours3/../../cross-section-libraries/en
 dfb71_hdf5/Zr96.h5
 Reading H1 from
 /home/oyardas/2023-openmc-depletion-data/hours3/../../cross-section-libraries/en
 dfb71_hdf5/H1.h5
 Reading H2 from
 /home/oyardas/2023-openmc-depletion-data/hours3/../../cross-section-libraries/en
 dfb71_hdf5/H2.h5
 Reading c_H_in_H2O from
 /home/oyardas/2023-openmc-depletion-data/hours3/../../cross-section-libraries/en
 dfb71_hdf5/c_H_in_H2O.h5
 Minimum neutron data temperature: 294 K
 Maximum neutron data temperature: 294 K
 Reading tallies XML file...
 Preparing distributed cell instances...
 Reading plot XML file...
 Writing summary.h5 file...
 Maximum neutron transport energy: 20000000 eV for O17
 Initializing source particles...

 ====================>     K EIGENVALUE SIMULATION     <====================

  Bat./Gen.      k            Average k
  =========   ========   ====================
        1/1    1.41713
        2/1    1.39180
        3/1    1.46795
        4/1    1.47016
        5/1    1.42104
        6/1    1.36205
        7/1    1.46784
        8/1    1.48913
        9/1    1.50995
       10/1    1.42189
       11/1    1.45898
       12/1    1.56663    1.51281 +/- 0.05383
       13/1    1.47421    1.49994 +/- 0.03363
       14/1    1.46637    1.49155 +/- 0.02522
       15/1    1.49947    1.49313 +/- 0.01960
       16/1    1.54302    1.50145 +/- 0.01803
       17/1    1.58890    1.51394 +/- 0.01971
       18/1    1.52259    1.51502 +/- 0.01710
       19/1    1.54958    1.51886 +/- 0.01556
       20/1    1.42565    1.50954 +/- 0.01675
       21/1    1.52382    1.51084 +/- 0.01521
       22/1    1.48548    1.50872 +/- 0.01404
       23/1    1.29039    1.49193 +/- 0.02119
       24/1    1.54853    1.49597 +/- 0.02003
       25/1    1.44554    1.49261 +/- 0.01895
       26/1    1.49251    1.49260 +/- 0.01772
       27/1    1.32139    1.48253 +/- 0.01946
       28/1    1.45813    1.48118 +/- 0.01839
       29/1    1.51362    1.48288 +/- 0.01748
       30/1    1.46840    1.48216 +/- 0.01660
       31/1    1.53036    1.48446 +/- 0.01596
       32/1    1.49594    1.48498 +/- 0.01522
       33/1    1.57052    1.48870 +/- 0.01501
       34/1    1.48844    1.48869 +/- 0.01438
       35/1    1.28232    1.48043 +/- 0.01607
       36/1    1.41896    1.47807 +/- 0.01562
       37/1    1.46362    1.47753 +/- 0.01504
       38/1    1.39071    1.47443 +/- 0.01482
       39/1    1.42219    1.47263 +/- 0.01441
       40/1    1.41910    1.47085 +/- 0.01404
       41/1    1.46840    1.47077 +/- 0.01358
       42/1    1.49340    1.47147 +/- 0.01317
       43/1    1.42877    1.47018 +/- 0.01283
       44/1    1.49087    1.47079 +/- 0.01246
       45/1    1.46769    1.47070 +/- 0.01210
       46/1    1.47074    1.47070 +/- 0.01176
       47/1    1.39454    1.46864 +/- 0.01162
       48/1    1.42502    1.46749 +/- 0.01137
       49/1    1.48198    1.46787 +/- 0.01108
       50/1    1.39220    1.46597 +/- 0.01096
 Creating state point statepoint.50.h5...

 =======================>     TIMING STATISTICS     <=======================

 Total time for initialization     = 2.0956e+00 seconds
   Reading cross sections          = 2.0583e+00 seconds
 Total time in simulation          = 2.2861e-01 seconds
   Time in transport only          = 1.2781e-01 seconds
   Time in inactive batches        = 6.7736e-02 seconds
   Time in active batches          = 1.6088e-01 seconds
   Time synchronizing fission bank = 6.2318e-02 seconds
     Sampling source sites         = 8.0697e-03 seconds
     SEND/RECV source sites        = 4.5584e-04 seconds
   Time accumulating tallies       = 3.0718e-03 seconds
   Time writing statepoints        = 2.5603e-02 seconds
 Total time for finalization       = 2.1319e-05 seconds
 Total time elapsed                = 2.3391e+00 seconds
 Calculation Rate (inactive)       = 147633 particles/second
 Calculation Rate (active)         = 248635 particles/second

 ============================>     RESULTS     <============================

 k-effective (Collision)     = 1.46282 +/- 0.00729
 k-effective (Track-length)  = 1.46597 +/- 0.01096
 k-effective (Absorption)    = 1.46347 +/- 0.00467
 Combined k-effective        = 1.46300 +/- 0.00441
 Leakage Fraction            = 0.00000 +/- 0.00000

[openmc.deplete] t=0.0 s, dt=14400 s, source=174
[openmc.deplete] t=14400.0 (final operator evaluation)
generating new microxs
/gpfs/fs1/home/oyardas/openmc/openmc/mixin.py:70: IDWarning: Another Filter instance already exists with id=1.
  warn(msg, IDWarning)
/gpfs/fs1/home/oyardas/openmc/openmc/mixin.py:70: IDWarning: Another Filter instance already exists with id=2.
  warn(msg, IDWarning)
                                %%%%%%%%%%%%%%%
                           %%%%%%%%%%%%%%%%%%%%%%%%
                        %%%%%%%%%%%%%%%%%%%%%%%%%%%%%%
                      %%%%%%%%%%%%%%%%%%%%%%%%%%%%%%%%%%
                    %%%%%%%%%%%%%%%%%%%%%%%%%%%%%%%%%%%%%%
                   %%%%%%%%%%%%%%%%%%%%%%%%%%%%%%%%%%%%%%%%
                                    %%%%%%%%%%%%%%%%%%%%%%%%
                                     %%%%%%%%%%%%%%%%%%%%%%%%
                 ###############      %%%%%%%%%%%%%%%%%%%%%%%%
                ##################     %%%%%%%%%%%%%%%%%%%%%%%
                ###################     %%%%%%%%%%%%%%%%%%%%%%%
                ####################     %%%%%%%%%%%%%%%%%%%%%%
                #####################     %%%%%%%%%%%%%%%%%%%%%
                ######################     %%%%%%%%%%%%%%%%%%%%
                #######################     %%%%%%%%%%%%%%%%%%
                 #######################     %%%%%%%%%%%%%%%%%
                 ######################     %%%%%%%%%%%%%%%%%
                  ####################     %%%%%%%%%%%%%%%%%
                    #################     %%%%%%%%%%%%%%%%%
                     ###############     %%%%%%%%%%%%%%%%
                       ############     %%%%%%%%%%%%%%%
                          ########     %%%%%%%%%%%%%%
                                      %%%%%%%%%%%

                 | The OpenMC Monte Carlo Code
       Copyright | 2011-2022 MIT, UChicago Argonne LLC, and contributors
         License | https://docs.openmc.org/en/latest/license.html
         Version | 0.13.1-dev
        Git SHA1 | 91638baeecec220b1ab5df59adf71714daf2cba4
       Date/Time | 2022-09-07 10:55:11
   MPI Processes | 4
  OpenMP Threads | 18

 Reading settings XML file...
 Reading cross sections XML file...
 Reading materials XML file...
 Reading geometry XML file...
 Reading U236 from
 /home/oyardas/2023-openmc-depletion-data/hours3/../../cross-section-libraries/en
 dfb71_hdf5/U236.h5
 Reading O16 from
 /home/oyardas/2023-openmc-depletion-data/hours3/../../cross-section-libraries/en
 dfb71_hdf5/O16.h5
 Reading O17 from
 /home/oyardas/2023-openmc-depletion-data/hours3/../../cross-section-libraries/en
 dfb71_hdf5/O17.h5
 Reading Cs135 from
 /home/oyardas/2023-openmc-depletion-data/hours3/../../cross-section-libraries/en
 dfb71_hdf5/Cs135.h5
 Reading Gd156 from
 /home/oyardas/2023-openmc-depletion-data/hours3/../../cross-section-libraries/en
 dfb71_hdf5/Gd156.h5
 Reading Gd157 from
 /home/oyardas/2023-openmc-depletion-data/hours3/../../cross-section-libraries/en
 dfb71_hdf5/Gd157.h5
 Reading I135 from
 /home/oyardas/2023-openmc-depletion-data/hours3/../../cross-section-libraries/en
 dfb71_hdf5/I135.h5
 Reading U234 from
 /home/oyardas/2023-openmc-depletion-data/hours3/../../cross-section-libraries/en
 dfb71_hdf5/U234.h5
 Reading U235 from
 /home/oyardas/2023-openmc-depletion-data/hours3/../../cross-section-libraries/en
 dfb71_hdf5/U235.h5
 Reading U238 from
 /home/oyardas/2023-openmc-depletion-data/hours3/../../cross-section-libraries/en
 dfb71_hdf5/U238.h5
 Reading Xe135 from
 /home/oyardas/2023-openmc-depletion-data/hours3/../../cross-section-libraries/en
 dfb71_hdf5/Xe135.h5
 Reading Xe136 from
 /home/oyardas/2023-openmc-depletion-data/hours3/../../cross-section-libraries/en
 dfb71_hdf5/Xe136.h5
 Reading Zr90 from
 /home/oyardas/2023-openmc-depletion-data/hours3/../../cross-section-libraries/en
 dfb71_hdf5/Zr90.h5
 Reading Zr91 from
 /home/oyardas/2023-openmc-depletion-data/hours3/../../cross-section-libraries/en
 dfb71_hdf5/Zr91.h5
 Reading Zr92 from
 /home/oyardas/2023-openmc-depletion-data/hours3/../../cross-section-libraries/en
 dfb71_hdf5/Zr92.h5
 Reading Zr94 from
 /home/oyardas/2023-openmc-depletion-data/hours3/../../cross-section-libraries/en
 dfb71_hdf5/Zr94.h5
 Reading Zr96 from
 /home/oyardas/2023-openmc-depletion-data/hours3/../../cross-section-libraries/en
 dfb71_hdf5/Zr96.h5
 Reading H1 from
 /home/oyardas/2023-openmc-depletion-data/hours3/../../cross-section-libraries/en
 dfb71_hdf5/H1.h5
 Reading H2 from
 /home/oyardas/2023-openmc-depletion-data/hours3/../../cross-section-libraries/en
 dfb71_hdf5/H2.h5
 Reading c_H_in_H2O from
 /home/oyardas/2023-openmc-depletion-data/hours3/../../cross-section-libraries/en
 dfb71_hdf5/c_H_in_H2O.h5
 Minimum neutron data temperature: 294 K
 Maximum neutron data temperature: 294 K
 Reading tallies XML file...
 Preparing distributed cell instances...
 Reading plot XML file...
 Writing summary.h5 file...
 Maximum neutron transport energy: 20000000 eV for O17
 Initializing source particles...

 ====================>     K EIGENVALUE SIMULATION     <====================

  Bat./Gen.      k            Average k
  =========   ========   ====================
        1/1    1.41000
        2/1    1.41503
        3/1    1.46227
        4/1    1.45357
        5/1    1.37481
        6/1    1.56285
        7/1    1.44952
        8/1    1.46424
        9/1    1.45737
       10/1    1.39224
       11/1    1.43561
       12/1    1.51333    1.47447 +/- 0.03886
       13/1    1.39788    1.44894 +/- 0.03399
       14/1    1.42478    1.44290 +/- 0.02478
       15/1    1.35622    1.42556 +/- 0.02586
       16/1    1.49834    1.43769 +/- 0.02435
       17/1    1.40025    1.43234 +/- 0.02127
       18/1    1.46770    1.43676 +/- 0.01894
       19/1    1.39796    1.43245 +/- 0.01725
       20/1    1.45919    1.43513 +/- 0.01566
       21/1    1.38821    1.43086 +/- 0.01479
       22/1    1.46405    1.43363 +/- 0.01378
       23/1    1.51814    1.44013 +/- 0.01425
       24/1    1.43087    1.43947 +/- 0.01321
       25/1    1.41959    1.43814 +/- 0.01237
       26/1    1.42012    1.43702 +/- 0.01162
       27/1    1.45572    1.43812 +/- 0.01097
       28/1    1.47996    1.44044 +/- 0.01060
       29/1    1.42272    1.43951 +/- 0.01007
       30/1    1.36257    1.43566 +/- 0.01030
       31/1    1.50426    1.43893 +/- 0.01033
       32/1    1.38718    1.43658 +/- 0.01013
       33/1    1.43982    1.43672 +/- 0.00968
       34/1    1.42932    1.43641 +/- 0.00927
       35/1    1.51638    1.43961 +/- 0.00945
       36/1    1.47748    1.44106 +/- 0.00919
       37/1    1.40258    1.43964 +/- 0.00896
       38/1    1.46098    1.44040 +/- 0.00867
       39/1    1.40695    1.43925 +/- 0.00844
       40/1    1.40951    1.43826 +/- 0.00822
       41/1    1.47971    1.43959 +/- 0.00806
       42/1    1.48414    1.44099 +/- 0.00793
       43/1    1.38349    1.43924 +/- 0.00788
       44/1    1.51065    1.44134 +/- 0.00793
       45/1    1.40633    1.44034 +/- 0.00776
       46/1    1.46455    1.44102 +/- 0.00757
       47/1    1.55306    1.44404 +/- 0.00796
       48/1    1.47846    1.44495 +/- 0.00780
       49/1    1.43346    1.44465 +/- 0.00761
       50/1    1.43614    1.44444 +/- 0.00742
 Creating state point statepoint.50.h5...

 =======================>     TIMING STATISTICS     <=======================

 Total time for initialization     = 2.1163e+00 seconds
   Reading cross sections          = 2.0800e+00 seconds
 Total time in simulation          = 1.8539e-01 seconds
   Time in transport only          = 1.2634e-01 seconds
   Time in inactive batches        = 2.5040e-02 seconds
   Time in active batches          = 1.6035e-01 seconds
   Time synchronizing fission bank = 2.0501e-02 seconds
     Sampling source sites         = 7.1805e-03 seconds
     SEND/RECV source sites        = 7.2583e-04 seconds
   Time accumulating tallies       = 3.0412e-03 seconds
   Time writing statepoints        = 2.4658e-02 seconds
 Total time for finalization       = 2.5705e-05 seconds
 Total time elapsed                = 2.3168e+00 seconds
 Calculation Rate (inactive)       = 399364 particles/second
 Calculation Rate (active)         = 249461 particles/second

 ============================>     RESULTS     <============================

 k-effective (Collision)     = 1.44940 +/- 0.00482
 k-effective (Track-length)  = 1.44444 +/- 0.00742
 k-effective (Absorption)    = 1.45135 +/- 0.00393
 Combined k-effective        = 1.45038 +/- 0.00383
 Leakage Fraction            = 0.00000 +/- 0.00000

[openmc.deplete] t=0.0 s, dt=14400 s, source=174
[openmc.deplete] t=14400.0 (final operator evaluation)
generating new microxs
/gpfs/fs1/home/oyardas/openmc/openmc/mixin.py:70: IDWarning: Another Filter instance already exists with id=1.
  warn(msg, IDWarning)
/gpfs/fs1/home/oyardas/openmc/openmc/mixin.py:70: IDWarning: Another Filter instance already exists with id=2.
  warn(msg, IDWarning)
                                %%%%%%%%%%%%%%%
                           %%%%%%%%%%%%%%%%%%%%%%%%
                        %%%%%%%%%%%%%%%%%%%%%%%%%%%%%%
                      %%%%%%%%%%%%%%%%%%%%%%%%%%%%%%%%%%
                    %%%%%%%%%%%%%%%%%%%%%%%%%%%%%%%%%%%%%%
                   %%%%%%%%%%%%%%%%%%%%%%%%%%%%%%%%%%%%%%%%
                                    %%%%%%%%%%%%%%%%%%%%%%%%
                                     %%%%%%%%%%%%%%%%%%%%%%%%
                 ###############      %%%%%%%%%%%%%%%%%%%%%%%%
                ##################     %%%%%%%%%%%%%%%%%%%%%%%
                ###################     %%%%%%%%%%%%%%%%%%%%%%%
                ####################     %%%%%%%%%%%%%%%%%%%%%%
                #####################     %%%%%%%%%%%%%%%%%%%%%
                ######################     %%%%%%%%%%%%%%%%%%%%
                #######################     %%%%%%%%%%%%%%%%%%
                 #######################     %%%%%%%%%%%%%%%%%
                 ######################     %%%%%%%%%%%%%%%%%
                  ####################     %%%%%%%%%%%%%%%%%
                    #################     %%%%%%%%%%%%%%%%%
                     ###############     %%%%%%%%%%%%%%%%
                       ############     %%%%%%%%%%%%%%%
                          ########     %%%%%%%%%%%%%%
                                      %%%%%%%%%%%

                 | The OpenMC Monte Carlo Code
       Copyright | 2011-2022 MIT, UChicago Argonne LLC, and contributors
         License | https://docs.openmc.org/en/latest/license.html
         Version | 0.13.1-dev
        Git SHA1 | 91638baeecec220b1ab5df59adf71714daf2cba4
       Date/Time | 2022-09-07 10:55:15
   MPI Processes | 4
  OpenMP Threads | 18

 Reading settings XML file...
 Reading cross sections XML file...
 Reading materials XML file...
 Reading geometry XML file...
 Reading U236 from
 /home/oyardas/2023-openmc-depletion-data/hours3/../../cross-section-libraries/en
 dfb71_hdf5/U236.h5
 Reading O16 from
 /home/oyardas/2023-openmc-depletion-data/hours3/../../cross-section-libraries/en
 dfb71_hdf5/O16.h5
 Reading O17 from
 /home/oyardas/2023-openmc-depletion-data/hours3/../../cross-section-libraries/en
 dfb71_hdf5/O17.h5
 Reading Cs135 from
 /home/oyardas/2023-openmc-depletion-data/hours3/../../cross-section-libraries/en
 dfb71_hdf5/Cs135.h5
 Reading Gd156 from
 /home/oyardas/2023-openmc-depletion-data/hours3/../../cross-section-libraries/en
 dfb71_hdf5/Gd156.h5
 Reading Gd157 from
 /home/oyardas/2023-openmc-depletion-data/hours3/../../cross-section-libraries/en
 dfb71_hdf5/Gd157.h5
 Reading I135 from
 /home/oyardas/2023-openmc-depletion-data/hours3/../../cross-section-libraries/en
 dfb71_hdf5/I135.h5
 Reading U234 from
 /home/oyardas/2023-openmc-depletion-data/hours3/../../cross-section-libraries/en
 dfb71_hdf5/U234.h5
 Reading U235 from
 /home/oyardas/2023-openmc-depletion-data/hours3/../../cross-section-libraries/en
 dfb71_hdf5/U235.h5
 Reading U238 from
 /home/oyardas/2023-openmc-depletion-data/hours3/../../cross-section-libraries/en
 dfb71_hdf5/U238.h5
 Reading Xe135 from
 /home/oyardas/2023-openmc-depletion-data/hours3/../../cross-section-libraries/en
 dfb71_hdf5/Xe135.h5
 Reading Xe136 from
 /home/oyardas/2023-openmc-depletion-data/hours3/../../cross-section-libraries/en
 dfb71_hdf5/Xe136.h5
 Reading Zr90 from
 /home/oyardas/2023-openmc-depletion-data/hours3/../../cross-section-libraries/en
 dfb71_hdf5/Zr90.h5
 Reading Zr91 from
 /home/oyardas/2023-openmc-depletion-data/hours3/../../cross-section-libraries/en
 dfb71_hdf5/Zr91.h5
 Reading Zr92 from
 /home/oyardas/2023-openmc-depletion-data/hours3/../../cross-section-libraries/en
 dfb71_hdf5/Zr92.h5
 Reading Zr94 from
 /home/oyardas/2023-openmc-depletion-data/hours3/../../cross-section-libraries/en
 dfb71_hdf5/Zr94.h5
 Reading Zr96 from
 /home/oyardas/2023-openmc-depletion-data/hours3/../../cross-section-libraries/en
 dfb71_hdf5/Zr96.h5
 Reading H1 from
 /home/oyardas/2023-openmc-depletion-data/hours3/../../cross-section-libraries/en
 dfb71_hdf5/H1.h5
 Reading H2 from
 /home/oyardas/2023-openmc-depletion-data/hours3/../../cross-section-libraries/en
 dfb71_hdf5/H2.h5
 Reading c_H_in_H2O from
 /home/oyardas/2023-openmc-depletion-data/hours3/../../cross-section-libraries/en
 dfb71_hdf5/c_H_in_H2O.h5
 Minimum neutron data temperature: 294 K
 Maximum neutron data temperature: 294 K
 Reading tallies XML file...
 Preparing distributed cell instances...
 Reading plot XML file...
 Writing summary.h5 file...
 Maximum neutron transport energy: 20000000 eV for O17
 Initializing source particles...

 ====================>     K EIGENVALUE SIMULATION     <====================

  Bat./Gen.      k            Average k
  =========   ========   ====================
        1/1    1.39810
        2/1    1.52569
        3/1    1.40259
        4/1    1.46692
        5/1    1.46506
        6/1    1.42109
        7/1    1.45796
        8/1    1.43020
        9/1    1.47145
       10/1    1.46194
       11/1    1.53028
       12/1    1.46431    1.49729 +/- 0.03299
       13/1    1.39206    1.46222 +/- 0.03991
       14/1    1.48463    1.46782 +/- 0.02877
       15/1    1.40902    1.45606 +/- 0.02520
       16/1    1.50462    1.46415 +/- 0.02211
       17/1    1.35176    1.44810 +/- 0.02464
       18/1    1.52615    1.45785 +/- 0.02346
       19/1    1.47272    1.45951 +/- 0.02076
       20/1    1.47976    1.46153 +/- 0.01868
       21/1    1.41035    1.45688 +/- 0.01752
       22/1    1.46307    1.45739 +/- 0.01600
       23/1    1.55655    1.46502 +/- 0.01658
       24/1    1.36158    1.45763 +/- 0.01704
       25/1    1.32177    1.44857 +/- 0.01826
       26/1    1.40890    1.44609 +/- 0.01726
       27/1    1.43913    1.44569 +/- 0.01622
       28/1    1.46197    1.44659 +/- 0.01532
       29/1    1.50206    1.44951 +/- 0.01478
       30/1    1.45634    1.44985 +/- 0.01403
       31/1    1.42497    1.44867 +/- 0.01340
       32/1    1.47297    1.44977 +/- 0.01282
       33/1    1.44524    1.44957 +/- 0.01225
       34/1    1.45503    1.44980 +/- 0.01173
       35/1    1.43578    1.44924 +/- 0.01127
       36/1    1.31339    1.44402 +/- 0.01202
       37/1    1.45369    1.44437 +/- 0.01157
       38/1    1.48560    1.44585 +/- 0.01125
       39/1    1.38621    1.44379 +/- 0.01105
       40/1    1.43389    1.44346 +/- 0.01068
       41/1    1.54814    1.44684 +/- 0.01086
       42/1    1.46245    1.44732 +/- 0.01053
       43/1    1.48951    1.44860 +/- 0.01029
       44/1    1.36621    1.44618 +/- 0.01027
       45/1    1.45686    1.44648 +/- 0.00998
       46/1    1.53240    1.44887 +/- 0.00998
       47/1    1.44757    1.44884 +/- 0.00971
       48/1    1.49349    1.45001 +/- 0.00952
       49/1    1.56589    1.45298 +/- 0.00974
       50/1    1.41705    1.45208 +/- 0.00954
 Creating state point statepoint.50.h5...

 =======================>     TIMING STATISTICS     <=======================

 Total time for initialization     = 2.0328e+00 seconds
   Reading cross sections          = 1.9970e+00 seconds
 Total time in simulation          = 2.8938e-01 seconds
   Time in transport only          = 1.2603e-01 seconds
   Time in inactive batches        = 1.2859e-01 seconds
   Time in active batches          = 1.6079e-01 seconds
   Time synchronizing fission bank = 1.2645e-01 seconds
     Sampling source sites         = 8.8243e-03 seconds
     SEND/RECV source sites        = 5.5958e-04 seconds
   Time accumulating tallies       = 3.7748e-03 seconds
   Time writing statepoints        = 2.3532e-02 seconds
 Total time for finalization       = 2.2270e-05 seconds
 Total time elapsed                = 2.3371e+00 seconds
 Calculation Rate (inactive)       = 77766.1 particles/second
 Calculation Rate (active)         = 248775 particles/second

 ============================>     RESULTS     <============================

 k-effective (Collision)     = 1.44613 +/- 0.00722
 k-effective (Track-length)  = 1.45208 +/- 0.00954
 k-effective (Absorption)    = 1.44672 +/- 0.00516
 Combined k-effective        = 1.44559 +/- 0.00505
 Leakage Fraction            = 0.00000 +/- 0.00000

[openmc.deplete] t=0.0 s, dt=14400 s, source=174
[openmc.deplete] t=14400.0 (final operator evaluation)
generating new microxs
/gpfs/fs1/home/oyardas/openmc/openmc/mixin.py:70: IDWarning: Another Filter instance already exists with id=1.
  warn(msg, IDWarning)
/gpfs/fs1/home/oyardas/openmc/openmc/mixin.py:70: IDWarning: Another Filter instance already exists with id=2.
  warn(msg, IDWarning)
                                %%%%%%%%%%%%%%%
                           %%%%%%%%%%%%%%%%%%%%%%%%
                        %%%%%%%%%%%%%%%%%%%%%%%%%%%%%%
                      %%%%%%%%%%%%%%%%%%%%%%%%%%%%%%%%%%
                    %%%%%%%%%%%%%%%%%%%%%%%%%%%%%%%%%%%%%%
                   %%%%%%%%%%%%%%%%%%%%%%%%%%%%%%%%%%%%%%%%
                                    %%%%%%%%%%%%%%%%%%%%%%%%
                                     %%%%%%%%%%%%%%%%%%%%%%%%
                 ###############      %%%%%%%%%%%%%%%%%%%%%%%%
                ##################     %%%%%%%%%%%%%%%%%%%%%%%
                ###################     %%%%%%%%%%%%%%%%%%%%%%%
                ####################     %%%%%%%%%%%%%%%%%%%%%%
                #####################     %%%%%%%%%%%%%%%%%%%%%
                ######################     %%%%%%%%%%%%%%%%%%%%
                #######################     %%%%%%%%%%%%%%%%%%
                 #######################     %%%%%%%%%%%%%%%%%
                 ######################     %%%%%%%%%%%%%%%%%
                  ####################     %%%%%%%%%%%%%%%%%
                    #################     %%%%%%%%%%%%%%%%%
                     ###############     %%%%%%%%%%%%%%%%
                       ############     %%%%%%%%%%%%%%%
                          ########     %%%%%%%%%%%%%%
                                      %%%%%%%%%%%

                 | The OpenMC Monte Carlo Code
       Copyright | 2011-2022 MIT, UChicago Argonne LLC, and contributors
         License | https://docs.openmc.org/en/latest/license.html
         Version | 0.13.1-dev
        Git SHA1 | 91638baeecec220b1ab5df59adf71714daf2cba4
       Date/Time | 2022-09-07 10:55:19
   MPI Processes | 4
  OpenMP Threads | 18

 Reading settings XML file...
 Reading cross sections XML file...
 Reading materials XML file...
 Reading geometry XML file...
 Reading U236 from
 /home/oyardas/2023-openmc-depletion-data/hours3/../../cross-section-libraries/en
 dfb71_hdf5/U236.h5
 Reading O16 from
 /home/oyardas/2023-openmc-depletion-data/hours3/../../cross-section-libraries/en
 dfb71_hdf5/O16.h5
 Reading O17 from
 /home/oyardas/2023-openmc-depletion-data/hours3/../../cross-section-libraries/en
 dfb71_hdf5/O17.h5
 Reading Cs135 from
 /home/oyardas/2023-openmc-depletion-data/hours3/../../cross-section-libraries/en
 dfb71_hdf5/Cs135.h5
 Reading Gd156 from
 /home/oyardas/2023-openmc-depletion-data/hours3/../../cross-section-libraries/en
 dfb71_hdf5/Gd156.h5
 Reading Gd157 from
 /home/oyardas/2023-openmc-depletion-data/hours3/../../cross-section-libraries/en
 dfb71_hdf5/Gd157.h5
 Reading I135 from
 /home/oyardas/2023-openmc-depletion-data/hours3/../../cross-section-libraries/en
 dfb71_hdf5/I135.h5
 Reading U234 from
 /home/oyardas/2023-openmc-depletion-data/hours3/../../cross-section-libraries/en
 dfb71_hdf5/U234.h5
 Reading U235 from
 /home/oyardas/2023-openmc-depletion-data/hours3/../../cross-section-libraries/en
 dfb71_hdf5/U235.h5
 Reading U238 from
 /home/oyardas/2023-openmc-depletion-data/hours3/../../cross-section-libraries/en
 dfb71_hdf5/U238.h5
 Reading Xe135 from
 /home/oyardas/2023-openmc-depletion-data/hours3/../../cross-section-libraries/en
 dfb71_hdf5/Xe135.h5
 Reading Xe136 from
 /home/oyardas/2023-openmc-depletion-data/hours3/../../cross-section-libraries/en
 dfb71_hdf5/Xe136.h5
 Reading Zr90 from
 /home/oyardas/2023-openmc-depletion-data/hours3/../../cross-section-libraries/en
 dfb71_hdf5/Zr90.h5
 Reading Zr91 from
 /home/oyardas/2023-openmc-depletion-data/hours3/../../cross-section-libraries/en
 dfb71_hdf5/Zr91.h5
 Reading Zr92 from
 /home/oyardas/2023-openmc-depletion-data/hours3/../../cross-section-libraries/en
 dfb71_hdf5/Zr92.h5
 Reading Zr94 from
 /home/oyardas/2023-openmc-depletion-data/hours3/../../cross-section-libraries/en
 dfb71_hdf5/Zr94.h5
 Reading Zr96 from
 /home/oyardas/2023-openmc-depletion-data/hours3/../../cross-section-libraries/en
 dfb71_hdf5/Zr96.h5
 Reading H1 from
 /home/oyardas/2023-openmc-depletion-data/hours3/../../cross-section-libraries/en
 dfb71_hdf5/H1.h5
 Reading H2 from
 /home/oyardas/2023-openmc-depletion-data/hours3/../../cross-section-libraries/en
 dfb71_hdf5/H2.h5
 Reading c_H_in_H2O from
 /home/oyardas/2023-openmc-depletion-data/hours3/../../cross-section-libraries/en
 dfb71_hdf5/c_H_in_H2O.h5
 Minimum neutron data temperature: 294 K
 Maximum neutron data temperature: 294 K
 Reading tallies XML file...
 Preparing distributed cell instances...
 Reading plot XML file...
 Writing summary.h5 file...
 Maximum neutron transport energy: 20000000 eV for O17
 Initializing source particles...

 ====================>     K EIGENVALUE SIMULATION     <====================

  Bat./Gen.      k            Average k
  =========   ========   ====================
        1/1    1.39143
        2/1    1.45553
        3/1    1.39492
        4/1    1.42927
        5/1    1.38891
        6/1    1.41837
        7/1    1.49727
        8/1    1.48723
        9/1    1.45045
       10/1    1.38070
       11/1    1.38064
       12/1    1.42004    1.40034 +/- 0.01970
       13/1    1.41466    1.40512 +/- 0.01233
       14/1    1.39750    1.40321 +/- 0.00893
       15/1    1.52572    1.42771 +/- 0.02546
       16/1    1.48210    1.43678 +/- 0.02268
       17/1    1.49064    1.44447 +/- 0.02065
       18/1    1.54486    1.45702 +/- 0.02185
       19/1    1.32622    1.44249 +/- 0.02414
       20/1    1.39774    1.43801 +/- 0.02205
       21/1    1.59081    1.45190 +/- 0.02430
       22/1    1.58189    1.46274 +/- 0.02469
       23/1    1.44619    1.46146 +/- 0.02275
       24/1    1.47580    1.46249 +/- 0.02108
       25/1    1.43420    1.46060 +/- 0.01972
       26/1    1.44692    1.45975 +/- 0.01846
       27/1    1.44405    1.45882 +/- 0.01737
       28/1    1.43400    1.45744 +/- 0.01643
       29/1    1.45195    1.45715 +/- 0.01555
       30/1    1.43308    1.45595 +/- 0.01480
       31/1    1.50198    1.45814 +/- 0.01425
       32/1    1.46386    1.45840 +/- 0.01359
       33/1    1.40747    1.45619 +/- 0.01317
       34/1    1.43098    1.45514 +/- 0.01265
       35/1    1.41825    1.45366 +/- 0.01222
       36/1    1.55273    1.45747 +/- 0.01235
       37/1    1.46744    1.45784 +/- 0.01189
       38/1    1.46250    1.45801 +/- 0.01146
       39/1    1.34861    1.45424 +/- 0.01168
       40/1    1.41583    1.45296 +/- 0.01136
       41/1    1.48379    1.45395 +/- 0.01103
       42/1    1.36798    1.45126 +/- 0.01101
       43/1    1.35667    1.44840 +/- 0.01105
       44/1    1.48991    1.44962 +/- 0.01079
       45/1    1.46020    1.44992 +/- 0.01048
       46/1    1.50125    1.45135 +/- 0.01029
       47/1    1.43473    1.45090 +/- 0.01001
       48/1    1.47650    1.45157 +/- 0.00977
       49/1    1.42694    1.45094 +/- 0.00954
       50/1    1.48560    1.45181 +/- 0.00934
 Creating state point statepoint.50.h5...

 =======================>     TIMING STATISTICS     <=======================

 Total time for initialization     = 2.0753e+00 seconds
   Reading cross sections          = 2.0400e+00 seconds
 Total time in simulation          = 2.4485e-01 seconds
   Time in transport only          = 1.2781e-01 seconds
   Time in inactive batches        = 8.2740e-02 seconds
   Time in active batches          = 1.6211e-01 seconds
   Time synchronizing fission bank = 7.6130e-02 seconds
     Sampling source sites         = 6.8606e-03 seconds
     SEND/RECV source sites        = 5.4825e-04 seconds
   Time accumulating tallies       = 3.5177e-03 seconds
   Time writing statepoints        = 2.7278e-02 seconds
 Total time for finalization       = 2.6131e-05 seconds
 Total time elapsed                = 2.3370e+00 seconds
 Calculation Rate (inactive)       = 120861 particles/second
 Calculation Rate (active)         = 246741 particles/second

 ============================>     RESULTS     <============================

 k-effective (Collision)     = 1.45400 +/- 0.00622
 k-effective (Track-length)  = 1.45181 +/- 0.00934
 k-effective (Absorption)    = 1.44900 +/- 0.00492
 Combined k-effective        = 1.45020 +/- 0.00472
 Leakage Fraction            = 0.00000 +/- 0.00000

[openmc.deplete] t=0.0 s, dt=14400 s, source=174
[openmc.deplete] t=14400.0 (final operator evaluation)
generating new microxs
/gpfs/fs1/home/oyardas/openmc/openmc/mixin.py:70: IDWarning: Another Filter instance already exists with id=1.
  warn(msg, IDWarning)
/gpfs/fs1/home/oyardas/openmc/openmc/mixin.py:70: IDWarning: Another Filter instance already exists with id=2.
  warn(msg, IDWarning)
                                %%%%%%%%%%%%%%%
                           %%%%%%%%%%%%%%%%%%%%%%%%
                        %%%%%%%%%%%%%%%%%%%%%%%%%%%%%%
                      %%%%%%%%%%%%%%%%%%%%%%%%%%%%%%%%%%
                    %%%%%%%%%%%%%%%%%%%%%%%%%%%%%%%%%%%%%%
                   %%%%%%%%%%%%%%%%%%%%%%%%%%%%%%%%%%%%%%%%
                                    %%%%%%%%%%%%%%%%%%%%%%%%
                                     %%%%%%%%%%%%%%%%%%%%%%%%
                 ###############      %%%%%%%%%%%%%%%%%%%%%%%%
                ##################     %%%%%%%%%%%%%%%%%%%%%%%
                ###################     %%%%%%%%%%%%%%%%%%%%%%%
                ####################     %%%%%%%%%%%%%%%%%%%%%%
                #####################     %%%%%%%%%%%%%%%%%%%%%
                ######################     %%%%%%%%%%%%%%%%%%%%
                #######################     %%%%%%%%%%%%%%%%%%
                 #######################     %%%%%%%%%%%%%%%%%
                 ######################     %%%%%%%%%%%%%%%%%
                  ####################     %%%%%%%%%%%%%%%%%
                    #################     %%%%%%%%%%%%%%%%%
                     ###############     %%%%%%%%%%%%%%%%
                       ############     %%%%%%%%%%%%%%%
                          ########     %%%%%%%%%%%%%%
                                      %%%%%%%%%%%

                 | The OpenMC Monte Carlo Code
       Copyright | 2011-2022 MIT, UChicago Argonne LLC, and contributors
         License | https://docs.openmc.org/en/latest/license.html
         Version | 0.13.1-dev
        Git SHA1 | 91638baeecec220b1ab5df59adf71714daf2cba4
       Date/Time | 2022-09-07 10:55:24
   MPI Processes | 4
  OpenMP Threads | 18

 Reading settings XML file...
 Reading cross sections XML file...
 Reading materials XML file...
 Reading geometry XML file...
 Reading U236 from
 /home/oyardas/2023-openmc-depletion-data/hours3/../../cross-section-libraries/en
 dfb71_hdf5/U236.h5
 Reading O16 from
 /home/oyardas/2023-openmc-depletion-data/hours3/../../cross-section-libraries/en
 dfb71_hdf5/O16.h5
 Reading O17 from
 /home/oyardas/2023-openmc-depletion-data/hours3/../../cross-section-libraries/en
 dfb71_hdf5/O17.h5
 Reading Cs135 from
 /home/oyardas/2023-openmc-depletion-data/hours3/../../cross-section-libraries/en
 dfb71_hdf5/Cs135.h5
 Reading Gd156 from
 /home/oyardas/2023-openmc-depletion-data/hours3/../../cross-section-libraries/en
 dfb71_hdf5/Gd156.h5
 Reading Gd157 from
 /home/oyardas/2023-openmc-depletion-data/hours3/../../cross-section-libraries/en
 dfb71_hdf5/Gd157.h5
 Reading I135 from
 /home/oyardas/2023-openmc-depletion-data/hours3/../../cross-section-libraries/en
 dfb71_hdf5/I135.h5
 Reading U234 from
 /home/oyardas/2023-openmc-depletion-data/hours3/../../cross-section-libraries/en
 dfb71_hdf5/U234.h5
 Reading U235 from
 /home/oyardas/2023-openmc-depletion-data/hours3/../../cross-section-libraries/en
 dfb71_hdf5/U235.h5
 Reading U238 from
 /home/oyardas/2023-openmc-depletion-data/hours3/../../cross-section-libraries/en
 dfb71_hdf5/U238.h5
 Reading Xe135 from
 /home/oyardas/2023-openmc-depletion-data/hours3/../../cross-section-libraries/en
 dfb71_hdf5/Xe135.h5
 Reading Xe136 from
 /home/oyardas/2023-openmc-depletion-data/hours3/../../cross-section-libraries/en
 dfb71_hdf5/Xe136.h5
 Reading Zr90 from
 /home/oyardas/2023-openmc-depletion-data/hours3/../../cross-section-libraries/en
 dfb71_hdf5/Zr90.h5
 Reading Zr91 from
 /home/oyardas/2023-openmc-depletion-data/hours3/../../cross-section-libraries/en
 dfb71_hdf5/Zr91.h5
 Reading Zr92 from
 /home/oyardas/2023-openmc-depletion-data/hours3/../../cross-section-libraries/en
 dfb71_hdf5/Zr92.h5
 Reading Zr94 from
 /home/oyardas/2023-openmc-depletion-data/hours3/../../cross-section-libraries/en
 dfb71_hdf5/Zr94.h5
 Reading Zr96 from
 /home/oyardas/2023-openmc-depletion-data/hours3/../../cross-section-libraries/en
 dfb71_hdf5/Zr96.h5
 Reading H1 from
 /home/oyardas/2023-openmc-depletion-data/hours3/../../cross-section-libraries/en
 dfb71_hdf5/H1.h5
 Reading H2 from
 /home/oyardas/2023-openmc-depletion-data/hours3/../../cross-section-libraries/en
 dfb71_hdf5/H2.h5
 Reading c_H_in_H2O from
 /home/oyardas/2023-openmc-depletion-data/hours3/../../cross-section-libraries/en
 dfb71_hdf5/c_H_in_H2O.h5
 Minimum neutron data temperature: 294 K
 Maximum neutron data temperature: 294 K
 Reading tallies XML file...
 Preparing distributed cell instances...
 Reading plot XML file...
 Writing summary.h5 file...
 Maximum neutron transport energy: 20000000 eV for O17
 Initializing source particles...

 ====================>     K EIGENVALUE SIMULATION     <====================

  Bat./Gen.      k            Average k
  =========   ========   ====================
        1/1    1.39483
        2/1    1.38984
        3/1    1.39921
        4/1    1.38262
        5/1    1.46777
        6/1    1.35457
        7/1    1.46660
        8/1    1.38099
        9/1    1.45803
       10/1    1.42276
       11/1    1.52718
       12/1    1.44965    1.48842 +/- 0.03877
       13/1    1.49743    1.49142 +/- 0.02258
       14/1    1.38807    1.46558 +/- 0.03037
       15/1    1.55941    1.48435 +/- 0.03009
       16/1    1.40252    1.47071 +/- 0.02810
       17/1    1.46400    1.46975 +/- 0.02377
       18/1    1.45543    1.46796 +/- 0.02066
       19/1    1.43524    1.46433 +/- 0.01858
       20/1    1.46457    1.46435 +/- 0.01662
       21/1    1.31905    1.45114 +/- 0.02001
       22/1    1.46661    1.45243 +/- 0.01831
       23/1    1.38575    1.44730 +/- 0.01761
       24/1    1.54045    1.45395 +/- 0.01761
       25/1    1.40434    1.45065 +/- 0.01672
       26/1    1.40288    1.44766 +/- 0.01593
       27/1    1.41540    1.44576 +/- 0.01508
       28/1    1.46351    1.44675 +/- 0.01425
       29/1    1.40456    1.44453 +/- 0.01366
       30/1    1.42590    1.44360 +/- 0.01299
       31/1    1.39855    1.44145 +/- 0.01255
       32/1    1.47391    1.44293 +/- 0.01205
       33/1    1.45223    1.44333 +/- 0.01152
       34/1    1.42575    1.44260 +/- 0.01106
       35/1    1.39746    1.44079 +/- 0.01076
       36/1    1.42275    1.44010 +/- 0.01036
       37/1    1.39553    1.43845 +/- 0.01010
       38/1    1.41736    1.43770 +/- 0.00977
       39/1    1.54244    1.44131 +/- 0.01009
       40/1    1.41087    1.44029 +/- 0.00980
       41/1    1.47822    1.44152 +/- 0.00956
       42/1    1.42752    1.44108 +/- 0.00927
       43/1    1.42728    1.44066 +/- 0.00899
       44/1    1.47054    1.44154 +/- 0.00877
       45/1    1.38567    1.43994 +/- 0.00866
       46/1    1.48441    1.44118 +/- 0.00851
       47/1    1.46752    1.44189 +/- 0.00830
       48/1    1.39158    1.44057 +/- 0.00819
       49/1    1.40984    1.43978 +/- 0.00802
       50/1    1.45334    1.44012 +/- 0.00782
 Creating state point statepoint.50.h5...

 =======================>     TIMING STATISTICS     <=======================

 Total time for initialization     = 2.1088e+00 seconds
   Reading cross sections          = 2.0726e+00 seconds
 Total time in simulation          = 2.1168e-01 seconds
   Time in transport only          = 1.2663e-01 seconds
   Time in inactive batches        = 4.7878e-02 seconds
   Time in active batches          = 1.6380e-01 seconds
   Time synchronizing fission bank = 4.4212e-02 seconds
     Sampling source sites         = 8.5257e-03 seconds
     SEND/RECV source sites        = 5.7665e-04 seconds
   Time accumulating tallies       = 4.0373e-03 seconds
   Time writing statepoints        = 2.7326e-02 seconds
 Total time for finalization       = 1.9840e-05 seconds
 Total time elapsed                = 2.3354e+00 seconds
 Calculation Rate (inactive)       = 208865 particles/second
 Calculation Rate (active)         = 244198 particles/second

 ============================>     RESULTS     <============================

 k-effective (Collision)     = 1.43949 +/- 0.00684
 k-effective (Track-length)  = 1.44012 +/- 0.00782
 k-effective (Absorption)    = 1.44423 +/- 0.00488
 Combined k-effective        = 1.44297 +/- 0.00464
 Leakage Fraction            = 0.00000 +/- 0.00000

[openmc.deplete] t=0.0 s, dt=14400 s, source=174
[openmc.deplete] t=14400.0 (final operator evaluation)
generating new microxs
/gpfs/fs1/home/oyardas/openmc/openmc/mixin.py:70: IDWarning: Another Filter instance already exists with id=1.
  warn(msg, IDWarning)
/gpfs/fs1/home/oyardas/openmc/openmc/mixin.py:70: IDWarning: Another Filter instance already exists with id=2.
  warn(msg, IDWarning)
                                %%%%%%%%%%%%%%%
                           %%%%%%%%%%%%%%%%%%%%%%%%
                        %%%%%%%%%%%%%%%%%%%%%%%%%%%%%%
                      %%%%%%%%%%%%%%%%%%%%%%%%%%%%%%%%%%
                    %%%%%%%%%%%%%%%%%%%%%%%%%%%%%%%%%%%%%%
                   %%%%%%%%%%%%%%%%%%%%%%%%%%%%%%%%%%%%%%%%
                                    %%%%%%%%%%%%%%%%%%%%%%%%
                                     %%%%%%%%%%%%%%%%%%%%%%%%
                 ###############      %%%%%%%%%%%%%%%%%%%%%%%%
                ##################     %%%%%%%%%%%%%%%%%%%%%%%
                ###################     %%%%%%%%%%%%%%%%%%%%%%%
                ####################     %%%%%%%%%%%%%%%%%%%%%%
                #####################     %%%%%%%%%%%%%%%%%%%%%
                ######################     %%%%%%%%%%%%%%%%%%%%
                #######################     %%%%%%%%%%%%%%%%%%
                 #######################     %%%%%%%%%%%%%%%%%
                 ######################     %%%%%%%%%%%%%%%%%
                  ####################     %%%%%%%%%%%%%%%%%
                    #################     %%%%%%%%%%%%%%%%%
                     ###############     %%%%%%%%%%%%%%%%
                       ############     %%%%%%%%%%%%%%%
                          ########     %%%%%%%%%%%%%%
                                      %%%%%%%%%%%

                 | The OpenMC Monte Carlo Code
       Copyright | 2011-2022 MIT, UChicago Argonne LLC, and contributors
         License | https://docs.openmc.org/en/latest/license.html
         Version | 0.13.1-dev
        Git SHA1 | 91638baeecec220b1ab5df59adf71714daf2cba4
       Date/Time | 2022-09-07 10:55:28
   MPI Processes | 4
  OpenMP Threads | 18

 Reading settings XML file...
 Reading cross sections XML file...
 Reading materials XML file...
 Reading geometry XML file...
 Reading U236 from
 /home/oyardas/2023-openmc-depletion-data/hours3/../../cross-section-libraries/en
 dfb71_hdf5/U236.h5
 Reading O16 from
 /home/oyardas/2023-openmc-depletion-data/hours3/../../cross-section-libraries/en
 dfb71_hdf5/O16.h5
 Reading O17 from
 /home/oyardas/2023-openmc-depletion-data/hours3/../../cross-section-libraries/en
 dfb71_hdf5/O17.h5
 Reading Cs135 from
 /home/oyardas/2023-openmc-depletion-data/hours3/../../cross-section-libraries/en
 dfb71_hdf5/Cs135.h5
 Reading Gd156 from
 /home/oyardas/2023-openmc-depletion-data/hours3/../../cross-section-libraries/en
 dfb71_hdf5/Gd156.h5
 Reading Gd157 from
 /home/oyardas/2023-openmc-depletion-data/hours3/../../cross-section-libraries/en
 dfb71_hdf5/Gd157.h5
 Reading I135 from
 /home/oyardas/2023-openmc-depletion-data/hours3/../../cross-section-libraries/en
 dfb71_hdf5/I135.h5
 Reading U234 from
 /home/oyardas/2023-openmc-depletion-data/hours3/../../cross-section-libraries/en
 dfb71_hdf5/U234.h5
 Reading U235 from
 /home/oyardas/2023-openmc-depletion-data/hours3/../../cross-section-libraries/en
 dfb71_hdf5/U235.h5
 Reading U238 from
 /home/oyardas/2023-openmc-depletion-data/hours3/../../cross-section-libraries/en
 dfb71_hdf5/U238.h5
 Reading Xe135 from
 /home/oyardas/2023-openmc-depletion-data/hours3/../../cross-section-libraries/en
 dfb71_hdf5/Xe135.h5
 Reading Xe136 from
 /home/oyardas/2023-openmc-depletion-data/hours3/../../cross-section-libraries/en
 dfb71_hdf5/Xe136.h5
 Reading Zr90 from
 /home/oyardas/2023-openmc-depletion-data/hours3/../../cross-section-libraries/en
 dfb71_hdf5/Zr90.h5
 Reading Zr91 from
 /home/oyardas/2023-openmc-depletion-data/hours3/../../cross-section-libraries/en
 dfb71_hdf5/Zr91.h5
 Reading Zr92 from
 /home/oyardas/2023-openmc-depletion-data/hours3/../../cross-section-libraries/en
 dfb71_hdf5/Zr92.h5
 Reading Zr94 from
 /home/oyardas/2023-openmc-depletion-data/hours3/../../cross-section-libraries/en
 dfb71_hdf5/Zr94.h5
 Reading Zr96 from
 /home/oyardas/2023-openmc-depletion-data/hours3/../../cross-section-libraries/en
 dfb71_hdf5/Zr96.h5
 Reading H1 from
 /home/oyardas/2023-openmc-depletion-data/hours3/../../cross-section-libraries/en
 dfb71_hdf5/H1.h5
 Reading H2 from
 /home/oyardas/2023-openmc-depletion-data/hours3/../../cross-section-libraries/en
 dfb71_hdf5/H2.h5
 Reading c_H_in_H2O from
 /home/oyardas/2023-openmc-depletion-data/hours3/../../cross-section-libraries/en
 dfb71_hdf5/c_H_in_H2O.h5
 Minimum neutron data temperature: 294 K
 Maximum neutron data temperature: 294 K
 Reading tallies XML file...
 Preparing distributed cell instances...
 Reading plot XML file...
 Writing summary.h5 file...
 Maximum neutron transport energy: 20000000 eV for O17
 Initializing source particles...

 ====================>     K EIGENVALUE SIMULATION     <====================

  Bat./Gen.      k            Average k
  =========   ========   ====================
        1/1    1.39269
        2/1    1.50726
        3/1    1.42917
        4/1    1.50425
        5/1    1.46054
        6/1    1.42340
        7/1    1.34978
        8/1    1.49749
        9/1    1.46670
       10/1    1.42858
       11/1    1.46000
       12/1    1.38239    1.42120 +/- 0.03880
       13/1    1.37652    1.40630 +/- 0.02690
       14/1    1.43493    1.41346 +/- 0.02032
       15/1    1.42482    1.41573 +/- 0.01591
       16/1    1.49821    1.42948 +/- 0.01891
       17/1    1.39868    1.42508 +/- 0.01658
       18/1    1.35636    1.41649 +/- 0.01673
       19/1    1.42282    1.41719 +/- 0.01477
       20/1    1.41965    1.41744 +/- 0.01321
       21/1    1.41200    1.41694 +/- 0.01196
       22/1    1.39588    1.41519 +/- 0.01106
       23/1    1.37980    1.41247 +/- 0.01053
       24/1    1.40862    1.41219 +/- 0.00975
       25/1    1.38493    1.41038 +/- 0.00926
       26/1    1.49305    1.41554 +/- 0.01009
       27/1    1.43742    1.41683 +/- 0.00956
       28/1    1.39642    1.41570 +/- 0.00909
       29/1    1.49400    1.41982 +/- 0.00953
       30/1    1.37945    1.41780 +/- 0.00927
       31/1    1.53108    1.42319 +/- 0.01033
       32/1    1.40527    1.42238 +/- 0.00989
       33/1    1.50727    1.42607 +/- 0.01014
       34/1    1.45395    1.42723 +/- 0.00978
       35/1    1.38776    1.42565 +/- 0.00951
       36/1    1.45421    1.42675 +/- 0.00920
       37/1    1.47097    1.42839 +/- 0.00901
       38/1    1.39354    1.42714 +/- 0.00877
       39/1    1.49984    1.42965 +/- 0.00882
       40/1    1.39889    1.42862 +/- 0.00859
       41/1    1.49795    1.43086 +/- 0.00860
       42/1    1.43043    1.43085 +/- 0.00833
       43/1    1.43315    1.43092 +/- 0.00807
       44/1    1.47772    1.43229 +/- 0.00795
       45/1    1.57809    1.43646 +/- 0.00877
       46/1    1.46348    1.43721 +/- 0.00856
       47/1    1.37871    1.43563 +/- 0.00847
       48/1    1.55377    1.43874 +/- 0.00881
       49/1    1.52449    1.44094 +/- 0.00886
       50/1    1.48062    1.44193 +/- 0.00869
 Creating state point statepoint.50.h5...

 =======================>     TIMING STATISTICS     <=======================

 Total time for initialization     = 2.0557e+00 seconds
   Reading cross sections          = 2.0209e+00 seconds
 Total time in simulation          = 2.4075e-01 seconds
   Time in transport only          = 1.2500e-01 seconds
   Time in inactive batches        = 8.2308e-02 seconds
   Time in active batches          = 1.5844e-01 seconds
   Time synchronizing fission bank = 7.7957e-02 seconds
     Sampling source sites         = 7.7639e-03 seconds
     SEND/RECV source sites        = 7.7282e-04 seconds
   Time accumulating tallies       = 3.7683e-03 seconds
   Time writing statepoints        = 2.4121e-02 seconds
 Total time for finalization       = 2.2920e-05 seconds
 Total time elapsed                = 2.3130e+00 seconds
 Calculation Rate (inactive)       = 121495 particles/second
 Calculation Rate (active)         = 252455 particles/second

 ============================>     RESULTS     <============================

 k-effective (Collision)     = 1.43831 +/- 0.00759
 k-effective (Track-length)  = 1.44193 +/- 0.00869
 k-effective (Absorption)    = 1.43359 +/- 0.00495
 Combined k-effective        = 1.43506 +/- 0.00487
 Leakage Fraction            = 0.00000 +/- 0.00000

[openmc.deplete] t=0.0 s, dt=14400 s, source=174
[openmc.deplete] t=14400.0 (final operator evaluation)
generating new microxs
/gpfs/fs1/home/oyardas/openmc/openmc/mixin.py:70: IDWarning: Another Filter instance already exists with id=1.
  warn(msg, IDWarning)
/gpfs/fs1/home/oyardas/openmc/openmc/mixin.py:70: IDWarning: Another Filter instance already exists with id=2.
  warn(msg, IDWarning)
                                %%%%%%%%%%%%%%%
                           %%%%%%%%%%%%%%%%%%%%%%%%
                        %%%%%%%%%%%%%%%%%%%%%%%%%%%%%%
                      %%%%%%%%%%%%%%%%%%%%%%%%%%%%%%%%%%
                    %%%%%%%%%%%%%%%%%%%%%%%%%%%%%%%%%%%%%%
                   %%%%%%%%%%%%%%%%%%%%%%%%%%%%%%%%%%%%%%%%
                                    %%%%%%%%%%%%%%%%%%%%%%%%
                                     %%%%%%%%%%%%%%%%%%%%%%%%
                 ###############      %%%%%%%%%%%%%%%%%%%%%%%%
                ##################     %%%%%%%%%%%%%%%%%%%%%%%
                ###################     %%%%%%%%%%%%%%%%%%%%%%%
                ####################     %%%%%%%%%%%%%%%%%%%%%%
                #####################     %%%%%%%%%%%%%%%%%%%%%
                ######################     %%%%%%%%%%%%%%%%%%%%
                #######################     %%%%%%%%%%%%%%%%%%
                 #######################     %%%%%%%%%%%%%%%%%
                 ######################     %%%%%%%%%%%%%%%%%
                  ####################     %%%%%%%%%%%%%%%%%
                    #################     %%%%%%%%%%%%%%%%%
                     ###############     %%%%%%%%%%%%%%%%
                       ############     %%%%%%%%%%%%%%%
                          ########     %%%%%%%%%%%%%%
                                      %%%%%%%%%%%

                 | The OpenMC Monte Carlo Code
       Copyright | 2011-2022 MIT, UChicago Argonne LLC, and contributors
         License | https://docs.openmc.org/en/latest/license.html
         Version | 0.13.1-dev
        Git SHA1 | 91638baeecec220b1ab5df59adf71714daf2cba4
       Date/Time | 2022-09-07 10:55:31
   MPI Processes | 4
  OpenMP Threads | 18

 Reading settings XML file...
 Reading cross sections XML file...
 Reading materials XML file...
 Reading geometry XML file...
 Reading U236 from
 /home/oyardas/2023-openmc-depletion-data/hours3/../../cross-section-libraries/en
 dfb71_hdf5/U236.h5
 Reading O16 from
 /home/oyardas/2023-openmc-depletion-data/hours3/../../cross-section-libraries/en
 dfb71_hdf5/O16.h5
 Reading O17 from
 /home/oyardas/2023-openmc-depletion-data/hours3/../../cross-section-libraries/en
 dfb71_hdf5/O17.h5
 Reading Cs135 from
 /home/oyardas/2023-openmc-depletion-data/hours3/../../cross-section-libraries/en
 dfb71_hdf5/Cs135.h5
 Reading Gd156 from
 /home/oyardas/2023-openmc-depletion-data/hours3/../../cross-section-libraries/en
 dfb71_hdf5/Gd156.h5
 Reading Gd157 from
 /home/oyardas/2023-openmc-depletion-data/hours3/../../cross-section-libraries/en
 dfb71_hdf5/Gd157.h5
 Reading I135 from
 /home/oyardas/2023-openmc-depletion-data/hours3/../../cross-section-libraries/en
 dfb71_hdf5/I135.h5
 Reading U234 from
 /home/oyardas/2023-openmc-depletion-data/hours3/../../cross-section-libraries/en
 dfb71_hdf5/U234.h5
 Reading U235 from
 /home/oyardas/2023-openmc-depletion-data/hours3/../../cross-section-libraries/en
 dfb71_hdf5/U235.h5
 Reading U238 from
 /home/oyardas/2023-openmc-depletion-data/hours3/../../cross-section-libraries/en
 dfb71_hdf5/U238.h5
 Reading Xe135 from
 /home/oyardas/2023-openmc-depletion-data/hours3/../../cross-section-libraries/en
 dfb71_hdf5/Xe135.h5
 Reading Xe136 from
 /home/oyardas/2023-openmc-depletion-data/hours3/../../cross-section-libraries/en
 dfb71_hdf5/Xe136.h5
 Reading Zr90 from
 /home/oyardas/2023-openmc-depletion-data/hours3/../../cross-section-libraries/en
 dfb71_hdf5/Zr90.h5
 Reading Zr91 from
 /home/oyardas/2023-openmc-depletion-data/hours3/../../cross-section-libraries/en
 dfb71_hdf5/Zr91.h5
 Reading Zr92 from
 /home/oyardas/2023-openmc-depletion-data/hours3/../../cross-section-libraries/en
 dfb71_hdf5/Zr92.h5
 Reading Zr94 from
 /home/oyardas/2023-openmc-depletion-data/hours3/../../cross-section-libraries/en
 dfb71_hdf5/Zr94.h5
 Reading Zr96 from
 /home/oyardas/2023-openmc-depletion-data/hours3/../../cross-section-libraries/en
 dfb71_hdf5/Zr96.h5
 Reading H1 from
 /home/oyardas/2023-openmc-depletion-data/hours3/../../cross-section-libraries/en
 dfb71_hdf5/H1.h5
 Reading H2 from
 /home/oyardas/2023-openmc-depletion-data/hours3/../../cross-section-libraries/en
 dfb71_hdf5/H2.h5
 Reading c_H_in_H2O from
 /home/oyardas/2023-openmc-depletion-data/hours3/../../cross-section-libraries/en
 dfb71_hdf5/c_H_in_H2O.h5
 Minimum neutron data temperature: 294 K
 Maximum neutron data temperature: 294 K
 Reading tallies XML file...
 Preparing distributed cell instances...
 Reading plot XML file...
 Writing summary.h5 file...
 Maximum neutron transport energy: 20000000 eV for O17
 Initializing source particles...

 ====================>     K EIGENVALUE SIMULATION     <====================

  Bat./Gen.      k            Average k
  =========   ========   ====================
        1/1    1.39188
        2/1    1.37296
        3/1    1.40690
        4/1    1.39661
        5/1    1.44577
        6/1    1.36661
        7/1    1.35631
        8/1    1.33833
        9/1    1.55955
       10/1    1.42041
       11/1    1.45731
       12/1    1.49381    1.47556 +/- 0.01825
       13/1    1.39671    1.44928 +/- 0.02832
       14/1    1.41052    1.43959 +/- 0.02224
       15/1    1.43407    1.43849 +/- 0.01727
       16/1    1.45902    1.44191 +/- 0.01451
       17/1    1.33198    1.42620 +/- 0.01992
       18/1    1.39298    1.42205 +/- 0.01775
       19/1    1.47018    1.42740 +/- 0.01654
       20/1    1.49003    1.43366 +/- 0.01606
       21/1    1.44429    1.43463 +/- 0.01456
       22/1    1.34980    1.42756 +/- 0.01506
       23/1    1.42926    1.42769 +/- 0.01385
       24/1    1.47339    1.43095 +/- 0.01323
       25/1    1.40246    1.42905 +/- 0.01246
       26/1    1.33310    1.42306 +/- 0.01311
       27/1    1.42480    1.42316 +/- 0.01232
       28/1    1.48312    1.42649 +/- 0.01208
       29/1    1.48889    1.42977 +/- 0.01189
       30/1    1.50229    1.43340 +/- 0.01185
       31/1    1.43078    1.43328 +/- 0.01127
       32/1    1.40470    1.43198 +/- 0.01082
       33/1    1.40724    1.43090 +/- 0.01040
       34/1    1.42549    1.43068 +/- 0.00996
       35/1    1.45132    1.43150 +/- 0.00959
       36/1    1.44178    1.43190 +/- 0.00922
       37/1    1.46221    1.43302 +/- 0.00894
       38/1    1.44047    1.43329 +/- 0.00862
       39/1    1.41534    1.43267 +/- 0.00834
       40/1    1.39250    1.43133 +/- 0.00817
       41/1    1.50514    1.43371 +/- 0.00825
       42/1    1.40306    1.43275 +/- 0.00805
       43/1    1.39191    1.43151 +/- 0.00790
       44/1    1.38739    1.43022 +/- 0.00777
       45/1    1.41770    1.42986 +/- 0.00755
       46/1    1.39411    1.42886 +/- 0.00741
       47/1    1.44893    1.42941 +/- 0.00723
       48/1    1.51323    1.43161 +/- 0.00737
       49/1    1.47599    1.43275 +/- 0.00727
       50/1    1.39429    1.43179 +/- 0.00715
 Creating state point statepoint.50.h5...

 =======================>     TIMING STATISTICS     <=======================

 Total time for initialization     = 2.0712e+00 seconds
   Reading cross sections          = 2.0348e+00 seconds
 Total time in simulation          = 2.8627e-01 seconds
   Time in transport only          = 1.3116e-01 seconds
   Time in inactive batches        = 6.6351e-02 seconds
   Time in active batches          = 2.1992e-01 seconds
   Time synchronizing fission bank = 9.6364e-02 seconds
     Sampling source sites         = 7.4782e-03 seconds
     SEND/RECV source sites        = 7.8388e-04 seconds
   Time accumulating tallies       = 2.2715e-02 seconds
   Time writing statepoints        = 2.7102e-02 seconds
 Total time for finalization       = 2.2726e-05 seconds
 Total time elapsed                = 2.3725e+00 seconds
 Calculation Rate (inactive)       = 150713 particles/second
 Calculation Rate (active)         = 181884 particles/second

 ============================>     RESULTS     <============================

 k-effective (Collision)     = 1.43582 +/- 0.00623
 k-effective (Track-length)  = 1.43179 +/- 0.00715
 k-effective (Absorption)    = 1.43822 +/- 0.00488
 Combined k-effective        = 1.43673 +/- 0.00464
 Leakage Fraction            = 0.00000 +/- 0.00000

[openmc.deplete] t=0.0 s, dt=14400 s, source=174
[openmc.deplete] t=14400.0 (final operator evaluation)
generating new microxs
/gpfs/fs1/home/oyardas/openmc/openmc/mixin.py:70: IDWarning: Another Filter instance already exists with id=1.
  warn(msg, IDWarning)
/gpfs/fs1/home/oyardas/openmc/openmc/mixin.py:70: IDWarning: Another Filter instance already exists with id=2.
  warn(msg, IDWarning)
                                %%%%%%%%%%%%%%%
                           %%%%%%%%%%%%%%%%%%%%%%%%
                        %%%%%%%%%%%%%%%%%%%%%%%%%%%%%%
                      %%%%%%%%%%%%%%%%%%%%%%%%%%%%%%%%%%
                    %%%%%%%%%%%%%%%%%%%%%%%%%%%%%%%%%%%%%%
                   %%%%%%%%%%%%%%%%%%%%%%%%%%%%%%%%%%%%%%%%
                                    %%%%%%%%%%%%%%%%%%%%%%%%
                                     %%%%%%%%%%%%%%%%%%%%%%%%
                 ###############      %%%%%%%%%%%%%%%%%%%%%%%%
                ##################     %%%%%%%%%%%%%%%%%%%%%%%
                ###################     %%%%%%%%%%%%%%%%%%%%%%%
                ####################     %%%%%%%%%%%%%%%%%%%%%%
                #####################     %%%%%%%%%%%%%%%%%%%%%
                ######################     %%%%%%%%%%%%%%%%%%%%
                #######################     %%%%%%%%%%%%%%%%%%
                 #######################     %%%%%%%%%%%%%%%%%
                 ######################     %%%%%%%%%%%%%%%%%
                  ####################     %%%%%%%%%%%%%%%%%
                    #################     %%%%%%%%%%%%%%%%%
                     ###############     %%%%%%%%%%%%%%%%
                       ############     %%%%%%%%%%%%%%%
                          ########     %%%%%%%%%%%%%%
                                      %%%%%%%%%%%

                 | The OpenMC Monte Carlo Code
       Copyright | 2011-2022 MIT, UChicago Argonne LLC, and contributors
         License | https://docs.openmc.org/en/latest/license.html
         Version | 0.13.1-dev
        Git SHA1 | 91638baeecec220b1ab5df59adf71714daf2cba4
       Date/Time | 2022-09-07 10:55:35
   MPI Processes | 4
  OpenMP Threads | 18

 Reading settings XML file...
 Reading cross sections XML file...
 Reading materials XML file...
 Reading geometry XML file...
 Reading U236 from
 /home/oyardas/2023-openmc-depletion-data/hours3/../../cross-section-libraries/en
 dfb71_hdf5/U236.h5
 Reading O16 from
 /home/oyardas/2023-openmc-depletion-data/hours3/../../cross-section-libraries/en
 dfb71_hdf5/O16.h5
 Reading O17 from
 /home/oyardas/2023-openmc-depletion-data/hours3/../../cross-section-libraries/en
 dfb71_hdf5/O17.h5
 Reading Cs135 from
 /home/oyardas/2023-openmc-depletion-data/hours3/../../cross-section-libraries/en
 dfb71_hdf5/Cs135.h5
 Reading Gd156 from
 /home/oyardas/2023-openmc-depletion-data/hours3/../../cross-section-libraries/en
 dfb71_hdf5/Gd156.h5
 Reading Gd157 from
 /home/oyardas/2023-openmc-depletion-data/hours3/../../cross-section-libraries/en
 dfb71_hdf5/Gd157.h5
 Reading I135 from
 /home/oyardas/2023-openmc-depletion-data/hours3/../../cross-section-libraries/en
 dfb71_hdf5/I135.h5
 Reading U234 from
 /home/oyardas/2023-openmc-depletion-data/hours3/../../cross-section-libraries/en
 dfb71_hdf5/U234.h5
 Reading U235 from
 /home/oyardas/2023-openmc-depletion-data/hours3/../../cross-section-libraries/en
 dfb71_hdf5/U235.h5
 Reading U238 from
 /home/oyardas/2023-openmc-depletion-data/hours3/../../cross-section-libraries/en
 dfb71_hdf5/U238.h5
 Reading Xe135 from
 /home/oyardas/2023-openmc-depletion-data/hours3/../../cross-section-libraries/en
 dfb71_hdf5/Xe135.h5
 Reading Xe136 from
 /home/oyardas/2023-openmc-depletion-data/hours3/../../cross-section-libraries/en
 dfb71_hdf5/Xe136.h5
 Reading Zr90 from
 /home/oyardas/2023-openmc-depletion-data/hours3/../../cross-section-libraries/en
 dfb71_hdf5/Zr90.h5
 Reading Zr91 from
 /home/oyardas/2023-openmc-depletion-data/hours3/../../cross-section-libraries/en
 dfb71_hdf5/Zr91.h5
 Reading Zr92 from
 /home/oyardas/2023-openmc-depletion-data/hours3/../../cross-section-libraries/en
 dfb71_hdf5/Zr92.h5
 Reading Zr94 from
 /home/oyardas/2023-openmc-depletion-data/hours3/../../cross-section-libraries/en
 dfb71_hdf5/Zr94.h5
 Reading Zr96 from
 /home/oyardas/2023-openmc-depletion-data/hours3/../../cross-section-libraries/en
 dfb71_hdf5/Zr96.h5
 Reading H1 from
 /home/oyardas/2023-openmc-depletion-data/hours3/../../cross-section-libraries/en
 dfb71_hdf5/H1.h5
 Reading H2 from
 /home/oyardas/2023-openmc-depletion-data/hours3/../../cross-section-libraries/en
 dfb71_hdf5/H2.h5
 Reading c_H_in_H2O from
 /home/oyardas/2023-openmc-depletion-data/hours3/../../cross-section-libraries/en
 dfb71_hdf5/c_H_in_H2O.h5
 Minimum neutron data temperature: 294 K
 Maximum neutron data temperature: 294 K
 Reading tallies XML file...
 Preparing distributed cell instances...
 Reading plot XML file...
 Writing summary.h5 file...
 Maximum neutron transport energy: 20000000 eV for O17
 Initializing source particles...

 ====================>     K EIGENVALUE SIMULATION     <====================

  Bat./Gen.      k            Average k
  =========   ========   ====================
        1/1    1.39109
        2/1    1.37710
        3/1    1.44658
        4/1    1.42972
        5/1    1.47755
        6/1    1.41611
        7/1    1.36343
        8/1    1.43325
        9/1    1.41264
       10/1    1.47918
       11/1    1.36482
       12/1    1.40984    1.38733 +/- 0.02251
       13/1    1.42764    1.40077 +/- 0.01869
       14/1    1.39981    1.40053 +/- 0.01322
       15/1    1.43164    1.40675 +/- 0.01198
       16/1    1.42280    1.40943 +/- 0.01014
       17/1    1.45896    1.41650 +/- 0.01112
       18/1    1.41540    1.41636 +/- 0.00963
       19/1    1.44456    1.41950 +/- 0.00905
       20/1    1.41594    1.41914 +/- 0.00810
       21/1    1.43686    1.42075 +/- 0.00750
       22/1    1.37301    1.41677 +/- 0.00792
       23/1    1.43418    1.41811 +/- 0.00741
       24/1    1.46282    1.42131 +/- 0.00757
       25/1    1.52560    1.42826 +/- 0.00990
       26/1    1.36680    1.42442 +/- 0.01002
       27/1    1.42794    1.42462 +/- 0.00942
       28/1    1.41727    1.42422 +/- 0.00889
       29/1    1.52374    1.42945 +/- 0.00991
       30/1    1.52421    1.43419 +/- 0.01052
       31/1    1.49179    1.43694 +/- 0.01038
       32/1    1.32952    1.43205 +/- 0.01104
       33/1    1.32573    1.42743 +/- 0.01151
       34/1    1.50671    1.43073 +/- 0.01151
       35/1    1.53399    1.43486 +/- 0.01179
       36/1    1.43663    1.43493 +/- 0.01132
       37/1    1.46747    1.43614 +/- 0.01096
       38/1    1.40007    1.43485 +/- 0.01064
       39/1    1.28271    1.42960 +/- 0.01153
       40/1    1.44563    1.43014 +/- 0.01115
       41/1    1.59350    1.43541 +/- 0.01201
       42/1    1.42495    1.43508 +/- 0.01163
       43/1    1.45196    1.43559 +/- 0.01128
       44/1    1.41658    1.43503 +/- 0.01096
       45/1    1.50201    1.43695 +/- 0.01081
       46/1    1.47673    1.43805 +/- 0.01057
       47/1    1.35145    1.43571 +/- 0.01054
       48/1    1.49834    1.43736 +/- 0.01039
       49/1    1.43569    1.43731 +/- 0.01012
       50/1    1.55800    1.44033 +/- 0.01032
 Creating state point statepoint.50.h5...

 =======================>     TIMING STATISTICS     <=======================

 Total time for initialization     = 2.0991e+00 seconds
   Reading cross sections          = 2.0636e+00 seconds
 Total time in simulation          = 2.1837e-01 seconds
   Time in transport only          = 1.2592e-01 seconds
   Time in inactive batches        = 5.7443e-02 seconds
   Time in active batches          = 1.6092e-01 seconds
   Time synchronizing fission bank = 5.4076e-02 seconds
     Sampling source sites         = 7.8515e-03 seconds
     SEND/RECV source sites        = 4.4838e-04 seconds
   Time accumulating tallies       = 4.5638e-03 seconds
   Time writing statepoints        = 2.4299e-02 seconds
 Total time for finalization       = 2.2635e-05 seconds
 Total time elapsed                = 2.3361e+00 seconds
 Calculation Rate (inactive)       = 174087 particles/second
 Calculation Rate (active)         = 248567 particles/second

 ============================>     RESULTS     <============================

 k-effective (Collision)     = 1.44392 +/- 0.00765
 k-effective (Track-length)  = 1.44033 +/- 0.01032
 k-effective (Absorption)    = 1.44871 +/- 0.00416
 Combined k-effective        = 1.44836 +/- 0.00421
 Leakage Fraction            = 0.00000 +/- 0.00000

[openmc.deplete] t=0.0 s, dt=14400 s, source=174
[openmc.deplete] t=14400.0 (final operator evaluation)
generating new microxs
/gpfs/fs1/home/oyardas/openmc/openmc/mixin.py:70: IDWarning: Another Filter instance already exists with id=1.
  warn(msg, IDWarning)
/gpfs/fs1/home/oyardas/openmc/openmc/mixin.py:70: IDWarning: Another Filter instance already exists with id=2.
  warn(msg, IDWarning)
                                %%%%%%%%%%%%%%%
                           %%%%%%%%%%%%%%%%%%%%%%%%
                        %%%%%%%%%%%%%%%%%%%%%%%%%%%%%%
                      %%%%%%%%%%%%%%%%%%%%%%%%%%%%%%%%%%
                    %%%%%%%%%%%%%%%%%%%%%%%%%%%%%%%%%%%%%%
                   %%%%%%%%%%%%%%%%%%%%%%%%%%%%%%%%%%%%%%%%
                                    %%%%%%%%%%%%%%%%%%%%%%%%
                                     %%%%%%%%%%%%%%%%%%%%%%%%
                 ###############      %%%%%%%%%%%%%%%%%%%%%%%%
                ##################     %%%%%%%%%%%%%%%%%%%%%%%
                ###################     %%%%%%%%%%%%%%%%%%%%%%%
                ####################     %%%%%%%%%%%%%%%%%%%%%%
                #####################     %%%%%%%%%%%%%%%%%%%%%
                ######################     %%%%%%%%%%%%%%%%%%%%
                #######################     %%%%%%%%%%%%%%%%%%
                 #######################     %%%%%%%%%%%%%%%%%
                 ######################     %%%%%%%%%%%%%%%%%
                  ####################     %%%%%%%%%%%%%%%%%
                    #################     %%%%%%%%%%%%%%%%%
                     ###############     %%%%%%%%%%%%%%%%
                       ############     %%%%%%%%%%%%%%%
                          ########     %%%%%%%%%%%%%%
                                      %%%%%%%%%%%

                 | The OpenMC Monte Carlo Code
       Copyright | 2011-2022 MIT, UChicago Argonne LLC, and contributors
         License | https://docs.openmc.org/en/latest/license.html
         Version | 0.13.1-dev
        Git SHA1 | 91638baeecec220b1ab5df59adf71714daf2cba4
       Date/Time | 2022-09-07 10:55:39
   MPI Processes | 4
  OpenMP Threads | 18

 Reading settings XML file...
 Reading cross sections XML file...
 Reading materials XML file...
 Reading geometry XML file...
 Reading U236 from
 /home/oyardas/2023-openmc-depletion-data/hours3/../../cross-section-libraries/en
 dfb71_hdf5/U236.h5
 Reading O16 from
 /home/oyardas/2023-openmc-depletion-data/hours3/../../cross-section-libraries/en
 dfb71_hdf5/O16.h5
 Reading O17 from
 /home/oyardas/2023-openmc-depletion-data/hours3/../../cross-section-libraries/en
 dfb71_hdf5/O17.h5
 Reading Cs135 from
 /home/oyardas/2023-openmc-depletion-data/hours3/../../cross-section-libraries/en
 dfb71_hdf5/Cs135.h5
 Reading Gd156 from
 /home/oyardas/2023-openmc-depletion-data/hours3/../../cross-section-libraries/en
 dfb71_hdf5/Gd156.h5
 Reading Gd157 from
 /home/oyardas/2023-openmc-depletion-data/hours3/../../cross-section-libraries/en
 dfb71_hdf5/Gd157.h5
 Reading I135 from
 /home/oyardas/2023-openmc-depletion-data/hours3/../../cross-section-libraries/en
 dfb71_hdf5/I135.h5
 Reading U234 from
 /home/oyardas/2023-openmc-depletion-data/hours3/../../cross-section-libraries/en
 dfb71_hdf5/U234.h5
 Reading U235 from
 /home/oyardas/2023-openmc-depletion-data/hours3/../../cross-section-libraries/en
 dfb71_hdf5/U235.h5
 Reading U238 from
 /home/oyardas/2023-openmc-depletion-data/hours3/../../cross-section-libraries/en
 dfb71_hdf5/U238.h5
 Reading Xe135 from
 /home/oyardas/2023-openmc-depletion-data/hours3/../../cross-section-libraries/en
 dfb71_hdf5/Xe135.h5
 Reading Xe136 from
 /home/oyardas/2023-openmc-depletion-data/hours3/../../cross-section-libraries/en
 dfb71_hdf5/Xe136.h5
 Reading Zr90 from
 /home/oyardas/2023-openmc-depletion-data/hours3/../../cross-section-libraries/en
 dfb71_hdf5/Zr90.h5
 Reading Zr91 from
 /home/oyardas/2023-openmc-depletion-data/hours3/../../cross-section-libraries/en
 dfb71_hdf5/Zr91.h5
 Reading Zr92 from
 /home/oyardas/2023-openmc-depletion-data/hours3/../../cross-section-libraries/en
 dfb71_hdf5/Zr92.h5
 Reading Zr94 from
 /home/oyardas/2023-openmc-depletion-data/hours3/../../cross-section-libraries/en
 dfb71_hdf5/Zr94.h5
 Reading Zr96 from
 /home/oyardas/2023-openmc-depletion-data/hours3/../../cross-section-libraries/en
 dfb71_hdf5/Zr96.h5
 Reading H1 from
 /home/oyardas/2023-openmc-depletion-data/hours3/../../cross-section-libraries/en
 dfb71_hdf5/H1.h5
 Reading H2 from
 /home/oyardas/2023-openmc-depletion-data/hours3/../../cross-section-libraries/en
 dfb71_hdf5/H2.h5
 Reading c_H_in_H2O from
 /home/oyardas/2023-openmc-depletion-data/hours3/../../cross-section-libraries/en
 dfb71_hdf5/c_H_in_H2O.h5
 Minimum neutron data temperature: 294 K
 Maximum neutron data temperature: 294 K
 Reading tallies XML file...
 Preparing distributed cell instances...
 Reading plot XML file...
 Writing summary.h5 file...
 Maximum neutron transport energy: 20000000 eV for O17
 Initializing source particles...

 ====================>     K EIGENVALUE SIMULATION     <====================

  Bat./Gen.      k            Average k
  =========   ========   ====================
        1/1    1.39090
        2/1    1.37744
        3/1    1.46469
        4/1    1.44452
        5/1    1.47154
        6/1    1.41263
        7/1    1.47132
        8/1    1.47568
        9/1    1.44303
       10/1    1.43580
       11/1    1.50440
       12/1    1.46429    1.48435 +/- 0.02005
       13/1    1.44011    1.46960 +/- 0.01875
       14/1    1.36341    1.44305 +/- 0.02967
       15/1    1.40700    1.43584 +/- 0.02409
       16/1    1.47134    1.44176 +/- 0.02054
       17/1    1.33822    1.42697 +/- 0.02281
       18/1    1.55945    1.44353 +/- 0.02577
       19/1    1.51213    1.45115 +/- 0.02398
       20/1    1.38009    1.44404 +/- 0.02259
       21/1    1.48662    1.44791 +/- 0.02080
       22/1    1.36535    1.44103 +/- 0.02019
       23/1    1.51622    1.44682 +/- 0.01945
       24/1    1.52719    1.45256 +/- 0.01890
       25/1    1.53656    1.45816 +/- 0.01847
       26/1    1.47701    1.45934 +/- 0.01732
       27/1    1.38219    1.45480 +/- 0.01689
       28/1    1.43430    1.45366 +/- 0.01596
       29/1    1.38965    1.45029 +/- 0.01547
       30/1    1.42497    1.44902 +/- 0.01473
       31/1    1.37329    1.44542 +/- 0.01447
       32/1    1.53442    1.44946 +/- 0.01438
       33/1    1.48751    1.45112 +/- 0.01384
       34/1    1.51836    1.45392 +/- 0.01354
       35/1    1.33351    1.44910 +/- 0.01385
       36/1    1.38111    1.44649 +/- 0.01356
       37/1    1.46206    1.44706 +/- 0.01306
       38/1    1.49461    1.44876 +/- 0.01270
       39/1    1.43571    1.44831 +/- 0.01226
       40/1    1.37491    1.44587 +/- 0.01210
       41/1    1.45636    1.44620 +/- 0.01171
       42/1    1.48916    1.44755 +/- 0.01141
       43/1    1.34125    1.44433 +/- 0.01152
       44/1    1.50474    1.44610 +/- 0.01132
       45/1    1.38475    1.44435 +/- 0.01113
       46/1    1.41699    1.44359 +/- 0.01084
       47/1    1.41380    1.44278 +/- 0.01058
       48/1    1.39087    1.44142 +/- 0.01038
       49/1    1.49113    1.44269 +/- 0.01019
       50/1    1.40411    1.44173 +/- 0.00998
 Creating state point statepoint.50.h5...

 =======================>     TIMING STATISTICS     <=======================

 Total time for initialization     = 2.0937e+00 seconds
   Reading cross sections          = 2.0576e+00 seconds
 Total time in simulation          = 2.0034e-01 seconds
   Time in transport only          = 1.2795e-01 seconds
   Time in inactive batches        = 3.9497e-02 seconds
   Time in active batches          = 1.6084e-01 seconds
   Time synchronizing fission bank = 3.3436e-02 seconds
     Sampling source sites         = 7.1466e-03 seconds
     SEND/RECV source sites        = 7.9692e-04 seconds
   Time accumulating tallies       = 3.6985e-03 seconds
   Time writing statepoints        = 2.6027e-02 seconds
 Total time for finalization       = 2.3974e-05 seconds
 Total time elapsed                = 2.3104e+00 seconds
 Calculation Rate (inactive)       = 253182 particles/second
 Calculation Rate (active)         = 248688 particles/second

 ============================>     RESULTS     <============================

 k-effective (Collision)     = 1.44624 +/- 0.00756
 k-effective (Track-length)  = 1.44173 +/- 0.00998
 k-effective (Absorption)    = 1.44188 +/- 0.00476
 Combined k-effective        = 1.44280 +/- 0.00450
 Leakage Fraction            = 0.00000 +/- 0.00000

