[openmc.deplete] t=0.0 s, dt=259200 s, source=174
[openmc.deplete] t=259200.0 (final operator evaluation)
generating new microxs
/gpfs/fs1/home/oyardas/openmc/openmc/mixin.py:70: IDWarning: Another Filter instance already exists with id=1.
  warn(msg, IDWarning)
/gpfs/fs1/home/oyardas/openmc/openmc/mixin.py:70: IDWarning: Another Filter instance already exists with id=2.
  warn(msg, IDWarning)
                                %%%%%%%%%%%%%%%
                           %%%%%%%%%%%%%%%%%%%%%%%%
                        %%%%%%%%%%%%%%%%%%%%%%%%%%%%%%
                      %%%%%%%%%%%%%%%%%%%%%%%%%%%%%%%%%%
                    %%%%%%%%%%%%%%%%%%%%%%%%%%%%%%%%%%%%%%
                   %%%%%%%%%%%%%%%%%%%%%%%%%%%%%%%%%%%%%%%%
                                    %%%%%%%%%%%%%%%%%%%%%%%%
                                     %%%%%%%%%%%%%%%%%%%%%%%%
                 ###############      %%%%%%%%%%%%%%%%%%%%%%%%
                ##################     %%%%%%%%%%%%%%%%%%%%%%%
                ###################     %%%%%%%%%%%%%%%%%%%%%%%
                ####################     %%%%%%%%%%%%%%%%%%%%%%
                #####################     %%%%%%%%%%%%%%%%%%%%%
                ######################     %%%%%%%%%%%%%%%%%%%%
                #######################     %%%%%%%%%%%%%%%%%%
                 #######################     %%%%%%%%%%%%%%%%%
                 ######################     %%%%%%%%%%%%%%%%%
                  ####################     %%%%%%%%%%%%%%%%%
                    #################     %%%%%%%%%%%%%%%%%
                     ###############     %%%%%%%%%%%%%%%%
                       ############     %%%%%%%%%%%%%%%
                          ########     %%%%%%%%%%%%%%
                                      %%%%%%%%%%%

                 | The OpenMC Monte Carlo Code
       Copyright | 2011-2022 MIT, UChicago Argonne LLC, and contributors
         License | https://docs.openmc.org/en/latest/license.html
         Version | 0.13.1-dev
        Git SHA1 | 91638baeecec220b1ab5df59adf71714daf2cba4
       Date/Time | 2022-09-07 10:53:52
   MPI Processes | 4
  OpenMP Threads | 18

 Reading settings XML file...
 Reading cross sections XML file...
 Reading materials XML file...
 Reading geometry XML file...
 Reading U236 from
 /home/oyardas/2023-openmc-depletion-data/days3/../../cross-section-libraries/end
 fb71_hdf5/U236.h5
 Reading O16 from
 /home/oyardas/2023-openmc-depletion-data/days3/../../cross-section-libraries/end
 fb71_hdf5/O16.h5
 Reading O17 from
 /home/oyardas/2023-openmc-depletion-data/days3/../../cross-section-libraries/end
 fb71_hdf5/O17.h5
 Reading Cs135 from
 /home/oyardas/2023-openmc-depletion-data/days3/../../cross-section-libraries/end
 fb71_hdf5/Cs135.h5
 Reading Gd156 from
 /home/oyardas/2023-openmc-depletion-data/days3/../../cross-section-libraries/end
 fb71_hdf5/Gd156.h5
 Reading Gd157 from
 /home/oyardas/2023-openmc-depletion-data/days3/../../cross-section-libraries/end
 fb71_hdf5/Gd157.h5
 Reading I135 from
 /home/oyardas/2023-openmc-depletion-data/days3/../../cross-section-libraries/end
 fb71_hdf5/I135.h5
 Reading U234 from
 /home/oyardas/2023-openmc-depletion-data/days3/../../cross-section-libraries/end
 fb71_hdf5/U234.h5
 Reading U235 from
 /home/oyardas/2023-openmc-depletion-data/days3/../../cross-section-libraries/end
 fb71_hdf5/U235.h5
 Reading U238 from
 /home/oyardas/2023-openmc-depletion-data/days3/../../cross-section-libraries/end
 fb71_hdf5/U238.h5
 Reading Xe135 from
 /home/oyardas/2023-openmc-depletion-data/days3/../../cross-section-libraries/end
 fb71_hdf5/Xe135.h5
 Reading Xe136 from
 /home/oyardas/2023-openmc-depletion-data/days3/../../cross-section-libraries/end
 fb71_hdf5/Xe136.h5
 Reading Zr90 from
 /home/oyardas/2023-openmc-depletion-data/days3/../../cross-section-libraries/end
 fb71_hdf5/Zr90.h5
 Reading Zr91 from
 /home/oyardas/2023-openmc-depletion-data/days3/../../cross-section-libraries/end
 fb71_hdf5/Zr91.h5
 Reading Zr92 from
 /home/oyardas/2023-openmc-depletion-data/days3/../../cross-section-libraries/end
 fb71_hdf5/Zr92.h5
 Reading Zr94 from
 /home/oyardas/2023-openmc-depletion-data/days3/../../cross-section-libraries/end
 fb71_hdf5/Zr94.h5
 Reading Zr96 from
 /home/oyardas/2023-openmc-depletion-data/days3/../../cross-section-libraries/end
 fb71_hdf5/Zr96.h5
 Reading H1 from
 /home/oyardas/2023-openmc-depletion-data/days3/../../cross-section-libraries/end
 fb71_hdf5/H1.h5
 Reading H2 from
 /home/oyardas/2023-openmc-depletion-data/days3/../../cross-section-libraries/end
 fb71_hdf5/H2.h5
 Reading c_H_in_H2O from
 /home/oyardas/2023-openmc-depletion-data/days3/../../cross-section-libraries/end
 fb71_hdf5/c_H_in_H2O.h5
 Minimum neutron data temperature: 294 K
 Maximum neutron data temperature: 294 K
 Reading tallies XML file...
 Preparing distributed cell instances...
 Reading plot XML file...
 Writing summary.h5 file...
 Maximum neutron transport energy: 20000000 eV for O17
 Initializing source particles...

 ====================>     K EIGENVALUE SIMULATION     <====================

  Bat./Gen.      k            Average k
  =========   ========   ====================
        1/1    1.40127
        2/1    1.47906
        3/1    1.50120
        4/1    1.42933
        5/1    1.40697
        6/1    1.38910
        7/1    1.41868
        8/1    1.48158
        9/1    1.40193
       10/1    1.38879
       11/1    1.46453
       12/1    1.42764    1.44608 +/- 0.01844
       13/1    1.48586    1.45934 +/- 0.01701
       14/1    1.41574    1.44844 +/- 0.01623
       15/1    1.39422    1.43760 +/- 0.01660
       16/1    1.37220    1.42670 +/- 0.01739
       17/1    1.38450    1.42067 +/- 0.01589
       18/1    1.39530    1.41750 +/- 0.01412
       19/1    1.44109    1.42012 +/- 0.01273
       20/1    1.38063    1.41617 +/- 0.01205
       21/1    1.40216    1.41490 +/- 0.01097
       22/1    1.39315    1.41309 +/- 0.01018
       23/1    1.37225    1.40995 +/- 0.00988
       24/1    1.42954    1.41134 +/- 0.00925
       25/1    1.48259    1.41609 +/- 0.00983
       26/1    1.44009    1.41759 +/- 0.00932
       27/1    1.47395    1.42091 +/- 0.00936
       28/1    1.46717    1.42348 +/- 0.00919
       29/1    1.50008    1.42751 +/- 0.00958
       30/1    1.45628    1.42895 +/- 0.00921
       31/1    1.34428    1.42492 +/- 0.00964
       32/1    1.64449    1.43490 +/- 0.01357
       33/1    1.36539    1.43188 +/- 0.01331
       34/1    1.45763    1.43295 +/- 0.01279
       35/1    1.52750    1.43673 +/- 0.01284
       36/1    1.45251    1.43734 +/- 0.01235
       37/1    1.47907    1.43888 +/- 0.01198
       38/1    1.55057    1.44287 +/- 0.01222
       39/1    1.33689    1.43922 +/- 0.01234
       40/1    1.43475    1.43907 +/- 0.01192
       41/1    1.42287    1.43855 +/- 0.01154
       42/1    1.45557    1.43908 +/- 0.01119
       43/1    1.40465    1.43804 +/- 0.01090
       44/1    1.53779    1.44097 +/- 0.01097
       45/1    1.47785    1.44202 +/- 0.01070
       46/1    1.44497    1.44210 +/- 0.01040
       47/1    1.50860    1.44390 +/- 0.01028
       48/1    1.48488    1.44498 +/- 0.01006
       49/1    1.42209    1.44439 +/- 0.00982
       50/1    1.50111    1.44581 +/- 0.00967
 Creating state point statepoint.50.h5...

 =======================>     TIMING STATISTICS     <=======================

 Total time for initialization     = 3.3413e+00 seconds
   Reading cross sections          = 2.8584e+00 seconds
 Total time in simulation          = 1.8904e-01 seconds
   Time in transport only          = 1.2709e-01 seconds
   Time in inactive batches        = 2.5376e-02 seconds
   Time in active batches          = 1.6366e-01 seconds
   Time synchronizing fission bank = 1.8986e-02 seconds
     Sampling source sites         = 7.3866e-03 seconds
     SEND/RECV source sites        = 4.1947e-04 seconds
   Time accumulating tallies       = 2.8187e-03 seconds
   Time writing statepoints        = 2.9478e-02 seconds
 Total time for finalization       = 2.3042e-05 seconds
 Total time elapsed                = 3.5454e+00 seconds
 Calculation Rate (inactive)       = 394077 particles/second
 Calculation Rate (active)         = 244402 particles/second

 ============================>     RESULTS     <============================

 k-effective (Collision)     = 1.44901 +/- 0.00723
 k-effective (Track-length)  = 1.44581 +/- 0.00967
 k-effective (Absorption)    = 1.44486 +/- 0.00497
 Combined k-effective        = 1.44609 +/- 0.00461
 Leakage Fraction            = 0.00000 +/- 0.00000

[openmc.deplete] t=0.0 s, dt=259200 s, source=174
[openmc.deplete] t=259200.0 (final operator evaluation)
generating new microxs
/gpfs/fs1/home/oyardas/openmc/openmc/mixin.py:70: IDWarning: Another Filter instance already exists with id=1.
  warn(msg, IDWarning)
/gpfs/fs1/home/oyardas/openmc/openmc/mixin.py:70: IDWarning: Another Filter instance already exists with id=2.
  warn(msg, IDWarning)
                                %%%%%%%%%%%%%%%
                           %%%%%%%%%%%%%%%%%%%%%%%%
                        %%%%%%%%%%%%%%%%%%%%%%%%%%%%%%
                      %%%%%%%%%%%%%%%%%%%%%%%%%%%%%%%%%%
                    %%%%%%%%%%%%%%%%%%%%%%%%%%%%%%%%%%%%%%
                   %%%%%%%%%%%%%%%%%%%%%%%%%%%%%%%%%%%%%%%%
                                    %%%%%%%%%%%%%%%%%%%%%%%%
                                     %%%%%%%%%%%%%%%%%%%%%%%%
                 ###############      %%%%%%%%%%%%%%%%%%%%%%%%
                ##################     %%%%%%%%%%%%%%%%%%%%%%%
                ###################     %%%%%%%%%%%%%%%%%%%%%%%
                ####################     %%%%%%%%%%%%%%%%%%%%%%
                #####################     %%%%%%%%%%%%%%%%%%%%%
                ######################     %%%%%%%%%%%%%%%%%%%%
                #######################     %%%%%%%%%%%%%%%%%%
                 #######################     %%%%%%%%%%%%%%%%%
                 ######################     %%%%%%%%%%%%%%%%%
                  ####################     %%%%%%%%%%%%%%%%%
                    #################     %%%%%%%%%%%%%%%%%
                     ###############     %%%%%%%%%%%%%%%%
                       ############     %%%%%%%%%%%%%%%
                          ########     %%%%%%%%%%%%%%
                                      %%%%%%%%%%%

                 | The OpenMC Monte Carlo Code
       Copyright | 2011-2022 MIT, UChicago Argonne LLC, and contributors
         License | https://docs.openmc.org/en/latest/license.html
         Version | 0.13.1-dev
        Git SHA1 | 91638baeecec220b1ab5df59adf71714daf2cba4
       Date/Time | 2022-09-07 10:53:57
   MPI Processes | 4
  OpenMP Threads | 18

 Reading settings XML file...
 Reading cross sections XML file...
 Reading materials XML file...
 Reading geometry XML file...
 Reading U236 from
 /home/oyardas/2023-openmc-depletion-data/days3/../../cross-section-libraries/end
 fb71_hdf5/U236.h5
 Reading O16 from
 /home/oyardas/2023-openmc-depletion-data/days3/../../cross-section-libraries/end
 fb71_hdf5/O16.h5
 Reading O17 from
 /home/oyardas/2023-openmc-depletion-data/days3/../../cross-section-libraries/end
 fb71_hdf5/O17.h5
 Reading Cs135 from
 /home/oyardas/2023-openmc-depletion-data/days3/../../cross-section-libraries/end
 fb71_hdf5/Cs135.h5
 Reading Gd156 from
 /home/oyardas/2023-openmc-depletion-data/days3/../../cross-section-libraries/end
 fb71_hdf5/Gd156.h5
 Reading Gd157 from
 /home/oyardas/2023-openmc-depletion-data/days3/../../cross-section-libraries/end
 fb71_hdf5/Gd157.h5
 Reading I135 from
 /home/oyardas/2023-openmc-depletion-data/days3/../../cross-section-libraries/end
 fb71_hdf5/I135.h5
 Reading U234 from
 /home/oyardas/2023-openmc-depletion-data/days3/../../cross-section-libraries/end
 fb71_hdf5/U234.h5
 Reading U235 from
 /home/oyardas/2023-openmc-depletion-data/days3/../../cross-section-libraries/end
 fb71_hdf5/U235.h5
 Reading U238 from
 /home/oyardas/2023-openmc-depletion-data/days3/../../cross-section-libraries/end
 fb71_hdf5/U238.h5
 Reading Xe135 from
 /home/oyardas/2023-openmc-depletion-data/days3/../../cross-section-libraries/end
 fb71_hdf5/Xe135.h5
 Reading Xe136 from
 /home/oyardas/2023-openmc-depletion-data/days3/../../cross-section-libraries/end
 fb71_hdf5/Xe136.h5
 Reading Zr90 from
 /home/oyardas/2023-openmc-depletion-data/days3/../../cross-section-libraries/end
 fb71_hdf5/Zr90.h5
 Reading Zr91 from
 /home/oyardas/2023-openmc-depletion-data/days3/../../cross-section-libraries/end
 fb71_hdf5/Zr91.h5
 Reading Zr92 from
 /home/oyardas/2023-openmc-depletion-data/days3/../../cross-section-libraries/end
 fb71_hdf5/Zr92.h5
 Reading Zr94 from
 /home/oyardas/2023-openmc-depletion-data/days3/../../cross-section-libraries/end
 fb71_hdf5/Zr94.h5
 Reading Zr96 from
 /home/oyardas/2023-openmc-depletion-data/days3/../../cross-section-libraries/end
 fb71_hdf5/Zr96.h5
 Reading H1 from
 /home/oyardas/2023-openmc-depletion-data/days3/../../cross-section-libraries/end
 fb71_hdf5/H1.h5
 Reading H2 from
 /home/oyardas/2023-openmc-depletion-data/days3/../../cross-section-libraries/end
 fb71_hdf5/H2.h5
 Reading c_H_in_H2O from
 /home/oyardas/2023-openmc-depletion-data/days3/../../cross-section-libraries/end
 fb71_hdf5/c_H_in_H2O.h5
 Minimum neutron data temperature: 294 K
 Maximum neutron data temperature: 294 K
 Reading tallies XML file...
 Preparing distributed cell instances...
 Reading plot XML file...
 Writing summary.h5 file...
 Maximum neutron transport energy: 20000000 eV for O17
 Initializing source particles...

 ====================>     K EIGENVALUE SIMULATION     <====================

  Bat./Gen.      k            Average k
  =========   ========   ====================
        1/1    1.39373
        2/1    1.39668
        3/1    1.34896
        4/1    1.45189
        5/1    1.43865
        6/1    1.40262
        7/1    1.39468
        8/1    1.45268
        9/1    1.36771
       10/1    1.44148
       11/1    1.39148
       12/1    1.44513    1.41830 +/- 0.02683
       13/1    1.46819    1.43493 +/- 0.02273
       14/1    1.47494    1.44494 +/- 0.01893
       15/1    1.45626    1.44720 +/- 0.01484
       16/1    1.49395    1.45499 +/- 0.01440
       17/1    1.41534    1.44933 +/- 0.01343
       18/1    1.38471    1.44125 +/- 0.01416
       19/1    1.48637    1.44626 +/- 0.01345
       20/1    1.39200    1.44084 +/- 0.01320
       21/1    1.54740    1.45052 +/- 0.01538
       22/1    1.49442    1.45418 +/- 0.01451
       23/1    1.52937    1.45997 +/- 0.01454
       24/1    1.29664    1.44830 +/- 0.01781
       25/1    1.39237    1.44457 +/- 0.01700
       26/1    1.43161    1.44376 +/- 0.01592
       27/1    1.40260    1.44134 +/- 0.01515
       28/1    1.46225    1.44250 +/- 0.01433
       29/1    1.38166    1.43930 +/- 0.01393
       30/1    1.38516    1.43659 +/- 0.01349
       31/1    1.37333    1.43358 +/- 0.01318
       32/1    1.42237    1.43307 +/- 0.01258
       33/1    1.52463    1.43705 +/- 0.01266
       34/1    1.41308    1.43605 +/- 0.01216
       35/1    1.40115    1.43466 +/- 0.01175
       36/1    1.49622    1.43702 +/- 0.01153
       37/1    1.50278    1.43946 +/- 0.01136
       38/1    1.50365    1.44175 +/- 0.01119
       39/1    1.37565    1.43947 +/- 0.01103
       40/1    1.47730    1.44073 +/- 0.01073
       41/1    1.36394    1.43826 +/- 0.01067
       42/1    1.42704    1.43791 +/- 0.01034
       43/1    1.41101    1.43709 +/- 0.01005
       44/1    1.50985    1.43923 +/- 0.00998
       45/1    1.36621    1.43714 +/- 0.00992
       46/1    1.40870    1.43635 +/- 0.00967
       47/1    1.39725    1.43530 +/- 0.00946
       48/1    1.40985    1.43463 +/- 0.00924
       49/1    1.52244    1.43688 +/- 0.00927
       50/1    1.39688    1.43588 +/- 0.00909
 Creating state point statepoint.50.h5...

 =======================>     TIMING STATISTICS     <=======================

 Total time for initialization     = 2.0727e+00 seconds
   Reading cross sections          = 2.0195e+00 seconds
 Total time in simulation          = 2.4968e-01 seconds
   Time in transport only          = 1.3060e-01 seconds
   Time in inactive batches        = 5.3684e-02 seconds
   Time in active batches          = 1.9599e-01 seconds
   Time synchronizing fission bank = 5.6361e-02 seconds
     Sampling source sites         = 6.5623e-03 seconds
     SEND/RECV source sites        = 6.7583e-04 seconds
   Time accumulating tallies       = 2.2006e-02 seconds
   Time writing statepoints        = 3.1541e-02 seconds
 Total time for finalization       = 3.5685e-05 seconds
 Total time elapsed                = 2.3410e+00 seconds
 Calculation Rate (inactive)       = 186274 particles/second
 Calculation Rate (active)         = 204089 particles/second

 ============================>     RESULTS     <============================

 k-effective (Collision)     = 1.43133 +/- 0.00727
 k-effective (Track-length)  = 1.43588 +/- 0.00909
 k-effective (Absorption)    = 1.43674 +/- 0.00474
 Combined k-effective        = 1.43525 +/- 0.00450
 Leakage Fraction            = 0.00000 +/- 0.00000

[openmc.deplete] t=0.0 s, dt=259200 s, source=174
[openmc.deplete] t=259200.0 (final operator evaluation)
generating new microxs
/gpfs/fs1/home/oyardas/openmc/openmc/mixin.py:70: IDWarning: Another Filter instance already exists with id=1.
  warn(msg, IDWarning)
/gpfs/fs1/home/oyardas/openmc/openmc/mixin.py:70: IDWarning: Another Filter instance already exists with id=2.
  warn(msg, IDWarning)
                                %%%%%%%%%%%%%%%
                           %%%%%%%%%%%%%%%%%%%%%%%%
                        %%%%%%%%%%%%%%%%%%%%%%%%%%%%%%
                      %%%%%%%%%%%%%%%%%%%%%%%%%%%%%%%%%%
                    %%%%%%%%%%%%%%%%%%%%%%%%%%%%%%%%%%%%%%
                   %%%%%%%%%%%%%%%%%%%%%%%%%%%%%%%%%%%%%%%%
                                    %%%%%%%%%%%%%%%%%%%%%%%%
                                     %%%%%%%%%%%%%%%%%%%%%%%%
                 ###############      %%%%%%%%%%%%%%%%%%%%%%%%
                ##################     %%%%%%%%%%%%%%%%%%%%%%%
                ###################     %%%%%%%%%%%%%%%%%%%%%%%
                ####################     %%%%%%%%%%%%%%%%%%%%%%
                #####################     %%%%%%%%%%%%%%%%%%%%%
                ######################     %%%%%%%%%%%%%%%%%%%%
                #######################     %%%%%%%%%%%%%%%%%%
                 #######################     %%%%%%%%%%%%%%%%%
                 ######################     %%%%%%%%%%%%%%%%%
                  ####################     %%%%%%%%%%%%%%%%%
                    #################     %%%%%%%%%%%%%%%%%
                     ###############     %%%%%%%%%%%%%%%%
                       ############     %%%%%%%%%%%%%%%
                          ########     %%%%%%%%%%%%%%
                                      %%%%%%%%%%%

                 | The OpenMC Monte Carlo Code
       Copyright | 2011-2022 MIT, UChicago Argonne LLC, and contributors
         License | https://docs.openmc.org/en/latest/license.html
         Version | 0.13.1-dev
        Git SHA1 | 91638baeecec220b1ab5df59adf71714daf2cba4
       Date/Time | 2022-09-07 10:54:01
   MPI Processes | 4
  OpenMP Threads | 18

 Reading settings XML file...
 Reading cross sections XML file...
 Reading materials XML file...
 Reading geometry XML file...
 Reading U236 from
 /home/oyardas/2023-openmc-depletion-data/days3/../../cross-section-libraries/end
 fb71_hdf5/U236.h5
 Reading O16 from
 /home/oyardas/2023-openmc-depletion-data/days3/../../cross-section-libraries/end
 fb71_hdf5/O16.h5
 Reading O17 from
 /home/oyardas/2023-openmc-depletion-data/days3/../../cross-section-libraries/end
 fb71_hdf5/O17.h5
 Reading Cs135 from
 /home/oyardas/2023-openmc-depletion-data/days3/../../cross-section-libraries/end
 fb71_hdf5/Cs135.h5
 Reading Gd156 from
 /home/oyardas/2023-openmc-depletion-data/days3/../../cross-section-libraries/end
 fb71_hdf5/Gd156.h5
 Reading Gd157 from
 /home/oyardas/2023-openmc-depletion-data/days3/../../cross-section-libraries/end
 fb71_hdf5/Gd157.h5
 Reading I135 from
 /home/oyardas/2023-openmc-depletion-data/days3/../../cross-section-libraries/end
 fb71_hdf5/I135.h5
 Reading U234 from
 /home/oyardas/2023-openmc-depletion-data/days3/../../cross-section-libraries/end
 fb71_hdf5/U234.h5
 Reading U235 from
 /home/oyardas/2023-openmc-depletion-data/days3/../../cross-section-libraries/end
 fb71_hdf5/U235.h5
 Reading U238 from
 /home/oyardas/2023-openmc-depletion-data/days3/../../cross-section-libraries/end
 fb71_hdf5/U238.h5
 Reading Xe135 from
 /home/oyardas/2023-openmc-depletion-data/days3/../../cross-section-libraries/end
 fb71_hdf5/Xe135.h5
 Reading Xe136 from
 /home/oyardas/2023-openmc-depletion-data/days3/../../cross-section-libraries/end
 fb71_hdf5/Xe136.h5
 Reading Zr90 from
 /home/oyardas/2023-openmc-depletion-data/days3/../../cross-section-libraries/end
 fb71_hdf5/Zr90.h5
 Reading Zr91 from
 /home/oyardas/2023-openmc-depletion-data/days3/../../cross-section-libraries/end
 fb71_hdf5/Zr91.h5
 Reading Zr92 from
 /home/oyardas/2023-openmc-depletion-data/days3/../../cross-section-libraries/end
 fb71_hdf5/Zr92.h5
 Reading Zr94 from
 /home/oyardas/2023-openmc-depletion-data/days3/../../cross-section-libraries/end
 fb71_hdf5/Zr94.h5
 Reading Zr96 from
 /home/oyardas/2023-openmc-depletion-data/days3/../../cross-section-libraries/end
 fb71_hdf5/Zr96.h5
 Reading H1 from
 /home/oyardas/2023-openmc-depletion-data/days3/../../cross-section-libraries/end
 fb71_hdf5/H1.h5
 Reading H2 from
 /home/oyardas/2023-openmc-depletion-data/days3/../../cross-section-libraries/end
 fb71_hdf5/H2.h5
 Reading c_H_in_H2O from
 /home/oyardas/2023-openmc-depletion-data/days3/../../cross-section-libraries/end
 fb71_hdf5/c_H_in_H2O.h5
 Minimum neutron data temperature: 294 K
 Maximum neutron data temperature: 294 K
 Reading tallies XML file...
 Preparing distributed cell instances...
 Reading plot XML file...
 Writing summary.h5 file...
 Maximum neutron transport energy: 20000000 eV for O17
 Initializing source particles...

 ====================>     K EIGENVALUE SIMULATION     <====================

  Bat./Gen.      k            Average k
  =========   ========   ====================
        1/1    1.40519
        2/1    1.44375
        3/1    1.38976
        4/1    1.40342
        5/1    1.45375
        6/1    1.50045
        7/1    1.47435
        8/1    1.44106
        9/1    1.47021
       10/1    1.36344
       11/1    1.47677
       12/1    1.37690    1.42683 +/- 0.04993
       13/1    1.42745    1.42704 +/- 0.02883
       14/1    1.50182    1.44574 +/- 0.02766
       15/1    1.39868    1.43632 +/- 0.02340
       16/1    1.41528    1.43282 +/- 0.01943
       17/1    1.45430    1.43589 +/- 0.01670
       18/1    1.39799    1.43115 +/- 0.01522
       19/1    1.41686    1.42956 +/- 0.01352
       20/1    1.44231    1.43084 +/- 0.01216
       21/1    1.42324    1.43015 +/- 0.01102
       22/1    1.51898    1.43755 +/- 0.01249
       23/1    1.40865    1.43533 +/- 0.01170
       24/1    1.49914    1.43988 +/- 0.01175
       25/1    1.48265    1.44274 +/- 0.01131
       26/1    1.46261    1.44398 +/- 0.01065
       27/1    1.36931    1.43959 +/- 0.01092
       28/1    1.44264    1.43976 +/- 0.01030
       29/1    1.34399    1.43471 +/- 0.01097
       30/1    1.45832    1.43590 +/- 0.01047
       31/1    1.43717    1.43596 +/- 0.00996
       32/1    1.48544    1.43821 +/- 0.00976
       33/1    1.35387    1.43454 +/- 0.01002
       34/1    1.37229    1.43194 +/- 0.00994
       35/1    1.52231    1.43556 +/- 0.01020
       36/1    1.59178    1.44157 +/- 0.01149
       37/1    1.38772    1.43957 +/- 0.01124
       38/1    1.39143    1.43785 +/- 0.01096
       39/1    1.42417    1.43738 +/- 0.01059
       40/1    1.38105    1.43550 +/- 0.01040
       41/1    1.49203    1.43733 +/- 0.01022
       42/1    1.40699    1.43638 +/- 0.00995
       43/1    1.44144    1.43653 +/- 0.00964
       44/1    1.40290    1.43554 +/- 0.00940
       45/1    1.39958    1.43452 +/- 0.00919
       46/1    1.48687    1.43597 +/- 0.00905
       47/1    1.44408    1.43619 +/- 0.00880
       48/1    1.46233    1.43688 +/- 0.00860
       49/1    1.57570    1.44044 +/- 0.00910
       50/1    1.49110    1.44170 +/- 0.00896
 Creating state point statepoint.50.h5...

 =======================>     TIMING STATISTICS     <=======================

 Total time for initialization     = 2.0326e+00 seconds
   Reading cross sections          = 1.9963e+00 seconds
 Total time in simulation          = 3.2252e-01 seconds
   Time in transport only          = 1.2772e-01 seconds
   Time in inactive batches        = 1.2154e-01 seconds
   Time in active batches          = 2.0098e-01 seconds
   Time synchronizing fission bank = 1.2565e-01 seconds
     Sampling source sites         = 7.3408e-03 seconds
     SEND/RECV source sites        = 5.1847e-04 seconds
   Time accumulating tallies       = 2.3770e-02 seconds
   Time writing statepoints        = 3.3118e-02 seconds
 Total time for finalization       = 2.4599e-05 seconds
 Total time elapsed                = 2.3701e+00 seconds
 Calculation Rate (inactive)       = 82277.7 particles/second
 Calculation Rate (active)         = 199026 particles/second

 ============================>     RESULTS     <============================

 k-effective (Collision)     = 1.44820 +/- 0.00673
 k-effective (Track-length)  = 1.44170 +/- 0.00896
 k-effective (Absorption)    = 1.44508 +/- 0.00450
 Combined k-effective        = 1.44658 +/- 0.00396
 Leakage Fraction            = 0.00000 +/- 0.00000

[openmc.deplete] t=0.0 s, dt=259200 s, source=174
[openmc.deplete] t=259200.0 (final operator evaluation)
generating new microxs
/gpfs/fs1/home/oyardas/openmc/openmc/mixin.py:70: IDWarning: Another Filter instance already exists with id=1.
  warn(msg, IDWarning)
/gpfs/fs1/home/oyardas/openmc/openmc/mixin.py:70: IDWarning: Another Filter instance already exists with id=2.
  warn(msg, IDWarning)
                                %%%%%%%%%%%%%%%
                           %%%%%%%%%%%%%%%%%%%%%%%%
                        %%%%%%%%%%%%%%%%%%%%%%%%%%%%%%
                      %%%%%%%%%%%%%%%%%%%%%%%%%%%%%%%%%%
                    %%%%%%%%%%%%%%%%%%%%%%%%%%%%%%%%%%%%%%
                   %%%%%%%%%%%%%%%%%%%%%%%%%%%%%%%%%%%%%%%%
                                    %%%%%%%%%%%%%%%%%%%%%%%%
                                     %%%%%%%%%%%%%%%%%%%%%%%%
                 ###############      %%%%%%%%%%%%%%%%%%%%%%%%
                ##################     %%%%%%%%%%%%%%%%%%%%%%%
                ###################     %%%%%%%%%%%%%%%%%%%%%%%
                ####################     %%%%%%%%%%%%%%%%%%%%%%
                #####################     %%%%%%%%%%%%%%%%%%%%%
                ######################     %%%%%%%%%%%%%%%%%%%%
                #######################     %%%%%%%%%%%%%%%%%%
                 #######################     %%%%%%%%%%%%%%%%%
                 ######################     %%%%%%%%%%%%%%%%%
                  ####################     %%%%%%%%%%%%%%%%%
                    #################     %%%%%%%%%%%%%%%%%
                     ###############     %%%%%%%%%%%%%%%%
                       ############     %%%%%%%%%%%%%%%
                          ########     %%%%%%%%%%%%%%
                                      %%%%%%%%%%%

                 | The OpenMC Monte Carlo Code
       Copyright | 2011-2022 MIT, UChicago Argonne LLC, and contributors
         License | https://docs.openmc.org/en/latest/license.html
         Version | 0.13.1-dev
        Git SHA1 | 91638baeecec220b1ab5df59adf71714daf2cba4
       Date/Time | 2022-09-07 10:54:05
   MPI Processes | 4
  OpenMP Threads | 18

 Reading settings XML file...
 Reading cross sections XML file...
 Reading materials XML file...
 Reading geometry XML file...
 Reading U236 from
 /home/oyardas/2023-openmc-depletion-data/days3/../../cross-section-libraries/end
 fb71_hdf5/U236.h5
 Reading O16 from
 /home/oyardas/2023-openmc-depletion-data/days3/../../cross-section-libraries/end
 fb71_hdf5/O16.h5
 Reading O17 from
 /home/oyardas/2023-openmc-depletion-data/days3/../../cross-section-libraries/end
 fb71_hdf5/O17.h5
 Reading Cs135 from
 /home/oyardas/2023-openmc-depletion-data/days3/../../cross-section-libraries/end
 fb71_hdf5/Cs135.h5
 Reading Gd156 from
 /home/oyardas/2023-openmc-depletion-data/days3/../../cross-section-libraries/end
 fb71_hdf5/Gd156.h5
 Reading Gd157 from
 /home/oyardas/2023-openmc-depletion-data/days3/../../cross-section-libraries/end
 fb71_hdf5/Gd157.h5
 Reading I135 from
 /home/oyardas/2023-openmc-depletion-data/days3/../../cross-section-libraries/end
 fb71_hdf5/I135.h5
 Reading U234 from
 /home/oyardas/2023-openmc-depletion-data/days3/../../cross-section-libraries/end
 fb71_hdf5/U234.h5
 Reading U235 from
 /home/oyardas/2023-openmc-depletion-data/days3/../../cross-section-libraries/end
 fb71_hdf5/U235.h5
 Reading U238 from
 /home/oyardas/2023-openmc-depletion-data/days3/../../cross-section-libraries/end
 fb71_hdf5/U238.h5
 Reading Xe135 from
 /home/oyardas/2023-openmc-depletion-data/days3/../../cross-section-libraries/end
 fb71_hdf5/Xe135.h5
 Reading Xe136 from
 /home/oyardas/2023-openmc-depletion-data/days3/../../cross-section-libraries/end
 fb71_hdf5/Xe136.h5
 Reading Zr90 from
 /home/oyardas/2023-openmc-depletion-data/days3/../../cross-section-libraries/end
 fb71_hdf5/Zr90.h5
 Reading Zr91 from
 /home/oyardas/2023-openmc-depletion-data/days3/../../cross-section-libraries/end
 fb71_hdf5/Zr91.h5
 Reading Zr92 from
 /home/oyardas/2023-openmc-depletion-data/days3/../../cross-section-libraries/end
 fb71_hdf5/Zr92.h5
 Reading Zr94 from
 /home/oyardas/2023-openmc-depletion-data/days3/../../cross-section-libraries/end
 fb71_hdf5/Zr94.h5
 Reading Zr96 from
 /home/oyardas/2023-openmc-depletion-data/days3/../../cross-section-libraries/end
 fb71_hdf5/Zr96.h5
 Reading H1 from
 /home/oyardas/2023-openmc-depletion-data/days3/../../cross-section-libraries/end
 fb71_hdf5/H1.h5
 Reading H2 from
 /home/oyardas/2023-openmc-depletion-data/days3/../../cross-section-libraries/end
 fb71_hdf5/H2.h5
 Reading c_H_in_H2O from
 /home/oyardas/2023-openmc-depletion-data/days3/../../cross-section-libraries/end
 fb71_hdf5/c_H_in_H2O.h5
 Minimum neutron data temperature: 294 K
 Maximum neutron data temperature: 294 K
 Reading tallies XML file...
 Preparing distributed cell instances...
 Reading plot XML file...
 Writing summary.h5 file...
 Maximum neutron transport energy: 20000000 eV for O17
 Initializing source particles...

 ====================>     K EIGENVALUE SIMULATION     <====================

  Bat./Gen.      k            Average k
  =========   ========   ====================
        1/1    1.40338
        2/1    1.54781
        3/1    1.34854
        4/1    1.44879
        5/1    1.48964
        6/1    1.56006
        7/1    1.33733
        8/1    1.42798
        9/1    1.40626
       10/1    1.43761
       11/1    1.54510
       12/1    1.38812    1.46661 +/- 0.07849
       13/1    1.43050    1.45457 +/- 0.04689
       14/1    1.54471    1.47711 +/- 0.04009
       15/1    1.45618    1.47292 +/- 0.03133
       16/1    1.38974    1.45906 +/- 0.02910
       17/1    1.41076    1.45216 +/- 0.02554
       18/1    1.46367    1.45360 +/- 0.02217
       19/1    1.41546    1.44936 +/- 0.02000
       20/1    1.38432    1.44285 +/- 0.01904
       21/1    1.44615    1.44315 +/- 0.01722
       22/1    1.44074    1.44295 +/- 0.01572
       23/1    1.48508    1.44619 +/- 0.01482
       24/1    1.53371    1.45245 +/- 0.01508
       25/1    1.49337    1.45517 +/- 0.01430
       26/1    1.47745    1.45657 +/- 0.01345
       27/1    1.40469    1.45351 +/- 0.01300
       28/1    1.47238    1.45456 +/- 0.01230
       29/1    1.38317    1.45081 +/- 0.01222
       30/1    1.44037    1.45028 +/- 0.01161
       31/1    1.45598    1.45055 +/- 0.01105
       32/1    1.33535    1.44532 +/- 0.01176
       33/1    1.39406    1.44309 +/- 0.01146
       34/1    1.49187    1.44512 +/- 0.01116
       35/1    1.45867    1.44566 +/- 0.01071
       36/1    1.45646    1.44608 +/- 0.01030
       37/1    1.42531    1.44531 +/- 0.00994
       38/1    1.37524    1.44281 +/- 0.00990
       39/1    1.48265    1.44418 +/- 0.00965
       40/1    1.47985    1.44537 +/- 0.00940
       41/1    1.42969    1.44486 +/- 0.00911
       42/1    1.39991    1.44346 +/- 0.00893
       43/1    1.47921    1.44454 +/- 0.00872
       44/1    1.42963    1.44410 +/- 0.00847
       45/1    1.50780    1.44592 +/- 0.00843
       46/1    1.36317    1.44362 +/- 0.00851
       47/1    1.43474    1.44338 +/- 0.00828
       48/1    1.50351    1.44497 +/- 0.00821
       49/1    1.44530    1.44498 +/- 0.00800
       50/1    1.41617    1.44426 +/- 0.00783
 Creating state point statepoint.50.h5...

 =======================>     TIMING STATISTICS     <=======================

 Total time for initialization     = 2.0954e+00 seconds
   Reading cross sections          = 2.0594e+00 seconds
 Total time in simulation          = 1.9874e-01 seconds
   Time in transport only          = 1.2842e-01 seconds
   Time in inactive batches        = 3.7272e-02 seconds
   Time in active batches          = 1.6147e-01 seconds
   Time synchronizing fission bank = 3.2634e-02 seconds
     Sampling source sites         = 7.0874e-03 seconds
     SEND/RECV source sites        = 7.6397e-04 seconds
   Time accumulating tallies       = 3.9971e-03 seconds
   Time writing statepoints        = 2.3422e-02 seconds
 Total time for finalization       = 2.1266e-05 seconds
 Total time elapsed                = 2.3106e+00 seconds
 Calculation Rate (inactive)       = 268298 particles/second
 Calculation Rate (active)         = 247731 particles/second

 ============================>     RESULTS     <============================

 k-effective (Collision)     = 1.45030 +/- 0.00605
 k-effective (Track-length)  = 1.44426 +/- 0.00783
 k-effective (Absorption)    = 1.44323 +/- 0.00503
 Combined k-effective        = 1.44299 +/- 0.00475
 Leakage Fraction            = 0.00000 +/- 0.00000

[openmc.deplete] t=0.0 s, dt=259200 s, source=174
[openmc.deplete] t=259200.0 (final operator evaluation)
generating new microxs
/gpfs/fs1/home/oyardas/openmc/openmc/mixin.py:70: IDWarning: Another Filter instance already exists with id=1.
  warn(msg, IDWarning)
/gpfs/fs1/home/oyardas/openmc/openmc/mixin.py:70: IDWarning: Another Filter instance already exists with id=2.
  warn(msg, IDWarning)
                                %%%%%%%%%%%%%%%
                           %%%%%%%%%%%%%%%%%%%%%%%%
                        %%%%%%%%%%%%%%%%%%%%%%%%%%%%%%
                      %%%%%%%%%%%%%%%%%%%%%%%%%%%%%%%%%%
                    %%%%%%%%%%%%%%%%%%%%%%%%%%%%%%%%%%%%%%
                   %%%%%%%%%%%%%%%%%%%%%%%%%%%%%%%%%%%%%%%%
                                    %%%%%%%%%%%%%%%%%%%%%%%%
                                     %%%%%%%%%%%%%%%%%%%%%%%%
                 ###############      %%%%%%%%%%%%%%%%%%%%%%%%
                ##################     %%%%%%%%%%%%%%%%%%%%%%%
                ###################     %%%%%%%%%%%%%%%%%%%%%%%
                ####################     %%%%%%%%%%%%%%%%%%%%%%
                #####################     %%%%%%%%%%%%%%%%%%%%%
                ######################     %%%%%%%%%%%%%%%%%%%%
                #######################     %%%%%%%%%%%%%%%%%%
                 #######################     %%%%%%%%%%%%%%%%%
                 ######################     %%%%%%%%%%%%%%%%%
                  ####################     %%%%%%%%%%%%%%%%%
                    #################     %%%%%%%%%%%%%%%%%
                     ###############     %%%%%%%%%%%%%%%%
                       ############     %%%%%%%%%%%%%%%
                          ########     %%%%%%%%%%%%%%
                                      %%%%%%%%%%%

                 | The OpenMC Monte Carlo Code
       Copyright | 2011-2022 MIT, UChicago Argonne LLC, and contributors
         License | https://docs.openmc.org/en/latest/license.html
         Version | 0.13.1-dev
        Git SHA1 | 91638baeecec220b1ab5df59adf71714daf2cba4
       Date/Time | 2022-09-07 10:54:08
   MPI Processes | 4
  OpenMP Threads | 18

 Reading settings XML file...
 Reading cross sections XML file...
 Reading materials XML file...
 Reading geometry XML file...
 Reading U236 from
 /home/oyardas/2023-openmc-depletion-data/days3/../../cross-section-libraries/end
 fb71_hdf5/U236.h5
 Reading O16 from
 /home/oyardas/2023-openmc-depletion-data/days3/../../cross-section-libraries/end
 fb71_hdf5/O16.h5
 Reading O17 from
 /home/oyardas/2023-openmc-depletion-data/days3/../../cross-section-libraries/end
 fb71_hdf5/O17.h5
 Reading Cs135 from
 /home/oyardas/2023-openmc-depletion-data/days3/../../cross-section-libraries/end
 fb71_hdf5/Cs135.h5
 Reading Gd156 from
 /home/oyardas/2023-openmc-depletion-data/days3/../../cross-section-libraries/end
 fb71_hdf5/Gd156.h5
 Reading Gd157 from
 /home/oyardas/2023-openmc-depletion-data/days3/../../cross-section-libraries/end
 fb71_hdf5/Gd157.h5
 Reading I135 from
 /home/oyardas/2023-openmc-depletion-data/days3/../../cross-section-libraries/end
 fb71_hdf5/I135.h5
 Reading U234 from
 /home/oyardas/2023-openmc-depletion-data/days3/../../cross-section-libraries/end
 fb71_hdf5/U234.h5
 Reading U235 from
 /home/oyardas/2023-openmc-depletion-data/days3/../../cross-section-libraries/end
 fb71_hdf5/U235.h5
 Reading U238 from
 /home/oyardas/2023-openmc-depletion-data/days3/../../cross-section-libraries/end
 fb71_hdf5/U238.h5
 Reading Xe135 from
 /home/oyardas/2023-openmc-depletion-data/days3/../../cross-section-libraries/end
 fb71_hdf5/Xe135.h5
 Reading Xe136 from
 /home/oyardas/2023-openmc-depletion-data/days3/../../cross-section-libraries/end
 fb71_hdf5/Xe136.h5
 Reading Zr90 from
 /home/oyardas/2023-openmc-depletion-data/days3/../../cross-section-libraries/end
 fb71_hdf5/Zr90.h5
 Reading Zr91 from
 /home/oyardas/2023-openmc-depletion-data/days3/../../cross-section-libraries/end
 fb71_hdf5/Zr91.h5
 Reading Zr92 from
 /home/oyardas/2023-openmc-depletion-data/days3/../../cross-section-libraries/end
 fb71_hdf5/Zr92.h5
 Reading Zr94 from
 /home/oyardas/2023-openmc-depletion-data/days3/../../cross-section-libraries/end
 fb71_hdf5/Zr94.h5
 Reading Zr96 from
 /home/oyardas/2023-openmc-depletion-data/days3/../../cross-section-libraries/end
 fb71_hdf5/Zr96.h5
 Reading H1 from
 /home/oyardas/2023-openmc-depletion-data/days3/../../cross-section-libraries/end
 fb71_hdf5/H1.h5
 Reading H2 from
 /home/oyardas/2023-openmc-depletion-data/days3/../../cross-section-libraries/end
 fb71_hdf5/H2.h5
 Reading c_H_in_H2O from
 /home/oyardas/2023-openmc-depletion-data/days3/../../cross-section-libraries/end
 fb71_hdf5/c_H_in_H2O.h5
 Minimum neutron data temperature: 294 K
 Maximum neutron data temperature: 294 K
 Reading tallies XML file...
 Preparing distributed cell instances...
 Reading plot XML file...
 Writing summary.h5 file...
 Maximum neutron transport energy: 20000000 eV for O17
 Initializing source particles...

 ====================>     K EIGENVALUE SIMULATION     <====================

  Bat./Gen.      k            Average k
  =========   ========   ====================
        1/1    1.39942
        2/1    1.45846
        3/1    1.45120
        4/1    1.46298
        5/1    1.42170
        6/1    1.48655
        7/1    1.43413
        8/1    1.39314
        9/1    1.36387
       10/1    1.53450
       11/1    1.53968
       12/1    1.47426    1.50697 +/- 0.03271
       13/1    1.52605    1.51333 +/- 0.01993
       14/1    1.43830    1.49457 +/- 0.02346
       15/1    1.44418    1.48449 +/- 0.02078
       16/1    1.48340    1.48431 +/- 0.01697
       17/1    1.54436    1.49289 +/- 0.01671
       18/1    1.37321    1.47793 +/- 0.02081
       19/1    1.47555    1.47766 +/- 0.01836
       20/1    1.41461    1.47136 +/- 0.01759
       21/1    1.39043    1.46400 +/- 0.01753
       22/1    1.45349    1.46313 +/- 0.01603
       23/1    1.51287    1.46695 +/- 0.01523
       24/1    1.42017    1.46361 +/- 0.01449
       25/1    1.49122    1.46545 +/- 0.01361
       26/1    1.44724    1.46431 +/- 0.01279
       27/1    1.47835    1.46514 +/- 0.01204
       28/1    1.53358    1.46894 +/- 0.01197
       29/1    1.41981    1.46636 +/- 0.01161
       30/1    1.51248    1.46866 +/- 0.01126
       31/1    1.41412    1.46606 +/- 0.01102
       32/1    1.46193    1.46588 +/- 0.01051
       33/1    1.39630    1.46285 +/- 0.01049
       34/1    1.38863    1.45976 +/- 0.01050
       35/1    1.38431    1.45674 +/- 0.01052
       36/1    1.49872    1.45836 +/- 0.01023
       37/1    1.38835    1.45576 +/- 0.01018
       38/1    1.46306    1.45602 +/- 0.00982
       39/1    1.52599    1.45844 +/- 0.00977
       40/1    1.44389    1.45795 +/- 0.00945
       41/1    1.52094    1.45998 +/- 0.00937
       42/1    1.36486    1.45701 +/- 0.00955
       43/1    1.38489    1.45483 +/- 0.00951
       44/1    1.41079    1.45353 +/- 0.00931
       45/1    1.50519    1.45501 +/- 0.00916
       46/1    1.47486    1.45556 +/- 0.00892
       47/1    1.47806    1.45617 +/- 0.00870
       48/1    1.44077    1.45576 +/- 0.00848
       49/1    1.41312    1.45467 +/- 0.00833
       50/1    1.45931    1.45478 +/- 0.00812
 Creating state point statepoint.50.h5...

 =======================>     TIMING STATISTICS     <=======================

 Total time for initialization     = 2.1265e+00 seconds
   Reading cross sections          = 2.0886e+00 seconds
 Total time in simulation          = 2.2067e-01 seconds
   Time in transport only          = 1.2849e-01 seconds
   Time in inactive batches        = 6.0948e-02 seconds
   Time in active batches          = 1.5972e-01 seconds
   Time synchronizing fission bank = 5.3597e-02 seconds
     Sampling source sites         = 6.8013e-03 seconds
     SEND/RECV source sites        = 7.1243e-04 seconds
   Time accumulating tallies       = 3.3360e-03 seconds
   Time writing statepoints        = 2.5130e-02 seconds
 Total time for finalization       = 3.7269e-05 seconds
 Total time elapsed                = 2.3624e+00 seconds
 Calculation Rate (inactive)       = 164073 particles/second
 Calculation Rate (active)         = 250432 particles/second

 ============================>     RESULTS     <============================

 k-effective (Collision)     = 1.44514 +/- 0.00601
 k-effective (Track-length)  = 1.45478 +/- 0.00812
 k-effective (Absorption)    = 1.43917 +/- 0.00523
 Combined k-effective        = 1.44090 +/- 0.00535
 Leakage Fraction            = 0.00000 +/- 0.00000

[openmc.deplete] t=0.0 s, dt=259200 s, source=174
[openmc.deplete] t=259200.0 (final operator evaluation)
generating new microxs
/gpfs/fs1/home/oyardas/openmc/openmc/mixin.py:70: IDWarning: Another Filter instance already exists with id=1.
  warn(msg, IDWarning)
/gpfs/fs1/home/oyardas/openmc/openmc/mixin.py:70: IDWarning: Another Filter instance already exists with id=2.
  warn(msg, IDWarning)
                                %%%%%%%%%%%%%%%
                           %%%%%%%%%%%%%%%%%%%%%%%%
                        %%%%%%%%%%%%%%%%%%%%%%%%%%%%%%
                      %%%%%%%%%%%%%%%%%%%%%%%%%%%%%%%%%%
                    %%%%%%%%%%%%%%%%%%%%%%%%%%%%%%%%%%%%%%
                   %%%%%%%%%%%%%%%%%%%%%%%%%%%%%%%%%%%%%%%%
                                    %%%%%%%%%%%%%%%%%%%%%%%%
                                     %%%%%%%%%%%%%%%%%%%%%%%%
                 ###############      %%%%%%%%%%%%%%%%%%%%%%%%
                ##################     %%%%%%%%%%%%%%%%%%%%%%%
                ###################     %%%%%%%%%%%%%%%%%%%%%%%
                ####################     %%%%%%%%%%%%%%%%%%%%%%
                #####################     %%%%%%%%%%%%%%%%%%%%%
                ######################     %%%%%%%%%%%%%%%%%%%%
                #######################     %%%%%%%%%%%%%%%%%%
                 #######################     %%%%%%%%%%%%%%%%%
                 ######################     %%%%%%%%%%%%%%%%%
                  ####################     %%%%%%%%%%%%%%%%%
                    #################     %%%%%%%%%%%%%%%%%
                     ###############     %%%%%%%%%%%%%%%%
                       ############     %%%%%%%%%%%%%%%
                          ########     %%%%%%%%%%%%%%
                                      %%%%%%%%%%%

                 | The OpenMC Monte Carlo Code
       Copyright | 2011-2022 MIT, UChicago Argonne LLC, and contributors
         License | https://docs.openmc.org/en/latest/license.html
         Version | 0.13.1-dev
        Git SHA1 | 91638baeecec220b1ab5df59adf71714daf2cba4
       Date/Time | 2022-09-07 10:54:12
   MPI Processes | 4
  OpenMP Threads | 18

 Reading settings XML file...
 Reading cross sections XML file...
 Reading materials XML file...
 Reading geometry XML file...
 Reading U236 from
 /home/oyardas/2023-openmc-depletion-data/days3/../../cross-section-libraries/end
 fb71_hdf5/U236.h5
 Reading O16 from
 /home/oyardas/2023-openmc-depletion-data/days3/../../cross-section-libraries/end
 fb71_hdf5/O16.h5
 Reading O17 from
 /home/oyardas/2023-openmc-depletion-data/days3/../../cross-section-libraries/end
 fb71_hdf5/O17.h5
 Reading Cs135 from
 /home/oyardas/2023-openmc-depletion-data/days3/../../cross-section-libraries/end
 fb71_hdf5/Cs135.h5
 Reading Gd156 from
 /home/oyardas/2023-openmc-depletion-data/days3/../../cross-section-libraries/end
 fb71_hdf5/Gd156.h5
 Reading Gd157 from
 /home/oyardas/2023-openmc-depletion-data/days3/../../cross-section-libraries/end
 fb71_hdf5/Gd157.h5
 Reading I135 from
 /home/oyardas/2023-openmc-depletion-data/days3/../../cross-section-libraries/end
 fb71_hdf5/I135.h5
 Reading U234 from
 /home/oyardas/2023-openmc-depletion-data/days3/../../cross-section-libraries/end
 fb71_hdf5/U234.h5
 Reading U235 from
 /home/oyardas/2023-openmc-depletion-data/days3/../../cross-section-libraries/end
 fb71_hdf5/U235.h5
 Reading U238 from
 /home/oyardas/2023-openmc-depletion-data/days3/../../cross-section-libraries/end
 fb71_hdf5/U238.h5
 Reading Xe135 from
 /home/oyardas/2023-openmc-depletion-data/days3/../../cross-section-libraries/end
 fb71_hdf5/Xe135.h5
 Reading Xe136 from
 /home/oyardas/2023-openmc-depletion-data/days3/../../cross-section-libraries/end
 fb71_hdf5/Xe136.h5
 Reading Zr90 from
 /home/oyardas/2023-openmc-depletion-data/days3/../../cross-section-libraries/end
 fb71_hdf5/Zr90.h5
 Reading Zr91 from
 /home/oyardas/2023-openmc-depletion-data/days3/../../cross-section-libraries/end
 fb71_hdf5/Zr91.h5
 Reading Zr92 from
 /home/oyardas/2023-openmc-depletion-data/days3/../../cross-section-libraries/end
 fb71_hdf5/Zr92.h5
 Reading Zr94 from
 /home/oyardas/2023-openmc-depletion-data/days3/../../cross-section-libraries/end
 fb71_hdf5/Zr94.h5
 Reading Zr96 from
 /home/oyardas/2023-openmc-depletion-data/days3/../../cross-section-libraries/end
 fb71_hdf5/Zr96.h5
 Reading H1 from
 /home/oyardas/2023-openmc-depletion-data/days3/../../cross-section-libraries/end
 fb71_hdf5/H1.h5
 Reading H2 from
 /home/oyardas/2023-openmc-depletion-data/days3/../../cross-section-libraries/end
 fb71_hdf5/H2.h5
 Reading c_H_in_H2O from
 /home/oyardas/2023-openmc-depletion-data/days3/../../cross-section-libraries/end
 fb71_hdf5/c_H_in_H2O.h5
 Minimum neutron data temperature: 294 K
 Maximum neutron data temperature: 294 K
 Reading tallies XML file...
 Preparing distributed cell instances...
 Reading plot XML file...
 Writing summary.h5 file...
 Maximum neutron transport energy: 20000000 eV for O17
 Initializing source particles...

 ====================>     K EIGENVALUE SIMULATION     <====================

  Bat./Gen.      k            Average k
  =========   ========   ====================
        1/1    1.38682
        2/1    1.38900
        3/1    1.48823
        4/1    1.44639
        5/1    1.42426
        6/1    1.36595
        7/1    1.44311
        8/1    1.36846
        9/1    1.45946
       10/1    1.39518
       11/1    1.41381
       12/1    1.47542    1.44461 +/- 0.03080
       13/1    1.41792    1.43572 +/- 0.01989
       14/1    1.35543    1.41564 +/- 0.02451
       15/1    1.39479    1.41147 +/- 0.01944
       16/1    1.40598    1.41056 +/- 0.01590
       17/1    1.42760    1.41299 +/- 0.01365
       18/1    1.48012    1.42138 +/- 0.01450
       19/1    1.42271    1.42153 +/- 0.01279
       20/1    1.47290    1.42667 +/- 0.01254
       21/1    1.43161    1.42712 +/- 0.01135
       22/1    1.54789    1.43718 +/- 0.01444
       23/1    1.44637    1.43789 +/- 0.01331
       24/1    1.49042    1.44164 +/- 0.01288
       25/1    1.40366    1.43911 +/- 0.01225
       26/1    1.49777    1.44277 +/- 0.01203
       27/1    1.38597    1.43943 +/- 0.01179
       28/1    1.38566    1.43645 +/- 0.01151
       29/1    1.47445    1.43845 +/- 0.01107
       30/1    1.55594    1.44432 +/- 0.01203
       31/1    1.54883    1.44930 +/- 0.01248
       32/1    1.39508    1.44683 +/- 0.01215
       33/1    1.46923    1.44781 +/- 0.01165
       34/1    1.50562    1.45022 +/- 0.01141
       35/1    1.50947    1.45259 +/- 0.01120
       36/1    1.38970    1.45017 +/- 0.01103
       37/1    1.46016    1.45054 +/- 0.01062
       38/1    1.37686    1.44791 +/- 0.01057
       39/1    1.43298    1.44739 +/- 0.01021
       40/1    1.40664    1.44603 +/- 0.00995
       41/1    1.43498    1.44568 +/- 0.00964
       42/1    1.46074    1.44615 +/- 0.00934
       43/1    1.38061    1.44416 +/- 0.00927
       44/1    1.32574    1.44068 +/- 0.00964
       45/1    1.40711    1.43972 +/- 0.00941
       46/1    1.42481    1.43931 +/- 0.00916
       47/1    1.34563    1.43677 +/- 0.00926
       48/1    1.45912    1.43736 +/- 0.00903
       49/1    1.35589    1.43527 +/- 0.00904
       50/1    1.50973    1.43713 +/- 0.00901
 Creating state point statepoint.50.h5...

 =======================>     TIMING STATISTICS     <=======================

 Total time for initialization     = 2.0661e+00 seconds
   Reading cross sections          = 2.0307e+00 seconds
 Total time in simulation          = 2.4319e-01 seconds
   Time in transport only          = 1.2614e-01 seconds
   Time in inactive batches        = 7.8272e-02 seconds
   Time in active batches          = 1.6492e-01 seconds
   Time synchronizing fission bank = 7.2159e-02 seconds
     Sampling source sites         = 7.2425e-03 seconds
     SEND/RECV source sites        = 5.6925e-04 seconds
   Time accumulating tallies       = 3.5693e-03 seconds
   Time writing statepoints        = 3.1807e-02 seconds
 Total time for finalization       = 2.0922e-05 seconds
 Total time elapsed                = 2.3243e+00 seconds
 Calculation Rate (inactive)       = 127759 particles/second
 Calculation Rate (active)         = 242541 particles/second

 ============================>     RESULTS     <============================

 k-effective (Collision)     = 1.43375 +/- 0.00615
 k-effective (Track-length)  = 1.43713 +/- 0.00901
 k-effective (Absorption)    = 1.43693 +/- 0.00397
 Combined k-effective        = 1.43675 +/- 0.00398
 Leakage Fraction            = 0.00000 +/- 0.00000

[openmc.deplete] t=0.0 s, dt=259200 s, source=174
[openmc.deplete] t=259200.0 (final operator evaluation)
generating new microxs
/gpfs/fs1/home/oyardas/openmc/openmc/mixin.py:70: IDWarning: Another Filter instance already exists with id=1.
  warn(msg, IDWarning)
/gpfs/fs1/home/oyardas/openmc/openmc/mixin.py:70: IDWarning: Another Filter instance already exists with id=2.
  warn(msg, IDWarning)
                                %%%%%%%%%%%%%%%
                           %%%%%%%%%%%%%%%%%%%%%%%%
                        %%%%%%%%%%%%%%%%%%%%%%%%%%%%%%
                      %%%%%%%%%%%%%%%%%%%%%%%%%%%%%%%%%%
                    %%%%%%%%%%%%%%%%%%%%%%%%%%%%%%%%%%%%%%
                   %%%%%%%%%%%%%%%%%%%%%%%%%%%%%%%%%%%%%%%%
                                    %%%%%%%%%%%%%%%%%%%%%%%%
                                     %%%%%%%%%%%%%%%%%%%%%%%%
                 ###############      %%%%%%%%%%%%%%%%%%%%%%%%
                ##################     %%%%%%%%%%%%%%%%%%%%%%%
                ###################     %%%%%%%%%%%%%%%%%%%%%%%
                ####################     %%%%%%%%%%%%%%%%%%%%%%
                #####################     %%%%%%%%%%%%%%%%%%%%%
                ######################     %%%%%%%%%%%%%%%%%%%%
                #######################     %%%%%%%%%%%%%%%%%%
                 #######################     %%%%%%%%%%%%%%%%%
                 ######################     %%%%%%%%%%%%%%%%%
                  ####################     %%%%%%%%%%%%%%%%%
                    #################     %%%%%%%%%%%%%%%%%
                     ###############     %%%%%%%%%%%%%%%%
                       ############     %%%%%%%%%%%%%%%
                          ########     %%%%%%%%%%%%%%
                                      %%%%%%%%%%%

                 | The OpenMC Monte Carlo Code
       Copyright | 2011-2022 MIT, UChicago Argonne LLC, and contributors
         License | https://docs.openmc.org/en/latest/license.html
         Version | 0.13.1-dev
        Git SHA1 | 91638baeecec220b1ab5df59adf71714daf2cba4
       Date/Time | 2022-09-07 10:54:15
   MPI Processes | 4
  OpenMP Threads | 18

 Reading settings XML file...
 Reading cross sections XML file...
 Reading materials XML file...
 Reading geometry XML file...
 Reading U236 from
 /home/oyardas/2023-openmc-depletion-data/days3/../../cross-section-libraries/end
 fb71_hdf5/U236.h5
 Reading O16 from
 /home/oyardas/2023-openmc-depletion-data/days3/../../cross-section-libraries/end
 fb71_hdf5/O16.h5
 Reading O17 from
 /home/oyardas/2023-openmc-depletion-data/days3/../../cross-section-libraries/end
 fb71_hdf5/O17.h5
 Reading Cs135 from
 /home/oyardas/2023-openmc-depletion-data/days3/../../cross-section-libraries/end
 fb71_hdf5/Cs135.h5
 Reading Gd156 from
 /home/oyardas/2023-openmc-depletion-data/days3/../../cross-section-libraries/end
 fb71_hdf5/Gd156.h5
 Reading Gd157 from
 /home/oyardas/2023-openmc-depletion-data/days3/../../cross-section-libraries/end
 fb71_hdf5/Gd157.h5
 Reading I135 from
 /home/oyardas/2023-openmc-depletion-data/days3/../../cross-section-libraries/end
 fb71_hdf5/I135.h5
 Reading U234 from
 /home/oyardas/2023-openmc-depletion-data/days3/../../cross-section-libraries/end
 fb71_hdf5/U234.h5
 Reading U235 from
 /home/oyardas/2023-openmc-depletion-data/days3/../../cross-section-libraries/end
 fb71_hdf5/U235.h5
 Reading U238 from
 /home/oyardas/2023-openmc-depletion-data/days3/../../cross-section-libraries/end
 fb71_hdf5/U238.h5
 Reading Xe135 from
 /home/oyardas/2023-openmc-depletion-data/days3/../../cross-section-libraries/end
 fb71_hdf5/Xe135.h5
 Reading Xe136 from
 /home/oyardas/2023-openmc-depletion-data/days3/../../cross-section-libraries/end
 fb71_hdf5/Xe136.h5
 Reading Zr90 from
 /home/oyardas/2023-openmc-depletion-data/days3/../../cross-section-libraries/end
 fb71_hdf5/Zr90.h5
 Reading Zr91 from
 /home/oyardas/2023-openmc-depletion-data/days3/../../cross-section-libraries/end
 fb71_hdf5/Zr91.h5
 Reading Zr92 from
 /home/oyardas/2023-openmc-depletion-data/days3/../../cross-section-libraries/end
 fb71_hdf5/Zr92.h5
 Reading Zr94 from
 /home/oyardas/2023-openmc-depletion-data/days3/../../cross-section-libraries/end
 fb71_hdf5/Zr94.h5
 Reading Zr96 from
 /home/oyardas/2023-openmc-depletion-data/days3/../../cross-section-libraries/end
 fb71_hdf5/Zr96.h5
 Reading H1 from
 /home/oyardas/2023-openmc-depletion-data/days3/../../cross-section-libraries/end
 fb71_hdf5/H1.h5
 Reading H2 from
 /home/oyardas/2023-openmc-depletion-data/days3/../../cross-section-libraries/end
 fb71_hdf5/H2.h5
 Reading c_H_in_H2O from
 /home/oyardas/2023-openmc-depletion-data/days3/../../cross-section-libraries/end
 fb71_hdf5/c_H_in_H2O.h5
 Minimum neutron data temperature: 294 K
 Maximum neutron data temperature: 294 K
 Reading tallies XML file...
 Preparing distributed cell instances...
 Reading plot XML file...
 Writing summary.h5 file...
 Maximum neutron transport energy: 20000000 eV for O17
 Initializing source particles...

 ====================>     K EIGENVALUE SIMULATION     <====================

  Bat./Gen.      k            Average k
  =========   ========   ====================
        1/1    1.38150
        2/1    1.43896
        3/1    1.46376
        4/1    1.45016
        5/1    1.50527
        6/1    1.42828
        7/1    1.39785
        8/1    1.41361
        9/1    1.36923
       10/1    1.45308
       11/1    1.44347
       12/1    1.56224    1.50286 +/- 0.05939
       13/1    1.49511    1.50027 +/- 0.03438
       14/1    1.48193    1.49569 +/- 0.02474
       15/1    1.37993    1.47254 +/- 0.03005
       16/1    1.37326    1.45599 +/- 0.02960
       17/1    1.37607    1.44457 +/- 0.02750
       18/1    1.57902    1.46138 +/- 0.02915
       19/1    1.36864    1.45108 +/- 0.02769
       20/1    1.36902    1.44287 +/- 0.02609
       21/1    1.41181    1.44005 +/- 0.02377
       22/1    1.37556    1.43467 +/- 0.02235
       23/1    1.44683    1.43561 +/- 0.02058
       24/1    1.50681    1.44069 +/- 0.01972
       25/1    1.48929    1.44393 +/- 0.01865
       26/1    1.46370    1.44517 +/- 0.01749
       27/1    1.34600    1.43933 +/- 0.01743
       28/1    1.42255    1.43840 +/- 0.01646
       29/1    1.33166    1.43278 +/- 0.01655
       30/1    1.38377    1.43033 +/- 0.01589
       31/1    1.50508    1.43389 +/- 0.01553
       32/1    1.40502    1.43258 +/- 0.01487
       33/1    1.44627    1.43318 +/- 0.01422
       34/1    1.39978    1.43178 +/- 0.01368
       35/1    1.55399    1.43667 +/- 0.01400
       36/1    1.38232    1.43458 +/- 0.01362
       37/1    1.58842    1.44028 +/- 0.01429
       38/1    1.51659    1.44300 +/- 0.01404
       39/1    1.46251    1.44368 +/- 0.01356
       40/1    1.42309    1.44299 +/- 0.01312
       41/1    1.41725    1.44216 +/- 0.01271
       42/1    1.43418    1.44191 +/- 0.01231
       43/1    1.47276    1.44285 +/- 0.01197
       44/1    1.52190    1.44517 +/- 0.01184
       45/1    1.46506    1.44574 +/- 0.01151
       46/1    1.35825    1.44331 +/- 0.01145
       47/1    1.45740    1.44369 +/- 0.01114
       48/1    1.42860    1.44329 +/- 0.01085
       49/1    1.41185    1.44249 +/- 0.01060
       50/1    1.47624    1.44333 +/- 0.01037
 Creating state point statepoint.50.h5...

 =======================>     TIMING STATISTICS     <=======================

 Total time for initialization     = 2.1125e+00 seconds
   Reading cross sections          = 2.0753e+00 seconds
 Total time in simulation          = 1.8583e-01 seconds
   Time in transport only          = 1.2659e-01 seconds
   Time in inactive batches        = 2.6525e-02 seconds
   Time in active batches          = 1.5930e-01 seconds
   Time synchronizing fission bank = 1.9581e-02 seconds
     Sampling source sites         = 7.5313e-03 seconds
     SEND/RECV source sites        = 5.9937e-04 seconds
   Time accumulating tallies       = 3.5914e-03 seconds
   Time writing statepoints        = 2.4729e-02 seconds
 Total time for finalization       = 2.3648e-05 seconds
 Total time elapsed                = 2.3133e+00 seconds
 Calculation Rate (inactive)       = 377008 particles/second
 Calculation Rate (active)         = 251091 particles/second

 ============================>     RESULTS     <============================

 k-effective (Collision)     = 1.43265 +/- 0.00743
 k-effective (Track-length)  = 1.44333 +/- 0.01037
 k-effective (Absorption)    = 1.43320 +/- 0.00531
 Combined k-effective        = 1.43124 +/- 0.00503
 Leakage Fraction            = 0.00000 +/- 0.00000

[openmc.deplete] t=0.0 s, dt=259200 s, source=174
[openmc.deplete] t=259200.0 (final operator evaluation)
generating new microxs
/gpfs/fs1/home/oyardas/openmc/openmc/mixin.py:70: IDWarning: Another Filter instance already exists with id=1.
  warn(msg, IDWarning)
/gpfs/fs1/home/oyardas/openmc/openmc/mixin.py:70: IDWarning: Another Filter instance already exists with id=2.
  warn(msg, IDWarning)
                                %%%%%%%%%%%%%%%
                           %%%%%%%%%%%%%%%%%%%%%%%%
                        %%%%%%%%%%%%%%%%%%%%%%%%%%%%%%
                      %%%%%%%%%%%%%%%%%%%%%%%%%%%%%%%%%%
                    %%%%%%%%%%%%%%%%%%%%%%%%%%%%%%%%%%%%%%
                   %%%%%%%%%%%%%%%%%%%%%%%%%%%%%%%%%%%%%%%%
                                    %%%%%%%%%%%%%%%%%%%%%%%%
                                     %%%%%%%%%%%%%%%%%%%%%%%%
                 ###############      %%%%%%%%%%%%%%%%%%%%%%%%
                ##################     %%%%%%%%%%%%%%%%%%%%%%%
                ###################     %%%%%%%%%%%%%%%%%%%%%%%
                ####################     %%%%%%%%%%%%%%%%%%%%%%
                #####################     %%%%%%%%%%%%%%%%%%%%%
                ######################     %%%%%%%%%%%%%%%%%%%%
                #######################     %%%%%%%%%%%%%%%%%%
                 #######################     %%%%%%%%%%%%%%%%%
                 ######################     %%%%%%%%%%%%%%%%%
                  ####################     %%%%%%%%%%%%%%%%%
                    #################     %%%%%%%%%%%%%%%%%
                     ###############     %%%%%%%%%%%%%%%%
                       ############     %%%%%%%%%%%%%%%
                          ########     %%%%%%%%%%%%%%
                                      %%%%%%%%%%%

                 | The OpenMC Monte Carlo Code
       Copyright | 2011-2022 MIT, UChicago Argonne LLC, and contributors
         License | https://docs.openmc.org/en/latest/license.html
         Version | 0.13.1-dev
        Git SHA1 | 91638baeecec220b1ab5df59adf71714daf2cba4
       Date/Time | 2022-09-07 10:54:19
   MPI Processes | 4
  OpenMP Threads | 18

 Reading settings XML file...
 Reading cross sections XML file...
 Reading materials XML file...
 Reading geometry XML file...
 Reading U236 from
 /home/oyardas/2023-openmc-depletion-data/days3/../../cross-section-libraries/end
 fb71_hdf5/U236.h5
 Reading O16 from
 /home/oyardas/2023-openmc-depletion-data/days3/../../cross-section-libraries/end
 fb71_hdf5/O16.h5
 Reading O17 from
 /home/oyardas/2023-openmc-depletion-data/days3/../../cross-section-libraries/end
 fb71_hdf5/O17.h5
 Reading Cs135 from
 /home/oyardas/2023-openmc-depletion-data/days3/../../cross-section-libraries/end
 fb71_hdf5/Cs135.h5
 Reading Gd156 from
 /home/oyardas/2023-openmc-depletion-data/days3/../../cross-section-libraries/end
 fb71_hdf5/Gd156.h5
 Reading Gd157 from
 /home/oyardas/2023-openmc-depletion-data/days3/../../cross-section-libraries/end
 fb71_hdf5/Gd157.h5
 Reading I135 from
 /home/oyardas/2023-openmc-depletion-data/days3/../../cross-section-libraries/end
 fb71_hdf5/I135.h5
 Reading U234 from
 /home/oyardas/2023-openmc-depletion-data/days3/../../cross-section-libraries/end
 fb71_hdf5/U234.h5
 Reading U235 from
 /home/oyardas/2023-openmc-depletion-data/days3/../../cross-section-libraries/end
 fb71_hdf5/U235.h5
 Reading U238 from
 /home/oyardas/2023-openmc-depletion-data/days3/../../cross-section-libraries/end
 fb71_hdf5/U238.h5
 Reading Xe135 from
 /home/oyardas/2023-openmc-depletion-data/days3/../../cross-section-libraries/end
 fb71_hdf5/Xe135.h5
 Reading Xe136 from
 /home/oyardas/2023-openmc-depletion-data/days3/../../cross-section-libraries/end
 fb71_hdf5/Xe136.h5
 Reading Zr90 from
 /home/oyardas/2023-openmc-depletion-data/days3/../../cross-section-libraries/end
 fb71_hdf5/Zr90.h5
 Reading Zr91 from
 /home/oyardas/2023-openmc-depletion-data/days3/../../cross-section-libraries/end
 fb71_hdf5/Zr91.h5
 Reading Zr92 from
 /home/oyardas/2023-openmc-depletion-data/days3/../../cross-section-libraries/end
 fb71_hdf5/Zr92.h5
 Reading Zr94 from
 /home/oyardas/2023-openmc-depletion-data/days3/../../cross-section-libraries/end
 fb71_hdf5/Zr94.h5
 Reading Zr96 from
 /home/oyardas/2023-openmc-depletion-data/days3/../../cross-section-libraries/end
 fb71_hdf5/Zr96.h5
 Reading H1 from
 /home/oyardas/2023-openmc-depletion-data/days3/../../cross-section-libraries/end
 fb71_hdf5/H1.h5
 Reading H2 from
 /home/oyardas/2023-openmc-depletion-data/days3/../../cross-section-libraries/end
 fb71_hdf5/H2.h5
 Reading c_H_in_H2O from
 /home/oyardas/2023-openmc-depletion-data/days3/../../cross-section-libraries/end
 fb71_hdf5/c_H_in_H2O.h5
 Minimum neutron data temperature: 294 K
 Maximum neutron data temperature: 294 K
 Reading tallies XML file...
 Preparing distributed cell instances...
 Reading plot XML file...
 Writing summary.h5 file...
 Maximum neutron transport energy: 20000000 eV for O17
 Initializing source particles...

 ====================>     K EIGENVALUE SIMULATION     <====================

  Bat./Gen.      k            Average k
  =========   ========   ====================
        1/1    1.37711
        2/1    1.40430
        3/1    1.33656
        4/1    1.40815
        5/1    1.34842
        6/1    1.40713
        7/1    1.30960
        8/1    1.47793
        9/1    1.41181
       10/1    1.45216
       11/1    1.42400
       12/1    1.44972    1.43686 +/- 0.01286
       13/1    1.44511    1.43961 +/- 0.00792
       14/1    1.41455    1.43334 +/- 0.00840
       15/1    1.42919    1.43251 +/- 0.00656
       16/1    1.41226    1.42914 +/- 0.00633
       17/1    1.47232    1.43531 +/- 0.00817
       18/1    1.44955    1.43709 +/- 0.00729
       19/1    1.46746    1.44046 +/- 0.00726
       20/1    1.37848    1.43426 +/- 0.00898
       21/1    1.43917    1.43471 +/- 0.00813
       22/1    1.48098    1.43857 +/- 0.00837
       23/1    1.42333    1.43739 +/- 0.00779
       24/1    1.41048    1.43547 +/- 0.00746
       25/1    1.48131    1.43853 +/- 0.00759
       26/1    1.33693    1.43218 +/- 0.00952
       27/1    1.34008    1.42676 +/- 0.01046
       28/1    1.47609    1.42950 +/- 0.01023
       29/1    1.45829    1.43102 +/- 0.00980
       30/1    1.38002    1.42847 +/- 0.00964
       31/1    1.40679    1.42743 +/- 0.00923
       32/1    1.48745    1.43016 +/- 0.00921
       33/1    1.49496    1.43298 +/- 0.00924
       34/1    1.40442    1.43179 +/- 0.00893
       35/1    1.47423    1.43349 +/- 0.00873
       36/1    1.45632    1.43436 +/- 0.00843
       37/1    1.44343    1.43470 +/- 0.00812
       38/1    1.40268    1.43356 +/- 0.00791
       39/1    1.47184    1.43488 +/- 0.00774
       40/1    1.41768    1.43430 +/- 0.00750
       41/1    1.40367    1.43332 +/- 0.00732
       42/1    1.41261    1.43267 +/- 0.00712
       43/1    1.40180    1.43173 +/- 0.00697
       44/1    1.50940    1.43402 +/- 0.00713
       45/1    1.39243    1.43283 +/- 0.00703
       46/1    1.47283    1.43394 +/- 0.00692
       47/1    1.46918    1.43489 +/- 0.00680
       48/1    1.44077    1.43505 +/- 0.00662
       49/1    1.59064    1.43904 +/- 0.00758
       50/1    1.37153    1.43735 +/- 0.00758
 Creating state point statepoint.50.h5...

 =======================>     TIMING STATISTICS     <=======================

 Total time for initialization     = 2.0859e+00 seconds
   Reading cross sections          = 2.0496e+00 seconds
 Total time in simulation          = 2.0449e-01 seconds
   Time in transport only          = 1.2512e-01 seconds
   Time in inactive batches        = 4.5500e-02 seconds
   Time in active batches          = 1.5899e-01 seconds
   Time synchronizing fission bank = 4.1609e-02 seconds
     Sampling source sites         = 7.7271e-03 seconds
     SEND/RECV source sites        = 6.0861e-04 seconds
   Time accumulating tallies       = 3.5804e-03 seconds
   Time writing statepoints        = 2.4614e-02 seconds
 Total time for finalization       = 2.9998e-05 seconds
 Total time elapsed                = 2.3055e+00 seconds
 Calculation Rate (inactive)       = 219782 particles/second
 Calculation Rate (active)         = 251581 particles/second

 ============================>     RESULTS     <============================

 k-effective (Collision)     = 1.43328 +/- 0.00721
 k-effective (Track-length)  = 1.43735 +/- 0.00758
 k-effective (Absorption)    = 1.43978 +/- 0.00548
 Combined k-effective        = 1.43817 +/- 0.00477
 Leakage Fraction            = 0.00000 +/- 0.00000

[openmc.deplete] t=0.0 s, dt=259200 s, source=174
[openmc.deplete] t=259200.0 (final operator evaluation)
generating new microxs
/gpfs/fs1/home/oyardas/openmc/openmc/mixin.py:70: IDWarning: Another Filter instance already exists with id=1.
  warn(msg, IDWarning)
/gpfs/fs1/home/oyardas/openmc/openmc/mixin.py:70: IDWarning: Another Filter instance already exists with id=2.
  warn(msg, IDWarning)
                                %%%%%%%%%%%%%%%
                           %%%%%%%%%%%%%%%%%%%%%%%%
                        %%%%%%%%%%%%%%%%%%%%%%%%%%%%%%
                      %%%%%%%%%%%%%%%%%%%%%%%%%%%%%%%%%%
                    %%%%%%%%%%%%%%%%%%%%%%%%%%%%%%%%%%%%%%
                   %%%%%%%%%%%%%%%%%%%%%%%%%%%%%%%%%%%%%%%%
                                    %%%%%%%%%%%%%%%%%%%%%%%%
                                     %%%%%%%%%%%%%%%%%%%%%%%%
                 ###############      %%%%%%%%%%%%%%%%%%%%%%%%
                ##################     %%%%%%%%%%%%%%%%%%%%%%%
                ###################     %%%%%%%%%%%%%%%%%%%%%%%
                ####################     %%%%%%%%%%%%%%%%%%%%%%
                #####################     %%%%%%%%%%%%%%%%%%%%%
                ######################     %%%%%%%%%%%%%%%%%%%%
                #######################     %%%%%%%%%%%%%%%%%%
                 #######################     %%%%%%%%%%%%%%%%%
                 ######################     %%%%%%%%%%%%%%%%%
                  ####################     %%%%%%%%%%%%%%%%%
                    #################     %%%%%%%%%%%%%%%%%
                     ###############     %%%%%%%%%%%%%%%%
                       ############     %%%%%%%%%%%%%%%
                          ########     %%%%%%%%%%%%%%
                                      %%%%%%%%%%%

                 | The OpenMC Monte Carlo Code
       Copyright | 2011-2022 MIT, UChicago Argonne LLC, and contributors
         License | https://docs.openmc.org/en/latest/license.html
         Version | 0.13.1-dev
        Git SHA1 | 91638baeecec220b1ab5df59adf71714daf2cba4
       Date/Time | 2022-09-07 10:54:23
   MPI Processes | 4
  OpenMP Threads | 18

 Reading settings XML file...
 Reading cross sections XML file...
 Reading materials XML file...
 Reading geometry XML file...
 Reading U236 from
 /home/oyardas/2023-openmc-depletion-data/days3/../../cross-section-libraries/end
 fb71_hdf5/U236.h5
 Reading O16 from
 /home/oyardas/2023-openmc-depletion-data/days3/../../cross-section-libraries/end
 fb71_hdf5/O16.h5
 Reading O17 from
 /home/oyardas/2023-openmc-depletion-data/days3/../../cross-section-libraries/end
 fb71_hdf5/O17.h5
 Reading Cs135 from
 /home/oyardas/2023-openmc-depletion-data/days3/../../cross-section-libraries/end
 fb71_hdf5/Cs135.h5
 Reading Gd156 from
 /home/oyardas/2023-openmc-depletion-data/days3/../../cross-section-libraries/end
 fb71_hdf5/Gd156.h5
 Reading Gd157 from
 /home/oyardas/2023-openmc-depletion-data/days3/../../cross-section-libraries/end
 fb71_hdf5/Gd157.h5
 Reading I135 from
 /home/oyardas/2023-openmc-depletion-data/days3/../../cross-section-libraries/end
 fb71_hdf5/I135.h5
 Reading U234 from
 /home/oyardas/2023-openmc-depletion-data/days3/../../cross-section-libraries/end
 fb71_hdf5/U234.h5
 Reading U235 from
 /home/oyardas/2023-openmc-depletion-data/days3/../../cross-section-libraries/end
 fb71_hdf5/U235.h5
 Reading U238 from
 /home/oyardas/2023-openmc-depletion-data/days3/../../cross-section-libraries/end
 fb71_hdf5/U238.h5
 Reading Xe135 from
 /home/oyardas/2023-openmc-depletion-data/days3/../../cross-section-libraries/end
 fb71_hdf5/Xe135.h5
 Reading Xe136 from
 /home/oyardas/2023-openmc-depletion-data/days3/../../cross-section-libraries/end
 fb71_hdf5/Xe136.h5
 Reading Zr90 from
 /home/oyardas/2023-openmc-depletion-data/days3/../../cross-section-libraries/end
 fb71_hdf5/Zr90.h5
 Reading Zr91 from
 /home/oyardas/2023-openmc-depletion-data/days3/../../cross-section-libraries/end
 fb71_hdf5/Zr91.h5
 Reading Zr92 from
 /home/oyardas/2023-openmc-depletion-data/days3/../../cross-section-libraries/end
 fb71_hdf5/Zr92.h5
 Reading Zr94 from
 /home/oyardas/2023-openmc-depletion-data/days3/../../cross-section-libraries/end
 fb71_hdf5/Zr94.h5
 Reading Zr96 from
 /home/oyardas/2023-openmc-depletion-data/days3/../../cross-section-libraries/end
 fb71_hdf5/Zr96.h5
 Reading H1 from
 /home/oyardas/2023-openmc-depletion-data/days3/../../cross-section-libraries/end
 fb71_hdf5/H1.h5
 Reading H2 from
 /home/oyardas/2023-openmc-depletion-data/days3/../../cross-section-libraries/end
 fb71_hdf5/H2.h5
 Reading c_H_in_H2O from
 /home/oyardas/2023-openmc-depletion-data/days3/../../cross-section-libraries/end
 fb71_hdf5/c_H_in_H2O.h5
 Minimum neutron data temperature: 294 K
 Maximum neutron data temperature: 294 K
 Reading tallies XML file...
 Preparing distributed cell instances...
 Reading plot XML file...
 Writing summary.h5 file...
 Maximum neutron transport energy: 20000000 eV for O17
 Initializing source particles...

 ====================>     K EIGENVALUE SIMULATION     <====================

  Bat./Gen.      k            Average k
  =========   ========   ====================
        1/1    1.38482
        2/1    1.32728
        3/1    1.43708
        4/1    1.43436
        5/1    1.40892
        6/1    1.46664
        7/1    1.46125
        8/1    1.46859
        9/1    1.48072
       10/1    1.47336
       11/1    1.43784
       12/1    1.58015    1.50900 +/- 0.07116
       13/1    1.42669    1.48156 +/- 0.04940
       14/1    1.37637    1.45526 +/- 0.04372
       15/1    1.45165    1.45454 +/- 0.03388
       16/1    1.47409    1.45780 +/- 0.02785
       17/1    1.40060    1.44963 +/- 0.02492
       18/1    1.51557    1.45787 +/- 0.02310
       19/1    1.49715    1.46223 +/- 0.02083
       20/1    1.33926    1.44994 +/- 0.02233
       21/1    1.35381    1.44120 +/- 0.02200
       22/1    1.47252    1.44381 +/- 0.02026
       23/1    1.38745    1.43947 +/- 0.01913
       24/1    1.49310    1.44330 +/- 0.01812
       25/1    1.30627    1.43417 +/- 0.01918
       26/1    1.36917    1.43011 +/- 0.01840
       27/1    1.42907    1.43004 +/- 0.01728
       28/1    1.39230    1.42795 +/- 0.01643
       29/1    1.44527    1.42886 +/- 0.01557
       30/1    1.37838    1.42634 +/- 0.01498
       31/1    1.42039    1.42605 +/- 0.01425
       32/1    1.38879    1.42436 +/- 0.01370
       33/1    1.49733    1.42753 +/- 0.01347
       34/1    1.36524    1.42494 +/- 0.01315
       35/1    1.47140    1.42679 +/- 0.01275
       36/1    1.45719    1.42796 +/- 0.01231
       37/1    1.35175    1.42514 +/- 0.01217
       38/1    1.49380    1.42759 +/- 0.01198
       39/1    1.44585    1.42822 +/- 0.01158
       40/1    1.49092    1.43031 +/- 0.01138
       41/1    1.46295    1.43136 +/- 0.01106
       42/1    1.43781    1.43157 +/- 0.01071
       43/1    1.41808    1.43116 +/- 0.01039
       44/1    1.42388    1.43094 +/- 0.01008
       45/1    1.44539    1.43136 +/- 0.00980
       46/1    1.41724    1.43096 +/- 0.00953
       47/1    1.38586    1.42974 +/- 0.00935
       48/1    1.49087    1.43135 +/- 0.00924
       49/1    1.42955    1.43131 +/- 0.00900
       50/1    1.46768    1.43222 +/- 0.00882
 Creating state point statepoint.50.h5...

 =======================>     TIMING STATISTICS     <=======================

 Total time for initialization     = 2.0052e+00 seconds
   Reading cross sections          = 1.9689e+00 seconds
 Total time in simulation          = 2.8369e-01 seconds
   Time in transport only          = 1.2501e-01 seconds
   Time in inactive batches        = 1.2144e-01 seconds
   Time in active batches          = 1.6225e-01 seconds
   Time synchronizing fission bank = 1.1873e-01 seconds
     Sampling source sites         = 9.0498e-03 seconds
     SEND/RECV source sites        = 4.1827e-04 seconds
   Time accumulating tallies       = 3.8036e-03 seconds
   Time writing statepoints        = 2.7012e-02 seconds
 Total time for finalization       = 4.6047e-05 seconds
 Total time elapsed                = 2.3032e+00 seconds
 Calculation Rate (inactive)       = 82346.1 particles/second
 Calculation Rate (active)         = 246526 particles/second

 ============================>     RESULTS     <============================

 k-effective (Collision)     = 1.43393 +/- 0.00585
 k-effective (Track-length)  = 1.43222 +/- 0.00882
 k-effective (Absorption)    = 1.43719 +/- 0.00375
 Combined k-effective        = 1.43651 +/- 0.00366
 Leakage Fraction            = 0.00000 +/- 0.00000

[openmc.deplete] t=0.0 s, dt=259200 s, source=174
[openmc.deplete] t=259200.0 (final operator evaluation)
generating new microxs
/gpfs/fs1/home/oyardas/openmc/openmc/mixin.py:70: IDWarning: Another Filter instance already exists with id=1.
  warn(msg, IDWarning)
/gpfs/fs1/home/oyardas/openmc/openmc/mixin.py:70: IDWarning: Another Filter instance already exists with id=2.
  warn(msg, IDWarning)
                                %%%%%%%%%%%%%%%
                           %%%%%%%%%%%%%%%%%%%%%%%%
                        %%%%%%%%%%%%%%%%%%%%%%%%%%%%%%
                      %%%%%%%%%%%%%%%%%%%%%%%%%%%%%%%%%%
                    %%%%%%%%%%%%%%%%%%%%%%%%%%%%%%%%%%%%%%
                   %%%%%%%%%%%%%%%%%%%%%%%%%%%%%%%%%%%%%%%%
                                    %%%%%%%%%%%%%%%%%%%%%%%%
                                     %%%%%%%%%%%%%%%%%%%%%%%%
                 ###############      %%%%%%%%%%%%%%%%%%%%%%%%
                ##################     %%%%%%%%%%%%%%%%%%%%%%%
                ###################     %%%%%%%%%%%%%%%%%%%%%%%
                ####################     %%%%%%%%%%%%%%%%%%%%%%
                #####################     %%%%%%%%%%%%%%%%%%%%%
                ######################     %%%%%%%%%%%%%%%%%%%%
                #######################     %%%%%%%%%%%%%%%%%%
                 #######################     %%%%%%%%%%%%%%%%%
                 ######################     %%%%%%%%%%%%%%%%%
                  ####################     %%%%%%%%%%%%%%%%%
                    #################     %%%%%%%%%%%%%%%%%
                     ###############     %%%%%%%%%%%%%%%%
                       ############     %%%%%%%%%%%%%%%
                          ########     %%%%%%%%%%%%%%
                                      %%%%%%%%%%%

                 | The OpenMC Monte Carlo Code
       Copyright | 2011-2022 MIT, UChicago Argonne LLC, and contributors
         License | https://docs.openmc.org/en/latest/license.html
         Version | 0.13.1-dev
        Git SHA1 | 91638baeecec220b1ab5df59adf71714daf2cba4
       Date/Time | 2022-09-07 10:54:26
   MPI Processes | 4
  OpenMP Threads | 18

 Reading settings XML file...
 Reading cross sections XML file...
 Reading materials XML file...
 Reading geometry XML file...
 Reading U236 from
 /home/oyardas/2023-openmc-depletion-data/days3/../../cross-section-libraries/end
 fb71_hdf5/U236.h5
 Reading O16 from
 /home/oyardas/2023-openmc-depletion-data/days3/../../cross-section-libraries/end
 fb71_hdf5/O16.h5
 Reading O17 from
 /home/oyardas/2023-openmc-depletion-data/days3/../../cross-section-libraries/end
 fb71_hdf5/O17.h5
 Reading Cs135 from
 /home/oyardas/2023-openmc-depletion-data/days3/../../cross-section-libraries/end
 fb71_hdf5/Cs135.h5
 Reading Gd156 from
 /home/oyardas/2023-openmc-depletion-data/days3/../../cross-section-libraries/end
 fb71_hdf5/Gd156.h5
 Reading Gd157 from
 /home/oyardas/2023-openmc-depletion-data/days3/../../cross-section-libraries/end
 fb71_hdf5/Gd157.h5
 Reading I135 from
 /home/oyardas/2023-openmc-depletion-data/days3/../../cross-section-libraries/end
 fb71_hdf5/I135.h5
 Reading U234 from
 /home/oyardas/2023-openmc-depletion-data/days3/../../cross-section-libraries/end
 fb71_hdf5/U234.h5
 Reading U235 from
 /home/oyardas/2023-openmc-depletion-data/days3/../../cross-section-libraries/end
 fb71_hdf5/U235.h5
 Reading U238 from
 /home/oyardas/2023-openmc-depletion-data/days3/../../cross-section-libraries/end
 fb71_hdf5/U238.h5
 Reading Xe135 from
 /home/oyardas/2023-openmc-depletion-data/days3/../../cross-section-libraries/end
 fb71_hdf5/Xe135.h5
 Reading Xe136 from
 /home/oyardas/2023-openmc-depletion-data/days3/../../cross-section-libraries/end
 fb71_hdf5/Xe136.h5
 Reading Zr90 from
 /home/oyardas/2023-openmc-depletion-data/days3/../../cross-section-libraries/end
 fb71_hdf5/Zr90.h5
 Reading Zr91 from
 /home/oyardas/2023-openmc-depletion-data/days3/../../cross-section-libraries/end
 fb71_hdf5/Zr91.h5
 Reading Zr92 from
 /home/oyardas/2023-openmc-depletion-data/days3/../../cross-section-libraries/end
 fb71_hdf5/Zr92.h5
 Reading Zr94 from
 /home/oyardas/2023-openmc-depletion-data/days3/../../cross-section-libraries/end
 fb71_hdf5/Zr94.h5
 Reading Zr96 from
 /home/oyardas/2023-openmc-depletion-data/days3/../../cross-section-libraries/end
 fb71_hdf5/Zr96.h5
 Reading H1 from
 /home/oyardas/2023-openmc-depletion-data/days3/../../cross-section-libraries/end
 fb71_hdf5/H1.h5
 Reading H2 from
 /home/oyardas/2023-openmc-depletion-data/days3/../../cross-section-libraries/end
 fb71_hdf5/H2.h5
 Reading c_H_in_H2O from
 /home/oyardas/2023-openmc-depletion-data/days3/../../cross-section-libraries/end
 fb71_hdf5/c_H_in_H2O.h5
 Minimum neutron data temperature: 294 K
 Maximum neutron data temperature: 294 K
 Reading tallies XML file...
 Preparing distributed cell instances...
 Reading plot XML file...
 Writing summary.h5 file...
 Maximum neutron transport energy: 20000000 eV for O17
 Initializing source particles...

 ====================>     K EIGENVALUE SIMULATION     <====================

  Bat./Gen.      k            Average k
  =========   ========   ====================
        1/1    1.37857
        2/1    1.32322
        3/1    1.41735
        4/1    1.44899
        5/1    1.51037
        6/1    1.35914
        7/1    1.48124
        8/1    1.44788
        9/1    1.42664
       10/1    1.37298
       11/1    1.43561
       12/1    1.46784    1.45173 +/- 0.01612
       13/1    1.41656    1.44000 +/- 0.01497
       14/1    1.43013    1.43754 +/- 0.01087
       15/1    1.50578    1.45118 +/- 0.01604
       16/1    1.47218    1.45468 +/- 0.01355
       17/1    1.47261    1.45724 +/- 0.01174
       18/1    1.41951    1.45253 +/- 0.01121
       19/1    1.43221    1.45027 +/- 0.01014
       20/1    1.48542    1.45378 +/- 0.00972
       21/1    1.43703    1.45226 +/- 0.00893
       22/1    1.40681    1.44847 +/- 0.00899
       23/1    1.35558    1.44133 +/- 0.01093
       24/1    1.43781    1.44108 +/- 0.01012
       25/1    1.43362    1.44058 +/- 0.00943
       26/1    1.48122    1.44312 +/- 0.00918
       27/1    1.45777    1.44398 +/- 0.00867
       28/1    1.56684    1.45081 +/- 0.01065
       29/1    1.41996    1.44918 +/- 0.01020
       30/1    1.34796    1.44412 +/- 0.01092
       31/1    1.50560    1.44705 +/- 0.01079
       32/1    1.45330    1.44733 +/- 0.01030
       33/1    1.40301    1.44541 +/- 0.01002
       34/1    1.43698    1.44506 +/- 0.00960
       35/1    1.42853    1.44439 +/- 0.00924
       36/1    1.52234    1.44739 +/- 0.00937
       37/1    1.48202    1.44867 +/- 0.00910
       38/1    1.39367    1.44671 +/- 0.00899
       39/1    1.42603    1.44600 +/- 0.00870
       40/1    1.48662    1.44735 +/- 0.00852
       41/1    1.48191    1.44847 +/- 0.00831
       42/1    1.50672    1.45029 +/- 0.00825
       43/1    1.36657    1.44775 +/- 0.00839
       44/1    1.49610    1.44917 +/- 0.00826
       45/1    1.40072    1.44779 +/- 0.00814
       46/1    1.42337    1.44711 +/- 0.00794
       47/1    1.44440    1.44704 +/- 0.00772
       48/1    1.46230    1.44744 +/- 0.00753
       49/1    1.45590    1.44765 +/- 0.00734
       50/1    1.32497    1.44459 +/- 0.00778
 Creating state point statepoint.50.h5...

 =======================>     TIMING STATISTICS     <=======================

 Total time for initialization     = 2.3334e+00 seconds
   Reading cross sections          = 2.2788e+00 seconds
 Total time in simulation          = 1.8245e-01 seconds
   Time in transport only          = 1.2635e-01 seconds
   Time in inactive batches        = 2.4264e-02 seconds
   Time in active batches          = 1.5818e-01 seconds
   Time synchronizing fission bank = 1.9929e-02 seconds
     Sampling source sites         = 8.1262e-03 seconds
     SEND/RECV source sites        = 4.2694e-04 seconds
   Time accumulating tallies       = 2.3453e-03 seconds
   Time writing statepoints        = 2.2982e-02 seconds
 Total time for finalization       = 2.7814e-05 seconds
 Total time elapsed                = 2.5307e+00 seconds
 Calculation Rate (inactive)       = 412140 particles/second
 Calculation Rate (active)         = 252873 particles/second

 ============================>     RESULTS     <============================

 k-effective (Collision)     = 1.44949 +/- 0.00673
 k-effective (Track-length)  = 1.44459 +/- 0.00778
 k-effective (Absorption)    = 1.43947 +/- 0.00420
 Combined k-effective        = 1.44047 +/- 0.00378
 Leakage Fraction            = 0.00000 +/- 0.00000

[openmc.deplete] t=0.0 s, dt=259200 s, source=174
[openmc.deplete] t=259200.0 (final operator evaluation)
generating new microxs
/gpfs/fs1/home/oyardas/openmc/openmc/mixin.py:70: IDWarning: Another Filter instance already exists with id=1.
  warn(msg, IDWarning)
/gpfs/fs1/home/oyardas/openmc/openmc/mixin.py:70: IDWarning: Another Filter instance already exists with id=2.
  warn(msg, IDWarning)
                                %%%%%%%%%%%%%%%
                           %%%%%%%%%%%%%%%%%%%%%%%%
                        %%%%%%%%%%%%%%%%%%%%%%%%%%%%%%
                      %%%%%%%%%%%%%%%%%%%%%%%%%%%%%%%%%%
                    %%%%%%%%%%%%%%%%%%%%%%%%%%%%%%%%%%%%%%
                   %%%%%%%%%%%%%%%%%%%%%%%%%%%%%%%%%%%%%%%%
                                    %%%%%%%%%%%%%%%%%%%%%%%%
                                     %%%%%%%%%%%%%%%%%%%%%%%%
                 ###############      %%%%%%%%%%%%%%%%%%%%%%%%
                ##################     %%%%%%%%%%%%%%%%%%%%%%%
                ###################     %%%%%%%%%%%%%%%%%%%%%%%
                ####################     %%%%%%%%%%%%%%%%%%%%%%
                #####################     %%%%%%%%%%%%%%%%%%%%%
                ######################     %%%%%%%%%%%%%%%%%%%%
                #######################     %%%%%%%%%%%%%%%%%%
                 #######################     %%%%%%%%%%%%%%%%%
                 ######################     %%%%%%%%%%%%%%%%%
                  ####################     %%%%%%%%%%%%%%%%%
                    #################     %%%%%%%%%%%%%%%%%
                     ###############     %%%%%%%%%%%%%%%%
                       ############     %%%%%%%%%%%%%%%
                          ########     %%%%%%%%%%%%%%
                                      %%%%%%%%%%%

                 | The OpenMC Monte Carlo Code
       Copyright | 2011-2022 MIT, UChicago Argonne LLC, and contributors
         License | https://docs.openmc.org/en/latest/license.html
         Version | 0.13.1-dev
        Git SHA1 | 91638baeecec220b1ab5df59adf71714daf2cba4
       Date/Time | 2022-09-07 10:54:30
   MPI Processes | 4
  OpenMP Threads | 18

 Reading settings XML file...
 Reading cross sections XML file...
 Reading materials XML file...
 Reading geometry XML file...
 Reading U236 from
 /home/oyardas/2023-openmc-depletion-data/days3/../../cross-section-libraries/end
 fb71_hdf5/U236.h5
 Reading O16 from
 /home/oyardas/2023-openmc-depletion-data/days3/../../cross-section-libraries/end
 fb71_hdf5/O16.h5
 Reading O17 from
 /home/oyardas/2023-openmc-depletion-data/days3/../../cross-section-libraries/end
 fb71_hdf5/O17.h5
 Reading Cs135 from
 /home/oyardas/2023-openmc-depletion-data/days3/../../cross-section-libraries/end
 fb71_hdf5/Cs135.h5
 Reading Gd156 from
 /home/oyardas/2023-openmc-depletion-data/days3/../../cross-section-libraries/end
 fb71_hdf5/Gd156.h5
 Reading Gd157 from
 /home/oyardas/2023-openmc-depletion-data/days3/../../cross-section-libraries/end
 fb71_hdf5/Gd157.h5
 Reading I135 from
 /home/oyardas/2023-openmc-depletion-data/days3/../../cross-section-libraries/end
 fb71_hdf5/I135.h5
 Reading U234 from
 /home/oyardas/2023-openmc-depletion-data/days3/../../cross-section-libraries/end
 fb71_hdf5/U234.h5
 Reading U235 from
 /home/oyardas/2023-openmc-depletion-data/days3/../../cross-section-libraries/end
 fb71_hdf5/U235.h5
 Reading U238 from
 /home/oyardas/2023-openmc-depletion-data/days3/../../cross-section-libraries/end
 fb71_hdf5/U238.h5
 Reading Xe135 from
 /home/oyardas/2023-openmc-depletion-data/days3/../../cross-section-libraries/end
 fb71_hdf5/Xe135.h5
 Reading Xe136 from
 /home/oyardas/2023-openmc-depletion-data/days3/../../cross-section-libraries/end
 fb71_hdf5/Xe136.h5
 Reading Zr90 from
 /home/oyardas/2023-openmc-depletion-data/days3/../../cross-section-libraries/end
 fb71_hdf5/Zr90.h5
 Reading Zr91 from
 /home/oyardas/2023-openmc-depletion-data/days3/../../cross-section-libraries/end
 fb71_hdf5/Zr91.h5
 Reading Zr92 from
 /home/oyardas/2023-openmc-depletion-data/days3/../../cross-section-libraries/end
 fb71_hdf5/Zr92.h5
 Reading Zr94 from
 /home/oyardas/2023-openmc-depletion-data/days3/../../cross-section-libraries/end
 fb71_hdf5/Zr94.h5
 Reading Zr96 from
 /home/oyardas/2023-openmc-depletion-data/days3/../../cross-section-libraries/end
 fb71_hdf5/Zr96.h5
 Reading H1 from
 /home/oyardas/2023-openmc-depletion-data/days3/../../cross-section-libraries/end
 fb71_hdf5/H1.h5
 Reading H2 from
 /home/oyardas/2023-openmc-depletion-data/days3/../../cross-section-libraries/end
 fb71_hdf5/H2.h5
 Reading c_H_in_H2O from
 /home/oyardas/2023-openmc-depletion-data/days3/../../cross-section-libraries/end
 fb71_hdf5/c_H_in_H2O.h5
 Minimum neutron data temperature: 294 K
 Maximum neutron data temperature: 294 K
 Reading tallies XML file...
 Preparing distributed cell instances...
 Reading plot XML file...
 Writing summary.h5 file...
 Maximum neutron transport energy: 20000000 eV for O17
 Initializing source particles...

 ====================>     K EIGENVALUE SIMULATION     <====================

  Bat./Gen.      k            Average k
  =========   ========   ====================
        1/1    1.39109
        2/1    1.40940
        3/1    1.43066
        4/1    1.44701
        5/1    1.37759
        6/1    1.41650
        7/1    1.47209
        8/1    1.46830
        9/1    1.42144
       10/1    1.48306
       11/1    1.46003
       12/1    1.48563    1.47283 +/- 0.01280
       13/1    1.51625    1.48730 +/- 0.01625
       14/1    1.51088    1.49320 +/- 0.01291
       15/1    1.47135    1.48883 +/- 0.01092
       16/1    1.44565    1.48163 +/- 0.01145
       17/1    1.43608    1.47512 +/- 0.01167
       18/1    1.39948    1.46567 +/- 0.01384
       19/1    1.46761    1.46588 +/- 0.01220
       20/1    1.39980    1.45928 +/- 0.01276
       21/1    1.51155    1.46403 +/- 0.01248
       22/1    1.53685    1.47010 +/- 0.01291
       23/1    1.52906    1.47463 +/- 0.01271
       24/1    1.47244    1.47448 +/- 0.01177
       25/1    1.44777    1.47269 +/- 0.01110
       26/1    1.49201    1.47390 +/- 0.01045
       27/1    1.53693    1.47761 +/- 0.01050
       28/1    1.40487    1.47357 +/- 0.01069
       29/1    1.41103    1.47028 +/- 0.01063
       30/1    1.47778    1.47065 +/- 0.01009
       31/1    1.48765    1.47146 +/- 0.00964
       32/1    1.47004    1.47140 +/- 0.00919
       33/1    1.48929    1.47217 +/- 0.00881
       34/1    1.45507    1.47146 +/- 0.00847
       35/1    1.46635    1.47126 +/- 0.00813
       36/1    1.44193    1.47013 +/- 0.00789
       37/1    1.46661    1.47000 +/- 0.00759
       38/1    1.46499    1.46982 +/- 0.00732
       39/1    1.52018    1.47156 +/- 0.00727
       40/1    1.46492    1.47134 +/- 0.00703
       41/1    1.50058    1.47228 +/- 0.00686
       42/1    1.50450    1.47329 +/- 0.00672
       43/1    1.52742    1.47493 +/- 0.00672
       44/1    1.45443    1.47432 +/- 0.00654
       45/1    1.39835    1.47215 +/- 0.00671
       46/1    1.36498    1.46918 +/- 0.00717
       47/1    1.36005    1.46623 +/- 0.00757
       48/1    1.39319    1.46430 +/- 0.00762
       49/1    1.48399    1.46481 +/- 0.00744
       50/1    1.44332    1.46427 +/- 0.00727
 Creating state point statepoint.50.h5...

 =======================>     TIMING STATISTICS     <=======================

 Total time for initialization     = 2.0875e+00 seconds
   Reading cross sections          = 2.0528e+00 seconds
 Total time in simulation          = 2.3355e-01 seconds
   Time in transport only          = 1.2875e-01 seconds
   Time in inactive batches        = 7.0566e-02 seconds
   Time in active batches          = 1.6298e-01 seconds
   Time synchronizing fission bank = 6.4159e-02 seconds
     Sampling source sites         = 7.0104e-03 seconds
     SEND/RECV source sites        = 6.2100e-04 seconds
   Time accumulating tallies       = 3.7988e-03 seconds
   Time writing statepoints        = 2.7332e-02 seconds
 Total time for finalization       = 2.2524e-05 seconds
 Total time elapsed                = 2.3381e+00 seconds
 Calculation Rate (inactive)       = 141711 particles/second
 Calculation Rate (active)         = 245426 particles/second

 ============================>     RESULTS     <============================

 k-effective (Collision)     = 1.45166 +/- 0.00442
 k-effective (Track-length)  = 1.46427 +/- 0.00727
 k-effective (Absorption)    = 1.43898 +/- 0.00474
 Combined k-effective        = 1.44658 +/- 0.00439
 Leakage Fraction            = 0.00000 +/- 0.00000

