[openmc.deplete] t=0.0 s, dt=360 s, source=174
[openmc.deplete] t=360.0 (final operator evaluation)
re-initializing model
                                %%%%%%%%%%%%%%%
                           %%%%%%%%%%%%%%%%%%%%%%%%
                        %%%%%%%%%%%%%%%%%%%%%%%%%%%%%%
                      %%%%%%%%%%%%%%%%%%%%%%%%%%%%%%%%%%
                    %%%%%%%%%%%%%%%%%%%%%%%%%%%%%%%%%%%%%%
                   %%%%%%%%%%%%%%%%%%%%%%%%%%%%%%%%%%%%%%%%
                                    %%%%%%%%%%%%%%%%%%%%%%%%
                                     %%%%%%%%%%%%%%%%%%%%%%%%
                 ###############      %%%%%%%%%%%%%%%%%%%%%%%%
                ##################     %%%%%%%%%%%%%%%%%%%%%%%
                ###################     %%%%%%%%%%%%%%%%%%%%%%%
                ####################     %%%%%%%%%%%%%%%%%%%%%%
                #####################     %%%%%%%%%%%%%%%%%%%%%
                ######################     %%%%%%%%%%%%%%%%%%%%
                #######################     %%%%%%%%%%%%%%%%%%
                 #######################     %%%%%%%%%%%%%%%%%
                 ######################     %%%%%%%%%%%%%%%%%
                  ####################     %%%%%%%%%%%%%%%%%
                    #################     %%%%%%%%%%%%%%%%%
                     ###############     %%%%%%%%%%%%%%%%
                       ############     %%%%%%%%%%%%%%%
                          ########     %%%%%%%%%%%%%%
                                      %%%%%%%%%%%

                 | The OpenMC Monte Carlo Code
       Copyright | 2011-2022 MIT, UChicago Argonne LLC, and contributors
         License | https://docs.openmc.org/en/latest/license.html
         Version | 0.13.1-dev
        Git SHA1 | 91638baeecec220b1ab5df59adf71714daf2cba4
       Date/Time | 2022-09-07 10:27:14
   MPI Processes | 1
  OpenMP Threads | 36

 Reading settings XML file...
 Reading cross sections XML file...
 Reading materials XML file...
 Reading geometry XML file...
 Reading U236 from
 /home/oyardas/2023-openmc-depletion-data/minutes3/../../cross-section-libraries/
 endfb71_hdf5/U236.h5
 Reading O16 from
 /home/oyardas/2023-openmc-depletion-data/minutes3/../../cross-section-libraries/
 endfb71_hdf5/O16.h5
 Reading O17 from
 /home/oyardas/2023-openmc-depletion-data/minutes3/../../cross-section-libraries/
 endfb71_hdf5/O17.h5
 Reading Cs135 from
 /home/oyardas/2023-openmc-depletion-data/minutes3/../../cross-section-libraries/
 endfb71_hdf5/Cs135.h5
 Reading Gd156 from
 /home/oyardas/2023-openmc-depletion-data/minutes3/../../cross-section-libraries/
 endfb71_hdf5/Gd156.h5
 Reading Gd157 from
 /home/oyardas/2023-openmc-depletion-data/minutes3/../../cross-section-libraries/
 endfb71_hdf5/Gd157.h5
 Reading I135 from
 /home/oyardas/2023-openmc-depletion-data/minutes3/../../cross-section-libraries/
 endfb71_hdf5/I135.h5
 Reading U234 from
 /home/oyardas/2023-openmc-depletion-data/minutes3/../../cross-section-libraries/
 endfb71_hdf5/U234.h5
 Reading U235 from
 /home/oyardas/2023-openmc-depletion-data/minutes3/../../cross-section-libraries/
 endfb71_hdf5/U235.h5
 Reading U238 from
 /home/oyardas/2023-openmc-depletion-data/minutes3/../../cross-section-libraries/
 endfb71_hdf5/U238.h5
 Reading Xe135 from
 /home/oyardas/2023-openmc-depletion-data/minutes3/../../cross-section-libraries/
 endfb71_hdf5/Xe135.h5
 Reading Xe136 from
 /home/oyardas/2023-openmc-depletion-data/minutes3/../../cross-section-libraries/
 endfb71_hdf5/Xe136.h5
 Reading Zr90 from
 /home/oyardas/2023-openmc-depletion-data/minutes3/../../cross-section-libraries/
 endfb71_hdf5/Zr90.h5
 Reading Zr91 from
 /home/oyardas/2023-openmc-depletion-data/minutes3/../../cross-section-libraries/
 endfb71_hdf5/Zr91.h5
 Reading Zr92 from
 /home/oyardas/2023-openmc-depletion-data/minutes3/../../cross-section-libraries/
 endfb71_hdf5/Zr92.h5
 Reading Zr94 from
 /home/oyardas/2023-openmc-depletion-data/minutes3/../../cross-section-libraries/
 endfb71_hdf5/Zr94.h5
 Reading Zr96 from
 /home/oyardas/2023-openmc-depletion-data/minutes3/../../cross-section-libraries/
 endfb71_hdf5/Zr96.h5
 Reading H1 from
 /home/oyardas/2023-openmc-depletion-data/minutes3/../../cross-section-libraries/
 endfb71_hdf5/H1.h5
 Reading H2 from
 /home/oyardas/2023-openmc-depletion-data/minutes3/../../cross-section-libraries/
 endfb71_hdf5/H2.h5
 Reading c_H_in_H2O from
 /home/oyardas/2023-openmc-depletion-data/minutes3/../../cross-section-libraries/
 endfb71_hdf5/c_H_in_H2O.h5
 Minimum neutron data temperature: 0 K
 Maximum neutron data temperature: 1.7976931348623157e+308 K
 Reading tallies XML file...
 Preparing distributed cell instances...
 Reading plot XML file...
 Writing summary.h5 file...
generating new microxs
 Maximum neutron transport energy: 20000000 eV for O17
 Initializing source particles...

 ====================>     K EIGENVALUE SIMULATION     <====================

  Bat./Gen.      k            Average k
  =========   ========   ====================
        1/1    1.43277
        2/1    1.42680
        3/1    1.44102
        4/1    1.57726
        5/1    1.47612
        6/1    1.60386
        7/1    1.49578
        8/1    1.52916
        9/1    1.52925
       10/1    1.51060
       11/1    1.36647
       12/1    1.43026    1.39837 +/- 0.03189
       13/1    1.49790    1.43154 +/- 0.03795
       14/1    1.48457    1.44480 +/- 0.02993
       15/1    1.40991    1.43782 +/- 0.02421
       16/1    1.36116    1.42505 +/- 0.02354
       17/1    1.54089    1.44159 +/- 0.02588
       18/1    1.43794    1.44114 +/- 0.02241
       19/1    1.48421    1.44592 +/- 0.02034
       20/1    1.42189    1.44352 +/- 0.01835
       21/1    1.50056    1.44871 +/- 0.01739
       22/1    1.33592    1.43931 +/- 0.01845
       23/1    1.45979    1.44088 +/- 0.01704
       24/1    1.50215    1.44526 +/- 0.01637
       25/1    1.41588    1.44330 +/- 0.01537
       26/1    1.47413    1.44523 +/- 0.01450
       27/1    1.38964    1.44196 +/- 0.01401
       28/1    1.45712    1.44280 +/- 0.01324
       29/1    1.50323    1.44598 +/- 0.01292
       30/1    1.39587    1.44347 +/- 0.01251
       31/1    1.52890    1.44754 +/- 0.01257
       32/1    1.41124    1.44589 +/- 0.01210
       33/1    1.41192    1.44442 +/- 0.01166
       34/1    1.48912    1.44628 +/- 0.01132
       35/1    1.31390    1.44098 +/- 0.01208
       36/1    1.41496    1.43998 +/- 0.01165
       37/1    1.41975    1.43923 +/- 0.01123
       38/1    1.48499    1.44087 +/- 0.01095
       39/1    1.46430    1.44168 +/- 0.01059
       40/1    1.54790    1.44522 +/- 0.01083
       41/1    1.49351    1.44677 +/- 0.01059
       42/1    1.52412    1.44919 +/- 0.01053
       43/1    1.54687    1.45215 +/- 0.01063
       44/1    1.39354    1.45043 +/- 0.01046
       45/1    1.51224    1.45219 +/- 0.01030
       46/1    1.45078    1.45215 +/- 0.01001
       47/1    1.55312    1.45488 +/- 0.01012
       48/1    1.41597    1.45386 +/- 0.00990
       49/1    1.50692    1.45522 +/- 0.00974
       50/1    1.43328    1.45467 +/- 0.00951
 Creating state point statepoint.50.h5...

 =======================>     TIMING STATISTICS     <=======================

 Total time for initialization     = 3.7039e+00 seconds
   Reading cross sections          = 3.1649e+00 seconds
 Total time in simulation          = 4.0033e-01 seconds
   Time in transport only          = 3.7699e-01 seconds
   Time in inactive batches        = 4.0388e-02 seconds
   Time in active batches          = 3.5995e-01 seconds
   Time synchronizing fission bank = 4.4556e-03 seconds
     Sampling source sites         = 3.2624e-03 seconds
     SEND/RECV source sites        = 9.5400e-04 seconds
   Time accumulating tallies       = 2.2362e-03 seconds
   Time writing statepoints        = 1.4108e-02 seconds
 Total time for finalization       = 7.0970e-06 seconds
 Total time elapsed                = 4.1197e+00 seconds
 Calculation Rate (inactive)       = 247601 particles/second
 Calculation Rate (active)         = 111127 particles/second

 ============================>     RESULTS     <============================

 k-effective (Collision)     = 1.45852 +/- 0.00653
 k-effective (Track-length)  = 1.45467 +/- 0.00951
 k-effective (Absorption)    = 1.46717 +/- 0.00486
 Combined k-effective        = 1.46484 +/- 0.00478
 Leakage Fraction            = 0.00000 +/- 0.00000

Traceback (most recent call last):
  File "/gpfs/fs1/home/oyardas/2023-openmc-depletion-data/minutes3/run_case.py", line 97, in <module>
    micro_xs = MicroXS.from_model(model,
  File "/gpfs/fs1/home/oyardas/openmc/openmc/deplete/microxs.py", line 102, in from_model
    xs[rx].load_from_statepoint(sp)
  File "/gpfs/fs1/home/oyardas/openmc/openmc/mgxs/mgxs.py", line 994, in load_from_statepoint
    raise ValueError(msg)
ValueError: Unable to load data from a statepoint which has not been linked with a summary file
