[openmc.deplete] t=0.0 s, dt=360 s, source=174
[openmc.deplete] t=360.0 (final operator evaluation)
generating new microxs
/gpfs/fs1/home/oyardas/openmc/openmc/mixin.py:70: IDWarning: Another Filter instance already exists with id=1.
  warn(msg, IDWarning)
/gpfs/fs1/home/oyardas/openmc/openmc/mixin.py:70: IDWarning: Another Filter instance already exists with id=2.
  warn(msg, IDWarning)
                                %%%%%%%%%%%%%%%
                           %%%%%%%%%%%%%%%%%%%%%%%%
                        %%%%%%%%%%%%%%%%%%%%%%%%%%%%%%
                      %%%%%%%%%%%%%%%%%%%%%%%%%%%%%%%%%%
                    %%%%%%%%%%%%%%%%%%%%%%%%%%%%%%%%%%%%%%
                   %%%%%%%%%%%%%%%%%%%%%%%%%%%%%%%%%%%%%%%%
                                    %%%%%%%%%%%%%%%%%%%%%%%%
                                     %%%%%%%%%%%%%%%%%%%%%%%%
                 ###############      %%%%%%%%%%%%%%%%%%%%%%%%
                ##################     %%%%%%%%%%%%%%%%%%%%%%%
                ###################     %%%%%%%%%%%%%%%%%%%%%%%
                ####################     %%%%%%%%%%%%%%%%%%%%%%
                #####################     %%%%%%%%%%%%%%%%%%%%%
                ######################     %%%%%%%%%%%%%%%%%%%%
                #######################     %%%%%%%%%%%%%%%%%%
                 #######################     %%%%%%%%%%%%%%%%%
                 ######################     %%%%%%%%%%%%%%%%%
                  ####################     %%%%%%%%%%%%%%%%%
                    #################     %%%%%%%%%%%%%%%%%
                     ###############     %%%%%%%%%%%%%%%%
                       ############     %%%%%%%%%%%%%%%
                          ########     %%%%%%%%%%%%%%
                                      %%%%%%%%%%%

                 | The OpenMC Monte Carlo Code
       Copyright | 2011-2022 MIT, UChicago Argonne LLC, and contributors
         License | https://docs.openmc.org/en/latest/license.html
         Version | 0.13.1-dev
        Git SHA1 | 91638baeecec220b1ab5df59adf71714daf2cba4
       Date/Time | 2022-09-07 10:49:04
   MPI Processes | 4
  OpenMP Threads | 18

 Reading settings XML file...
 Reading cross sections XML file...
 Reading materials XML file...
 Reading geometry XML file...
 Reading U236 from
 /home/oyardas/2023-openmc-depletion-data/minutes3/../../cross-section-libraries/
 endfb71_hdf5/U236.h5
 Reading O16 from
 /home/oyardas/2023-openmc-depletion-data/minutes3/../../cross-section-libraries/
 endfb71_hdf5/O16.h5
 Reading O17 from
 /home/oyardas/2023-openmc-depletion-data/minutes3/../../cross-section-libraries/
 endfb71_hdf5/O17.h5
 Reading Cs135 from
 /home/oyardas/2023-openmc-depletion-data/minutes3/../../cross-section-libraries/
 endfb71_hdf5/Cs135.h5
 Reading Gd156 from
 /home/oyardas/2023-openmc-depletion-data/minutes3/../../cross-section-libraries/
 endfb71_hdf5/Gd156.h5
 Reading Gd157 from
 /home/oyardas/2023-openmc-depletion-data/minutes3/../../cross-section-libraries/
 endfb71_hdf5/Gd157.h5
 Reading I135 from
 /home/oyardas/2023-openmc-depletion-data/minutes3/../../cross-section-libraries/
 endfb71_hdf5/I135.h5
 Reading U234 from
 /home/oyardas/2023-openmc-depletion-data/minutes3/../../cross-section-libraries/
 endfb71_hdf5/U234.h5
 Reading U235 from
 /home/oyardas/2023-openmc-depletion-data/minutes3/../../cross-section-libraries/
 endfb71_hdf5/U235.h5
 Reading U238 from
 /home/oyardas/2023-openmc-depletion-data/minutes3/../../cross-section-libraries/
 endfb71_hdf5/U238.h5
 Reading Xe135 from
 /home/oyardas/2023-openmc-depletion-data/minutes3/../../cross-section-libraries/
 endfb71_hdf5/Xe135.h5
 Reading Xe136 from
 /home/oyardas/2023-openmc-depletion-data/minutes3/../../cross-section-libraries/
 endfb71_hdf5/Xe136.h5
 Reading Zr90 from
 /home/oyardas/2023-openmc-depletion-data/minutes3/../../cross-section-libraries/
 endfb71_hdf5/Zr90.h5
 Reading Zr91 from
 /home/oyardas/2023-openmc-depletion-data/minutes3/../../cross-section-libraries/
 endfb71_hdf5/Zr91.h5
 Reading Zr92 from
 /home/oyardas/2023-openmc-depletion-data/minutes3/../../cross-section-libraries/
 endfb71_hdf5/Zr92.h5
 Reading Zr94 from
 /home/oyardas/2023-openmc-depletion-data/minutes3/../../cross-section-libraries/
 endfb71_hdf5/Zr94.h5
 Reading Zr96 from
 /home/oyardas/2023-openmc-depletion-data/minutes3/../../cross-section-libraries/
 endfb71_hdf5/Zr96.h5
 Reading H1 from
 /home/oyardas/2023-openmc-depletion-data/minutes3/../../cross-section-libraries/
 endfb71_hdf5/H1.h5
 Reading H2 from
 /home/oyardas/2023-openmc-depletion-data/minutes3/../../cross-section-libraries/
 endfb71_hdf5/H2.h5
 Reading c_H_in_H2O from
 /home/oyardas/2023-openmc-depletion-data/minutes3/../../cross-section-libraries/
 endfb71_hdf5/c_H_in_H2O.h5
 Minimum neutron data temperature: 294 K
 Maximum neutron data temperature: 294 K
 Reading tallies XML file...
 Preparing distributed cell instances...
 Reading plot XML file...
 Writing summary.h5 file...
 Maximum neutron transport energy: 20000000 eV for O17
 Initializing source particles...

 ====================>     K EIGENVALUE SIMULATION     <====================

  Bat./Gen.      k            Average k
  =========   ========   ====================
        1/1    1.43277
        2/1    1.42680
        3/1    1.44102
        4/1    1.57726
        5/1    1.47612
        6/1    1.60386
        7/1    1.49578
        8/1    1.52916
        9/1    1.52925
       10/1    1.51060
       11/1    1.36647
       12/1    1.43026    1.39837 +/- 0.03189
       13/1    1.49790    1.43154 +/- 0.03795
       14/1    1.48457    1.44480 +/- 0.02993
       15/1    1.40991    1.43782 +/- 0.02421
       16/1    1.36116    1.42505 +/- 0.02354
       17/1    1.54089    1.44159 +/- 0.02588
       18/1    1.43794    1.44114 +/- 0.02241
       19/1    1.48421    1.44592 +/- 0.02034
       20/1    1.42189    1.44352 +/- 0.01835
       21/1    1.50056    1.44871 +/- 0.01739
       22/1    1.33592    1.43931 +/- 0.01845
       23/1    1.45979    1.44088 +/- 0.01704
       24/1    1.50215    1.44526 +/- 0.01637
       25/1    1.41588    1.44330 +/- 0.01537
       26/1    1.47413    1.44523 +/- 0.01450
       27/1    1.38964    1.44196 +/- 0.01401
       28/1    1.45712    1.44280 +/- 0.01324
       29/1    1.50323    1.44598 +/- 0.01292
       30/1    1.39587    1.44347 +/- 0.01251
       31/1    1.52890    1.44754 +/- 0.01257
       32/1    1.41124    1.44589 +/- 0.01210
       33/1    1.41192    1.44442 +/- 0.01166
       34/1    1.48912    1.44628 +/- 0.01132
       35/1    1.31390    1.44098 +/- 0.01208
       36/1    1.41496    1.43998 +/- 0.01165
       37/1    1.41975    1.43923 +/- 0.01123
       38/1    1.48499    1.44087 +/- 0.01095
       39/1    1.46430    1.44168 +/- 0.01059
       40/1    1.54790    1.44522 +/- 0.01083
       41/1    1.49351    1.44677 +/- 0.01059
       42/1    1.52412    1.44919 +/- 0.01053
       43/1    1.54687    1.45215 +/- 0.01063
       44/1    1.39354    1.45043 +/- 0.01046
       45/1    1.51224    1.45219 +/- 0.01030
       46/1    1.45078    1.45215 +/- 0.01001
       47/1    1.55312    1.45488 +/- 0.01012
       48/1    1.41597    1.45386 +/- 0.00990
       49/1    1.50692    1.45522 +/- 0.00974
       50/1    1.43328    1.45467 +/- 0.00951
 Creating state point statepoint.50.h5...

 =======================>     TIMING STATISTICS     <=======================

 Total time for initialization     = 2.9398e+00 seconds
   Reading cross sections          = 2.5676e+00 seconds
 Total time in simulation          = 1.8399e-01 seconds
   Time in transport only          = 1.2634e-01 seconds
   Time in inactive batches        = 2.5416e-02 seconds
   Time in active batches          = 1.5858e-01 seconds
   Time synchronizing fission bank = 1.9208e-02 seconds
     Sampling source sites         = 7.3194e-03 seconds
     SEND/RECV source sites        = 4.1016e-04 seconds
   Time accumulating tallies       = 3.9202e-03 seconds
   Time writing statepoints        = 2.4246e-02 seconds
 Total time for finalization       = 3.2015e-05 seconds
 Total time elapsed                = 3.1403e+00 seconds
 Calculation Rate (inactive)       = 393456 particles/second
 Calculation Rate (active)         = 252244 particles/second

 ============================>     RESULTS     <============================

 k-effective (Collision)     = 1.45852 +/- 0.00653
 k-effective (Track-length)  = 1.45467 +/- 0.00951
 k-effective (Absorption)    = 1.46717 +/- 0.00486
 Combined k-effective        = 1.46484 +/- 0.00478
 Leakage Fraction            = 0.00000 +/- 0.00000

[openmc.deplete] t=0.0 s, dt=360 s, source=174
[openmc.deplete] t=360.0 (final operator evaluation)
generating new microxs
/gpfs/fs1/home/oyardas/openmc/openmc/mixin.py:70: IDWarning: Another Filter instance already exists with id=1.
  warn(msg, IDWarning)
/gpfs/fs1/home/oyardas/openmc/openmc/mixin.py:70: IDWarning: Another Filter instance already exists with id=2.
  warn(msg, IDWarning)
                                %%%%%%%%%%%%%%%
                           %%%%%%%%%%%%%%%%%%%%%%%%
                        %%%%%%%%%%%%%%%%%%%%%%%%%%%%%%
                      %%%%%%%%%%%%%%%%%%%%%%%%%%%%%%%%%%
                    %%%%%%%%%%%%%%%%%%%%%%%%%%%%%%%%%%%%%%
                   %%%%%%%%%%%%%%%%%%%%%%%%%%%%%%%%%%%%%%%%
                                    %%%%%%%%%%%%%%%%%%%%%%%%
                                     %%%%%%%%%%%%%%%%%%%%%%%%
                 ###############      %%%%%%%%%%%%%%%%%%%%%%%%
                ##################     %%%%%%%%%%%%%%%%%%%%%%%
                ###################     %%%%%%%%%%%%%%%%%%%%%%%
                ####################     %%%%%%%%%%%%%%%%%%%%%%
                #####################     %%%%%%%%%%%%%%%%%%%%%
                ######################     %%%%%%%%%%%%%%%%%%%%
                #######################     %%%%%%%%%%%%%%%%%%
                 #######################     %%%%%%%%%%%%%%%%%
                 ######################     %%%%%%%%%%%%%%%%%
                  ####################     %%%%%%%%%%%%%%%%%
                    #################     %%%%%%%%%%%%%%%%%
                     ###############     %%%%%%%%%%%%%%%%
                       ############     %%%%%%%%%%%%%%%
                          ########     %%%%%%%%%%%%%%
                                      %%%%%%%%%%%

                 | The OpenMC Monte Carlo Code
       Copyright | 2011-2022 MIT, UChicago Argonne LLC, and contributors
         License | https://docs.openmc.org/en/latest/license.html
         Version | 0.13.1-dev
        Git SHA1 | 91638baeecec220b1ab5df59adf71714daf2cba4
       Date/Time | 2022-09-07 10:49:08
   MPI Processes | 4
  OpenMP Threads | 18

 Reading settings XML file...
 Reading cross sections XML file...
 Reading materials XML file...
 Reading geometry XML file...
 Reading U236 from
 /home/oyardas/2023-openmc-depletion-data/minutes3/../../cross-section-libraries/
 endfb71_hdf5/U236.h5
 Reading O16 from
 /home/oyardas/2023-openmc-depletion-data/minutes3/../../cross-section-libraries/
 endfb71_hdf5/O16.h5
 Reading O17 from
 /home/oyardas/2023-openmc-depletion-data/minutes3/../../cross-section-libraries/
 endfb71_hdf5/O17.h5
 Reading Cs135 from
 /home/oyardas/2023-openmc-depletion-data/minutes3/../../cross-section-libraries/
 endfb71_hdf5/Cs135.h5
 Reading Gd156 from
 /home/oyardas/2023-openmc-depletion-data/minutes3/../../cross-section-libraries/
 endfb71_hdf5/Gd156.h5
 Reading Gd157 from
 /home/oyardas/2023-openmc-depletion-data/minutes3/../../cross-section-libraries/
 endfb71_hdf5/Gd157.h5
 Reading I135 from
 /home/oyardas/2023-openmc-depletion-data/minutes3/../../cross-section-libraries/
 endfb71_hdf5/I135.h5
 Reading U234 from
 /home/oyardas/2023-openmc-depletion-data/minutes3/../../cross-section-libraries/
 endfb71_hdf5/U234.h5
 Reading U235 from
 /home/oyardas/2023-openmc-depletion-data/minutes3/../../cross-section-libraries/
 endfb71_hdf5/U235.h5
 Reading U238 from
 /home/oyardas/2023-openmc-depletion-data/minutes3/../../cross-section-libraries/
 endfb71_hdf5/U238.h5
 Reading Xe135 from
 /home/oyardas/2023-openmc-depletion-data/minutes3/../../cross-section-libraries/
 endfb71_hdf5/Xe135.h5
 Reading Xe136 from
 /home/oyardas/2023-openmc-depletion-data/minutes3/../../cross-section-libraries/
 endfb71_hdf5/Xe136.h5
 Reading Zr90 from
 /home/oyardas/2023-openmc-depletion-data/minutes3/../../cross-section-libraries/
 endfb71_hdf5/Zr90.h5
 Reading Zr91 from
 /home/oyardas/2023-openmc-depletion-data/minutes3/../../cross-section-libraries/
 endfb71_hdf5/Zr91.h5
 Reading Zr92 from
 /home/oyardas/2023-openmc-depletion-data/minutes3/../../cross-section-libraries/
 endfb71_hdf5/Zr92.h5
 Reading Zr94 from
 /home/oyardas/2023-openmc-depletion-data/minutes3/../../cross-section-libraries/
 endfb71_hdf5/Zr94.h5
 Reading Zr96 from
 /home/oyardas/2023-openmc-depletion-data/minutes3/../../cross-section-libraries/
 endfb71_hdf5/Zr96.h5
 Reading H1 from
 /home/oyardas/2023-openmc-depletion-data/minutes3/../../cross-section-libraries/
 endfb71_hdf5/H1.h5
 Reading H2 from
 /home/oyardas/2023-openmc-depletion-data/minutes3/../../cross-section-libraries/
 endfb71_hdf5/H2.h5
 Reading c_H_in_H2O from
 /home/oyardas/2023-openmc-depletion-data/minutes3/../../cross-section-libraries/
 endfb71_hdf5/c_H_in_H2O.h5
 Minimum neutron data temperature: 294 K
 Maximum neutron data temperature: 294 K
 Reading tallies XML file...
 Preparing distributed cell instances...
 Reading plot XML file...
 Writing summary.h5 file...
 Maximum neutron transport energy: 20000000 eV for O17
 Initializing source particles...

 ====================>     K EIGENVALUE SIMULATION     <====================

  Bat./Gen.      k            Average k
  =========   ========   ====================
        1/1    1.43276
        2/1    1.42444
        3/1    1.43953
        4/1    1.46596
        5/1    1.46444
        6/1    1.40133
        7/1    1.46344
        8/1    1.43102
        9/1    1.52342
       10/1    1.43602
       11/1    1.43701
       12/1    1.52944    1.48323 +/- 0.04622
       13/1    1.47372    1.48006 +/- 0.02687
       14/1    1.43724    1.46935 +/- 0.02181
       15/1    1.54882    1.48525 +/- 0.02319
       16/1    1.47037    1.48277 +/- 0.01910
       17/1    1.47147    1.48115 +/- 0.01622
       18/1    1.52977    1.48723 +/- 0.01531
       19/1    1.50174    1.48884 +/- 0.01360
       20/1    1.47865    1.48782 +/- 0.01220
       21/1    1.44805    1.48421 +/- 0.01161
       22/1    1.39646    1.47689 +/- 0.01288
       23/1    1.53212    1.48114 +/- 0.01259
       24/1    1.54229    1.48551 +/- 0.01244
       25/1    1.38614    1.47889 +/- 0.01334
       26/1    1.39437    1.47360 +/- 0.01355
       27/1    1.49270    1.47473 +/- 0.01278
       28/1    1.46856    1.47438 +/- 0.01206
       29/1    1.37289    1.46904 +/- 0.01259
       30/1    1.43221    1.46720 +/- 0.01209
       31/1    1.57643    1.47240 +/- 0.01262
       32/1    1.47533    1.47253 +/- 0.01203
       33/1    1.50290    1.47385 +/- 0.01157
       34/1    1.33002    1.46786 +/- 0.01260
       35/1    1.46482    1.46774 +/- 0.01208
       36/1    1.52807    1.47006 +/- 0.01184
       37/1    1.43215    1.46866 +/- 0.01148
       38/1    1.39353    1.46597 +/- 0.01138
       39/1    1.46082    1.46580 +/- 0.01098
       40/1    1.50511    1.46711 +/- 0.01069
       41/1    1.48393    1.46765 +/- 0.01036
       42/1    1.44763    1.46702 +/- 0.01005
       43/1    1.47536    1.46728 +/- 0.00974
       44/1    1.46525    1.46722 +/- 0.00945
       45/1    1.48230    1.46765 +/- 0.00919
       46/1    1.32737    1.46375 +/- 0.00974
       47/1    1.43732    1.46304 +/- 0.00950
       48/1    1.49526    1.46388 +/- 0.00929
       49/1    1.47779    1.46424 +/- 0.00905
       50/1    1.47370    1.46448 +/- 0.00883
 Creating state point statepoint.50.h5...

 =======================>     TIMING STATISTICS     <=======================

 Total time for initialization     = 2.1066e+00 seconds
   Reading cross sections          = 2.0711e+00 seconds
 Total time in simulation          = 1.9839e-01 seconds
   Time in transport only          = 1.2551e-01 seconds
   Time in inactive batches        = 3.8271e-02 seconds
   Time in active batches          = 1.6012e-01 seconds
   Time synchronizing fission bank = 3.2506e-02 seconds
     Sampling source sites         = 7.0897e-03 seconds
     SEND/RECV source sites        = 5.1787e-04 seconds
   Time accumulating tallies       = 4.1225e-03 seconds
   Time writing statepoints        = 2.7031e-02 seconds
 Total time for finalization       = 2.8277e-05 seconds
 Total time elapsed                = 2.3212e+00 seconds
 Calculation Rate (inactive)       = 261292 particles/second
 Calculation Rate (active)         = 249817 particles/second

 ============================>     RESULTS     <============================

 k-effective (Collision)     = 1.46501 +/- 0.00721
 k-effective (Track-length)  = 1.46448 +/- 0.00883
 k-effective (Absorption)    = 1.45925 +/- 0.00442
 Combined k-effective        = 1.46012 +/- 0.00429
 Leakage Fraction            = 0.00000 +/- 0.00000

[openmc.deplete] t=0.0 s, dt=360 s, source=174
[openmc.deplete] t=360.0 (final operator evaluation)
generating new microxs
/gpfs/fs1/home/oyardas/openmc/openmc/mixin.py:70: IDWarning: Another Filter instance already exists with id=1.
  warn(msg, IDWarning)
/gpfs/fs1/home/oyardas/openmc/openmc/mixin.py:70: IDWarning: Another Filter instance already exists with id=2.
  warn(msg, IDWarning)
                                %%%%%%%%%%%%%%%
                           %%%%%%%%%%%%%%%%%%%%%%%%
                        %%%%%%%%%%%%%%%%%%%%%%%%%%%%%%
                      %%%%%%%%%%%%%%%%%%%%%%%%%%%%%%%%%%
                    %%%%%%%%%%%%%%%%%%%%%%%%%%%%%%%%%%%%%%
                   %%%%%%%%%%%%%%%%%%%%%%%%%%%%%%%%%%%%%%%%
                                    %%%%%%%%%%%%%%%%%%%%%%%%
                                     %%%%%%%%%%%%%%%%%%%%%%%%
                 ###############      %%%%%%%%%%%%%%%%%%%%%%%%
                ##################     %%%%%%%%%%%%%%%%%%%%%%%
                ###################     %%%%%%%%%%%%%%%%%%%%%%%
                ####################     %%%%%%%%%%%%%%%%%%%%%%
                #####################     %%%%%%%%%%%%%%%%%%%%%
                ######################     %%%%%%%%%%%%%%%%%%%%
                #######################     %%%%%%%%%%%%%%%%%%
                 #######################     %%%%%%%%%%%%%%%%%
                 ######################     %%%%%%%%%%%%%%%%%
                  ####################     %%%%%%%%%%%%%%%%%
                    #################     %%%%%%%%%%%%%%%%%
                     ###############     %%%%%%%%%%%%%%%%
                       ############     %%%%%%%%%%%%%%%
                          ########     %%%%%%%%%%%%%%
                                      %%%%%%%%%%%

                 | The OpenMC Monte Carlo Code
       Copyright | 2011-2022 MIT, UChicago Argonne LLC, and contributors
         License | https://docs.openmc.org/en/latest/license.html
         Version | 0.13.1-dev
        Git SHA1 | 91638baeecec220b1ab5df59adf71714daf2cba4
       Date/Time | 2022-09-07 10:49:12
   MPI Processes | 4
  OpenMP Threads | 18

 Reading settings XML file...
 Reading cross sections XML file...
 Reading materials XML file...
 Reading geometry XML file...
 Reading U236 from
 /home/oyardas/2023-openmc-depletion-data/minutes3/../../cross-section-libraries/
 endfb71_hdf5/U236.h5
 Reading O16 from
 /home/oyardas/2023-openmc-depletion-data/minutes3/../../cross-section-libraries/
 endfb71_hdf5/O16.h5
 Reading O17 from
 /home/oyardas/2023-openmc-depletion-data/minutes3/../../cross-section-libraries/
 endfb71_hdf5/O17.h5
 Reading Cs135 from
 /home/oyardas/2023-openmc-depletion-data/minutes3/../../cross-section-libraries/
 endfb71_hdf5/Cs135.h5
 Reading Gd156 from
 /home/oyardas/2023-openmc-depletion-data/minutes3/../../cross-section-libraries/
 endfb71_hdf5/Gd156.h5
 Reading Gd157 from
 /home/oyardas/2023-openmc-depletion-data/minutes3/../../cross-section-libraries/
 endfb71_hdf5/Gd157.h5
 Reading I135 from
 /home/oyardas/2023-openmc-depletion-data/minutes3/../../cross-section-libraries/
 endfb71_hdf5/I135.h5
 Reading U234 from
 /home/oyardas/2023-openmc-depletion-data/minutes3/../../cross-section-libraries/
 endfb71_hdf5/U234.h5
 Reading U235 from
 /home/oyardas/2023-openmc-depletion-data/minutes3/../../cross-section-libraries/
 endfb71_hdf5/U235.h5
 Reading U238 from
 /home/oyardas/2023-openmc-depletion-data/minutes3/../../cross-section-libraries/
 endfb71_hdf5/U238.h5
 Reading Xe135 from
 /home/oyardas/2023-openmc-depletion-data/minutes3/../../cross-section-libraries/
 endfb71_hdf5/Xe135.h5
 Reading Xe136 from
 /home/oyardas/2023-openmc-depletion-data/minutes3/../../cross-section-libraries/
 endfb71_hdf5/Xe136.h5
 Reading Zr90 from
 /home/oyardas/2023-openmc-depletion-data/minutes3/../../cross-section-libraries/
 endfb71_hdf5/Zr90.h5
 Reading Zr91 from
 /home/oyardas/2023-openmc-depletion-data/minutes3/../../cross-section-libraries/
 endfb71_hdf5/Zr91.h5
 Reading Zr92 from
 /home/oyardas/2023-openmc-depletion-data/minutes3/../../cross-section-libraries/
 endfb71_hdf5/Zr92.h5
 Reading Zr94 from
 /home/oyardas/2023-openmc-depletion-data/minutes3/../../cross-section-libraries/
 endfb71_hdf5/Zr94.h5
 Reading Zr96 from
 /home/oyardas/2023-openmc-depletion-data/minutes3/../../cross-section-libraries/
 endfb71_hdf5/Zr96.h5
 Reading H1 from
 /home/oyardas/2023-openmc-depletion-data/minutes3/../../cross-section-libraries/
 endfb71_hdf5/H1.h5
 Reading H2 from
 /home/oyardas/2023-openmc-depletion-data/minutes3/../../cross-section-libraries/
 endfb71_hdf5/H2.h5
 Reading c_H_in_H2O from
 /home/oyardas/2023-openmc-depletion-data/minutes3/../../cross-section-libraries/
 endfb71_hdf5/c_H_in_H2O.h5
 Minimum neutron data temperature: 294 K
 Maximum neutron data temperature: 294 K
 Reading tallies XML file...
 Preparing distributed cell instances...
 Reading plot XML file...
 Writing summary.h5 file...
 Maximum neutron transport energy: 20000000 eV for O17
 Initializing source particles...

 ====================>     K EIGENVALUE SIMULATION     <====================

  Bat./Gen.      k            Average k
  =========   ========   ====================
        1/1    1.43274
        2/1    1.42442
        3/1    1.43710
        4/1    1.46622
        5/1    1.47760
        6/1    1.48980
        7/1    1.44095
        8/1    1.40544
        9/1    1.40788
       10/1    1.52408
       11/1    1.64293
       12/1    1.43951    1.54122 +/- 0.10171
       13/1    1.55444    1.54562 +/- 0.05889
       14/1    1.54533    1.54555 +/- 0.04164
       15/1    1.46427    1.52929 +/- 0.03612
       16/1    1.44933    1.51597 +/- 0.03236
       17/1    1.37985    1.49652 +/- 0.03356
       18/1    1.53055    1.50078 +/- 0.02937
       19/1    1.41632    1.49139 +/- 0.02755
       20/1    1.38675    1.48093 +/- 0.02677
       21/1    1.52480    1.48492 +/- 0.02454
       22/1    1.54975    1.49032 +/- 0.02305
       23/1    1.47412    1.48907 +/- 0.02124
       24/1    1.47006    1.48771 +/- 0.01971
       25/1    1.48820    1.48775 +/- 0.01835
       26/1    1.47843    1.48716 +/- 0.01717
       27/1    1.42799    1.48368 +/- 0.01650
       28/1    1.43586    1.48103 +/- 0.01578
       29/1    1.45658    1.47974 +/- 0.01498
       30/1    1.46019    1.47876 +/- 0.01425
       31/1    1.42142    1.47603 +/- 0.01383
       32/1    1.46148    1.47537 +/- 0.01320
       33/1    1.49208    1.47610 +/- 0.01263
       34/1    1.37418    1.47185 +/- 0.01282
       35/1    1.48202    1.47226 +/- 0.01230
       36/1    1.52986    1.47447 +/- 0.01203
       37/1    1.42855    1.47277 +/- 0.01170
       38/1    1.56872    1.47620 +/- 0.01178
       39/1    1.43899    1.47492 +/- 0.01144
       40/1    1.44916    1.47406 +/- 0.01108
       41/1    1.41843    1.47226 +/- 0.01087
       42/1    1.45796    1.47182 +/- 0.01053
       43/1    1.49827    1.47262 +/- 0.01024
       44/1    1.40306    1.47057 +/- 0.01014
       45/1    1.49391    1.47124 +/- 0.00987
       46/1    1.43187    1.47015 +/- 0.00966
       47/1    1.39354    1.46808 +/- 0.00962
       48/1    1.38190    1.46581 +/- 0.00963
       49/1    1.51997    1.46720 +/- 0.00948
       50/1    1.43133    1.46630 +/- 0.00929
 Creating state point statepoint.50.h5...

 =======================>     TIMING STATISTICS     <=======================

 Total time for initialization     = 2.0324e+00 seconds
   Reading cross sections          = 1.9958e+00 seconds
 Total time in simulation          = 2.8613e-01 seconds
   Time in transport only          = 1.2636e-01 seconds
   Time in inactive batches        = 1.2493e-01 seconds
   Time in active batches          = 1.6120e-01 seconds
   Time synchronizing fission bank = 1.1981e-01 seconds
     Sampling source sites         = 7.8089e-03 seconds
     SEND/RECV source sites        = 8.4064e-04 seconds
   Time accumulating tallies       = 4.1732e-03 seconds
   Time writing statepoints        = 2.6474e-02 seconds
 Total time for finalization       = 3.2773e-05 seconds
 Total time elapsed                = 2.3353e+00 seconds
 Calculation Rate (inactive)       = 80045.1 particles/second
 Calculation Rate (active)         = 248134 particles/second

 ============================>     RESULTS     <============================

 k-effective (Collision)     = 1.46265 +/- 0.00738
 k-effective (Track-length)  = 1.46630 +/- 0.00929
 k-effective (Absorption)    = 1.45980 +/- 0.00490
 Combined k-effective        = 1.46035 +/- 0.00489
 Leakage Fraction            = 0.00000 +/- 0.00000

[openmc.deplete] t=0.0 s, dt=360 s, source=174
[openmc.deplete] t=360.0 (final operator evaluation)
generating new microxs
/gpfs/fs1/home/oyardas/openmc/openmc/mixin.py:70: IDWarning: Another Filter instance already exists with id=1.
  warn(msg, IDWarning)
/gpfs/fs1/home/oyardas/openmc/openmc/mixin.py:70: IDWarning: Another Filter instance already exists with id=2.
  warn(msg, IDWarning)
                                %%%%%%%%%%%%%%%
                           %%%%%%%%%%%%%%%%%%%%%%%%
                        %%%%%%%%%%%%%%%%%%%%%%%%%%%%%%
                      %%%%%%%%%%%%%%%%%%%%%%%%%%%%%%%%%%
                    %%%%%%%%%%%%%%%%%%%%%%%%%%%%%%%%%%%%%%
                   %%%%%%%%%%%%%%%%%%%%%%%%%%%%%%%%%%%%%%%%
                                    %%%%%%%%%%%%%%%%%%%%%%%%
                                     %%%%%%%%%%%%%%%%%%%%%%%%
                 ###############      %%%%%%%%%%%%%%%%%%%%%%%%
                ##################     %%%%%%%%%%%%%%%%%%%%%%%
                ###################     %%%%%%%%%%%%%%%%%%%%%%%
                ####################     %%%%%%%%%%%%%%%%%%%%%%
                #####################     %%%%%%%%%%%%%%%%%%%%%
                ######################     %%%%%%%%%%%%%%%%%%%%
                #######################     %%%%%%%%%%%%%%%%%%
                 #######################     %%%%%%%%%%%%%%%%%
                 ######################     %%%%%%%%%%%%%%%%%
                  ####################     %%%%%%%%%%%%%%%%%
                    #################     %%%%%%%%%%%%%%%%%
                     ###############     %%%%%%%%%%%%%%%%
                       ############     %%%%%%%%%%%%%%%
                          ########     %%%%%%%%%%%%%%
                                      %%%%%%%%%%%

                 | The OpenMC Monte Carlo Code
       Copyright | 2011-2022 MIT, UChicago Argonne LLC, and contributors
         License | https://docs.openmc.org/en/latest/license.html
         Version | 0.13.1-dev
        Git SHA1 | 91638baeecec220b1ab5df59adf71714daf2cba4
       Date/Time | 2022-09-07 10:49:16
   MPI Processes | 4
  OpenMP Threads | 18

 Reading settings XML file...
 Reading cross sections XML file...
 Reading materials XML file...
 Reading geometry XML file...
 Reading U236 from
 /home/oyardas/2023-openmc-depletion-data/minutes3/../../cross-section-libraries/
 endfb71_hdf5/U236.h5
 Reading O16 from
 /home/oyardas/2023-openmc-depletion-data/minutes3/../../cross-section-libraries/
 endfb71_hdf5/O16.h5
 Reading O17 from
 /home/oyardas/2023-openmc-depletion-data/minutes3/../../cross-section-libraries/
 endfb71_hdf5/O17.h5
 Reading Cs135 from
 /home/oyardas/2023-openmc-depletion-data/minutes3/../../cross-section-libraries/
 endfb71_hdf5/Cs135.h5
 Reading Gd156 from
 /home/oyardas/2023-openmc-depletion-data/minutes3/../../cross-section-libraries/
 endfb71_hdf5/Gd156.h5
 Reading Gd157 from
 /home/oyardas/2023-openmc-depletion-data/minutes3/../../cross-section-libraries/
 endfb71_hdf5/Gd157.h5
 Reading I135 from
 /home/oyardas/2023-openmc-depletion-data/minutes3/../../cross-section-libraries/
 endfb71_hdf5/I135.h5
 Reading U234 from
 /home/oyardas/2023-openmc-depletion-data/minutes3/../../cross-section-libraries/
 endfb71_hdf5/U234.h5
 Reading U235 from
 /home/oyardas/2023-openmc-depletion-data/minutes3/../../cross-section-libraries/
 endfb71_hdf5/U235.h5
 Reading U238 from
 /home/oyardas/2023-openmc-depletion-data/minutes3/../../cross-section-libraries/
 endfb71_hdf5/U238.h5
 Reading Xe135 from
 /home/oyardas/2023-openmc-depletion-data/minutes3/../../cross-section-libraries/
 endfb71_hdf5/Xe135.h5
 Reading Xe136 from
 /home/oyardas/2023-openmc-depletion-data/minutes3/../../cross-section-libraries/
 endfb71_hdf5/Xe136.h5
 Reading Zr90 from
 /home/oyardas/2023-openmc-depletion-data/minutes3/../../cross-section-libraries/
 endfb71_hdf5/Zr90.h5
 Reading Zr91 from
 /home/oyardas/2023-openmc-depletion-data/minutes3/../../cross-section-libraries/
 endfb71_hdf5/Zr91.h5
 Reading Zr92 from
 /home/oyardas/2023-openmc-depletion-data/minutes3/../../cross-section-libraries/
 endfb71_hdf5/Zr92.h5
 Reading Zr94 from
 /home/oyardas/2023-openmc-depletion-data/minutes3/../../cross-section-libraries/
 endfb71_hdf5/Zr94.h5
 Reading Zr96 from
 /home/oyardas/2023-openmc-depletion-data/minutes3/../../cross-section-libraries/
 endfb71_hdf5/Zr96.h5
 Reading H1 from
 /home/oyardas/2023-openmc-depletion-data/minutes3/../../cross-section-libraries/
 endfb71_hdf5/H1.h5
 Reading H2 from
 /home/oyardas/2023-openmc-depletion-data/minutes3/../../cross-section-libraries/
 endfb71_hdf5/H2.h5
 Reading c_H_in_H2O from
 /home/oyardas/2023-openmc-depletion-data/minutes3/../../cross-section-libraries/
 endfb71_hdf5/c_H_in_H2O.h5
 Minimum neutron data temperature: 294 K
 Maximum neutron data temperature: 294 K
 Reading tallies XML file...
 Preparing distributed cell instances...
 Reading plot XML file...
 Writing summary.h5 file...
 Maximum neutron transport energy: 20000000 eV for O17
 Initializing source particles...

 ====================>     K EIGENVALUE SIMULATION     <====================

  Bat./Gen.      k            Average k
  =========   ========   ====================
        1/1    1.43273
        2/1    1.42440
        3/1    1.43406
        4/1    1.45869
        5/1    1.47836
        6/1    1.52511
        7/1    1.45964
        8/1    1.49680
        9/1    1.48948
       10/1    1.38705
       11/1    1.48397
       12/1    1.45904    1.47150 +/- 0.01247
       13/1    1.42275    1.45525 +/- 0.01777
       14/1    1.39462    1.44010 +/- 0.01969
       15/1    1.42687    1.43745 +/- 0.01548
       16/1    1.47504    1.44372 +/- 0.01411
       17/1    1.41885    1.44016 +/- 0.01244
       18/1    1.51229    1.44918 +/- 0.01405
       19/1    1.38949    1.44255 +/- 0.01405
       20/1    1.37818    1.43611 +/- 0.01412
       21/1    1.48414    1.44048 +/- 0.01350
       22/1    1.43731    1.44021 +/- 0.01233
       23/1    1.39105    1.43643 +/- 0.01195
       24/1    1.48648    1.44001 +/- 0.01163
       25/1    1.48327    1.44289 +/- 0.01120
       26/1    1.42066    1.44150 +/- 0.01057
       27/1    1.46106    1.44265 +/- 0.01000
       28/1    1.59290    1.45100 +/- 0.01259
       29/1    1.46044    1.45149 +/- 0.01192
       30/1    1.46027    1.45193 +/- 0.01132
       31/1    1.45098    1.45189 +/- 0.01076
       32/1    1.46095    1.45230 +/- 0.01027
       33/1    1.43317    1.45147 +/- 0.00985
       34/1    1.48317    1.45279 +/- 0.00952
       35/1    1.49214    1.45436 +/- 0.00927
       36/1    1.47019    1.45497 +/- 0.00893
       37/1    1.53866    1.45807 +/- 0.00913
       38/1    1.39901    1.45596 +/- 0.00905
       39/1    1.50108    1.45752 +/- 0.00887
       40/1    1.52783    1.45986 +/- 0.00888
       41/1    1.53105    1.46216 +/- 0.00889
       42/1    1.52606    1.46416 +/- 0.00884
       43/1    1.44904    1.46370 +/- 0.00858
       44/1    1.49695    1.46468 +/- 0.00838
       45/1    1.37341    1.46207 +/- 0.00854
       46/1    1.45030    1.46174 +/- 0.00831
       47/1    1.40003    1.46007 +/- 0.00825
       48/1    1.41971    1.45901 +/- 0.00810
       49/1    1.38850    1.45720 +/- 0.00810
       50/1    1.43329    1.45661 +/- 0.00791
 Creating state point statepoint.50.h5...

 =======================>     TIMING STATISTICS     <=======================

 Total time for initialization     = 2.1168e+00 seconds
   Reading cross sections          = 2.0799e+00 seconds
 Total time in simulation          = 1.8798e-01 seconds
   Time in transport only          = 1.2584e-01 seconds
   Time in inactive batches        = 2.5414e-02 seconds
   Time in active batches          = 1.6257e-01 seconds
   Time synchronizing fission bank = 2.2534e-02 seconds
     Sampling source sites         = 7.8376e-03 seconds
     SEND/RECV source sites        = 5.8684e-04 seconds
   Time accumulating tallies       = 4.1819e-03 seconds
   Time writing statepoints        = 2.5371e-02 seconds
 Total time for finalization       = 2.7809e-05 seconds
 Total time elapsed                = 2.3197e+00 seconds
 Calculation Rate (inactive)       = 393477 particles/second
 Calculation Rate (active)         = 246052 particles/second

 ============================>     RESULTS     <============================

 k-effective (Collision)     = 1.45913 +/- 0.00621
 k-effective (Track-length)  = 1.45661 +/- 0.00791
 k-effective (Absorption)    = 1.46683 +/- 0.00478
 Combined k-effective        = 1.46420 +/- 0.00450
 Leakage Fraction            = 0.00000 +/- 0.00000

[openmc.deplete] t=0.0 s, dt=360 s, source=174
[openmc.deplete] t=360.0 (final operator evaluation)
generating new microxs
/gpfs/fs1/home/oyardas/openmc/openmc/mixin.py:70: IDWarning: Another Filter instance already exists with id=1.
  warn(msg, IDWarning)
/gpfs/fs1/home/oyardas/openmc/openmc/mixin.py:70: IDWarning: Another Filter instance already exists with id=2.
  warn(msg, IDWarning)
                                %%%%%%%%%%%%%%%
                           %%%%%%%%%%%%%%%%%%%%%%%%
                        %%%%%%%%%%%%%%%%%%%%%%%%%%%%%%
                      %%%%%%%%%%%%%%%%%%%%%%%%%%%%%%%%%%
                    %%%%%%%%%%%%%%%%%%%%%%%%%%%%%%%%%%%%%%
                   %%%%%%%%%%%%%%%%%%%%%%%%%%%%%%%%%%%%%%%%
                                    %%%%%%%%%%%%%%%%%%%%%%%%
                                     %%%%%%%%%%%%%%%%%%%%%%%%
                 ###############      %%%%%%%%%%%%%%%%%%%%%%%%
                ##################     %%%%%%%%%%%%%%%%%%%%%%%
                ###################     %%%%%%%%%%%%%%%%%%%%%%%
                ####################     %%%%%%%%%%%%%%%%%%%%%%
                #####################     %%%%%%%%%%%%%%%%%%%%%
                ######################     %%%%%%%%%%%%%%%%%%%%
                #######################     %%%%%%%%%%%%%%%%%%
                 #######################     %%%%%%%%%%%%%%%%%
                 ######################     %%%%%%%%%%%%%%%%%
                  ####################     %%%%%%%%%%%%%%%%%
                    #################     %%%%%%%%%%%%%%%%%
                     ###############     %%%%%%%%%%%%%%%%
                       ############     %%%%%%%%%%%%%%%
                          ########     %%%%%%%%%%%%%%
                                      %%%%%%%%%%%

                 | The OpenMC Monte Carlo Code
       Copyright | 2011-2022 MIT, UChicago Argonne LLC, and contributors
         License | https://docs.openmc.org/en/latest/license.html
         Version | 0.13.1-dev
        Git SHA1 | 91638baeecec220b1ab5df59adf71714daf2cba4
       Date/Time | 2022-09-07 10:49:19
   MPI Processes | 4
  OpenMP Threads | 18

 Reading settings XML file...
 Reading cross sections XML file...
 Reading materials XML file...
 Reading geometry XML file...
 Reading U236 from
 /home/oyardas/2023-openmc-depletion-data/minutes3/../../cross-section-libraries/
 endfb71_hdf5/U236.h5
 Reading O16 from
 /home/oyardas/2023-openmc-depletion-data/minutes3/../../cross-section-libraries/
 endfb71_hdf5/O16.h5
 Reading O17 from
 /home/oyardas/2023-openmc-depletion-data/minutes3/../../cross-section-libraries/
 endfb71_hdf5/O17.h5
 Reading Cs135 from
 /home/oyardas/2023-openmc-depletion-data/minutes3/../../cross-section-libraries/
 endfb71_hdf5/Cs135.h5
 Reading Gd156 from
 /home/oyardas/2023-openmc-depletion-data/minutes3/../../cross-section-libraries/
 endfb71_hdf5/Gd156.h5
 Reading Gd157 from
 /home/oyardas/2023-openmc-depletion-data/minutes3/../../cross-section-libraries/
 endfb71_hdf5/Gd157.h5
 Reading I135 from
 /home/oyardas/2023-openmc-depletion-data/minutes3/../../cross-section-libraries/
 endfb71_hdf5/I135.h5
 Reading U234 from
 /home/oyardas/2023-openmc-depletion-data/minutes3/../../cross-section-libraries/
 endfb71_hdf5/U234.h5
 Reading U235 from
 /home/oyardas/2023-openmc-depletion-data/minutes3/../../cross-section-libraries/
 endfb71_hdf5/U235.h5
 Reading U238 from
 /home/oyardas/2023-openmc-depletion-data/minutes3/../../cross-section-libraries/
 endfb71_hdf5/U238.h5
 Reading Xe135 from
 /home/oyardas/2023-openmc-depletion-data/minutes3/../../cross-section-libraries/
 endfb71_hdf5/Xe135.h5
 Reading Xe136 from
 /home/oyardas/2023-openmc-depletion-data/minutes3/../../cross-section-libraries/
 endfb71_hdf5/Xe136.h5
 Reading Zr90 from
 /home/oyardas/2023-openmc-depletion-data/minutes3/../../cross-section-libraries/
 endfb71_hdf5/Zr90.h5
 Reading Zr91 from
 /home/oyardas/2023-openmc-depletion-data/minutes3/../../cross-section-libraries/
 endfb71_hdf5/Zr91.h5
 Reading Zr92 from
 /home/oyardas/2023-openmc-depletion-data/minutes3/../../cross-section-libraries/
 endfb71_hdf5/Zr92.h5
 Reading Zr94 from
 /home/oyardas/2023-openmc-depletion-data/minutes3/../../cross-section-libraries/
 endfb71_hdf5/Zr94.h5
 Reading Zr96 from
 /home/oyardas/2023-openmc-depletion-data/minutes3/../../cross-section-libraries/
 endfb71_hdf5/Zr96.h5
 Reading H1 from
 /home/oyardas/2023-openmc-depletion-data/minutes3/../../cross-section-libraries/
 endfb71_hdf5/H1.h5
 Reading H2 from
 /home/oyardas/2023-openmc-depletion-data/minutes3/../../cross-section-libraries/
 endfb71_hdf5/H2.h5
 Reading c_H_in_H2O from
 /home/oyardas/2023-openmc-depletion-data/minutes3/../../cross-section-libraries/
 endfb71_hdf5/c_H_in_H2O.h5
 Minimum neutron data temperature: 294 K
 Maximum neutron data temperature: 294 K
 Reading tallies XML file...
 Preparing distributed cell instances...
 Reading plot XML file...
 Writing summary.h5 file...
 Maximum neutron transport energy: 20000000 eV for O17
 Initializing source particles...

 ====================>     K EIGENVALUE SIMULATION     <====================

  Bat./Gen.      k            Average k
  =========   ========   ====================
        1/1    1.43271
        2/1    1.42178
        3/1    1.43514
        4/1    1.46164
        5/1    1.43480
        6/1    1.47178
        7/1    1.45480
        8/1    1.37622
        9/1    1.50671
       10/1    1.48047
       11/1    1.43104
       12/1    1.48250    1.45677 +/- 0.02573
       13/1    1.40841    1.44065 +/- 0.02192
       14/1    1.51520    1.45929 +/- 0.02424
       15/1    1.42580    1.45259 +/- 0.01994
       16/1    1.47456    1.45625 +/- 0.01668
       17/1    1.45361    1.45587 +/- 0.01411
       18/1    1.47590    1.45838 +/- 0.01247
       19/1    1.50329    1.46337 +/- 0.01208
       20/1    1.44846    1.46188 +/- 0.01090
       21/1    1.42354    1.45839 +/- 0.01046
       22/1    1.46847    1.45923 +/- 0.00959
       23/1    1.48216    1.46100 +/- 0.00899
       24/1    1.43014    1.45879 +/- 0.00861
       25/1    1.53636    1.46396 +/- 0.00954
       26/1    1.46432    1.46399 +/- 0.00892
       27/1    1.49361    1.46573 +/- 0.00856
       28/1    1.49320    1.46725 +/- 0.00822
       29/1    1.45801    1.46677 +/- 0.00779
       30/1    1.49798    1.46833 +/- 0.00755
       31/1    1.42654    1.46634 +/- 0.00745
       32/1    1.54172    1.46976 +/- 0.00789
       33/1    1.44816    1.46882 +/- 0.00760
       34/1    1.39845    1.46589 +/- 0.00784
       35/1    1.53308    1.46858 +/- 0.00799
       36/1    1.49550    1.46962 +/- 0.00774
       37/1    1.45440    1.46905 +/- 0.00747
       38/1    1.58228    1.47310 +/- 0.00826
       39/1    1.45025    1.47231 +/- 0.00801
       40/1    1.37921    1.46920 +/- 0.00833
       41/1    1.51283    1.47061 +/- 0.00818
       42/1    1.54344    1.47289 +/- 0.00824
       43/1    1.47007    1.47280 +/- 0.00799
       44/1    1.45507    1.47228 +/- 0.00777
       45/1    1.60973    1.47621 +/- 0.00851
       46/1    1.41012    1.47437 +/- 0.00847
       47/1    1.47524    1.47440 +/- 0.00823
       48/1    1.53147    1.47590 +/- 0.00815
       49/1    1.51676    1.47695 +/- 0.00801
       50/1    1.39922    1.47500 +/- 0.00805
 Creating state point statepoint.50.h5...

 =======================>     TIMING STATISTICS     <=======================

 Total time for initialization     = 2.0844e+00 seconds
   Reading cross sections          = 2.0504e+00 seconds
 Total time in simulation          = 1.9152e-01 seconds
   Time in transport only          = 1.2417e-01 seconds
   Time in inactive batches        = 3.1195e-02 seconds
   Time in active batches          = 1.6033e-01 seconds
   Time synchronizing fission bank = 2.7201e-02 seconds
     Sampling source sites         = 7.2521e-03 seconds
     SEND/RECV source sites        = 8.8832e-04 seconds
   Time accumulating tallies       = 3.8279e-03 seconds
   Time writing statepoints        = 2.6855e-02 seconds
 Total time for finalization       = 4.4727e-05 seconds
 Total time elapsed                = 2.2924e+00 seconds
 Calculation Rate (inactive)       = 320566 particles/second
 Calculation Rate (active)         = 249489 particles/second

 ============================>     RESULTS     <============================

 k-effective (Collision)     = 1.47198 +/- 0.00715
 k-effective (Track-length)  = 1.47500 +/- 0.00805
 k-effective (Absorption)    = 1.46955 +/- 0.00454
 Combined k-effective        = 1.47039 +/- 0.00439
 Leakage Fraction            = 0.00000 +/- 0.00000

[openmc.deplete] t=0.0 s, dt=360 s, source=174
[openmc.deplete] t=360.0 (final operator evaluation)
generating new microxs
/gpfs/fs1/home/oyardas/openmc/openmc/mixin.py:70: IDWarning: Another Filter instance already exists with id=1.
  warn(msg, IDWarning)
/gpfs/fs1/home/oyardas/openmc/openmc/mixin.py:70: IDWarning: Another Filter instance already exists with id=2.
  warn(msg, IDWarning)
                                %%%%%%%%%%%%%%%
                           %%%%%%%%%%%%%%%%%%%%%%%%
                        %%%%%%%%%%%%%%%%%%%%%%%%%%%%%%
                      %%%%%%%%%%%%%%%%%%%%%%%%%%%%%%%%%%
                    %%%%%%%%%%%%%%%%%%%%%%%%%%%%%%%%%%%%%%
                   %%%%%%%%%%%%%%%%%%%%%%%%%%%%%%%%%%%%%%%%
                                    %%%%%%%%%%%%%%%%%%%%%%%%
                                     %%%%%%%%%%%%%%%%%%%%%%%%
                 ###############      %%%%%%%%%%%%%%%%%%%%%%%%
                ##################     %%%%%%%%%%%%%%%%%%%%%%%
                ###################     %%%%%%%%%%%%%%%%%%%%%%%
                ####################     %%%%%%%%%%%%%%%%%%%%%%
                #####################     %%%%%%%%%%%%%%%%%%%%%
                ######################     %%%%%%%%%%%%%%%%%%%%
                #######################     %%%%%%%%%%%%%%%%%%
                 #######################     %%%%%%%%%%%%%%%%%
                 ######################     %%%%%%%%%%%%%%%%%
                  ####################     %%%%%%%%%%%%%%%%%
                    #################     %%%%%%%%%%%%%%%%%
                     ###############     %%%%%%%%%%%%%%%%
                       ############     %%%%%%%%%%%%%%%
                          ########     %%%%%%%%%%%%%%
                                      %%%%%%%%%%%

                 | The OpenMC Monte Carlo Code
       Copyright | 2011-2022 MIT, UChicago Argonne LLC, and contributors
         License | https://docs.openmc.org/en/latest/license.html
         Version | 0.13.1-dev
        Git SHA1 | 91638baeecec220b1ab5df59adf71714daf2cba4
       Date/Time | 2022-09-07 10:49:23
   MPI Processes | 4
  OpenMP Threads | 18

 Reading settings XML file...
 Reading cross sections XML file...
 Reading materials XML file...
 Reading geometry XML file...
 Reading U236 from
 /home/oyardas/2023-openmc-depletion-data/minutes3/../../cross-section-libraries/
 endfb71_hdf5/U236.h5
 Reading O16 from
 /home/oyardas/2023-openmc-depletion-data/minutes3/../../cross-section-libraries/
 endfb71_hdf5/O16.h5
 Reading O17 from
 /home/oyardas/2023-openmc-depletion-data/minutes3/../../cross-section-libraries/
 endfb71_hdf5/O17.h5
 Reading Cs135 from
 /home/oyardas/2023-openmc-depletion-data/minutes3/../../cross-section-libraries/
 endfb71_hdf5/Cs135.h5
 Reading Gd156 from
 /home/oyardas/2023-openmc-depletion-data/minutes3/../../cross-section-libraries/
 endfb71_hdf5/Gd156.h5
 Reading Gd157 from
 /home/oyardas/2023-openmc-depletion-data/minutes3/../../cross-section-libraries/
 endfb71_hdf5/Gd157.h5
 Reading I135 from
 /home/oyardas/2023-openmc-depletion-data/minutes3/../../cross-section-libraries/
 endfb71_hdf5/I135.h5
 Reading U234 from
 /home/oyardas/2023-openmc-depletion-data/minutes3/../../cross-section-libraries/
 endfb71_hdf5/U234.h5
 Reading U235 from
 /home/oyardas/2023-openmc-depletion-data/minutes3/../../cross-section-libraries/
 endfb71_hdf5/U235.h5
 Reading U238 from
 /home/oyardas/2023-openmc-depletion-data/minutes3/../../cross-section-libraries/
 endfb71_hdf5/U238.h5
 Reading Xe135 from
 /home/oyardas/2023-openmc-depletion-data/minutes3/../../cross-section-libraries/
 endfb71_hdf5/Xe135.h5
 Reading Xe136 from
 /home/oyardas/2023-openmc-depletion-data/minutes3/../../cross-section-libraries/
 endfb71_hdf5/Xe136.h5
 Reading Zr90 from
 /home/oyardas/2023-openmc-depletion-data/minutes3/../../cross-section-libraries/
 endfb71_hdf5/Zr90.h5
 Reading Zr91 from
 /home/oyardas/2023-openmc-depletion-data/minutes3/../../cross-section-libraries/
 endfb71_hdf5/Zr91.h5
 Reading Zr92 from
 /home/oyardas/2023-openmc-depletion-data/minutes3/../../cross-section-libraries/
 endfb71_hdf5/Zr92.h5
 Reading Zr94 from
 /home/oyardas/2023-openmc-depletion-data/minutes3/../../cross-section-libraries/
 endfb71_hdf5/Zr94.h5
 Reading Zr96 from
 /home/oyardas/2023-openmc-depletion-data/minutes3/../../cross-section-libraries/
 endfb71_hdf5/Zr96.h5
 Reading H1 from
 /home/oyardas/2023-openmc-depletion-data/minutes3/../../cross-section-libraries/
 endfb71_hdf5/H1.h5
 Reading H2 from
 /home/oyardas/2023-openmc-depletion-data/minutes3/../../cross-section-libraries/
 endfb71_hdf5/H2.h5
 Reading c_H_in_H2O from
 /home/oyardas/2023-openmc-depletion-data/minutes3/../../cross-section-libraries/
 endfb71_hdf5/c_H_in_H2O.h5
 Minimum neutron data temperature: 294 K
 Maximum neutron data temperature: 294 K
 Reading tallies XML file...
 Preparing distributed cell instances...
 Reading plot XML file...
 Writing summary.h5 file...
 Maximum neutron transport energy: 20000000 eV for O17
 Initializing source particles...

 ====================>     K EIGENVALUE SIMULATION     <====================

  Bat./Gen.      k            Average k
  =========   ========   ====================
        1/1    1.43269
        2/1    1.42175
        3/1    1.43512
        4/1    1.46307
        5/1    1.41216
        6/1    1.48518
        7/1    1.42103
        8/1    1.48433
        9/1    1.44054
       10/1    1.46795
       11/1    1.52736
       12/1    1.43843    1.48290 +/- 0.04447
       13/1    1.49072    1.48550 +/- 0.02580
       14/1    1.51328    1.49245 +/- 0.01952
       15/1    1.49118    1.49219 +/- 0.01512
       16/1    1.40228    1.47721 +/- 0.01942
       17/1    1.45813    1.47448 +/- 0.01664
       18/1    1.48807    1.47618 +/- 0.01451
       19/1    1.44122    1.47230 +/- 0.01337
       20/1    1.49600    1.47467 +/- 0.01219
       21/1    1.36893    1.46505 +/- 0.01463
       22/1    1.49438    1.46750 +/- 0.01358
       23/1    1.49239    1.46941 +/- 0.01263
       24/1    1.48965    1.47086 +/- 0.01179
       25/1    1.45451    1.46977 +/- 0.01103
       26/1    1.42267    1.46682 +/- 0.01073
       27/1    1.43170    1.46476 +/- 0.01029
       28/1    1.37072    1.45953 +/- 0.01101
       29/1    1.50073    1.46170 +/- 0.01064
       30/1    1.52198    1.46472 +/- 0.01054
       31/1    1.47465    1.46519 +/- 0.01003
       32/1    1.41809    1.46305 +/- 0.00980
       33/1    1.61136    1.46950 +/- 0.01137
       34/1    1.43843    1.46820 +/- 0.01096
       35/1    1.48473    1.46886 +/- 0.01054
       36/1    1.44077    1.46778 +/- 0.01018
       37/1    1.38465    1.46470 +/- 0.01027
       38/1    1.44674    1.46406 +/- 0.00992
       39/1    1.41990    1.46254 +/- 0.00969
       40/1    1.51369    1.46424 +/- 0.00951
       41/1    1.44838    1.46373 +/- 0.00922
       42/1    1.49800    1.46480 +/- 0.00899
       43/1    1.45543    1.46452 +/- 0.00872
       44/1    1.46316    1.46448 +/- 0.00846
       45/1    1.48725    1.46513 +/- 0.00824
       46/1    1.43165    1.46420 +/- 0.00806
       47/1    1.49915    1.46514 +/- 0.00789
       48/1    1.49518    1.46593 +/- 0.00772
       49/1    1.41616    1.46466 +/- 0.00763
       50/1    1.50976    1.46579 +/- 0.00752
 Creating state point statepoint.50.h5...

 =======================>     TIMING STATISTICS     <=======================

 Total time for initialization     = 2.0474e+00 seconds
   Reading cross sections          = 2.0107e+00 seconds
 Total time in simulation          = 2.5181e-01 seconds
   Time in transport only          = 1.2610e-01 seconds
   Time in inactive batches        = 8.6533e-02 seconds
   Time in active batches          = 1.6528e-01 seconds
   Time synchronizing fission bank = 8.1068e-02 seconds
     Sampling source sites         = 7.6791e-03 seconds
     SEND/RECV source sites        = 6.8743e-04 seconds
   Time accumulating tallies       = 3.4636e-03 seconds
   Time writing statepoints        = 3.1133e-02 seconds
 Total time for finalization       = 3.2871e-05 seconds
 Total time elapsed                = 2.3155e+00 seconds
 Calculation Rate (inactive)       = 115562 particles/second
 Calculation Rate (active)         = 242012 particles/second

 ============================>     RESULTS     <============================

 k-effective (Collision)     = 1.46132 +/- 0.00603
 k-effective (Track-length)  = 1.46579 +/- 0.00752
 k-effective (Absorption)    = 1.45894 +/- 0.00491
 Combined k-effective        = 1.46091 +/- 0.00415
 Leakage Fraction            = 0.00000 +/- 0.00000

[openmc.deplete] t=0.0 s, dt=360 s, source=174
[openmc.deplete] t=360.0 (final operator evaluation)
generating new microxs
/gpfs/fs1/home/oyardas/openmc/openmc/mixin.py:70: IDWarning: Another Filter instance already exists with id=1.
  warn(msg, IDWarning)
/gpfs/fs1/home/oyardas/openmc/openmc/mixin.py:70: IDWarning: Another Filter instance already exists with id=2.
  warn(msg, IDWarning)
                                %%%%%%%%%%%%%%%
                           %%%%%%%%%%%%%%%%%%%%%%%%
                        %%%%%%%%%%%%%%%%%%%%%%%%%%%%%%
                      %%%%%%%%%%%%%%%%%%%%%%%%%%%%%%%%%%
                    %%%%%%%%%%%%%%%%%%%%%%%%%%%%%%%%%%%%%%
                   %%%%%%%%%%%%%%%%%%%%%%%%%%%%%%%%%%%%%%%%
                                    %%%%%%%%%%%%%%%%%%%%%%%%
                                     %%%%%%%%%%%%%%%%%%%%%%%%
                 ###############      %%%%%%%%%%%%%%%%%%%%%%%%
                ##################     %%%%%%%%%%%%%%%%%%%%%%%
                ###################     %%%%%%%%%%%%%%%%%%%%%%%
                ####################     %%%%%%%%%%%%%%%%%%%%%%
                #####################     %%%%%%%%%%%%%%%%%%%%%
                ######################     %%%%%%%%%%%%%%%%%%%%
                #######################     %%%%%%%%%%%%%%%%%%
                 #######################     %%%%%%%%%%%%%%%%%
                 ######################     %%%%%%%%%%%%%%%%%
                  ####################     %%%%%%%%%%%%%%%%%
                    #################     %%%%%%%%%%%%%%%%%
                     ###############     %%%%%%%%%%%%%%%%
                       ############     %%%%%%%%%%%%%%%
                          ########     %%%%%%%%%%%%%%
                                      %%%%%%%%%%%

                 | The OpenMC Monte Carlo Code
       Copyright | 2011-2022 MIT, UChicago Argonne LLC, and contributors
         License | https://docs.openmc.org/en/latest/license.html
         Version | 0.13.1-dev
        Git SHA1 | 91638baeecec220b1ab5df59adf71714daf2cba4
       Date/Time | 2022-09-07 10:49:27
   MPI Processes | 4
  OpenMP Threads | 18

 Reading settings XML file...
 Reading cross sections XML file...
 Reading materials XML file...
 Reading geometry XML file...
 Reading U236 from
 /home/oyardas/2023-openmc-depletion-data/minutes3/../../cross-section-libraries/
 endfb71_hdf5/U236.h5
 Reading O16 from
 /home/oyardas/2023-openmc-depletion-data/minutes3/../../cross-section-libraries/
 endfb71_hdf5/O16.h5
 Reading O17 from
 /home/oyardas/2023-openmc-depletion-data/minutes3/../../cross-section-libraries/
 endfb71_hdf5/O17.h5
 Reading Cs135 from
 /home/oyardas/2023-openmc-depletion-data/minutes3/../../cross-section-libraries/
 endfb71_hdf5/Cs135.h5
 Reading Gd156 from
 /home/oyardas/2023-openmc-depletion-data/minutes3/../../cross-section-libraries/
 endfb71_hdf5/Gd156.h5
 Reading Gd157 from
 /home/oyardas/2023-openmc-depletion-data/minutes3/../../cross-section-libraries/
 endfb71_hdf5/Gd157.h5
 Reading I135 from
 /home/oyardas/2023-openmc-depletion-data/minutes3/../../cross-section-libraries/
 endfb71_hdf5/I135.h5
 Reading U234 from
 /home/oyardas/2023-openmc-depletion-data/minutes3/../../cross-section-libraries/
 endfb71_hdf5/U234.h5
 Reading U235 from
 /home/oyardas/2023-openmc-depletion-data/minutes3/../../cross-section-libraries/
 endfb71_hdf5/U235.h5
 Reading U238 from
 /home/oyardas/2023-openmc-depletion-data/minutes3/../../cross-section-libraries/
 endfb71_hdf5/U238.h5
 Reading Xe135 from
 /home/oyardas/2023-openmc-depletion-data/minutes3/../../cross-section-libraries/
 endfb71_hdf5/Xe135.h5
 Reading Xe136 from
 /home/oyardas/2023-openmc-depletion-data/minutes3/../../cross-section-libraries/
 endfb71_hdf5/Xe136.h5
 Reading Zr90 from
 /home/oyardas/2023-openmc-depletion-data/minutes3/../../cross-section-libraries/
 endfb71_hdf5/Zr90.h5
 Reading Zr91 from
 /home/oyardas/2023-openmc-depletion-data/minutes3/../../cross-section-libraries/
 endfb71_hdf5/Zr91.h5
 Reading Zr92 from
 /home/oyardas/2023-openmc-depletion-data/minutes3/../../cross-section-libraries/
 endfb71_hdf5/Zr92.h5
 Reading Zr94 from
 /home/oyardas/2023-openmc-depletion-data/minutes3/../../cross-section-libraries/
 endfb71_hdf5/Zr94.h5
 Reading Zr96 from
 /home/oyardas/2023-openmc-depletion-data/minutes3/../../cross-section-libraries/
 endfb71_hdf5/Zr96.h5
 Reading H1 from
 /home/oyardas/2023-openmc-depletion-data/minutes3/../../cross-section-libraries/
 endfb71_hdf5/H1.h5
 Reading H2 from
 /home/oyardas/2023-openmc-depletion-data/minutes3/../../cross-section-libraries/
 endfb71_hdf5/H2.h5
 Reading c_H_in_H2O from
 /home/oyardas/2023-openmc-depletion-data/minutes3/../../cross-section-libraries/
 endfb71_hdf5/c_H_in_H2O.h5
 Minimum neutron data temperature: 294 K
 Maximum neutron data temperature: 294 K
 Reading tallies XML file...
 Preparing distributed cell instances...
 Reading plot XML file...
 Writing summary.h5 file...
 Maximum neutron transport energy: 20000000 eV for O17
 Initializing source particles...

 ====================>     K EIGENVALUE SIMULATION     <====================

  Bat./Gen.      k            Average k
  =========   ========   ====================
        1/1    1.43267
        2/1    1.42133
        3/1    1.43437
        4/1    1.46908
        5/1    1.42796
        6/1    1.53679
        7/1    1.44851
        8/1    1.49585
        9/1    1.44721
       10/1    1.41552
       11/1    1.46008
       12/1    1.51490    1.48749 +/- 0.02741
       13/1    1.50012    1.49170 +/- 0.01637
       14/1    1.36743    1.46063 +/- 0.03316
       15/1    1.40901    1.45031 +/- 0.02768
       16/1    1.45744    1.45150 +/- 0.02263
       17/1    1.47477    1.45482 +/- 0.01941
       18/1    1.42847    1.45153 +/- 0.01713
       19/1    1.49235    1.45606 +/- 0.01578
       20/1    1.55247    1.46570 +/- 0.01709
       21/1    1.41809    1.46138 +/- 0.01605
       22/1    1.34935    1.45204 +/- 0.01737
       23/1    1.43034    1.45037 +/- 0.01607
       24/1    1.47622    1.45222 +/- 0.01499
       25/1    1.53232    1.45756 +/- 0.01494
       26/1    1.58314    1.46541 +/- 0.01603
       27/1    1.47415    1.46592 +/- 0.01507
       28/1    1.55314    1.47077 +/- 0.01501
       29/1    1.44540    1.46943 +/- 0.01426
       30/1    1.44816    1.46837 +/- 0.01357
       31/1    1.44704    1.46735 +/- 0.01295
       32/1    1.57973    1.47246 +/- 0.01336
       33/1    1.45397    1.47166 +/- 0.01279
       34/1    1.45844    1.47111 +/- 0.01226
       35/1    1.44414    1.47003 +/- 0.01181
       36/1    1.54789    1.47302 +/- 0.01173
       37/1    1.42477    1.47124 +/- 0.01143
       38/1    1.51139    1.47267 +/- 0.01111
       39/1    1.47144    1.47263 +/- 0.01072
       40/1    1.45290    1.47197 +/- 0.01038
       41/1    1.48057    1.47225 +/- 0.01004
       42/1    1.45933    1.47184 +/- 0.00973
       43/1    1.45193    1.47124 +/- 0.00945
       44/1    1.51996    1.47267 +/- 0.00928
       45/1    1.42226    1.47123 +/- 0.00912
       46/1    1.43781    1.47030 +/- 0.00891
       47/1    1.45525    1.46990 +/- 0.00868
       48/1    1.51417    1.47106 +/- 0.00853
       49/1    1.47641    1.47120 +/- 0.00831
       50/1    1.41157    1.46971 +/- 0.00823
 Creating state point statepoint.50.h5...

 =======================>     TIMING STATISTICS     <=======================

 Total time for initialization     = 2.0914e+00 seconds
   Reading cross sections          = 2.0572e+00 seconds
 Total time in simulation          = 2.6496e-01 seconds
   Time in transport only          = 1.2643e-01 seconds
   Time in inactive batches        = 6.4580e-02 seconds
   Time in active batches          = 2.0038e-01 seconds
   Time synchronizing fission bank = 9.5248e-02 seconds
     Sampling source sites         = 7.5000e-03 seconds
     SEND/RECV source sites        = 4.4128e-04 seconds
   Time accumulating tallies       = 4.7238e-03 seconds
   Time writing statepoints        = 2.8807e-02 seconds
 Total time for finalization       = 2.7194e-05 seconds
 Total time elapsed                = 2.3713e+00 seconds
 Calculation Rate (inactive)       = 154847 particles/second
 Calculation Rate (active)         = 199616 particles/second

 ============================>     RESULTS     <============================

 k-effective (Collision)     = 1.47379 +/- 0.00712
 k-effective (Track-length)  = 1.46971 +/- 0.00823
 k-effective (Absorption)    = 1.46840 +/- 0.00488
 Combined k-effective        = 1.46825 +/- 0.00489
 Leakage Fraction            = 0.00000 +/- 0.00000

[openmc.deplete] t=0.0 s, dt=360 s, source=174
[openmc.deplete] t=360.0 (final operator evaluation)
generating new microxs
/gpfs/fs1/home/oyardas/openmc/openmc/mixin.py:70: IDWarning: Another Filter instance already exists with id=1.
  warn(msg, IDWarning)
/gpfs/fs1/home/oyardas/openmc/openmc/mixin.py:70: IDWarning: Another Filter instance already exists with id=2.
  warn(msg, IDWarning)
                                %%%%%%%%%%%%%%%
                           %%%%%%%%%%%%%%%%%%%%%%%%
                        %%%%%%%%%%%%%%%%%%%%%%%%%%%%%%
                      %%%%%%%%%%%%%%%%%%%%%%%%%%%%%%%%%%
                    %%%%%%%%%%%%%%%%%%%%%%%%%%%%%%%%%%%%%%
                   %%%%%%%%%%%%%%%%%%%%%%%%%%%%%%%%%%%%%%%%
                                    %%%%%%%%%%%%%%%%%%%%%%%%
                                     %%%%%%%%%%%%%%%%%%%%%%%%
                 ###############      %%%%%%%%%%%%%%%%%%%%%%%%
                ##################     %%%%%%%%%%%%%%%%%%%%%%%
                ###################     %%%%%%%%%%%%%%%%%%%%%%%
                ####################     %%%%%%%%%%%%%%%%%%%%%%
                #####################     %%%%%%%%%%%%%%%%%%%%%
                ######################     %%%%%%%%%%%%%%%%%%%%
                #######################     %%%%%%%%%%%%%%%%%%
                 #######################     %%%%%%%%%%%%%%%%%
                 ######################     %%%%%%%%%%%%%%%%%
                  ####################     %%%%%%%%%%%%%%%%%
                    #################     %%%%%%%%%%%%%%%%%
                     ###############     %%%%%%%%%%%%%%%%
                       ############     %%%%%%%%%%%%%%%
                          ########     %%%%%%%%%%%%%%
                                      %%%%%%%%%%%

                 | The OpenMC Monte Carlo Code
       Copyright | 2011-2022 MIT, UChicago Argonne LLC, and contributors
         License | https://docs.openmc.org/en/latest/license.html
         Version | 0.13.1-dev
        Git SHA1 | 91638baeecec220b1ab5df59adf71714daf2cba4
       Date/Time | 2022-09-07 10:49:31
   MPI Processes | 4
  OpenMP Threads | 18

 Reading settings XML file...
 Reading cross sections XML file...
 Reading materials XML file...
 Reading geometry XML file...
 Reading U236 from
 /home/oyardas/2023-openmc-depletion-data/minutes3/../../cross-section-libraries/
 endfb71_hdf5/U236.h5
 Reading O16 from
 /home/oyardas/2023-openmc-depletion-data/minutes3/../../cross-section-libraries/
 endfb71_hdf5/O16.h5
 Reading O17 from
 /home/oyardas/2023-openmc-depletion-data/minutes3/../../cross-section-libraries/
 endfb71_hdf5/O17.h5
 Reading Cs135 from
 /home/oyardas/2023-openmc-depletion-data/minutes3/../../cross-section-libraries/
 endfb71_hdf5/Cs135.h5
 Reading Gd156 from
 /home/oyardas/2023-openmc-depletion-data/minutes3/../../cross-section-libraries/
 endfb71_hdf5/Gd156.h5
 Reading Gd157 from
 /home/oyardas/2023-openmc-depletion-data/minutes3/../../cross-section-libraries/
 endfb71_hdf5/Gd157.h5
 Reading I135 from
 /home/oyardas/2023-openmc-depletion-data/minutes3/../../cross-section-libraries/
 endfb71_hdf5/I135.h5
 Reading U234 from
 /home/oyardas/2023-openmc-depletion-data/minutes3/../../cross-section-libraries/
 endfb71_hdf5/U234.h5
 Reading U235 from
 /home/oyardas/2023-openmc-depletion-data/minutes3/../../cross-section-libraries/
 endfb71_hdf5/U235.h5
 Reading U238 from
 /home/oyardas/2023-openmc-depletion-data/minutes3/../../cross-section-libraries/
 endfb71_hdf5/U238.h5
 Reading Xe135 from
 /home/oyardas/2023-openmc-depletion-data/minutes3/../../cross-section-libraries/
 endfb71_hdf5/Xe135.h5
 Reading Xe136 from
 /home/oyardas/2023-openmc-depletion-data/minutes3/../../cross-section-libraries/
 endfb71_hdf5/Xe136.h5
 Reading Zr90 from
 /home/oyardas/2023-openmc-depletion-data/minutes3/../../cross-section-libraries/
 endfb71_hdf5/Zr90.h5
 Reading Zr91 from
 /home/oyardas/2023-openmc-depletion-data/minutes3/../../cross-section-libraries/
 endfb71_hdf5/Zr91.h5
 Reading Zr92 from
 /home/oyardas/2023-openmc-depletion-data/minutes3/../../cross-section-libraries/
 endfb71_hdf5/Zr92.h5
 Reading Zr94 from
 /home/oyardas/2023-openmc-depletion-data/minutes3/../../cross-section-libraries/
 endfb71_hdf5/Zr94.h5
 Reading Zr96 from
 /home/oyardas/2023-openmc-depletion-data/minutes3/../../cross-section-libraries/
 endfb71_hdf5/Zr96.h5
 Reading H1 from
 /home/oyardas/2023-openmc-depletion-data/minutes3/../../cross-section-libraries/
 endfb71_hdf5/H1.h5
 Reading H2 from
 /home/oyardas/2023-openmc-depletion-data/minutes3/../../cross-section-libraries/
 endfb71_hdf5/H2.h5
 Reading c_H_in_H2O from
 /home/oyardas/2023-openmc-depletion-data/minutes3/../../cross-section-libraries/
 endfb71_hdf5/c_H_in_H2O.h5
 Minimum neutron data temperature: 294 K
 Maximum neutron data temperature: 294 K
 Reading tallies XML file...
 Preparing distributed cell instances...
 Reading plot XML file...
 Writing summary.h5 file...
 Maximum neutron transport energy: 20000000 eV for O17
 Initializing source particles...

 ====================>     K EIGENVALUE SIMULATION     <====================

  Bat./Gen.      k            Average k
  =========   ========   ====================
        1/1    1.43265
        2/1    1.42081
        3/1    1.39547
        4/1    1.51005
        5/1    1.47567
        6/1    1.52562
        7/1    1.41146
        8/1    1.49563
        9/1    1.50981
       10/1    1.48209
       11/1    1.34329
       12/1    1.46092    1.40211 +/- 0.05882
       13/1    1.47896    1.42772 +/- 0.04254
       14/1    1.38962    1.41820 +/- 0.03155
       15/1    1.50324    1.43521 +/- 0.02978
       16/1    1.45717    1.43887 +/- 0.02459
       17/1    1.48687    1.44572 +/- 0.02188
       18/1    1.46153    1.44770 +/- 0.01905
       19/1    1.53788    1.45772 +/- 0.01956
       20/1    1.42310    1.45426 +/- 0.01784
       21/1    1.62328    1.46962 +/- 0.02228
       22/1    1.50994    1.47298 +/- 0.02061
       23/1    1.45466    1.47157 +/- 0.01902
       24/1    1.54165    1.47658 +/- 0.01830
       25/1    1.49619    1.47789 +/- 0.01709
       26/1    1.46517    1.47709 +/- 0.01600
       27/1    1.47335    1.47687 +/- 0.01504
       28/1    1.43995    1.47482 +/- 0.01432
       29/1    1.47766    1.47497 +/- 0.01355
       30/1    1.38672    1.47056 +/- 0.01359
       31/1    1.40728    1.46754 +/- 0.01327
       32/1    1.51831    1.46985 +/- 0.01286
       33/1    1.49229    1.47083 +/- 0.01233
       34/1    1.32537    1.46477 +/- 0.01327
       35/1    1.40404    1.46234 +/- 0.01296
       36/1    1.56086    1.46613 +/- 0.01301
       37/1    1.49531    1.46721 +/- 0.01257
       38/1    1.45942    1.46693 +/- 0.01212
       39/1    1.41874    1.46527 +/- 0.01181
       40/1    1.48314    1.46586 +/- 0.01142
       41/1    1.48141    1.46637 +/- 0.01106
       42/1    1.40545    1.46446 +/- 0.01088
       43/1    1.52570    1.46632 +/- 0.01070
       44/1    1.45679    1.46604 +/- 0.01039
       45/1    1.49476    1.46686 +/- 0.01012
       46/1    1.43449    1.46596 +/- 0.00988
       47/1    1.59106    1.46934 +/- 0.01018
       48/1    1.44185    1.46862 +/- 0.00994
       49/1    1.42556    1.46751 +/- 0.00974
       50/1    1.46966    1.46757 +/- 0.00950
 Creating state point statepoint.50.h5...

 =======================>     TIMING STATISTICS     <=======================

 Total time for initialization     = 2.1138e+00 seconds
   Reading cross sections          = 2.0768e+00 seconds
 Total time in simulation          = 2.2409e-01 seconds
   Time in transport only          = 1.3145e-01 seconds
   Time in inactive batches        = 2.4500e-02 seconds
   Time in active batches          = 1.9959e-01 seconds
   Time synchronizing fission bank = 4.3235e-02 seconds
     Sampling source sites         = 7.8232e-03 seconds
     SEND/RECV source sites        = 4.4576e-04 seconds
   Time accumulating tallies       = 1.1024e-02 seconds
   Time writing statepoints        = 3.0186e-02 seconds
 Total time for finalization       = 3.0126e-05 seconds
 Total time elapsed                = 2.3545e+00 seconds
 Calculation Rate (inactive)       = 408171 particles/second
 Calculation Rate (active)         = 200406 particles/second

 ============================>     RESULTS     <============================

 k-effective (Collision)     = 1.46476 +/- 0.00714
 k-effective (Track-length)  = 1.46757 +/- 0.00950
 k-effective (Absorption)    = 1.46476 +/- 0.00478
 Combined k-effective        = 1.46485 +/- 0.00457
 Leakage Fraction            = 0.00000 +/- 0.00000

[openmc.deplete] t=0.0 s, dt=360 s, source=174
[openmc.deplete] t=360.0 (final operator evaluation)
generating new microxs
/gpfs/fs1/home/oyardas/openmc/openmc/mixin.py:70: IDWarning: Another Filter instance already exists with id=1.
  warn(msg, IDWarning)
/gpfs/fs1/home/oyardas/openmc/openmc/mixin.py:70: IDWarning: Another Filter instance already exists with id=2.
  warn(msg, IDWarning)
                                %%%%%%%%%%%%%%%
                           %%%%%%%%%%%%%%%%%%%%%%%%
                        %%%%%%%%%%%%%%%%%%%%%%%%%%%%%%
                      %%%%%%%%%%%%%%%%%%%%%%%%%%%%%%%%%%
                    %%%%%%%%%%%%%%%%%%%%%%%%%%%%%%%%%%%%%%
                   %%%%%%%%%%%%%%%%%%%%%%%%%%%%%%%%%%%%%%%%
                                    %%%%%%%%%%%%%%%%%%%%%%%%
                                     %%%%%%%%%%%%%%%%%%%%%%%%
                 ###############      %%%%%%%%%%%%%%%%%%%%%%%%
                ##################     %%%%%%%%%%%%%%%%%%%%%%%
                ###################     %%%%%%%%%%%%%%%%%%%%%%%
                ####################     %%%%%%%%%%%%%%%%%%%%%%
                #####################     %%%%%%%%%%%%%%%%%%%%%
                ######################     %%%%%%%%%%%%%%%%%%%%
                #######################     %%%%%%%%%%%%%%%%%%
                 #######################     %%%%%%%%%%%%%%%%%
                 ######################     %%%%%%%%%%%%%%%%%
                  ####################     %%%%%%%%%%%%%%%%%
                    #################     %%%%%%%%%%%%%%%%%
                     ###############     %%%%%%%%%%%%%%%%
                       ############     %%%%%%%%%%%%%%%
                          ########     %%%%%%%%%%%%%%
                                      %%%%%%%%%%%

                 | The OpenMC Monte Carlo Code
       Copyright | 2011-2022 MIT, UChicago Argonne LLC, and contributors
         License | https://docs.openmc.org/en/latest/license.html
         Version | 0.13.1-dev
        Git SHA1 | 91638baeecec220b1ab5df59adf71714daf2cba4
       Date/Time | 2022-09-07 10:49:34
   MPI Processes | 4
  OpenMP Threads | 18

 Reading settings XML file...
 Reading cross sections XML file...
 Reading materials XML file...
 Reading geometry XML file...
 Reading U236 from
 /home/oyardas/2023-openmc-depletion-data/minutes3/../../cross-section-libraries/
 endfb71_hdf5/U236.h5
 Reading O16 from
 /home/oyardas/2023-openmc-depletion-data/minutes3/../../cross-section-libraries/
 endfb71_hdf5/O16.h5
 Reading O17 from
 /home/oyardas/2023-openmc-depletion-data/minutes3/../../cross-section-libraries/
 endfb71_hdf5/O17.h5
 Reading Cs135 from
 /home/oyardas/2023-openmc-depletion-data/minutes3/../../cross-section-libraries/
 endfb71_hdf5/Cs135.h5
 Reading Gd156 from
 /home/oyardas/2023-openmc-depletion-data/minutes3/../../cross-section-libraries/
 endfb71_hdf5/Gd156.h5
 Reading Gd157 from
 /home/oyardas/2023-openmc-depletion-data/minutes3/../../cross-section-libraries/
 endfb71_hdf5/Gd157.h5
 Reading I135 from
 /home/oyardas/2023-openmc-depletion-data/minutes3/../../cross-section-libraries/
 endfb71_hdf5/I135.h5
 Reading U234 from
 /home/oyardas/2023-openmc-depletion-data/minutes3/../../cross-section-libraries/
 endfb71_hdf5/U234.h5
 Reading U235 from
 /home/oyardas/2023-openmc-depletion-data/minutes3/../../cross-section-libraries/
 endfb71_hdf5/U235.h5
 Reading U238 from
 /home/oyardas/2023-openmc-depletion-data/minutes3/../../cross-section-libraries/
 endfb71_hdf5/U238.h5
 Reading Xe135 from
 /home/oyardas/2023-openmc-depletion-data/minutes3/../../cross-section-libraries/
 endfb71_hdf5/Xe135.h5
 Reading Xe136 from
 /home/oyardas/2023-openmc-depletion-data/minutes3/../../cross-section-libraries/
 endfb71_hdf5/Xe136.h5
 Reading Zr90 from
 /home/oyardas/2023-openmc-depletion-data/minutes3/../../cross-section-libraries/
 endfb71_hdf5/Zr90.h5
 Reading Zr91 from
 /home/oyardas/2023-openmc-depletion-data/minutes3/../../cross-section-libraries/
 endfb71_hdf5/Zr91.h5
 Reading Zr92 from
 /home/oyardas/2023-openmc-depletion-data/minutes3/../../cross-section-libraries/
 endfb71_hdf5/Zr92.h5
 Reading Zr94 from
 /home/oyardas/2023-openmc-depletion-data/minutes3/../../cross-section-libraries/
 endfb71_hdf5/Zr94.h5
 Reading Zr96 from
 /home/oyardas/2023-openmc-depletion-data/minutes3/../../cross-section-libraries/
 endfb71_hdf5/Zr96.h5
 Reading H1 from
 /home/oyardas/2023-openmc-depletion-data/minutes3/../../cross-section-libraries/
 endfb71_hdf5/H1.h5
 Reading H2 from
 /home/oyardas/2023-openmc-depletion-data/minutes3/../../cross-section-libraries/
 endfb71_hdf5/H2.h5
 Reading c_H_in_H2O from
 /home/oyardas/2023-openmc-depletion-data/minutes3/../../cross-section-libraries/
 endfb71_hdf5/c_H_in_H2O.h5
 Minimum neutron data temperature: 294 K
 Maximum neutron data temperature: 294 K
 Reading tallies XML file...
 Preparing distributed cell instances...
 Reading plot XML file...
 Writing summary.h5 file...
 Maximum neutron transport energy: 20000000 eV for O17
 Initializing source particles...

 ====================>     K EIGENVALUE SIMULATION     <====================

  Bat./Gen.      k            Average k
  =========   ========   ====================
        1/1    1.43263
        2/1    1.42638
        3/1    1.40280
        4/1    1.40077
        5/1    1.49906
        6/1    1.53764
        7/1    1.49272
        8/1    1.41676
        9/1    1.37766
       10/1    1.39780
       11/1    1.44826
       12/1    1.46368    1.45597 +/- 0.00771
       13/1    1.47976    1.46390 +/- 0.00909
       14/1    1.50821    1.47498 +/- 0.01281
       15/1    1.42216    1.46442 +/- 0.01449
       16/1    1.39750    1.45326 +/- 0.01626
       17/1    1.47381    1.45620 +/- 0.01405
       18/1    1.40341    1.44960 +/- 0.01384
       19/1    1.52063    1.45749 +/- 0.01454
       20/1    1.35852    1.44760 +/- 0.01634
       21/1    1.36541    1.44012 +/- 0.01656
       22/1    1.43238    1.43948 +/- 0.01513
       23/1    1.46768    1.44165 +/- 0.01409
       24/1    1.46197    1.44310 +/- 0.01312
       25/1    1.44294    1.44309 +/- 0.01222
       26/1    1.45918    1.44409 +/- 0.01147
       27/1    1.44126    1.44393 +/- 0.01078
       28/1    1.39800    1.44138 +/- 0.01048
       29/1    1.39954    1.43917 +/- 0.01015
       30/1    1.46062    1.44025 +/- 0.00969
       31/1    1.37501    1.43714 +/- 0.00973
       32/1    1.43426    1.43701 +/- 0.00927
       33/1    1.48586    1.43913 +/- 0.00911
       34/1    1.53147    1.44298 +/- 0.00954
       35/1    1.41770    1.44197 +/- 0.00920
       36/1    1.46330    1.44279 +/- 0.00888
       37/1    1.42501    1.44213 +/- 0.00857
       38/1    1.53538    1.44546 +/- 0.00890
       39/1    1.40189    1.44396 +/- 0.00872
       40/1    1.46965    1.44482 +/- 0.00847
       41/1    1.43949    1.44464 +/- 0.00819
       42/1    1.46773    1.44537 +/- 0.00797
       43/1    1.37114    1.44312 +/- 0.00804
       44/1    1.40716    1.44206 +/- 0.00787
       45/1    1.55688    1.44534 +/- 0.00832
       46/1    1.48577    1.44646 +/- 0.00816
       47/1    1.45692    1.44674 +/- 0.00794
       48/1    1.51259    1.44848 +/- 0.00792
       49/1    1.55643    1.45125 +/- 0.00820
       50/1    1.37814    1.44942 +/- 0.00820
 Creating state point statepoint.50.h5...

 =======================>     TIMING STATISTICS     <=======================

 Total time for initialization     = 2.0667e+00 seconds
   Reading cross sections          = 2.0303e+00 seconds
 Total time in simulation          = 2.7883e-01 seconds
   Time in transport only          = 1.2463e-01 seconds
   Time in inactive batches        = 7.4295e-02 seconds
   Time in active batches          = 2.0454e-01 seconds
   Time synchronizing fission bank = 7.0066e-02 seconds
     Sampling source sites         = 7.9272e-03 seconds
     SEND/RECV source sites        = 4.6144e-04 seconds
   Time accumulating tallies       = 3.4330e-03 seconds
   Time writing statepoints        = 7.1150e-02 seconds
 Total time for finalization       = 4.6600e-05 seconds
 Total time elapsed                = 2.3606e+00 seconds
 Calculation Rate (inactive)       = 134599 particles/second
 Calculation Rate (active)         = 195565 particles/second

 ============================>     RESULTS     <============================

 k-effective (Collision)     = 1.46030 +/- 0.00682
 k-effective (Track-length)  = 1.44942 +/- 0.00820
 k-effective (Absorption)    = 1.46296 +/- 0.00523
 Combined k-effective        = 1.45792 +/- 0.00449
 Leakage Fraction            = 0.00000 +/- 0.00000

[openmc.deplete] t=0.0 s, dt=360 s, source=174
[openmc.deplete] t=360.0 (final operator evaluation)
generating new microxs
/gpfs/fs1/home/oyardas/openmc/openmc/mixin.py:70: IDWarning: Another Filter instance already exists with id=1.
  warn(msg, IDWarning)
/gpfs/fs1/home/oyardas/openmc/openmc/mixin.py:70: IDWarning: Another Filter instance already exists with id=2.
  warn(msg, IDWarning)
                                %%%%%%%%%%%%%%%
                           %%%%%%%%%%%%%%%%%%%%%%%%
                        %%%%%%%%%%%%%%%%%%%%%%%%%%%%%%
                      %%%%%%%%%%%%%%%%%%%%%%%%%%%%%%%%%%
                    %%%%%%%%%%%%%%%%%%%%%%%%%%%%%%%%%%%%%%
                   %%%%%%%%%%%%%%%%%%%%%%%%%%%%%%%%%%%%%%%%
                                    %%%%%%%%%%%%%%%%%%%%%%%%
                                     %%%%%%%%%%%%%%%%%%%%%%%%
                 ###############      %%%%%%%%%%%%%%%%%%%%%%%%
                ##################     %%%%%%%%%%%%%%%%%%%%%%%
                ###################     %%%%%%%%%%%%%%%%%%%%%%%
                ####################     %%%%%%%%%%%%%%%%%%%%%%
                #####################     %%%%%%%%%%%%%%%%%%%%%
                ######################     %%%%%%%%%%%%%%%%%%%%
                #######################     %%%%%%%%%%%%%%%%%%
                 #######################     %%%%%%%%%%%%%%%%%
                 ######################     %%%%%%%%%%%%%%%%%
                  ####################     %%%%%%%%%%%%%%%%%
                    #################     %%%%%%%%%%%%%%%%%
                     ###############     %%%%%%%%%%%%%%%%
                       ############     %%%%%%%%%%%%%%%
                          ########     %%%%%%%%%%%%%%
                                      %%%%%%%%%%%

                 | The OpenMC Monte Carlo Code
       Copyright | 2011-2022 MIT, UChicago Argonne LLC, and contributors
         License | https://docs.openmc.org/en/latest/license.html
         Version | 0.13.1-dev
        Git SHA1 | 91638baeecec220b1ab5df59adf71714daf2cba4
       Date/Time | 2022-09-07 10:49:38
   MPI Processes | 4
  OpenMP Threads | 18

 Reading settings XML file...
 Reading cross sections XML file...
 Reading materials XML file...
 Reading geometry XML file...
 Reading U236 from
 /home/oyardas/2023-openmc-depletion-data/minutes3/../../cross-section-libraries/
 endfb71_hdf5/U236.h5
 Reading O16 from
 /home/oyardas/2023-openmc-depletion-data/minutes3/../../cross-section-libraries/
 endfb71_hdf5/O16.h5
 Reading O17 from
 /home/oyardas/2023-openmc-depletion-data/minutes3/../../cross-section-libraries/
 endfb71_hdf5/O17.h5
 Reading Cs135 from
 /home/oyardas/2023-openmc-depletion-data/minutes3/../../cross-section-libraries/
 endfb71_hdf5/Cs135.h5
 Reading Gd156 from
 /home/oyardas/2023-openmc-depletion-data/minutes3/../../cross-section-libraries/
 endfb71_hdf5/Gd156.h5
 Reading Gd157 from
 /home/oyardas/2023-openmc-depletion-data/minutes3/../../cross-section-libraries/
 endfb71_hdf5/Gd157.h5
 Reading I135 from
 /home/oyardas/2023-openmc-depletion-data/minutes3/../../cross-section-libraries/
 endfb71_hdf5/I135.h5
 Reading U234 from
 /home/oyardas/2023-openmc-depletion-data/minutes3/../../cross-section-libraries/
 endfb71_hdf5/U234.h5
 Reading U235 from
 /home/oyardas/2023-openmc-depletion-data/minutes3/../../cross-section-libraries/
 endfb71_hdf5/U235.h5
 Reading U238 from
 /home/oyardas/2023-openmc-depletion-data/minutes3/../../cross-section-libraries/
 endfb71_hdf5/U238.h5
 Reading Xe135 from
 /home/oyardas/2023-openmc-depletion-data/minutes3/../../cross-section-libraries/
 endfb71_hdf5/Xe135.h5
 Reading Xe136 from
 /home/oyardas/2023-openmc-depletion-data/minutes3/../../cross-section-libraries/
 endfb71_hdf5/Xe136.h5
 Reading Zr90 from
 /home/oyardas/2023-openmc-depletion-data/minutes3/../../cross-section-libraries/
 endfb71_hdf5/Zr90.h5
 Reading Zr91 from
 /home/oyardas/2023-openmc-depletion-data/minutes3/../../cross-section-libraries/
 endfb71_hdf5/Zr91.h5
 Reading Zr92 from
 /home/oyardas/2023-openmc-depletion-data/minutes3/../../cross-section-libraries/
 endfb71_hdf5/Zr92.h5
 Reading Zr94 from
 /home/oyardas/2023-openmc-depletion-data/minutes3/../../cross-section-libraries/
 endfb71_hdf5/Zr94.h5
 Reading Zr96 from
 /home/oyardas/2023-openmc-depletion-data/minutes3/../../cross-section-libraries/
 endfb71_hdf5/Zr96.h5
 Reading H1 from
 /home/oyardas/2023-openmc-depletion-data/minutes3/../../cross-section-libraries/
 endfb71_hdf5/H1.h5
 Reading H2 from
 /home/oyardas/2023-openmc-depletion-data/minutes3/../../cross-section-libraries/
 endfb71_hdf5/H2.h5
 Reading c_H_in_H2O from
 /home/oyardas/2023-openmc-depletion-data/minutes3/../../cross-section-libraries/
 endfb71_hdf5/c_H_in_H2O.h5
 Minimum neutron data temperature: 294 K
 Maximum neutron data temperature: 294 K
 Reading tallies XML file...
 Preparing distributed cell instances...
 Reading plot XML file...
 Writing summary.h5 file...
 Maximum neutron transport energy: 20000000 eV for O17
 Initializing source particles...

 ====================>     K EIGENVALUE SIMULATION     <====================

  Bat./Gen.      k            Average k
  =========   ========   ====================
        1/1    1.43261
        2/1    1.42623
        3/1    1.38499
        4/1    1.45458
        5/1    1.47867
        6/1    1.53049
        7/1    1.48482
        8/1    1.40745
        9/1    1.42137
       10/1    1.35315
       11/1    1.48899
       12/1    1.48882    1.48891 +/- 0.00009
       13/1    1.48701    1.48827 +/- 0.00063
       14/1    1.50606    1.49272 +/- 0.00447
       15/1    1.45562    1.48530 +/- 0.00819
       16/1    1.40114    1.47127 +/- 0.01554
       17/1    1.46793    1.47080 +/- 0.01314
       18/1    1.54785    1.48043 +/- 0.01491
       19/1    1.45485    1.47759 +/- 0.01345
       20/1    1.49311    1.47914 +/- 0.01213
       21/1    1.44343    1.47589 +/- 0.01144
       22/1    1.41286    1.47064 +/- 0.01169
       23/1    1.51671    1.47418 +/- 0.01132
       24/1    1.47008    1.47389 +/- 0.01049
       25/1    1.57099    1.48036 +/- 0.01172
       26/1    1.46400    1.47934 +/- 0.01101
       27/1    1.36240    1.47246 +/- 0.01242
       28/1    1.43423    1.47034 +/- 0.01190
       29/1    1.38366    1.46578 +/- 0.01214
       30/1    1.51409    1.46819 +/- 0.01177
       31/1    1.42988    1.46637 +/- 0.01134
       32/1    1.28374    1.45807 +/- 0.01364
       33/1    1.43625    1.45712 +/- 0.01306
       34/1    1.43853    1.45634 +/- 0.01253
       35/1    1.36873    1.45284 +/- 0.01252
       36/1    1.49546    1.45448 +/- 0.01214
       37/1    1.38332    1.45184 +/- 0.01198
       38/1    1.42152    1.45076 +/- 0.01159
       39/1    1.48830    1.45205 +/- 0.01126
       40/1    1.42491    1.45115 +/- 0.01091
       41/1    1.46961    1.45175 +/- 0.01057
       42/1    1.58715    1.45598 +/- 0.01108
       43/1    1.48716    1.45692 +/- 0.01078
       44/1    1.49599    1.45807 +/- 0.01052
       45/1    1.40762    1.45663 +/- 0.01032
       46/1    1.39792    1.45500 +/- 0.01016
       47/1    1.53438    1.45714 +/- 0.01011
       48/1    1.45989    1.45722 +/- 0.00984
       49/1    1.39340    1.45558 +/- 0.00972
       50/1    1.52259    1.45726 +/- 0.00962
 Creating state point statepoint.50.h5...

 =======================>     TIMING STATISTICS     <=======================

 Total time for initialization     = 2.1403e+00 seconds
   Reading cross sections          = 2.1053e+00 seconds
 Total time in simulation          = 1.8538e-01 seconds
   Time in transport only          = 1.2647e-01 seconds
   Time in inactive batches        = 2.5322e-02 seconds
   Time in active batches          = 1.6006e-01 seconds
   Time synchronizing fission bank = 2.0174e-02 seconds
     Sampling source sites         = 7.7164e-03 seconds
     SEND/RECV source sites        = 5.6559e-04 seconds
   Time accumulating tallies       = 3.1258e-03 seconds
   Time writing statepoints        = 2.4444e-02 seconds
 Total time for finalization       = 2.7857e-05 seconds
 Total time elapsed                = 2.3406e+00 seconds
 Calculation Rate (inactive)       = 394921 particles/second
 Calculation Rate (active)         = 249910 particles/second

 ============================>     RESULTS     <============================

 k-effective (Collision)     = 1.46279 +/- 0.00700
 k-effective (Track-length)  = 1.45726 +/- 0.00962
 k-effective (Absorption)    = 1.45919 +/- 0.00455
 Combined k-effective        = 1.46010 +/- 0.00466
 Leakage Fraction            = 0.00000 +/- 0.00000

[openmc.deplete] t=0.0 s, dt=360 s, source=174
[openmc.deplete] t=360.0 (final operator evaluation)
generating new microxs
/gpfs/fs1/home/oyardas/openmc/openmc/mixin.py:70: IDWarning: Another Filter instance already exists with id=1.
  warn(msg, IDWarning)
/gpfs/fs1/home/oyardas/openmc/openmc/mixin.py:70: IDWarning: Another Filter instance already exists with id=2.
  warn(msg, IDWarning)
                                %%%%%%%%%%%%%%%
                           %%%%%%%%%%%%%%%%%%%%%%%%
                        %%%%%%%%%%%%%%%%%%%%%%%%%%%%%%
                      %%%%%%%%%%%%%%%%%%%%%%%%%%%%%%%%%%
                    %%%%%%%%%%%%%%%%%%%%%%%%%%%%%%%%%%%%%%
                   %%%%%%%%%%%%%%%%%%%%%%%%%%%%%%%%%%%%%%%%
                                    %%%%%%%%%%%%%%%%%%%%%%%%
                                     %%%%%%%%%%%%%%%%%%%%%%%%
                 ###############      %%%%%%%%%%%%%%%%%%%%%%%%
                ##################     %%%%%%%%%%%%%%%%%%%%%%%
                ###################     %%%%%%%%%%%%%%%%%%%%%%%
                ####################     %%%%%%%%%%%%%%%%%%%%%%
                #####################     %%%%%%%%%%%%%%%%%%%%%
                ######################     %%%%%%%%%%%%%%%%%%%%
                #######################     %%%%%%%%%%%%%%%%%%
                 #######################     %%%%%%%%%%%%%%%%%
                 ######################     %%%%%%%%%%%%%%%%%
                  ####################     %%%%%%%%%%%%%%%%%
                    #################     %%%%%%%%%%%%%%%%%
                     ###############     %%%%%%%%%%%%%%%%
                       ############     %%%%%%%%%%%%%%%
                          ########     %%%%%%%%%%%%%%
                                      %%%%%%%%%%%

                 | The OpenMC Monte Carlo Code
       Copyright | 2011-2022 MIT, UChicago Argonne LLC, and contributors
         License | https://docs.openmc.org/en/latest/license.html
         Version | 0.13.1-dev
        Git SHA1 | 91638baeecec220b1ab5df59adf71714daf2cba4
       Date/Time | 2022-09-07 10:49:42
   MPI Processes | 4
  OpenMP Threads | 18

 Reading settings XML file...
 Reading cross sections XML file...
 Reading materials XML file...
 Reading geometry XML file...
 Reading U236 from
 /home/oyardas/2023-openmc-depletion-data/minutes3/../../cross-section-libraries/
 endfb71_hdf5/U236.h5
 Reading O16 from
 /home/oyardas/2023-openmc-depletion-data/minutes3/../../cross-section-libraries/
 endfb71_hdf5/O16.h5
 Reading O17 from
 /home/oyardas/2023-openmc-depletion-data/minutes3/../../cross-section-libraries/
 endfb71_hdf5/O17.h5
 Reading Cs135 from
 /home/oyardas/2023-openmc-depletion-data/minutes3/../../cross-section-libraries/
 endfb71_hdf5/Cs135.h5
 Reading Gd156 from
 /home/oyardas/2023-openmc-depletion-data/minutes3/../../cross-section-libraries/
 endfb71_hdf5/Gd156.h5
 Reading Gd157 from
 /home/oyardas/2023-openmc-depletion-data/minutes3/../../cross-section-libraries/
 endfb71_hdf5/Gd157.h5
 Reading I135 from
 /home/oyardas/2023-openmc-depletion-data/minutes3/../../cross-section-libraries/
 endfb71_hdf5/I135.h5
 Reading U234 from
 /home/oyardas/2023-openmc-depletion-data/minutes3/../../cross-section-libraries/
 endfb71_hdf5/U234.h5
 Reading U235 from
 /home/oyardas/2023-openmc-depletion-data/minutes3/../../cross-section-libraries/
 endfb71_hdf5/U235.h5
 Reading U238 from
 /home/oyardas/2023-openmc-depletion-data/minutes3/../../cross-section-libraries/
 endfb71_hdf5/U238.h5
 Reading Xe135 from
 /home/oyardas/2023-openmc-depletion-data/minutes3/../../cross-section-libraries/
 endfb71_hdf5/Xe135.h5
 Reading Xe136 from
 /home/oyardas/2023-openmc-depletion-data/minutes3/../../cross-section-libraries/
 endfb71_hdf5/Xe136.h5
 Reading Zr90 from
 /home/oyardas/2023-openmc-depletion-data/minutes3/../../cross-section-libraries/
 endfb71_hdf5/Zr90.h5
 Reading Zr91 from
 /home/oyardas/2023-openmc-depletion-data/minutes3/../../cross-section-libraries/
 endfb71_hdf5/Zr91.h5
 Reading Zr92 from
 /home/oyardas/2023-openmc-depletion-data/minutes3/../../cross-section-libraries/
 endfb71_hdf5/Zr92.h5
 Reading Zr94 from
 /home/oyardas/2023-openmc-depletion-data/minutes3/../../cross-section-libraries/
 endfb71_hdf5/Zr94.h5
 Reading Zr96 from
 /home/oyardas/2023-openmc-depletion-data/minutes3/../../cross-section-libraries/
 endfb71_hdf5/Zr96.h5
 Reading H1 from
 /home/oyardas/2023-openmc-depletion-data/minutes3/../../cross-section-libraries/
 endfb71_hdf5/H1.h5
 Reading H2 from
 /home/oyardas/2023-openmc-depletion-data/minutes3/../../cross-section-libraries/
 endfb71_hdf5/H2.h5
 Reading c_H_in_H2O from
 /home/oyardas/2023-openmc-depletion-data/minutes3/../../cross-section-libraries/
 endfb71_hdf5/c_H_in_H2O.h5
 Minimum neutron data temperature: 294 K
 Maximum neutron data temperature: 294 K
 Reading tallies XML file...
 Preparing distributed cell instances...
 Reading plot XML file...
 Writing summary.h5 file...
 Maximum neutron transport energy: 20000000 eV for O17
 Initializing source particles...

 ====================>     K EIGENVALUE SIMULATION     <====================

  Bat./Gen.      k            Average k
  =========   ========   ====================
        1/1    1.43259
        2/1    1.42548
        3/1    1.40721
        4/1    1.45439
        5/1    1.55483
        6/1    1.45750
        7/1    1.46869
        8/1    1.45565
        9/1    1.49951
       10/1    1.37472
       11/1    1.43584
       12/1    1.53160    1.48372 +/- 0.04788
       13/1    1.43690    1.46811 +/- 0.03175
       14/1    1.45098    1.46383 +/- 0.02285
       15/1    1.41438    1.45394 +/- 0.02028
       16/1    1.42264    1.44872 +/- 0.01736
       17/1    1.56363    1.46514 +/- 0.02202
       18/1    1.35838    1.45179 +/- 0.02327
       19/1    1.50442    1.45764 +/- 0.02134
       20/1    1.49713    1.46159 +/- 0.01949
       21/1    1.46055    1.46149 +/- 0.01763
       22/1    1.44931    1.46048 +/- 0.01613
       23/1    1.46688    1.46097 +/- 0.01484
       24/1    1.46859    1.46152 +/- 0.01375
       25/1    1.39399    1.45701 +/- 0.01357
       26/1    1.43799    1.45583 +/- 0.01275
       27/1    1.51443    1.45927 +/- 0.01246
       28/1    1.48194    1.46053 +/- 0.01182
       29/1    1.40882    1.45781 +/- 0.01150
       30/1    1.47339    1.45859 +/- 0.01094
       31/1    1.51640    1.46134 +/- 0.01077
       32/1    1.47334    1.46189 +/- 0.01028
       33/1    1.44429    1.46112 +/- 0.00985
       34/1    1.49468    1.46252 +/- 0.00954
       35/1    1.47053    1.46284 +/- 0.00915
       36/1    1.47409    1.46327 +/- 0.00880
       37/1    1.45426    1.46294 +/- 0.00848
       38/1    1.42286    1.46151 +/- 0.00829
       39/1    1.49617    1.46270 +/- 0.00809
       40/1    1.41399    1.46108 +/- 0.00798
       41/1    1.51435    1.46280 +/- 0.00791
       42/1    1.44539    1.46225 +/- 0.00768
       43/1    1.41640    1.46086 +/- 0.00757
       44/1    1.57304    1.46416 +/- 0.00805
       45/1    1.46874    1.46429 +/- 0.00782
       46/1    1.51116    1.46560 +/- 0.00771
       47/1    1.59227    1.46902 +/- 0.00824
       48/1    1.47007    1.46905 +/- 0.00802
       49/1    1.41140    1.46757 +/- 0.00795
       50/1    1.38152    1.46542 +/- 0.00805
 Creating state point statepoint.50.h5...

 =======================>     TIMING STATISTICS     <=======================

 Total time for initialization     = 2.0656e+00 seconds
   Reading cross sections          = 2.0319e+00 seconds
 Total time in simulation          = 2.4069e-01 seconds
   Time in transport only          = 1.2646e-01 seconds
   Time in inactive batches        = 7.4082e-02 seconds
   Time in active batches          = 1.6661e-01 seconds
   Time synchronizing fission bank = 6.9342e-02 seconds
     Sampling source sites         = 7.0038e-03 seconds
     SEND/RECV source sites        = 1.0042e-03 seconds
   Time accumulating tallies       = 4.6921e-03 seconds
   Time writing statepoints        = 2.9854e-02 seconds
 Total time for finalization       = 3.7010e-05 seconds
 Total time elapsed                = 2.3212e+00 seconds
 Calculation Rate (inactive)       = 134985 particles/second
 Calculation Rate (active)         = 240083 particles/second

 ============================>     RESULTS     <============================

 k-effective (Collision)     = 1.46303 +/- 0.00756
 k-effective (Track-length)  = 1.46542 +/- 0.00805
 k-effective (Absorption)    = 1.46466 +/- 0.00386
 Combined k-effective        = 1.46481 +/- 0.00381
 Leakage Fraction            = 0.00000 +/- 0.00000

