[openmc.deplete] t=0.0 s, dt=2592000 s, source=174
[openmc.deplete] t=2592000.0 (final operator evaluation)
generating new microxs
/gpfs/fs1/home/oyardas/openmc/openmc/mixin.py:70: IDWarning: Another Filter instance already exists with id=1.
  warn(msg, IDWarning)
/gpfs/fs1/home/oyardas/openmc/openmc/mixin.py:70: IDWarning: Another Filter instance already exists with id=2.
  warn(msg, IDWarning)
                                %%%%%%%%%%%%%%%
                           %%%%%%%%%%%%%%%%%%%%%%%%
                        %%%%%%%%%%%%%%%%%%%%%%%%%%%%%%
                      %%%%%%%%%%%%%%%%%%%%%%%%%%%%%%%%%%
                    %%%%%%%%%%%%%%%%%%%%%%%%%%%%%%%%%%%%%%
                   %%%%%%%%%%%%%%%%%%%%%%%%%%%%%%%%%%%%%%%%
                                    %%%%%%%%%%%%%%%%%%%%%%%%
                                     %%%%%%%%%%%%%%%%%%%%%%%%
                 ###############      %%%%%%%%%%%%%%%%%%%%%%%%
                ##################     %%%%%%%%%%%%%%%%%%%%%%%
                ###################     %%%%%%%%%%%%%%%%%%%%%%%
                ####################     %%%%%%%%%%%%%%%%%%%%%%
                #####################     %%%%%%%%%%%%%%%%%%%%%
                ######################     %%%%%%%%%%%%%%%%%%%%
                #######################     %%%%%%%%%%%%%%%%%%
                 #######################     %%%%%%%%%%%%%%%%%
                 ######################     %%%%%%%%%%%%%%%%%
                  ####################     %%%%%%%%%%%%%%%%%
                    #################     %%%%%%%%%%%%%%%%%
                     ###############     %%%%%%%%%%%%%%%%
                       ############     %%%%%%%%%%%%%%%
                          ########     %%%%%%%%%%%%%%
                                      %%%%%%%%%%%

                 | The OpenMC Monte Carlo Code
       Copyright | 2011-2022 MIT, UChicago Argonne LLC, and contributors
         License | https://docs.openmc.org/en/latest/license.html
         Version | 0.13.1-dev
        Git SHA1 | 91638baeecec220b1ab5df59adf71714daf2cba4
       Date/Time | 2022-09-07 10:45:48
   MPI Processes | 4
  OpenMP Threads | 18

 Reading settings XML file...
 Reading cross sections XML file...
 Reading materials XML file...
 Reading geometry XML file...
 Reading U236 from
 /home/oyardas/2023-openmc-depletion-data/months3/../../cross-section-libraries/e
 ndfb71_hdf5/U236.h5
 Reading O16 from
 /home/oyardas/2023-openmc-depletion-data/months3/../../cross-section-libraries/e
 ndfb71_hdf5/O16.h5
 Reading O17 from
 /home/oyardas/2023-openmc-depletion-data/months3/../../cross-section-libraries/e
 ndfb71_hdf5/O17.h5
 Reading Cs135 from
 /home/oyardas/2023-openmc-depletion-data/months3/../../cross-section-libraries/e
 ndfb71_hdf5/Cs135.h5
 Reading Gd156 from
 /home/oyardas/2023-openmc-depletion-data/months3/../../cross-section-libraries/e
 ndfb71_hdf5/Gd156.h5
 Reading Gd157 from
 /home/oyardas/2023-openmc-depletion-data/months3/../../cross-section-libraries/e
 ndfb71_hdf5/Gd157.h5
 Reading I135 from
 /home/oyardas/2023-openmc-depletion-data/months3/../../cross-section-libraries/e
 ndfb71_hdf5/I135.h5
 Reading U234 from
 /home/oyardas/2023-openmc-depletion-data/months3/../../cross-section-libraries/e
 ndfb71_hdf5/U234.h5
 Reading U235 from
 /home/oyardas/2023-openmc-depletion-data/months3/../../cross-section-libraries/e
 ndfb71_hdf5/U235.h5
 Reading U238 from
 /home/oyardas/2023-openmc-depletion-data/months3/../../cross-section-libraries/e
 ndfb71_hdf5/U238.h5
 Reading Xe135 from
 /home/oyardas/2023-openmc-depletion-data/months3/../../cross-section-libraries/e
 ndfb71_hdf5/Xe135.h5
 Reading Xe136 from
 /home/oyardas/2023-openmc-depletion-data/months3/../../cross-section-libraries/e
 ndfb71_hdf5/Xe136.h5
 Reading Zr90 from
 /home/oyardas/2023-openmc-depletion-data/months3/../../cross-section-libraries/e
 ndfb71_hdf5/Zr90.h5
 Reading Zr91 from
 /home/oyardas/2023-openmc-depletion-data/months3/../../cross-section-libraries/e
 ndfb71_hdf5/Zr91.h5
 Reading Zr92 from
 /home/oyardas/2023-openmc-depletion-data/months3/../../cross-section-libraries/e
 ndfb71_hdf5/Zr92.h5
 Reading Zr94 from
 /home/oyardas/2023-openmc-depletion-data/months3/../../cross-section-libraries/e
 ndfb71_hdf5/Zr94.h5
 Reading Zr96 from
 /home/oyardas/2023-openmc-depletion-data/months3/../../cross-section-libraries/e
 ndfb71_hdf5/Zr96.h5
 Reading H1 from
 /home/oyardas/2023-openmc-depletion-data/months3/../../cross-section-libraries/e
 ndfb71_hdf5/H1.h5
 Reading H2 from
 /home/oyardas/2023-openmc-depletion-data/months3/../../cross-section-libraries/e
 ndfb71_hdf5/H2.h5
 Reading c_H_in_H2O from
 /home/oyardas/2023-openmc-depletion-data/months3/../../cross-section-libraries/e
 ndfb71_hdf5/c_H_in_H2O.h5
 Minimum neutron data temperature: 294 K
 Maximum neutron data temperature: 294 K
 Reading tallies XML file...
 Preparing distributed cell instances...
 Reading plot XML file...
 Writing summary.h5 file...
 Maximum neutron transport energy: 20000000 eV for O17
 Initializing source particles...

 ====================>     K EIGENVALUE SIMULATION     <====================

  Bat./Gen.      k            Average k
  =========   ========   ====================
        1/1    1.38100
        2/1    1.34396
        3/1    1.48443
        4/1    1.41561
        5/1    1.42986
        6/1    1.37159
        7/1    1.42155
        8/1    1.35866
        9/1    1.34728
       10/1    1.44083
       11/1    1.47464
       12/1    1.45105    1.46285 +/- 0.01180
       13/1    1.46212    1.46260 +/- 0.00681
       14/1    1.46060    1.46210 +/- 0.00484
       15/1    1.47880    1.46544 +/- 0.00502
       16/1    1.37127    1.44975 +/- 0.01622
       17/1    1.51443    1.45899 +/- 0.01653
       18/1    1.39040    1.45041 +/- 0.01669
       19/1    1.39256    1.44398 +/- 0.01606
       20/1    1.44454    1.44404 +/- 0.01437
       21/1    1.34419    1.43496 +/- 0.01585
       22/1    1.47704    1.43847 +/- 0.01489
       23/1    1.44005    1.43859 +/- 0.01370
       24/1    1.46549    1.44051 +/- 0.01282
       25/1    1.36498    1.43548 +/- 0.01296
       26/1    1.44027    1.43578 +/- 0.01212
       27/1    1.44117    1.43609 +/- 0.01139
       28/1    1.48484    1.43880 +/- 0.01108
       29/1    1.53745    1.44399 +/- 0.01169
       30/1    1.45792    1.44469 +/- 0.01112
       31/1    1.39884    1.44251 +/- 0.01080
       32/1    1.49536    1.44491 +/- 0.01057
       33/1    1.39734    1.44284 +/- 0.01031
       34/1    1.45392    1.44330 +/- 0.00988
       35/1    1.47526    1.44458 +/- 0.00956
       36/1    1.39642    1.44273 +/- 0.00937
       37/1    1.42093    1.44192 +/- 0.00906
       38/1    1.46562    1.44277 +/- 0.00877
       39/1    1.39369    1.44107 +/- 0.00863
       40/1    1.47576    1.44223 +/- 0.00841
       41/1    1.42396    1.44164 +/- 0.00816
       42/1    1.36639    1.43929 +/- 0.00824
       43/1    1.43638    1.43920 +/- 0.00799
       44/1    1.47229    1.44018 +/- 0.00781
       45/1    1.44789    1.44040 +/- 0.00759
       46/1    1.41903    1.43980 +/- 0.00740
       47/1    1.44109    1.43984 +/- 0.00720
       48/1    1.44100    1.43987 +/- 0.00700
       49/1    1.46880    1.44061 +/- 0.00686
       50/1    1.40346    1.43968 +/- 0.00675
 Creating state point statepoint.50.h5...

 =======================>     TIMING STATISTICS     <=======================

 Total time for initialization     = 3.0522e+00 seconds
   Reading cross sections          = 2.6425e+00 seconds
 Total time in simulation          = 8.2557e-01 seconds
   Time in transport only          = 1.3063e-01 seconds
   Time in inactive batches        = 6.3002e-01 seconds
   Time in active batches          = 1.9555e-01 seconds
   Time synchronizing fission bank = 6.2271e-01 seconds
     Sampling source sites         = 8.3663e-03 seconds
     SEND/RECV source sites        = 5.5496e-04 seconds
   Time accumulating tallies       = 2.7179e-03 seconds
   Time writing statepoints        = 5.8468e-02 seconds
 Total time for finalization       = 2.6421e-05 seconds
 Total time elapsed                = 3.8928e+00 seconds
 Calculation Rate (inactive)       = 15872.6 particles/second
 Calculation Rate (active)         = 204551 particles/second

 ============================>     RESULTS     <============================

 k-effective (Collision)     = 1.43967 +/- 0.00597
 k-effective (Track-length)  = 1.43968 +/- 0.00675
 k-effective (Absorption)    = 1.44198 +/- 0.00481
 Combined k-effective        = 1.44130 +/- 0.00464
 Leakage Fraction            = 0.00000 +/- 0.00000

[openmc.deplete] t=0.0 s, dt=2592000 s, source=174
[openmc.deplete] t=2592000.0 (final operator evaluation)
generating new microxs
/gpfs/fs1/home/oyardas/openmc/openmc/mixin.py:70: IDWarning: Another Filter instance already exists with id=1.
  warn(msg, IDWarning)
/gpfs/fs1/home/oyardas/openmc/openmc/mixin.py:70: IDWarning: Another Filter instance already exists with id=2.
  warn(msg, IDWarning)
                                %%%%%%%%%%%%%%%
                           %%%%%%%%%%%%%%%%%%%%%%%%
                        %%%%%%%%%%%%%%%%%%%%%%%%%%%%%%
                      %%%%%%%%%%%%%%%%%%%%%%%%%%%%%%%%%%
                    %%%%%%%%%%%%%%%%%%%%%%%%%%%%%%%%%%%%%%
                   %%%%%%%%%%%%%%%%%%%%%%%%%%%%%%%%%%%%%%%%
                                    %%%%%%%%%%%%%%%%%%%%%%%%
                                     %%%%%%%%%%%%%%%%%%%%%%%%
                 ###############      %%%%%%%%%%%%%%%%%%%%%%%%
                ##################     %%%%%%%%%%%%%%%%%%%%%%%
                ###################     %%%%%%%%%%%%%%%%%%%%%%%
                ####################     %%%%%%%%%%%%%%%%%%%%%%
                #####################     %%%%%%%%%%%%%%%%%%%%%
                ######################     %%%%%%%%%%%%%%%%%%%%
                #######################     %%%%%%%%%%%%%%%%%%
                 #######################     %%%%%%%%%%%%%%%%%
                 ######################     %%%%%%%%%%%%%%%%%
                  ####################     %%%%%%%%%%%%%%%%%
                    #################     %%%%%%%%%%%%%%%%%
                     ###############     %%%%%%%%%%%%%%%%
                       ############     %%%%%%%%%%%%%%%
                          ########     %%%%%%%%%%%%%%
                                      %%%%%%%%%%%

                 | The OpenMC Monte Carlo Code
       Copyright | 2011-2022 MIT, UChicago Argonne LLC, and contributors
         License | https://docs.openmc.org/en/latest/license.html
         Version | 0.13.1-dev
        Git SHA1 | 91638baeecec220b1ab5df59adf71714daf2cba4
       Date/Time | 2022-09-07 10:45:53
   MPI Processes | 4
  OpenMP Threads | 18

 Reading settings XML file...
 Reading cross sections XML file...
 Reading materials XML file...
 Reading geometry XML file...
 Reading U236 from
 /home/oyardas/2023-openmc-depletion-data/months3/../../cross-section-libraries/e
 ndfb71_hdf5/U236.h5
 Reading O16 from
 /home/oyardas/2023-openmc-depletion-data/months3/../../cross-section-libraries/e
 ndfb71_hdf5/O16.h5
 Reading O17 from
 /home/oyardas/2023-openmc-depletion-data/months3/../../cross-section-libraries/e
 ndfb71_hdf5/O17.h5
 Reading Cs135 from
 /home/oyardas/2023-openmc-depletion-data/months3/../../cross-section-libraries/e
 ndfb71_hdf5/Cs135.h5
 Reading Gd156 from
 /home/oyardas/2023-openmc-depletion-data/months3/../../cross-section-libraries/e
 ndfb71_hdf5/Gd156.h5
 Reading Gd157 from
 /home/oyardas/2023-openmc-depletion-data/months3/../../cross-section-libraries/e
 ndfb71_hdf5/Gd157.h5
 Reading I135 from
 /home/oyardas/2023-openmc-depletion-data/months3/../../cross-section-libraries/e
 ndfb71_hdf5/I135.h5
 Reading U234 from
 /home/oyardas/2023-openmc-depletion-data/months3/../../cross-section-libraries/e
 ndfb71_hdf5/U234.h5
 Reading U235 from
 /home/oyardas/2023-openmc-depletion-data/months3/../../cross-section-libraries/e
 ndfb71_hdf5/U235.h5
 Reading U238 from
 /home/oyardas/2023-openmc-depletion-data/months3/../../cross-section-libraries/e
 ndfb71_hdf5/U238.h5
 Reading Xe135 from
 /home/oyardas/2023-openmc-depletion-data/months3/../../cross-section-libraries/e
 ndfb71_hdf5/Xe135.h5
 Reading Xe136 from
 /home/oyardas/2023-openmc-depletion-data/months3/../../cross-section-libraries/e
 ndfb71_hdf5/Xe136.h5
 Reading Zr90 from
 /home/oyardas/2023-openmc-depletion-data/months3/../../cross-section-libraries/e
 ndfb71_hdf5/Zr90.h5
 Reading Zr91 from
 /home/oyardas/2023-openmc-depletion-data/months3/../../cross-section-libraries/e
 ndfb71_hdf5/Zr91.h5
 Reading Zr92 from
 /home/oyardas/2023-openmc-depletion-data/months3/../../cross-section-libraries/e
 ndfb71_hdf5/Zr92.h5
 Reading Zr94 from
 /home/oyardas/2023-openmc-depletion-data/months3/../../cross-section-libraries/e
 ndfb71_hdf5/Zr94.h5
 Reading Zr96 from
 /home/oyardas/2023-openmc-depletion-data/months3/../../cross-section-libraries/e
 ndfb71_hdf5/Zr96.h5
 Reading H1 from
 /home/oyardas/2023-openmc-depletion-data/months3/../../cross-section-libraries/e
 ndfb71_hdf5/H1.h5
 Reading H2 from
 /home/oyardas/2023-openmc-depletion-data/months3/../../cross-section-libraries/e
 ndfb71_hdf5/H2.h5
 Reading c_H_in_H2O from
 /home/oyardas/2023-openmc-depletion-data/months3/../../cross-section-libraries/e
 ndfb71_hdf5/c_H_in_H2O.h5
 Minimum neutron data temperature: 294 K
 Maximum neutron data temperature: 294 K
 Reading tallies XML file...
 Preparing distributed cell instances...
 Reading plot XML file...
 Writing summary.h5 file...
 Maximum neutron transport energy: 20000000 eV for O17
 Initializing source particles...

 ====================>     K EIGENVALUE SIMULATION     <====================

  Bat./Gen.      k            Average k
  =========   ========   ====================
        1/1    1.37416
        2/1    1.45040
        3/1    1.41943
        4/1    1.47390
        5/1    1.44308
        6/1    1.45011
        7/1    1.41384
        8/1    1.41689
        9/1    1.45413
       10/1    1.37214
       11/1    1.39668
       12/1    1.44805    1.42236 +/- 0.02568
       13/1    1.54545    1.46339 +/- 0.04363
       14/1    1.46362    1.46345 +/- 0.03085
       15/1    1.42550    1.45586 +/- 0.02507
       16/1    1.40208    1.44690 +/- 0.02235
       17/1    1.40410    1.44078 +/- 0.01985
       18/1    1.41012    1.43695 +/- 0.01761
       19/1    1.39555    1.43235 +/- 0.01620
       20/1    1.50049    1.43917 +/- 0.01601
       21/1    1.40321    1.43590 +/- 0.01485
       22/1    1.39475    1.43247 +/- 0.01398
       23/1    1.45694    1.43435 +/- 0.01300
       24/1    1.48469    1.43795 +/- 0.01256
       25/1    1.54071    1.44480 +/- 0.01355
       26/1    1.40973    1.44261 +/- 0.01286
       27/1    1.43023    1.44188 +/- 0.01211
       28/1    1.44961    1.44231 +/- 0.01142
       29/1    1.49915    1.44530 +/- 0.01121
       30/1    1.48282    1.44717 +/- 0.01080
       31/1    1.45551    1.44757 +/- 0.01028
       32/1    1.37345    1.44420 +/- 0.01036
       33/1    1.44402    1.44419 +/- 0.00990
       34/1    1.41427    1.44295 +/- 0.00956
       35/1    1.44664    1.44310 +/- 0.00917
       36/1    1.38583    1.44089 +/- 0.00909
       37/1    1.37106    1.43831 +/- 0.00912
       38/1    1.46266    1.43918 +/- 0.00883
       39/1    1.42168    1.43857 +/- 0.00854
       40/1    1.39458    1.43711 +/- 0.00838
       41/1    1.40439    1.43605 +/- 0.00817
       42/1    1.38968    1.43460 +/- 0.00805
       43/1    1.42744    1.43438 +/- 0.00780
       44/1    1.40217    1.43344 +/- 0.00763
       45/1    1.41255    1.43284 +/- 0.00743
       46/1    1.39119    1.43168 +/- 0.00731
       47/1    1.45358    1.43228 +/- 0.00714
       48/1    1.48479    1.43366 +/- 0.00708
       49/1    1.40541    1.43293 +/- 0.00694
       50/1    1.37574    1.43150 +/- 0.00691
 Creating state point statepoint.50.h5...

 =======================>     TIMING STATISTICS     <=======================

 Total time for initialization     = 2.1032e+00 seconds
   Reading cross sections          = 2.0664e+00 seconds
 Total time in simulation          = 2.2011e-01 seconds
   Time in transport only          = 1.2818e-01 seconds
   Time in inactive batches        = 5.6445e-02 seconds
   Time in active batches          = 1.6367e-01 seconds
   Time synchronizing fission bank = 5.1788e-02 seconds
     Sampling source sites         = 8.2278e-03 seconds
     SEND/RECV source sites        = 4.4508e-04 seconds
   Time accumulating tallies       = 3.7045e-03 seconds
   Time writing statepoints        = 2.6875e-02 seconds
 Total time for finalization       = 2.2076e-05 seconds
 Total time elapsed                = 2.3419e+00 seconds
 Calculation Rate (inactive)       = 177165 particles/second
 Calculation Rate (active)         = 244400 particles/second

 ============================>     RESULTS     <============================

 k-effective (Collision)     = 1.43091 +/- 0.00512
 k-effective (Track-length)  = 1.43150 +/- 0.00691
 k-effective (Absorption)    = 1.44055 +/- 0.00522
 Combined k-effective        = 1.43570 +/- 0.00416
 Leakage Fraction            = 0.00000 +/- 0.00000

[openmc.deplete] t=0.0 s, dt=2592000 s, source=174
[openmc.deplete] t=2592000.0 (final operator evaluation)
generating new microxs
/gpfs/fs1/home/oyardas/openmc/openmc/mixin.py:70: IDWarning: Another Filter instance already exists with id=1.
  warn(msg, IDWarning)
/gpfs/fs1/home/oyardas/openmc/openmc/mixin.py:70: IDWarning: Another Filter instance already exists with id=2.
  warn(msg, IDWarning)
                                %%%%%%%%%%%%%%%
                           %%%%%%%%%%%%%%%%%%%%%%%%
                        %%%%%%%%%%%%%%%%%%%%%%%%%%%%%%
                      %%%%%%%%%%%%%%%%%%%%%%%%%%%%%%%%%%
                    %%%%%%%%%%%%%%%%%%%%%%%%%%%%%%%%%%%%%%
                   %%%%%%%%%%%%%%%%%%%%%%%%%%%%%%%%%%%%%%%%
                                    %%%%%%%%%%%%%%%%%%%%%%%%
                                     %%%%%%%%%%%%%%%%%%%%%%%%
                 ###############      %%%%%%%%%%%%%%%%%%%%%%%%
                ##################     %%%%%%%%%%%%%%%%%%%%%%%
                ###################     %%%%%%%%%%%%%%%%%%%%%%%
                ####################     %%%%%%%%%%%%%%%%%%%%%%
                #####################     %%%%%%%%%%%%%%%%%%%%%
                ######################     %%%%%%%%%%%%%%%%%%%%
                #######################     %%%%%%%%%%%%%%%%%%
                 #######################     %%%%%%%%%%%%%%%%%
                 ######################     %%%%%%%%%%%%%%%%%
                  ####################     %%%%%%%%%%%%%%%%%
                    #################     %%%%%%%%%%%%%%%%%
                     ###############     %%%%%%%%%%%%%%%%
                       ############     %%%%%%%%%%%%%%%
                          ########     %%%%%%%%%%%%%%
                                      %%%%%%%%%%%

                 | The OpenMC Monte Carlo Code
       Copyright | 2011-2022 MIT, UChicago Argonne LLC, and contributors
         License | https://docs.openmc.org/en/latest/license.html
         Version | 0.13.1-dev
        Git SHA1 | 91638baeecec220b1ab5df59adf71714daf2cba4
       Date/Time | 2022-09-07 10:45:56
   MPI Processes | 4
  OpenMP Threads | 18

 Reading settings XML file...
 Reading cross sections XML file...
 Reading materials XML file...
 Reading geometry XML file...
 Reading U236 from
 /home/oyardas/2023-openmc-depletion-data/months3/../../cross-section-libraries/e
 ndfb71_hdf5/U236.h5
 Reading O16 from
 /home/oyardas/2023-openmc-depletion-data/months3/../../cross-section-libraries/e
 ndfb71_hdf5/O16.h5
 Reading O17 from
 /home/oyardas/2023-openmc-depletion-data/months3/../../cross-section-libraries/e
 ndfb71_hdf5/O17.h5
 Reading Cs135 from
 /home/oyardas/2023-openmc-depletion-data/months3/../../cross-section-libraries/e
 ndfb71_hdf5/Cs135.h5
 Reading Gd156 from
 /home/oyardas/2023-openmc-depletion-data/months3/../../cross-section-libraries/e
 ndfb71_hdf5/Gd156.h5
 Reading Gd157 from
 /home/oyardas/2023-openmc-depletion-data/months3/../../cross-section-libraries/e
 ndfb71_hdf5/Gd157.h5
 Reading I135 from
 /home/oyardas/2023-openmc-depletion-data/months3/../../cross-section-libraries/e
 ndfb71_hdf5/I135.h5
 Reading U234 from
 /home/oyardas/2023-openmc-depletion-data/months3/../../cross-section-libraries/e
 ndfb71_hdf5/U234.h5
 Reading U235 from
 /home/oyardas/2023-openmc-depletion-data/months3/../../cross-section-libraries/e
 ndfb71_hdf5/U235.h5
 Reading U238 from
 /home/oyardas/2023-openmc-depletion-data/months3/../../cross-section-libraries/e
 ndfb71_hdf5/U238.h5
 Reading Xe135 from
 /home/oyardas/2023-openmc-depletion-data/months3/../../cross-section-libraries/e
 ndfb71_hdf5/Xe135.h5
 Reading Xe136 from
 /home/oyardas/2023-openmc-depletion-data/months3/../../cross-section-libraries/e
 ndfb71_hdf5/Xe136.h5
 Reading Zr90 from
 /home/oyardas/2023-openmc-depletion-data/months3/../../cross-section-libraries/e
 ndfb71_hdf5/Zr90.h5
 Reading Zr91 from
 /home/oyardas/2023-openmc-depletion-data/months3/../../cross-section-libraries/e
 ndfb71_hdf5/Zr91.h5
 Reading Zr92 from
 /home/oyardas/2023-openmc-depletion-data/months3/../../cross-section-libraries/e
 ndfb71_hdf5/Zr92.h5
 Reading Zr94 from
 /home/oyardas/2023-openmc-depletion-data/months3/../../cross-section-libraries/e
 ndfb71_hdf5/Zr94.h5
 Reading Zr96 from
 /home/oyardas/2023-openmc-depletion-data/months3/../../cross-section-libraries/e
 ndfb71_hdf5/Zr96.h5
 Reading H1 from
 /home/oyardas/2023-openmc-depletion-data/months3/../../cross-section-libraries/e
 ndfb71_hdf5/H1.h5
 Reading H2 from
 /home/oyardas/2023-openmc-depletion-data/months3/../../cross-section-libraries/e
 ndfb71_hdf5/H2.h5
 Reading c_H_in_H2O from
 /home/oyardas/2023-openmc-depletion-data/months3/../../cross-section-libraries/e
 ndfb71_hdf5/c_H_in_H2O.h5
 Minimum neutron data temperature: 294 K
 Maximum neutron data temperature: 294 K
 Reading tallies XML file...
 Preparing distributed cell instances...
 Reading plot XML file...
 Writing summary.h5 file...
 Maximum neutron transport energy: 20000000 eV for O17
 Initializing source particles...

 ====================>     K EIGENVALUE SIMULATION     <====================

  Bat./Gen.      k            Average k
  =========   ========   ====================
        1/1    1.38747
        2/1    1.38227
        3/1    1.48835
        4/1    1.33968
        5/1    1.41395
        6/1    1.44972
        7/1    1.36142
        8/1    1.47538
        9/1    1.42428
       10/1    1.36771
       11/1    1.50075
       12/1    1.33987    1.42031 +/- 0.08044
       13/1    1.43417    1.42493 +/- 0.04667
       14/1    1.47095    1.43644 +/- 0.03495
       15/1    1.51009    1.45117 +/- 0.03082
       16/1    1.44987    1.45095 +/- 0.02517
       17/1    1.42083    1.44665 +/- 0.02170
       18/1    1.41225    1.44235 +/- 0.01928
       19/1    1.38738    1.43624 +/- 0.01807
       20/1    1.46585    1.43920 +/- 0.01643
       21/1    1.35870    1.43188 +/- 0.01656
       22/1    1.40650    1.42977 +/- 0.01527
       23/1    1.53269    1.43769 +/- 0.01612
       24/1    1.43044    1.43717 +/- 0.01494
       25/1    1.37104    1.43276 +/- 0.01459
       26/1    1.41228    1.43148 +/- 0.01370
       27/1    1.33358    1.42572 +/- 0.01410
       28/1    1.38523    1.42347 +/- 0.01348
       29/1    1.43497    1.42408 +/- 0.01277
       30/1    1.41494    1.42362 +/- 0.01212
       31/1    1.40580    1.42277 +/- 0.01156
       32/1    1.34574    1.41927 +/- 0.01157
       33/1    1.42263    1.41942 +/- 0.01105
       34/1    1.47005    1.42153 +/- 0.01079
       35/1    1.40881    1.42102 +/- 0.01036
       36/1    1.45610    1.42237 +/- 0.01005
       37/1    1.39851    1.42148 +/- 0.00971
       38/1    1.44853    1.42245 +/- 0.00941
       39/1    1.52211    1.42589 +/- 0.00970
       40/1    1.43201    1.42609 +/- 0.00938
       41/1    1.46004    1.42718 +/- 0.00914
       42/1    1.54368    1.43082 +/- 0.00957
       43/1    1.47068    1.43203 +/- 0.00935
       44/1    1.49317    1.43383 +/- 0.00925
       45/1    1.40084    1.43289 +/- 0.00903
       46/1    1.48383    1.43430 +/- 0.00889
       47/1    1.38185    1.43289 +/- 0.00876
       48/1    1.41969    1.43254 +/- 0.00853
       49/1    1.47217    1.43355 +/- 0.00837
       50/1    1.51907    1.43569 +/- 0.00844
 Creating state point statepoint.50.h5...

 =======================>     TIMING STATISTICS     <=======================

 Total time for initialization     = 2.1030e+00 seconds
   Reading cross sections          = 2.0680e+00 seconds
 Total time in simulation          = 2.4093e-01 seconds
   Time in transport only          = 1.3009e-01 seconds
   Time in inactive batches        = 7.2570e-02 seconds
   Time in active batches          = 1.6836e-01 seconds
   Time synchronizing fission bank = 6.8760e-02 seconds
     Sampling source sites         = 7.3523e-03 seconds
     SEND/RECV source sites        = 4.0830e-04 seconds
   Time accumulating tallies       = 3.9848e-03 seconds
   Time writing statepoints        = 2.8214e-02 seconds
 Total time for finalization       = 2.5780e-05 seconds
 Total time elapsed                = 2.3592e+00 seconds
 Calculation Rate (inactive)       = 137797 particles/second
 Calculation Rate (active)         = 237583 particles/second

 ============================>     RESULTS     <============================

 k-effective (Collision)     = 1.42485 +/- 0.00573
 k-effective (Track-length)  = 1.43569 +/- 0.00844
 k-effective (Absorption)    = 1.42857 +/- 0.00515
 Combined k-effective        = 1.42640 +/- 0.00490
 Leakage Fraction            = 0.00000 +/- 0.00000

[openmc.deplete] t=0.0 s, dt=2592000 s, source=174
[openmc.deplete] t=2592000.0 (final operator evaluation)
generating new microxs
/gpfs/fs1/home/oyardas/openmc/openmc/mixin.py:70: IDWarning: Another Filter instance already exists with id=1.
  warn(msg, IDWarning)
/gpfs/fs1/home/oyardas/openmc/openmc/mixin.py:70: IDWarning: Another Filter instance already exists with id=2.
  warn(msg, IDWarning)
                                %%%%%%%%%%%%%%%
                           %%%%%%%%%%%%%%%%%%%%%%%%
                        %%%%%%%%%%%%%%%%%%%%%%%%%%%%%%
                      %%%%%%%%%%%%%%%%%%%%%%%%%%%%%%%%%%
                    %%%%%%%%%%%%%%%%%%%%%%%%%%%%%%%%%%%%%%
                   %%%%%%%%%%%%%%%%%%%%%%%%%%%%%%%%%%%%%%%%
                                    %%%%%%%%%%%%%%%%%%%%%%%%
                                     %%%%%%%%%%%%%%%%%%%%%%%%
                 ###############      %%%%%%%%%%%%%%%%%%%%%%%%
                ##################     %%%%%%%%%%%%%%%%%%%%%%%
                ###################     %%%%%%%%%%%%%%%%%%%%%%%
                ####################     %%%%%%%%%%%%%%%%%%%%%%
                #####################     %%%%%%%%%%%%%%%%%%%%%
                ######################     %%%%%%%%%%%%%%%%%%%%
                #######################     %%%%%%%%%%%%%%%%%%
                 #######################     %%%%%%%%%%%%%%%%%
                 ######################     %%%%%%%%%%%%%%%%%
                  ####################     %%%%%%%%%%%%%%%%%
                    #################     %%%%%%%%%%%%%%%%%
                     ###############     %%%%%%%%%%%%%%%%
                       ############     %%%%%%%%%%%%%%%
                          ########     %%%%%%%%%%%%%%
                                      %%%%%%%%%%%

                 | The OpenMC Monte Carlo Code
       Copyright | 2011-2022 MIT, UChicago Argonne LLC, and contributors
         License | https://docs.openmc.org/en/latest/license.html
         Version | 0.13.1-dev
        Git SHA1 | 91638baeecec220b1ab5df59adf71714daf2cba4
       Date/Time | 2022-09-07 10:46:00
   MPI Processes | 4
  OpenMP Threads | 18

 Reading settings XML file...
 Reading cross sections XML file...
 Reading materials XML file...
 Reading geometry XML file...
 Reading U236 from
 /home/oyardas/2023-openmc-depletion-data/months3/../../cross-section-libraries/e
 ndfb71_hdf5/U236.h5
 Reading O16 from
 /home/oyardas/2023-openmc-depletion-data/months3/../../cross-section-libraries/e
 ndfb71_hdf5/O16.h5
 Reading O17 from
 /home/oyardas/2023-openmc-depletion-data/months3/../../cross-section-libraries/e
 ndfb71_hdf5/O17.h5
 Reading Cs135 from
 /home/oyardas/2023-openmc-depletion-data/months3/../../cross-section-libraries/e
 ndfb71_hdf5/Cs135.h5
 Reading Gd156 from
 /home/oyardas/2023-openmc-depletion-data/months3/../../cross-section-libraries/e
 ndfb71_hdf5/Gd156.h5
 Reading Gd157 from
 /home/oyardas/2023-openmc-depletion-data/months3/../../cross-section-libraries/e
 ndfb71_hdf5/Gd157.h5
 Reading I135 from
 /home/oyardas/2023-openmc-depletion-data/months3/../../cross-section-libraries/e
 ndfb71_hdf5/I135.h5
 Reading U234 from
 /home/oyardas/2023-openmc-depletion-data/months3/../../cross-section-libraries/e
 ndfb71_hdf5/U234.h5
 Reading U235 from
 /home/oyardas/2023-openmc-depletion-data/months3/../../cross-section-libraries/e
 ndfb71_hdf5/U235.h5
 Reading U238 from
 /home/oyardas/2023-openmc-depletion-data/months3/../../cross-section-libraries/e
 ndfb71_hdf5/U238.h5
 Reading Xe135 from
 /home/oyardas/2023-openmc-depletion-data/months3/../../cross-section-libraries/e
 ndfb71_hdf5/Xe135.h5
 Reading Xe136 from
 /home/oyardas/2023-openmc-depletion-data/months3/../../cross-section-libraries/e
 ndfb71_hdf5/Xe136.h5
 Reading Zr90 from
 /home/oyardas/2023-openmc-depletion-data/months3/../../cross-section-libraries/e
 ndfb71_hdf5/Zr90.h5
 Reading Zr91 from
 /home/oyardas/2023-openmc-depletion-data/months3/../../cross-section-libraries/e
 ndfb71_hdf5/Zr91.h5
 Reading Zr92 from
 /home/oyardas/2023-openmc-depletion-data/months3/../../cross-section-libraries/e
 ndfb71_hdf5/Zr92.h5
 Reading Zr94 from
 /home/oyardas/2023-openmc-depletion-data/months3/../../cross-section-libraries/e
 ndfb71_hdf5/Zr94.h5
 Reading Zr96 from
 /home/oyardas/2023-openmc-depletion-data/months3/../../cross-section-libraries/e
 ndfb71_hdf5/Zr96.h5
 Reading H1 from
 /home/oyardas/2023-openmc-depletion-data/months3/../../cross-section-libraries/e
 ndfb71_hdf5/H1.h5
 Reading H2 from
 /home/oyardas/2023-openmc-depletion-data/months3/../../cross-section-libraries/e
 ndfb71_hdf5/H2.h5
 Reading c_H_in_H2O from
 /home/oyardas/2023-openmc-depletion-data/months3/../../cross-section-libraries/e
 ndfb71_hdf5/c_H_in_H2O.h5
 Minimum neutron data temperature: 294 K
 Maximum neutron data temperature: 294 K
 Reading tallies XML file...
 Preparing distributed cell instances...
 Reading plot XML file...
 Writing summary.h5 file...
 Maximum neutron transport energy: 20000000 eV for O17
 Initializing source particles...

 ====================>     K EIGENVALUE SIMULATION     <====================

  Bat./Gen.      k            Average k
  =========   ========   ====================
        1/1    1.38764
        2/1    1.35497
        3/1    1.40538
        4/1    1.47221
        5/1    1.41137
        6/1    1.41422
        7/1    1.46990
        8/1    1.45443
        9/1    1.43832
       10/1    1.35586
       11/1    1.41059
       12/1    1.40396    1.40728 +/- 0.00331
       13/1    1.39664    1.40373 +/- 0.00403
       14/1    1.31021    1.38035 +/- 0.02355
       15/1    1.32105    1.36849 +/- 0.02176
       16/1    1.47808    1.38676 +/- 0.02548
       17/1    1.46612    1.39809 +/- 0.02434
       18/1    1.43345    1.40251 +/- 0.02154
       19/1    1.47810    1.41091 +/- 0.02077
       20/1    1.34988    1.40481 +/- 0.01955
       21/1    1.44766    1.40870 +/- 0.01811
       22/1    1.39487    1.40755 +/- 0.01657
       23/1    1.41432    1.40807 +/- 0.01525
       24/1    1.40989    1.40820 +/- 0.01412
       25/1    1.46819    1.41220 +/- 0.01374
       26/1    1.39945    1.41140 +/- 0.01288
       27/1    1.37639    1.40934 +/- 0.01227
       28/1    1.39249    1.40841 +/- 0.01161
       29/1    1.35500    1.40560 +/- 0.01133
       30/1    1.46327    1.40848 +/- 0.01113
       31/1    1.46542    1.41119 +/- 0.01093
       32/1    1.41039    1.41116 +/- 0.01042
       33/1    1.39147    1.41030 +/- 0.01000
       34/1    1.49705    1.41391 +/- 0.01023
       35/1    1.37171    1.41223 +/- 0.00996
       36/1    1.37183    1.41067 +/- 0.00969
       37/1    1.37113    1.40921 +/- 0.00944
       38/1    1.36021    1.40746 +/- 0.00926
       39/1    1.37964    1.40650 +/- 0.00899
       40/1    1.42609    1.40715 +/- 0.00871
       41/1    1.43480    1.40804 +/- 0.00847
       42/1    1.39710    1.40770 +/- 0.00821
       43/1    1.36133    1.40630 +/- 0.00808
       44/1    1.35773    1.40487 +/- 0.00797
       45/1    1.46715    1.40665 +/- 0.00794
       46/1    1.44437    1.40770 +/- 0.00778
       47/1    1.38263    1.40702 +/- 0.00760
       48/1    1.36607    1.40594 +/- 0.00748
       49/1    1.43497    1.40668 +/- 0.00732
       50/1    1.46021    1.40802 +/- 0.00726
 Creating state point statepoint.50.h5...

 =======================>     TIMING STATISTICS     <=======================

 Total time for initialization     = 2.0942e+00 seconds
   Reading cross sections          = 2.0590e+00 seconds
 Total time in simulation          = 2.2058e-01 seconds
   Time in transport only          = 1.2798e-01 seconds
   Time in inactive batches        = 5.4956e-02 seconds
   Time in active batches          = 1.6562e-01 seconds
   Time synchronizing fission bank = 5.1457e-02 seconds
     Sampling source sites         = 9.0766e-03 seconds
     SEND/RECV source sites        = 4.4472e-04 seconds
   Time accumulating tallies       = 3.6940e-03 seconds
   Time writing statepoints        = 2.8525e-02 seconds
 Total time for finalization       = 2.2316e-05 seconds
 Total time elapsed                = 2.3298e+00 seconds
 Calculation Rate (inactive)       = 181963 particles/second
 Calculation Rate (active)         = 241515 particles/second

 ============================>     RESULTS     <============================

 k-effective (Collision)     = 1.41208 +/- 0.00586
 k-effective (Track-length)  = 1.40802 +/- 0.00726
 k-effective (Absorption)    = 1.42446 +/- 0.00472
 Combined k-effective        = 1.42053 +/- 0.00439
 Leakage Fraction            = 0.00000 +/- 0.00000

[openmc.deplete] t=0.0 s, dt=2592000 s, source=174
[openmc.deplete] t=2592000.0 (final operator evaluation)
generating new microxs
/gpfs/fs1/home/oyardas/openmc/openmc/mixin.py:70: IDWarning: Another Filter instance already exists with id=1.
  warn(msg, IDWarning)
/gpfs/fs1/home/oyardas/openmc/openmc/mixin.py:70: IDWarning: Another Filter instance already exists with id=2.
  warn(msg, IDWarning)
                                %%%%%%%%%%%%%%%
                           %%%%%%%%%%%%%%%%%%%%%%%%
                        %%%%%%%%%%%%%%%%%%%%%%%%%%%%%%
                      %%%%%%%%%%%%%%%%%%%%%%%%%%%%%%%%%%
                    %%%%%%%%%%%%%%%%%%%%%%%%%%%%%%%%%%%%%%
                   %%%%%%%%%%%%%%%%%%%%%%%%%%%%%%%%%%%%%%%%
                                    %%%%%%%%%%%%%%%%%%%%%%%%
                                     %%%%%%%%%%%%%%%%%%%%%%%%
                 ###############      %%%%%%%%%%%%%%%%%%%%%%%%
                ##################     %%%%%%%%%%%%%%%%%%%%%%%
                ###################     %%%%%%%%%%%%%%%%%%%%%%%
                ####################     %%%%%%%%%%%%%%%%%%%%%%
                #####################     %%%%%%%%%%%%%%%%%%%%%
                ######################     %%%%%%%%%%%%%%%%%%%%
                #######################     %%%%%%%%%%%%%%%%%%
                 #######################     %%%%%%%%%%%%%%%%%
                 ######################     %%%%%%%%%%%%%%%%%
                  ####################     %%%%%%%%%%%%%%%%%
                    #################     %%%%%%%%%%%%%%%%%
                     ###############     %%%%%%%%%%%%%%%%
                       ############     %%%%%%%%%%%%%%%
                          ########     %%%%%%%%%%%%%%
                                      %%%%%%%%%%%

                 | The OpenMC Monte Carlo Code
       Copyright | 2011-2022 MIT, UChicago Argonne LLC, and contributors
         License | https://docs.openmc.org/en/latest/license.html
         Version | 0.13.1-dev
        Git SHA1 | 91638baeecec220b1ab5df59adf71714daf2cba4
       Date/Time | 2022-09-07 10:46:05
   MPI Processes | 4
  OpenMP Threads | 18

 Reading settings XML file...
 Reading cross sections XML file...
 Reading materials XML file...
 Reading geometry XML file...
 Reading U236 from
 /home/oyardas/2023-openmc-depletion-data/months3/../../cross-section-libraries/e
 ndfb71_hdf5/U236.h5
 Reading O16 from
 /home/oyardas/2023-openmc-depletion-data/months3/../../cross-section-libraries/e
 ndfb71_hdf5/O16.h5
 Reading O17 from
 /home/oyardas/2023-openmc-depletion-data/months3/../../cross-section-libraries/e
 ndfb71_hdf5/O17.h5
 Reading Cs135 from
 /home/oyardas/2023-openmc-depletion-data/months3/../../cross-section-libraries/e
 ndfb71_hdf5/Cs135.h5
 Reading Gd156 from
 /home/oyardas/2023-openmc-depletion-data/months3/../../cross-section-libraries/e
 ndfb71_hdf5/Gd156.h5
 Reading Gd157 from
 /home/oyardas/2023-openmc-depletion-data/months3/../../cross-section-libraries/e
 ndfb71_hdf5/Gd157.h5
 Reading I135 from
 /home/oyardas/2023-openmc-depletion-data/months3/../../cross-section-libraries/e
 ndfb71_hdf5/I135.h5
 Reading U234 from
 /home/oyardas/2023-openmc-depletion-data/months3/../../cross-section-libraries/e
 ndfb71_hdf5/U234.h5
 Reading U235 from
 /home/oyardas/2023-openmc-depletion-data/months3/../../cross-section-libraries/e
 ndfb71_hdf5/U235.h5
 Reading U238 from
 /home/oyardas/2023-openmc-depletion-data/months3/../../cross-section-libraries/e
 ndfb71_hdf5/U238.h5
 Reading Xe135 from
 /home/oyardas/2023-openmc-depletion-data/months3/../../cross-section-libraries/e
 ndfb71_hdf5/Xe135.h5
 Reading Xe136 from
 /home/oyardas/2023-openmc-depletion-data/months3/../../cross-section-libraries/e
 ndfb71_hdf5/Xe136.h5
 Reading Zr90 from
 /home/oyardas/2023-openmc-depletion-data/months3/../../cross-section-libraries/e
 ndfb71_hdf5/Zr90.h5
 Reading Zr91 from
 /home/oyardas/2023-openmc-depletion-data/months3/../../cross-section-libraries/e
 ndfb71_hdf5/Zr91.h5
 Reading Zr92 from
 /home/oyardas/2023-openmc-depletion-data/months3/../../cross-section-libraries/e
 ndfb71_hdf5/Zr92.h5
 Reading Zr94 from
 /home/oyardas/2023-openmc-depletion-data/months3/../../cross-section-libraries/e
 ndfb71_hdf5/Zr94.h5
 Reading Zr96 from
 /home/oyardas/2023-openmc-depletion-data/months3/../../cross-section-libraries/e
 ndfb71_hdf5/Zr96.h5
 Reading H1 from
 /home/oyardas/2023-openmc-depletion-data/months3/../../cross-section-libraries/e
 ndfb71_hdf5/H1.h5
 Reading H2 from
 /home/oyardas/2023-openmc-depletion-data/months3/../../cross-section-libraries/e
 ndfb71_hdf5/H2.h5
 Reading c_H_in_H2O from
 /home/oyardas/2023-openmc-depletion-data/months3/../../cross-section-libraries/e
 ndfb71_hdf5/c_H_in_H2O.h5
 Minimum neutron data temperature: 294 K
 Maximum neutron data temperature: 294 K
 Reading tallies XML file...
 Preparing distributed cell instances...
 Reading plot XML file...
 Writing summary.h5 file...
 Maximum neutron transport energy: 20000000 eV for O17
 Initializing source particles...

 ====================>     K EIGENVALUE SIMULATION     <====================

  Bat./Gen.      k            Average k
  =========   ========   ====================
        1/1    1.37037
        2/1    1.42057
        3/1    1.30028
        4/1    1.45631
        5/1    1.29261
        6/1    1.35941
        7/1    1.44086
        8/1    1.40611
        9/1    1.33700
       10/1    1.46765
       11/1    1.38576
       12/1    1.44716    1.41646 +/- 0.03070
       13/1    1.40525    1.41272 +/- 0.01811
       14/1    1.41217    1.41259 +/- 0.01281
       15/1    1.39622    1.40931 +/- 0.01045
       16/1    1.33526    1.39697 +/- 0.01500
       17/1    1.42355    1.40077 +/- 0.01324
       18/1    1.40045    1.40073 +/- 0.01146
       19/1    1.46271    1.40761 +/- 0.01223
       20/1    1.33471    1.40032 +/- 0.01315
       21/1    1.44369    1.40427 +/- 0.01253
       22/1    1.35485    1.40015 +/- 0.01216
       23/1    1.32973    1.39473 +/- 0.01242
       24/1    1.46651    1.39986 +/- 0.01259
       25/1    1.44761    1.40304 +/- 0.01215
       26/1    1.44737    1.40581 +/- 0.01170
       27/1    1.40249    1.40562 +/- 0.01099
       28/1    1.38637    1.40455 +/- 0.01042
       29/1    1.36192    1.40230 +/- 0.01010
       30/1    1.45364    1.40487 +/- 0.00992
       31/1    1.36757    1.40309 +/- 0.00960
       32/1    1.40418    1.40314 +/- 0.00916
       33/1    1.53426    1.40884 +/- 0.01044
       34/1    1.41497    1.40910 +/- 0.01000
       35/1    1.40971    1.40912 +/- 0.00959
       36/1    1.39473    1.40857 +/- 0.00923
       37/1    1.40804    1.40855 +/- 0.00889
       38/1    1.37580    1.40738 +/- 0.00864
       39/1    1.43869    1.40846 +/- 0.00841
       40/1    1.37765    1.40743 +/- 0.00819
       41/1    1.35557    1.40576 +/- 0.00809
       42/1    1.38180    1.40501 +/- 0.00787
       43/1    1.47201    1.40704 +/- 0.00790
       44/1    1.38617    1.40643 +/- 0.00768
       45/1    1.41084    1.40655 +/- 0.00746
       46/1    1.39829    1.40632 +/- 0.00726
       47/1    1.44859    1.40747 +/- 0.00715
       48/1    1.36948    1.40647 +/- 0.00703
       49/1    1.34390    1.40486 +/- 0.00703
       50/1    1.41788    1.40519 +/- 0.00686
 Creating state point statepoint.50.h5...

 =======================>     TIMING STATISTICS     <=======================

 Total time for initialization     = 2.1267e+00 seconds
   Reading cross sections          = 2.0915e+00 seconds
 Total time in simulation          = 2.0313e-01 seconds
   Time in transport only          = 1.2891e-01 seconds
   Time in inactive batches        = 3.4087e-02 seconds
   Time in active batches          = 1.6904e-01 seconds
   Time synchronizing fission bank = 2.9105e-02 seconds
     Sampling source sites         = 8.3185e-03 seconds
     SEND/RECV source sites        = 4.9366e-04 seconds
   Time accumulating tallies       = 3.2438e-03 seconds
   Time writing statepoints        = 3.2238e-02 seconds
 Total time for finalization       = 4.3786e-05 seconds
 Total time elapsed                = 2.3463e+00 seconds
 Calculation Rate (inactive)       = 293366 particles/second
 Calculation Rate (active)         = 236628 particles/second

 ============================>     RESULTS     <============================

 k-effective (Collision)     = 1.41032 +/- 0.00589
 k-effective (Track-length)  = 1.40519 +/- 0.00686
 k-effective (Absorption)    = 1.42260 +/- 0.00504
 Combined k-effective        = 1.41658 +/- 0.00427
 Leakage Fraction            = 0.00000 +/- 0.00000

[openmc.deplete] t=0.0 s, dt=2592000 s, source=174
[openmc.deplete] t=2592000.0 (final operator evaluation)
generating new microxs
/gpfs/fs1/home/oyardas/openmc/openmc/mixin.py:70: IDWarning: Another Filter instance already exists with id=1.
  warn(msg, IDWarning)
/gpfs/fs1/home/oyardas/openmc/openmc/mixin.py:70: IDWarning: Another Filter instance already exists with id=2.
  warn(msg, IDWarning)
                                %%%%%%%%%%%%%%%
                           %%%%%%%%%%%%%%%%%%%%%%%%
                        %%%%%%%%%%%%%%%%%%%%%%%%%%%%%%
                      %%%%%%%%%%%%%%%%%%%%%%%%%%%%%%%%%%
                    %%%%%%%%%%%%%%%%%%%%%%%%%%%%%%%%%%%%%%
                   %%%%%%%%%%%%%%%%%%%%%%%%%%%%%%%%%%%%%%%%
                                    %%%%%%%%%%%%%%%%%%%%%%%%
                                     %%%%%%%%%%%%%%%%%%%%%%%%
                 ###############      %%%%%%%%%%%%%%%%%%%%%%%%
                ##################     %%%%%%%%%%%%%%%%%%%%%%%
                ###################     %%%%%%%%%%%%%%%%%%%%%%%
                ####################     %%%%%%%%%%%%%%%%%%%%%%
                #####################     %%%%%%%%%%%%%%%%%%%%%
                ######################     %%%%%%%%%%%%%%%%%%%%
                #######################     %%%%%%%%%%%%%%%%%%
                 #######################     %%%%%%%%%%%%%%%%%
                 ######################     %%%%%%%%%%%%%%%%%
                  ####################     %%%%%%%%%%%%%%%%%
                    #################     %%%%%%%%%%%%%%%%%
                     ###############     %%%%%%%%%%%%%%%%
                       ############     %%%%%%%%%%%%%%%
                          ########     %%%%%%%%%%%%%%
                                      %%%%%%%%%%%

                 | The OpenMC Monte Carlo Code
       Copyright | 2011-2022 MIT, UChicago Argonne LLC, and contributors
         License | https://docs.openmc.org/en/latest/license.html
         Version | 0.13.1-dev
        Git SHA1 | 91638baeecec220b1ab5df59adf71714daf2cba4
       Date/Time | 2022-09-07 10:46:08
   MPI Processes | 4
  OpenMP Threads | 18

 Reading settings XML file...
 Reading cross sections XML file...
 Reading materials XML file...
 Reading geometry XML file...
 Reading U236 from
 /home/oyardas/2023-openmc-depletion-data/months3/../../cross-section-libraries/e
 ndfb71_hdf5/U236.h5
 Reading O16 from
 /home/oyardas/2023-openmc-depletion-data/months3/../../cross-section-libraries/e
 ndfb71_hdf5/O16.h5
 Reading O17 from
 /home/oyardas/2023-openmc-depletion-data/months3/../../cross-section-libraries/e
 ndfb71_hdf5/O17.h5
 Reading Cs135 from
 /home/oyardas/2023-openmc-depletion-data/months3/../../cross-section-libraries/e
 ndfb71_hdf5/Cs135.h5
 Reading Gd156 from
 /home/oyardas/2023-openmc-depletion-data/months3/../../cross-section-libraries/e
 ndfb71_hdf5/Gd156.h5
 Reading Gd157 from
 /home/oyardas/2023-openmc-depletion-data/months3/../../cross-section-libraries/e
 ndfb71_hdf5/Gd157.h5
 Reading I135 from
 /home/oyardas/2023-openmc-depletion-data/months3/../../cross-section-libraries/e
 ndfb71_hdf5/I135.h5
 Reading U234 from
 /home/oyardas/2023-openmc-depletion-data/months3/../../cross-section-libraries/e
 ndfb71_hdf5/U234.h5
 Reading U235 from
 /home/oyardas/2023-openmc-depletion-data/months3/../../cross-section-libraries/e
 ndfb71_hdf5/U235.h5
 Reading U238 from
 /home/oyardas/2023-openmc-depletion-data/months3/../../cross-section-libraries/e
 ndfb71_hdf5/U238.h5
 Reading Xe135 from
 /home/oyardas/2023-openmc-depletion-data/months3/../../cross-section-libraries/e
 ndfb71_hdf5/Xe135.h5
 Reading Xe136 from
 /home/oyardas/2023-openmc-depletion-data/months3/../../cross-section-libraries/e
 ndfb71_hdf5/Xe136.h5
 Reading Zr90 from
 /home/oyardas/2023-openmc-depletion-data/months3/../../cross-section-libraries/e
 ndfb71_hdf5/Zr90.h5
 Reading Zr91 from
 /home/oyardas/2023-openmc-depletion-data/months3/../../cross-section-libraries/e
 ndfb71_hdf5/Zr91.h5
 Reading Zr92 from
 /home/oyardas/2023-openmc-depletion-data/months3/../../cross-section-libraries/e
 ndfb71_hdf5/Zr92.h5
 Reading Zr94 from
 /home/oyardas/2023-openmc-depletion-data/months3/../../cross-section-libraries/e
 ndfb71_hdf5/Zr94.h5
 Reading Zr96 from
 /home/oyardas/2023-openmc-depletion-data/months3/../../cross-section-libraries/e
 ndfb71_hdf5/Zr96.h5
 Reading H1 from
 /home/oyardas/2023-openmc-depletion-data/months3/../../cross-section-libraries/e
 ndfb71_hdf5/H1.h5
 Reading H2 from
 /home/oyardas/2023-openmc-depletion-data/months3/../../cross-section-libraries/e
 ndfb71_hdf5/H2.h5
 Reading c_H_in_H2O from
 /home/oyardas/2023-openmc-depletion-data/months3/../../cross-section-libraries/e
 ndfb71_hdf5/c_H_in_H2O.h5
 Minimum neutron data temperature: 294 K
 Maximum neutron data temperature: 294 K
 Reading tallies XML file...
 Preparing distributed cell instances...
 Reading plot XML file...
 Writing summary.h5 file...
 Maximum neutron transport energy: 20000000 eV for O17
 Initializing source particles...

 ====================>     K EIGENVALUE SIMULATION     <====================

  Bat./Gen.      k            Average k
  =========   ========   ====================
        1/1    1.34314
        2/1    1.41825
        3/1    1.35972
        4/1    1.38622
        5/1    1.38798
        6/1    1.44341
        7/1    1.41107
        8/1    1.46411
        9/1    1.35059
       10/1    1.45735
       11/1    1.46127
       12/1    1.37327    1.41727 +/- 0.04400
       13/1    1.39689    1.41048 +/- 0.02630
       14/1    1.47637    1.42695 +/- 0.02484
       15/1    1.42534    1.42663 +/- 0.01925
       16/1    1.39485    1.42133 +/- 0.01658
       17/1    1.47453    1.42893 +/- 0.01594
       18/1    1.39823    1.42509 +/- 0.01433
       19/1    1.43390    1.42607 +/- 0.01268
       20/1    1.38698    1.42216 +/- 0.01199
       21/1    1.47538    1.42700 +/- 0.01188
       22/1    1.42777    1.42706 +/- 0.01084
       23/1    1.38920    1.42415 +/- 0.01039
       24/1    1.39161    1.42183 +/- 0.00990
       25/1    1.39985    1.42036 +/- 0.00933
       26/1    1.37370    1.41745 +/- 0.00920
       27/1    1.47565    1.42087 +/- 0.00930
       28/1    1.42593    1.42115 +/- 0.00877
       29/1    1.39426    1.41974 +/- 0.00841
       30/1    1.37370    1.41743 +/- 0.00831
       31/1    1.44850    1.41891 +/- 0.00804
       32/1    1.37926    1.41711 +/- 0.00787
       33/1    1.45944    1.41895 +/- 0.00775
       34/1    1.41298    1.41870 +/- 0.00742
       35/1    1.37215    1.41684 +/- 0.00736
       36/1    1.41426    1.41674 +/- 0.00707
       37/1    1.44165    1.41766 +/- 0.00686
       38/1    1.42184    1.41781 +/- 0.00662
       39/1    1.42422    1.41803 +/- 0.00639
       40/1    1.43136    1.41848 +/- 0.00619
       41/1    1.41320    1.41831 +/- 0.00599
       42/1    1.28212    1.41405 +/- 0.00719
       43/1    1.32250    1.41128 +/- 0.00750
       44/1    1.45518    1.41257 +/- 0.00739
       45/1    1.46364    1.41403 +/- 0.00732
       46/1    1.45193    1.41508 +/- 0.00720
       47/1    1.47177    1.41661 +/- 0.00716
       48/1    1.46305    1.41784 +/- 0.00708
       49/1    1.31977    1.41532 +/- 0.00734
       50/1    1.44295    1.41601 +/- 0.00719
 Creating state point statepoint.50.h5...

 =======================>     TIMING STATISTICS     <=======================

 Total time for initialization     = 2.1537e+00 seconds
   Reading cross sections          = 2.1178e+00 seconds
 Total time in simulation          = 1.9212e-01 seconds
   Time in transport only          = 1.3028e-01 seconds
   Time in inactive batches        = 2.5914e-02 seconds
   Time in active batches          = 1.6621e-01 seconds
   Time synchronizing fission bank = 2.1118e-02 seconds
     Sampling source sites         = 9.2936e-03 seconds
     SEND/RECV source sites        = 4.0036e-04 seconds
   Time accumulating tallies       = 3.3728e-03 seconds
   Time writing statepoints        = 2.7140e-02 seconds
 Total time for finalization       = 5.5146e-05 seconds
 Total time elapsed                = 2.3608e+00 seconds
 Calculation Rate (inactive)       = 385887 particles/second
 Calculation Rate (active)         = 240662 particles/second

 ============================>     RESULTS     <============================

 k-effective (Collision)     = 1.40487 +/- 0.00670
 k-effective (Track-length)  = 1.41601 +/- 0.00719
 k-effective (Absorption)    = 1.40745 +/- 0.00454
 Combined k-effective        = 1.40749 +/- 0.00447
 Leakage Fraction            = 0.00000 +/- 0.00000

[openmc.deplete] t=0.0 s, dt=2592000 s, source=174
[openmc.deplete] t=2592000.0 (final operator evaluation)
generating new microxs
/gpfs/fs1/home/oyardas/openmc/openmc/mixin.py:70: IDWarning: Another Filter instance already exists with id=1.
  warn(msg, IDWarning)
/gpfs/fs1/home/oyardas/openmc/openmc/mixin.py:70: IDWarning: Another Filter instance already exists with id=2.
  warn(msg, IDWarning)
                                %%%%%%%%%%%%%%%
                           %%%%%%%%%%%%%%%%%%%%%%%%
                        %%%%%%%%%%%%%%%%%%%%%%%%%%%%%%
                      %%%%%%%%%%%%%%%%%%%%%%%%%%%%%%%%%%
                    %%%%%%%%%%%%%%%%%%%%%%%%%%%%%%%%%%%%%%
                   %%%%%%%%%%%%%%%%%%%%%%%%%%%%%%%%%%%%%%%%
                                    %%%%%%%%%%%%%%%%%%%%%%%%
                                     %%%%%%%%%%%%%%%%%%%%%%%%
                 ###############      %%%%%%%%%%%%%%%%%%%%%%%%
                ##################     %%%%%%%%%%%%%%%%%%%%%%%
                ###################     %%%%%%%%%%%%%%%%%%%%%%%
                ####################     %%%%%%%%%%%%%%%%%%%%%%
                #####################     %%%%%%%%%%%%%%%%%%%%%
                ######################     %%%%%%%%%%%%%%%%%%%%
                #######################     %%%%%%%%%%%%%%%%%%
                 #######################     %%%%%%%%%%%%%%%%%
                 ######################     %%%%%%%%%%%%%%%%%
                  ####################     %%%%%%%%%%%%%%%%%
                    #################     %%%%%%%%%%%%%%%%%
                     ###############     %%%%%%%%%%%%%%%%
                       ############     %%%%%%%%%%%%%%%
                          ########     %%%%%%%%%%%%%%
                                      %%%%%%%%%%%

                 | The OpenMC Monte Carlo Code
       Copyright | 2011-2022 MIT, UChicago Argonne LLC, and contributors
         License | https://docs.openmc.org/en/latest/license.html
         Version | 0.13.1-dev
        Git SHA1 | 91638baeecec220b1ab5df59adf71714daf2cba4
       Date/Time | 2022-09-07 10:46:12
   MPI Processes | 4
  OpenMP Threads | 18

 Reading settings XML file...
 Reading cross sections XML file...
 Reading materials XML file...
 Reading geometry XML file...
 Reading U236 from
 /home/oyardas/2023-openmc-depletion-data/months3/../../cross-section-libraries/e
 ndfb71_hdf5/U236.h5
 Reading O16 from
 /home/oyardas/2023-openmc-depletion-data/months3/../../cross-section-libraries/e
 ndfb71_hdf5/O16.h5
 Reading O17 from
 /home/oyardas/2023-openmc-depletion-data/months3/../../cross-section-libraries/e
 ndfb71_hdf5/O17.h5
 Reading Cs135 from
 /home/oyardas/2023-openmc-depletion-data/months3/../../cross-section-libraries/e
 ndfb71_hdf5/Cs135.h5
 Reading Gd156 from
 /home/oyardas/2023-openmc-depletion-data/months3/../../cross-section-libraries/e
 ndfb71_hdf5/Gd156.h5
 Reading Gd157 from
 /home/oyardas/2023-openmc-depletion-data/months3/../../cross-section-libraries/e
 ndfb71_hdf5/Gd157.h5
 Reading I135 from
 /home/oyardas/2023-openmc-depletion-data/months3/../../cross-section-libraries/e
 ndfb71_hdf5/I135.h5
 Reading U234 from
 /home/oyardas/2023-openmc-depletion-data/months3/../../cross-section-libraries/e
 ndfb71_hdf5/U234.h5
 Reading U235 from
 /home/oyardas/2023-openmc-depletion-data/months3/../../cross-section-libraries/e
 ndfb71_hdf5/U235.h5
 Reading U238 from
 /home/oyardas/2023-openmc-depletion-data/months3/../../cross-section-libraries/e
 ndfb71_hdf5/U238.h5
 Reading Xe135 from
 /home/oyardas/2023-openmc-depletion-data/months3/../../cross-section-libraries/e
 ndfb71_hdf5/Xe135.h5
 Reading Xe136 from
 /home/oyardas/2023-openmc-depletion-data/months3/../../cross-section-libraries/e
 ndfb71_hdf5/Xe136.h5
 Reading Zr90 from
 /home/oyardas/2023-openmc-depletion-data/months3/../../cross-section-libraries/e
 ndfb71_hdf5/Zr90.h5
 Reading Zr91 from
 /home/oyardas/2023-openmc-depletion-data/months3/../../cross-section-libraries/e
 ndfb71_hdf5/Zr91.h5
 Reading Zr92 from
 /home/oyardas/2023-openmc-depletion-data/months3/../../cross-section-libraries/e
 ndfb71_hdf5/Zr92.h5
 Reading Zr94 from
 /home/oyardas/2023-openmc-depletion-data/months3/../../cross-section-libraries/e
 ndfb71_hdf5/Zr94.h5
 Reading Zr96 from
 /home/oyardas/2023-openmc-depletion-data/months3/../../cross-section-libraries/e
 ndfb71_hdf5/Zr96.h5
 Reading H1 from
 /home/oyardas/2023-openmc-depletion-data/months3/../../cross-section-libraries/e
 ndfb71_hdf5/H1.h5
 Reading H2 from
 /home/oyardas/2023-openmc-depletion-data/months3/../../cross-section-libraries/e
 ndfb71_hdf5/H2.h5
 Reading c_H_in_H2O from
 /home/oyardas/2023-openmc-depletion-data/months3/../../cross-section-libraries/e
 ndfb71_hdf5/c_H_in_H2O.h5
 Minimum neutron data temperature: 294 K
 Maximum neutron data temperature: 294 K
 Reading tallies XML file...
 Preparing distributed cell instances...
 Reading plot XML file...
 Writing summary.h5 file...
 Maximum neutron transport energy: 20000000 eV for O17
 Initializing source particles...

 ====================>     K EIGENVALUE SIMULATION     <====================

  Bat./Gen.      k            Average k
  =========   ========   ====================
        1/1    1.35917
        2/1    1.47436
        3/1    1.35576
        4/1    1.38967
        5/1    1.48969
        6/1    1.33653
        7/1    1.41269
        8/1    1.32956
        9/1    1.38845
       10/1    1.41813
       11/1    1.42220
       12/1    1.40205    1.41212 +/- 0.01008
       13/1    1.48170    1.43532 +/- 0.02391
       14/1    1.35834    1.41607 +/- 0.02562
       15/1    1.49804    1.43247 +/- 0.02574
       16/1    1.36998    1.42205 +/- 0.02346
       17/1    1.42671    1.42272 +/- 0.01983
       18/1    1.42429    1.42292 +/- 0.01718
       19/1    1.56526    1.43873 +/- 0.02190
       20/1    1.43454    1.43831 +/- 0.01959
       21/1    1.37629    1.43267 +/- 0.01860
       22/1    1.41664    1.43134 +/- 0.01703
       23/1    1.45335    1.43303 +/- 0.01576
       24/1    1.41650    1.43185 +/- 0.01464
       25/1    1.37689    1.42819 +/- 0.01411
       26/1    1.46918    1.43075 +/- 0.01344
       27/1    1.50519    1.43513 +/- 0.01337
       28/1    1.31441    1.42842 +/- 0.01428
       29/1    1.43146    1.42858 +/- 0.01350
       30/1    1.47188    1.43075 +/- 0.01299
       31/1    1.41865    1.43017 +/- 0.01237
       32/1    1.42830    1.43008 +/- 0.01180
       33/1    1.43768    1.43041 +/- 0.01128
       34/1    1.38517    1.42853 +/- 0.01096
       35/1    1.40314    1.42751 +/- 0.01056
       36/1    1.32555    1.42359 +/- 0.01088
       37/1    1.49488    1.42623 +/- 0.01080
       38/1    1.46097    1.42747 +/- 0.01048
       39/1    1.37014    1.42550 +/- 0.01030
       40/1    1.37123    1.42369 +/- 0.01011
       41/1    1.42108    1.42360 +/- 0.00978
       42/1    1.49196    1.42574 +/- 0.00971
       43/1    1.40993    1.42526 +/- 0.00942
       44/1    1.35780    1.42328 +/- 0.00936
       45/1    1.44615    1.42393 +/- 0.00911
       46/1    1.41253    1.42361 +/- 0.00886
       47/1    1.40142    1.42301 +/- 0.00863
       48/1    1.46060    1.42400 +/- 0.00846
       49/1    1.38890    1.42310 +/- 0.00829
       50/1    1.30048    1.42004 +/- 0.00864
 Creating state point statepoint.50.h5...

 =======================>     TIMING STATISTICS     <=======================

 Total time for initialization     = 2.1010e+00 seconds
   Reading cross sections          = 2.0674e+00 seconds
 Total time in simulation          = 2.2178e-01 seconds
   Time in transport only          = 1.3044e-01 seconds
   Time in inactive batches        = 3.1346e-02 seconds
   Time in active batches          = 1.9043e-01 seconds
   Time synchronizing fission bank = 2.4697e-02 seconds
     Sampling source sites         = 7.0802e-03 seconds
     SEND/RECV source sites        = 3.8543e-04 seconds
   Time accumulating tallies       = 3.3275e-03 seconds
   Time writing statepoints        = 5.3769e-02 seconds
 Total time for finalization       = 5.8639e-05 seconds
 Total time elapsed                = 2.3388e+00 seconds
 Calculation Rate (inactive)       = 319018 particles/second
 Calculation Rate (active)         = 210049 particles/second

 ============================>     RESULTS     <============================

 k-effective (Collision)     = 1.41223 +/- 0.00723
 k-effective (Track-length)  = 1.42004 +/- 0.00864
 k-effective (Absorption)    = 1.41967 +/- 0.00472
 Combined k-effective        = 1.41899 +/- 0.00502
 Leakage Fraction            = 0.00000 +/- 0.00000

[openmc.deplete] t=0.0 s, dt=2592000 s, source=174
[openmc.deplete] t=2592000.0 (final operator evaluation)
generating new microxs
/gpfs/fs1/home/oyardas/openmc/openmc/mixin.py:70: IDWarning: Another Filter instance already exists with id=1.
  warn(msg, IDWarning)
/gpfs/fs1/home/oyardas/openmc/openmc/mixin.py:70: IDWarning: Another Filter instance already exists with id=2.
  warn(msg, IDWarning)
                                %%%%%%%%%%%%%%%
                           %%%%%%%%%%%%%%%%%%%%%%%%
                        %%%%%%%%%%%%%%%%%%%%%%%%%%%%%%
                      %%%%%%%%%%%%%%%%%%%%%%%%%%%%%%%%%%
                    %%%%%%%%%%%%%%%%%%%%%%%%%%%%%%%%%%%%%%
                   %%%%%%%%%%%%%%%%%%%%%%%%%%%%%%%%%%%%%%%%
                                    %%%%%%%%%%%%%%%%%%%%%%%%
                                     %%%%%%%%%%%%%%%%%%%%%%%%
                 ###############      %%%%%%%%%%%%%%%%%%%%%%%%
                ##################     %%%%%%%%%%%%%%%%%%%%%%%
                ###################     %%%%%%%%%%%%%%%%%%%%%%%
                ####################     %%%%%%%%%%%%%%%%%%%%%%
                #####################     %%%%%%%%%%%%%%%%%%%%%
                ######################     %%%%%%%%%%%%%%%%%%%%
                #######################     %%%%%%%%%%%%%%%%%%
                 #######################     %%%%%%%%%%%%%%%%%
                 ######################     %%%%%%%%%%%%%%%%%
                  ####################     %%%%%%%%%%%%%%%%%
                    #################     %%%%%%%%%%%%%%%%%
                     ###############     %%%%%%%%%%%%%%%%
                       ############     %%%%%%%%%%%%%%%
                          ########     %%%%%%%%%%%%%%
                                      %%%%%%%%%%%

                 | The OpenMC Monte Carlo Code
       Copyright | 2011-2022 MIT, UChicago Argonne LLC, and contributors
         License | https://docs.openmc.org/en/latest/license.html
         Version | 0.13.1-dev
        Git SHA1 | 91638baeecec220b1ab5df59adf71714daf2cba4
       Date/Time | 2022-09-07 10:46:15
   MPI Processes | 4
  OpenMP Threads | 18

 Reading settings XML file...
 Reading cross sections XML file...
 Reading materials XML file...
 Reading geometry XML file...
 Reading U236 from
 /home/oyardas/2023-openmc-depletion-data/months3/../../cross-section-libraries/e
 ndfb71_hdf5/U236.h5
 Reading O16 from
 /home/oyardas/2023-openmc-depletion-data/months3/../../cross-section-libraries/e
 ndfb71_hdf5/O16.h5
 Reading O17 from
 /home/oyardas/2023-openmc-depletion-data/months3/../../cross-section-libraries/e
 ndfb71_hdf5/O17.h5
 Reading Cs135 from
 /home/oyardas/2023-openmc-depletion-data/months3/../../cross-section-libraries/e
 ndfb71_hdf5/Cs135.h5
 Reading Gd156 from
 /home/oyardas/2023-openmc-depletion-data/months3/../../cross-section-libraries/e
 ndfb71_hdf5/Gd156.h5
 Reading Gd157 from
 /home/oyardas/2023-openmc-depletion-data/months3/../../cross-section-libraries/e
 ndfb71_hdf5/Gd157.h5
 Reading I135 from
 /home/oyardas/2023-openmc-depletion-data/months3/../../cross-section-libraries/e
 ndfb71_hdf5/I135.h5
 Reading U234 from
 /home/oyardas/2023-openmc-depletion-data/months3/../../cross-section-libraries/e
 ndfb71_hdf5/U234.h5
 Reading U235 from
 /home/oyardas/2023-openmc-depletion-data/months3/../../cross-section-libraries/e
 ndfb71_hdf5/U235.h5
 Reading U238 from
 /home/oyardas/2023-openmc-depletion-data/months3/../../cross-section-libraries/e
 ndfb71_hdf5/U238.h5
 Reading Xe135 from
 /home/oyardas/2023-openmc-depletion-data/months3/../../cross-section-libraries/e
 ndfb71_hdf5/Xe135.h5
 Reading Xe136 from
 /home/oyardas/2023-openmc-depletion-data/months3/../../cross-section-libraries/e
 ndfb71_hdf5/Xe136.h5
 Reading Zr90 from
 /home/oyardas/2023-openmc-depletion-data/months3/../../cross-section-libraries/e
 ndfb71_hdf5/Zr90.h5
 Reading Zr91 from
 /home/oyardas/2023-openmc-depletion-data/months3/../../cross-section-libraries/e
 ndfb71_hdf5/Zr91.h5
 Reading Zr92 from
 /home/oyardas/2023-openmc-depletion-data/months3/../../cross-section-libraries/e
 ndfb71_hdf5/Zr92.h5
 Reading Zr94 from
 /home/oyardas/2023-openmc-depletion-data/months3/../../cross-section-libraries/e
 ndfb71_hdf5/Zr94.h5
 Reading Zr96 from
 /home/oyardas/2023-openmc-depletion-data/months3/../../cross-section-libraries/e
 ndfb71_hdf5/Zr96.h5
 Reading H1 from
 /home/oyardas/2023-openmc-depletion-data/months3/../../cross-section-libraries/e
 ndfb71_hdf5/H1.h5
 Reading H2 from
 /home/oyardas/2023-openmc-depletion-data/months3/../../cross-section-libraries/e
 ndfb71_hdf5/H2.h5
 Reading c_H_in_H2O from
 /home/oyardas/2023-openmc-depletion-data/months3/../../cross-section-libraries/e
 ndfb71_hdf5/c_H_in_H2O.h5
 Minimum neutron data temperature: 294 K
 Maximum neutron data temperature: 294 K
 Reading tallies XML file...
 Preparing distributed cell instances...
 Reading plot XML file...
 Writing summary.h5 file...
 Maximum neutron transport energy: 20000000 eV for O17
 Initializing source particles...

 ====================>     K EIGENVALUE SIMULATION     <====================

  Bat./Gen.      k            Average k
  =========   ========   ====================
        1/1    1.34770
        2/1    1.38696
        3/1    1.34976
        4/1    1.48639
        5/1    1.39682
        6/1    1.36866
        7/1    1.37098
        8/1    1.39957
        9/1    1.32442
       10/1    1.46638
       11/1    1.49961
       12/1    1.44306    1.47133 +/- 0.02827
       13/1    1.36298    1.43521 +/- 0.03964
       14/1    1.39839    1.42601 +/- 0.02950
       15/1    1.39795    1.42040 +/- 0.02353
       16/1    1.40586    1.41797 +/- 0.01936
       17/1    1.47446    1.42604 +/- 0.01825
       18/1    1.35263    1.41687 +/- 0.01827
       19/1    1.44327    1.41980 +/- 0.01638
       20/1    1.35661    1.41348 +/- 0.01596
       21/1    1.44439    1.41629 +/- 0.01470
       22/1    1.46197    1.42010 +/- 0.01395
       23/1    1.40993    1.41932 +/- 0.01286
       24/1    1.47407    1.42323 +/- 0.01253
       25/1    1.46299    1.42588 +/- 0.01196
       26/1    1.40628    1.42465 +/- 0.01126
       27/1    1.49805    1.42897 +/- 0.01142
       28/1    1.45706    1.43053 +/- 0.01088
       29/1    1.33426    1.42546 +/- 0.01147
       30/1    1.29670    1.41903 +/- 0.01264
       31/1    1.50969    1.42334 +/- 0.01278
       32/1    1.38703    1.42169 +/- 0.01230
       33/1    1.31838    1.41720 +/- 0.01258
       34/1    1.51904    1.42144 +/- 0.01277
       35/1    1.35426    1.41876 +/- 0.01254
       36/1    1.37782    1.41718 +/- 0.01215
       37/1    1.36720    1.41533 +/- 0.01184
       38/1    1.34205    1.41271 +/- 0.01170
       39/1    1.32897    1.40983 +/- 0.01165
       40/1    1.55181    1.41456 +/- 0.01221
       41/1    1.32483    1.41166 +/- 0.01216
       42/1    1.36138    1.41009 +/- 0.01188
       43/1    1.41028    1.41010 +/- 0.01151
       44/1    1.33750    1.40796 +/- 0.01137
       45/1    1.44055    1.40889 +/- 0.01108
       46/1    1.38089    1.40812 +/- 0.01080
       47/1    1.43438    1.40883 +/- 0.01053
       48/1    1.43200    1.40944 +/- 0.01026
       49/1    1.46422    1.41084 +/- 0.01010
       50/1    1.40542    1.41070 +/- 0.00984
 Creating state point statepoint.50.h5...

 =======================>     TIMING STATISTICS     <=======================

 Total time for initialization     = 2.0324e+00 seconds
   Reading cross sections          = 1.9968e+00 seconds
 Total time in simulation          = 2.9958e-01 seconds
   Time in transport only          = 1.3125e-01 seconds
   Time in inactive batches        = 1.0517e-01 seconds
   Time in active batches          = 1.9441e-01 seconds
   Time synchronizing fission bank = 1.0053e-01 seconds
     Sampling source sites         = 8.0876e-03 seconds
     SEND/RECV source sites        = 6.2549e-04 seconds
   Time accumulating tallies       = 5.1685e-03 seconds
   Time writing statepoints        = 5.1748e-02 seconds
 Total time for finalization       = 4.0530e-05 seconds
 Total time elapsed                = 2.3471e+00 seconds
 Calculation Rate (inactive)       = 95086.1 particles/second
 Calculation Rate (active)         = 205752 particles/second

 ============================>     RESULTS     <============================

 k-effective (Collision)     = 1.40196 +/- 0.00639
 k-effective (Track-length)  = 1.41070 +/- 0.00984
 k-effective (Absorption)    = 1.40101 +/- 0.00466
 Combined k-effective        = 1.39938 +/- 0.00459
 Leakage Fraction            = 0.00000 +/- 0.00000

[openmc.deplete] t=0.0 s, dt=2592000 s, source=174
[openmc.deplete] t=2592000.0 (final operator evaluation)
generating new microxs
/gpfs/fs1/home/oyardas/openmc/openmc/mixin.py:70: IDWarning: Another Filter instance already exists with id=1.
  warn(msg, IDWarning)
/gpfs/fs1/home/oyardas/openmc/openmc/mixin.py:70: IDWarning: Another Filter instance already exists with id=2.
  warn(msg, IDWarning)
                                %%%%%%%%%%%%%%%
                           %%%%%%%%%%%%%%%%%%%%%%%%
                        %%%%%%%%%%%%%%%%%%%%%%%%%%%%%%
                      %%%%%%%%%%%%%%%%%%%%%%%%%%%%%%%%%%
                    %%%%%%%%%%%%%%%%%%%%%%%%%%%%%%%%%%%%%%
                   %%%%%%%%%%%%%%%%%%%%%%%%%%%%%%%%%%%%%%%%
                                    %%%%%%%%%%%%%%%%%%%%%%%%
                                     %%%%%%%%%%%%%%%%%%%%%%%%
                 ###############      %%%%%%%%%%%%%%%%%%%%%%%%
                ##################     %%%%%%%%%%%%%%%%%%%%%%%
                ###################     %%%%%%%%%%%%%%%%%%%%%%%
                ####################     %%%%%%%%%%%%%%%%%%%%%%
                #####################     %%%%%%%%%%%%%%%%%%%%%
                ######################     %%%%%%%%%%%%%%%%%%%%
                #######################     %%%%%%%%%%%%%%%%%%
                 #######################     %%%%%%%%%%%%%%%%%
                 ######################     %%%%%%%%%%%%%%%%%
                  ####################     %%%%%%%%%%%%%%%%%
                    #################     %%%%%%%%%%%%%%%%%
                     ###############     %%%%%%%%%%%%%%%%
                       ############     %%%%%%%%%%%%%%%
                          ########     %%%%%%%%%%%%%%
                                      %%%%%%%%%%%

                 | The OpenMC Monte Carlo Code
       Copyright | 2011-2022 MIT, UChicago Argonne LLC, and contributors
         License | https://docs.openmc.org/en/latest/license.html
         Version | 0.13.1-dev
        Git SHA1 | 91638baeecec220b1ab5df59adf71714daf2cba4
       Date/Time | 2022-09-07 10:46:19
   MPI Processes | 4
  OpenMP Threads | 18

 Reading settings XML file...
 Reading cross sections XML file...
 Reading materials XML file...
 Reading geometry XML file...
 Reading U236 from
 /home/oyardas/2023-openmc-depletion-data/months3/../../cross-section-libraries/e
 ndfb71_hdf5/U236.h5
 Reading O16 from
 /home/oyardas/2023-openmc-depletion-data/months3/../../cross-section-libraries/e
 ndfb71_hdf5/O16.h5
 Reading O17 from
 /home/oyardas/2023-openmc-depletion-data/months3/../../cross-section-libraries/e
 ndfb71_hdf5/O17.h5
 Reading Cs135 from
 /home/oyardas/2023-openmc-depletion-data/months3/../../cross-section-libraries/e
 ndfb71_hdf5/Cs135.h5
 Reading Gd156 from
 /home/oyardas/2023-openmc-depletion-data/months3/../../cross-section-libraries/e
 ndfb71_hdf5/Gd156.h5
 Reading Gd157 from
 /home/oyardas/2023-openmc-depletion-data/months3/../../cross-section-libraries/e
 ndfb71_hdf5/Gd157.h5
 Reading I135 from
 /home/oyardas/2023-openmc-depletion-data/months3/../../cross-section-libraries/e
 ndfb71_hdf5/I135.h5
 Reading U234 from
 /home/oyardas/2023-openmc-depletion-data/months3/../../cross-section-libraries/e
 ndfb71_hdf5/U234.h5
 Reading U235 from
 /home/oyardas/2023-openmc-depletion-data/months3/../../cross-section-libraries/e
 ndfb71_hdf5/U235.h5
 Reading U238 from
 /home/oyardas/2023-openmc-depletion-data/months3/../../cross-section-libraries/e
 ndfb71_hdf5/U238.h5
 Reading Xe135 from
 /home/oyardas/2023-openmc-depletion-data/months3/../../cross-section-libraries/e
 ndfb71_hdf5/Xe135.h5
 Reading Xe136 from
 /home/oyardas/2023-openmc-depletion-data/months3/../../cross-section-libraries/e
 ndfb71_hdf5/Xe136.h5
 Reading Zr90 from
 /home/oyardas/2023-openmc-depletion-data/months3/../../cross-section-libraries/e
 ndfb71_hdf5/Zr90.h5
 Reading Zr91 from
 /home/oyardas/2023-openmc-depletion-data/months3/../../cross-section-libraries/e
 ndfb71_hdf5/Zr91.h5
 Reading Zr92 from
 /home/oyardas/2023-openmc-depletion-data/months3/../../cross-section-libraries/e
 ndfb71_hdf5/Zr92.h5
 Reading Zr94 from
 /home/oyardas/2023-openmc-depletion-data/months3/../../cross-section-libraries/e
 ndfb71_hdf5/Zr94.h5
 Reading Zr96 from
 /home/oyardas/2023-openmc-depletion-data/months3/../../cross-section-libraries/e
 ndfb71_hdf5/Zr96.h5
 Reading H1 from
 /home/oyardas/2023-openmc-depletion-data/months3/../../cross-section-libraries/e
 ndfb71_hdf5/H1.h5
 Reading H2 from
 /home/oyardas/2023-openmc-depletion-data/months3/../../cross-section-libraries/e
 ndfb71_hdf5/H2.h5
 Reading c_H_in_H2O from
 /home/oyardas/2023-openmc-depletion-data/months3/../../cross-section-libraries/e
 ndfb71_hdf5/c_H_in_H2O.h5
 Minimum neutron data temperature: 294 K
 Maximum neutron data temperature: 294 K
 Reading tallies XML file...
 Preparing distributed cell instances...
 Reading plot XML file...
 Writing summary.h5 file...
 Maximum neutron transport energy: 20000000 eV for O17
 Initializing source particles...

 ====================>     K EIGENVALUE SIMULATION     <====================

  Bat./Gen.      k            Average k
  =========   ========   ====================
        1/1    1.34825
        2/1    1.40514
        3/1    1.29945
        4/1    1.41842
        5/1    1.35690
        6/1    1.35420
        7/1    1.36674
        8/1    1.41055
        9/1    1.37732
       10/1    1.41268
       11/1    1.39489
       12/1    1.37714    1.38602 +/- 0.00887
       13/1    1.38729    1.38644 +/- 0.00514
       14/1    1.40147    1.39020 +/- 0.00523
       15/1    1.40846    1.39385 +/- 0.00545
       16/1    1.32622    1.38258 +/- 0.01212
       17/1    1.41058    1.38658 +/- 0.01100
       18/1    1.32334    1.37867 +/- 0.01238
       19/1    1.50407    1.39261 +/- 0.01770
       20/1    1.35969    1.38932 +/- 0.01617
       21/1    1.43890    1.39382 +/- 0.01530
       22/1    1.49278    1.40207 +/- 0.01622
       23/1    1.44796    1.40560 +/- 0.01533
       24/1    1.46210    1.40964 +/- 0.01476
       25/1    1.39190    1.40845 +/- 0.01379
       26/1    1.42814    1.40968 +/- 0.01296
       27/1    1.41116    1.40977 +/- 0.01217
       28/1    1.32531    1.40508 +/- 0.01240
       29/1    1.44736    1.40730 +/- 0.01194
       30/1    1.43511    1.40869 +/- 0.01141
       31/1    1.34959    1.40588 +/- 0.01121
       32/1    1.41826    1.40644 +/- 0.01071
       33/1    1.38899    1.40568 +/- 0.01026
       34/1    1.37899    1.40457 +/- 0.00988
       35/1    1.24645    1.39825 +/- 0.01140
       36/1    1.47779    1.40130 +/- 0.01137
       37/1    1.39940    1.40123 +/- 0.01094
       38/1    1.38435    1.40063 +/- 0.01056
       39/1    1.40161    1.40067 +/- 0.01019
       40/1    1.36388    1.39944 +/- 0.00992
       41/1    1.47826    1.40198 +/- 0.00992
       42/1    1.38349    1.40140 +/- 0.00963
       43/1    1.39164    1.40111 +/- 0.00934
       44/1    1.35198    1.39966 +/- 0.00917
       45/1    1.47972    1.40195 +/- 0.00919
       46/1    1.42173    1.40250 +/- 0.00895
       47/1    1.35388    1.40119 +/- 0.00881
       48/1    1.43664    1.40212 +/- 0.00862
       49/1    1.38990    1.40181 +/- 0.00840
       50/1    1.42451    1.40237 +/- 0.00821
 Creating state point statepoint.50.h5...

 =======================>     TIMING STATISTICS     <=======================

 Total time for initialization     = 2.0573e+00 seconds
   Reading cross sections          = 2.0206e+00 seconds
 Total time in simulation          = 2.5375e-01 seconds
   Time in transport only          = 1.3117e-01 seconds
   Time in inactive batches        = 7.0300e-02 seconds
   Time in active batches          = 1.8345e-01 seconds
   Time synchronizing fission bank = 6.5311e-02 seconds
     Sampling source sites         = 7.4627e-03 seconds
     SEND/RECV source sites        = 9.6073e-04 seconds
   Time accumulating tallies       = 4.2934e-03 seconds
   Time writing statepoints        = 4.3479e-02 seconds
 Total time for finalization       = 3.4440e-05 seconds
 Total time elapsed                = 2.3267e+00 seconds
 Calculation Rate (inactive)       = 142248 particles/second
 Calculation Rate (active)         = 218048 particles/second

 ============================>     RESULTS     <============================

 k-effective (Collision)     = 1.40101 +/- 0.00592
 k-effective (Track-length)  = 1.40237 +/- 0.00821
 k-effective (Absorption)    = 1.39283 +/- 0.00575
 Combined k-effective        = 1.39670 +/- 0.00491
 Leakage Fraction            = 0.00000 +/- 0.00000

[openmc.deplete] t=0.0 s, dt=2592000 s, source=174
[openmc.deplete] t=2592000.0 (final operator evaluation)
generating new microxs
/gpfs/fs1/home/oyardas/openmc/openmc/mixin.py:70: IDWarning: Another Filter instance already exists with id=1.
  warn(msg, IDWarning)
/gpfs/fs1/home/oyardas/openmc/openmc/mixin.py:70: IDWarning: Another Filter instance already exists with id=2.
  warn(msg, IDWarning)
                                %%%%%%%%%%%%%%%
                           %%%%%%%%%%%%%%%%%%%%%%%%
                        %%%%%%%%%%%%%%%%%%%%%%%%%%%%%%
                      %%%%%%%%%%%%%%%%%%%%%%%%%%%%%%%%%%
                    %%%%%%%%%%%%%%%%%%%%%%%%%%%%%%%%%%%%%%
                   %%%%%%%%%%%%%%%%%%%%%%%%%%%%%%%%%%%%%%%%
                                    %%%%%%%%%%%%%%%%%%%%%%%%
                                     %%%%%%%%%%%%%%%%%%%%%%%%
                 ###############      %%%%%%%%%%%%%%%%%%%%%%%%
                ##################     %%%%%%%%%%%%%%%%%%%%%%%
                ###################     %%%%%%%%%%%%%%%%%%%%%%%
                ####################     %%%%%%%%%%%%%%%%%%%%%%
                #####################     %%%%%%%%%%%%%%%%%%%%%
                ######################     %%%%%%%%%%%%%%%%%%%%
                #######################     %%%%%%%%%%%%%%%%%%
                 #######################     %%%%%%%%%%%%%%%%%
                 ######################     %%%%%%%%%%%%%%%%%
                  ####################     %%%%%%%%%%%%%%%%%
                    #################     %%%%%%%%%%%%%%%%%
                     ###############     %%%%%%%%%%%%%%%%
                       ############     %%%%%%%%%%%%%%%
                          ########     %%%%%%%%%%%%%%
                                      %%%%%%%%%%%

                 | The OpenMC Monte Carlo Code
       Copyright | 2011-2022 MIT, UChicago Argonne LLC, and contributors
         License | https://docs.openmc.org/en/latest/license.html
         Version | 0.13.1-dev
        Git SHA1 | 91638baeecec220b1ab5df59adf71714daf2cba4
       Date/Time | 2022-09-07 10:46:22
   MPI Processes | 4
  OpenMP Threads | 18

 Reading settings XML file...
 Reading cross sections XML file...
 Reading materials XML file...
 Reading geometry XML file...
 Reading U236 from
 /home/oyardas/2023-openmc-depletion-data/months3/../../cross-section-libraries/e
 ndfb71_hdf5/U236.h5
 Reading O16 from
 /home/oyardas/2023-openmc-depletion-data/months3/../../cross-section-libraries/e
 ndfb71_hdf5/O16.h5
 Reading O17 from
 /home/oyardas/2023-openmc-depletion-data/months3/../../cross-section-libraries/e
 ndfb71_hdf5/O17.h5
 Reading Cs135 from
 /home/oyardas/2023-openmc-depletion-data/months3/../../cross-section-libraries/e
 ndfb71_hdf5/Cs135.h5
 Reading Gd156 from
 /home/oyardas/2023-openmc-depletion-data/months3/../../cross-section-libraries/e
 ndfb71_hdf5/Gd156.h5
 Reading Gd157 from
 /home/oyardas/2023-openmc-depletion-data/months3/../../cross-section-libraries/e
 ndfb71_hdf5/Gd157.h5
 Reading I135 from
 /home/oyardas/2023-openmc-depletion-data/months3/../../cross-section-libraries/e
 ndfb71_hdf5/I135.h5
 Reading U234 from
 /home/oyardas/2023-openmc-depletion-data/months3/../../cross-section-libraries/e
 ndfb71_hdf5/U234.h5
 Reading U235 from
 /home/oyardas/2023-openmc-depletion-data/months3/../../cross-section-libraries/e
 ndfb71_hdf5/U235.h5
 Reading U238 from
 /home/oyardas/2023-openmc-depletion-data/months3/../../cross-section-libraries/e
 ndfb71_hdf5/U238.h5
 Reading Xe135 from
 /home/oyardas/2023-openmc-depletion-data/months3/../../cross-section-libraries/e
 ndfb71_hdf5/Xe135.h5
 Reading Xe136 from
 /home/oyardas/2023-openmc-depletion-data/months3/../../cross-section-libraries/e
 ndfb71_hdf5/Xe136.h5
 Reading Zr90 from
 /home/oyardas/2023-openmc-depletion-data/months3/../../cross-section-libraries/e
 ndfb71_hdf5/Zr90.h5
 Reading Zr91 from
 /home/oyardas/2023-openmc-depletion-data/months3/../../cross-section-libraries/e
 ndfb71_hdf5/Zr91.h5
 Reading Zr92 from
 /home/oyardas/2023-openmc-depletion-data/months3/../../cross-section-libraries/e
 ndfb71_hdf5/Zr92.h5
 Reading Zr94 from
 /home/oyardas/2023-openmc-depletion-data/months3/../../cross-section-libraries/e
 ndfb71_hdf5/Zr94.h5
 Reading Zr96 from
 /home/oyardas/2023-openmc-depletion-data/months3/../../cross-section-libraries/e
 ndfb71_hdf5/Zr96.h5
 Reading H1 from
 /home/oyardas/2023-openmc-depletion-data/months3/../../cross-section-libraries/e
 ndfb71_hdf5/H1.h5
 Reading H2 from
 /home/oyardas/2023-openmc-depletion-data/months3/../../cross-section-libraries/e
 ndfb71_hdf5/H2.h5
 Reading c_H_in_H2O from
 /home/oyardas/2023-openmc-depletion-data/months3/../../cross-section-libraries/e
 ndfb71_hdf5/c_H_in_H2O.h5
 Minimum neutron data temperature: 294 K
 Maximum neutron data temperature: 294 K
 Reading tallies XML file...
 Preparing distributed cell instances...
 Reading plot XML file...
 Writing summary.h5 file...
 Maximum neutron transport energy: 20000000 eV for O17
 Initializing source particles...

 ====================>     K EIGENVALUE SIMULATION     <====================

  Bat./Gen.      k            Average k
  =========   ========   ====================
        1/1    1.32702
        2/1    1.31877
        3/1    1.46010
        4/1    1.34768
        5/1    1.29326
        6/1    1.34505
        7/1    1.38310
        8/1    1.40323
        9/1    1.33205
       10/1    1.48684
       11/1    1.39725
       12/1    1.34537    1.37131 +/- 0.02594
       13/1    1.34410    1.36224 +/- 0.01751
       14/1    1.40620    1.37323 +/- 0.01655
       15/1    1.40326    1.37924 +/- 0.01416
       16/1    1.42320    1.38657 +/- 0.01369
       17/1    1.34526    1.38067 +/- 0.01299
       18/1    1.41650    1.38514 +/- 0.01211
       19/1    1.37846    1.38440 +/- 0.01070
       20/1    1.35619    1.38158 +/- 0.00998
       21/1    1.37490    1.38097 +/- 0.00905
       22/1    1.37037    1.38009 +/- 0.00831
       23/1    1.40890    1.38231 +/- 0.00796
       24/1    1.33088    1.37863 +/- 0.00823
       25/1    1.48355    1.38563 +/- 0.01037
       26/1    1.38686    1.38570 +/- 0.00970
       27/1    1.40815    1.38703 +/- 0.00921
       28/1    1.33383    1.38407 +/- 0.00917
       29/1    1.44255    1.38715 +/- 0.00921
       30/1    1.37747    1.38666 +/- 0.00875
       31/1    1.37703    1.38620 +/- 0.00833
       32/1    1.34638    1.38439 +/- 0.00815
       33/1    1.32221    1.38169 +/- 0.00824
       34/1    1.35572    1.38061 +/- 0.00797
       35/1    1.33749    1.37888 +/- 0.00783
       36/1    1.37678    1.37880 +/- 0.00753
       37/1    1.31821    1.37656 +/- 0.00758
       38/1    1.38895    1.37700 +/- 0.00732
       39/1    1.44481    1.37934 +/- 0.00744
       40/1    1.40260    1.38012 +/- 0.00723
       41/1    1.38772    1.38036 +/- 0.00700
       42/1    1.32251    1.37855 +/- 0.00701
       43/1    1.38293    1.37869 +/- 0.00680
       44/1    1.45130    1.38082 +/- 0.00693
       45/1    1.43079    1.38225 +/- 0.00688
       46/1    1.56992    1.38746 +/- 0.00848
       47/1    1.39316    1.38762 +/- 0.00825
       48/1    1.45828    1.38948 +/- 0.00824
       49/1    1.41662    1.39017 +/- 0.00806
       50/1    1.27829    1.38737 +/- 0.00834
 Creating state point statepoint.50.h5...

 =======================>     TIMING STATISTICS     <=======================

 Total time for initialization     = 2.0722e+00 seconds
   Reading cross sections          = 2.0363e+00 seconds
 Total time in simulation          = 2.2695e-01 seconds
   Time in transport only          = 1.3035e-01 seconds
   Time in inactive batches        = 5.2482e-02 seconds
   Time in active batches          = 1.7447e-01 seconds
   Time synchronizing fission bank = 4.9582e-02 seconds
     Sampling source sites         = 7.7025e-03 seconds
     SEND/RECV source sites        = 8.0834e-04 seconds
   Time accumulating tallies       = 3.3867e-03 seconds
   Time writing statepoints        = 3.3571e-02 seconds
 Total time for finalization       = 2.2466e-05 seconds
 Total time elapsed                = 2.3142e+00 seconds
 Calculation Rate (inactive)       = 190541 particles/second
 Calculation Rate (active)         = 229272 particles/second

 ============================>     RESULTS     <============================

 k-effective (Collision)     = 1.39272 +/- 0.00619
 k-effective (Track-length)  = 1.38737 +/- 0.00834
 k-effective (Absorption)    = 1.38832 +/- 0.00523
 Combined k-effective        = 1.38961 +/- 0.00480
 Leakage Fraction            = 0.00000 +/- 0.00000

[openmc.deplete] t=0.0 s, dt=2592000 s, source=174
[openmc.deplete] t=2592000.0 (final operator evaluation)
generating new microxs
/gpfs/fs1/home/oyardas/openmc/openmc/mixin.py:70: IDWarning: Another Filter instance already exists with id=1.
  warn(msg, IDWarning)
/gpfs/fs1/home/oyardas/openmc/openmc/mixin.py:70: IDWarning: Another Filter instance already exists with id=2.
  warn(msg, IDWarning)
                                %%%%%%%%%%%%%%%
                           %%%%%%%%%%%%%%%%%%%%%%%%
                        %%%%%%%%%%%%%%%%%%%%%%%%%%%%%%
                      %%%%%%%%%%%%%%%%%%%%%%%%%%%%%%%%%%
                    %%%%%%%%%%%%%%%%%%%%%%%%%%%%%%%%%%%%%%
                   %%%%%%%%%%%%%%%%%%%%%%%%%%%%%%%%%%%%%%%%
                                    %%%%%%%%%%%%%%%%%%%%%%%%
                                     %%%%%%%%%%%%%%%%%%%%%%%%
                 ###############      %%%%%%%%%%%%%%%%%%%%%%%%
                ##################     %%%%%%%%%%%%%%%%%%%%%%%
                ###################     %%%%%%%%%%%%%%%%%%%%%%%
                ####################     %%%%%%%%%%%%%%%%%%%%%%
                #####################     %%%%%%%%%%%%%%%%%%%%%
                ######################     %%%%%%%%%%%%%%%%%%%%
                #######################     %%%%%%%%%%%%%%%%%%
                 #######################     %%%%%%%%%%%%%%%%%
                 ######################     %%%%%%%%%%%%%%%%%
                  ####################     %%%%%%%%%%%%%%%%%
                    #################     %%%%%%%%%%%%%%%%%
                     ###############     %%%%%%%%%%%%%%%%
                       ############     %%%%%%%%%%%%%%%
                          ########     %%%%%%%%%%%%%%
                                      %%%%%%%%%%%

                 | The OpenMC Monte Carlo Code
       Copyright | 2011-2022 MIT, UChicago Argonne LLC, and contributors
         License | https://docs.openmc.org/en/latest/license.html
         Version | 0.13.1-dev
        Git SHA1 | 91638baeecec220b1ab5df59adf71714daf2cba4
       Date/Time | 2022-09-07 10:46:26
   MPI Processes | 4
  OpenMP Threads | 18

 Reading settings XML file...
 Reading cross sections XML file...
 Reading materials XML file...
 Reading geometry XML file...
 Reading U236 from
 /home/oyardas/2023-openmc-depletion-data/months3/../../cross-section-libraries/e
 ndfb71_hdf5/U236.h5
 Reading O16 from
 /home/oyardas/2023-openmc-depletion-data/months3/../../cross-section-libraries/e
 ndfb71_hdf5/O16.h5
 Reading O17 from
 /home/oyardas/2023-openmc-depletion-data/months3/../../cross-section-libraries/e
 ndfb71_hdf5/O17.h5
 Reading Cs135 from
 /home/oyardas/2023-openmc-depletion-data/months3/../../cross-section-libraries/e
 ndfb71_hdf5/Cs135.h5
 Reading Gd156 from
 /home/oyardas/2023-openmc-depletion-data/months3/../../cross-section-libraries/e
 ndfb71_hdf5/Gd156.h5
 Reading Gd157 from
 /home/oyardas/2023-openmc-depletion-data/months3/../../cross-section-libraries/e
 ndfb71_hdf5/Gd157.h5
 Reading I135 from
 /home/oyardas/2023-openmc-depletion-data/months3/../../cross-section-libraries/e
 ndfb71_hdf5/I135.h5
 Reading U234 from
 /home/oyardas/2023-openmc-depletion-data/months3/../../cross-section-libraries/e
 ndfb71_hdf5/U234.h5
 Reading U235 from
 /home/oyardas/2023-openmc-depletion-data/months3/../../cross-section-libraries/e
 ndfb71_hdf5/U235.h5
 Reading U238 from
 /home/oyardas/2023-openmc-depletion-data/months3/../../cross-section-libraries/e
 ndfb71_hdf5/U238.h5
 Reading Xe135 from
 /home/oyardas/2023-openmc-depletion-data/months3/../../cross-section-libraries/e
 ndfb71_hdf5/Xe135.h5
 Reading Xe136 from
 /home/oyardas/2023-openmc-depletion-data/months3/../../cross-section-libraries/e
 ndfb71_hdf5/Xe136.h5
 Reading Zr90 from
 /home/oyardas/2023-openmc-depletion-data/months3/../../cross-section-libraries/e
 ndfb71_hdf5/Zr90.h5
 Reading Zr91 from
 /home/oyardas/2023-openmc-depletion-data/months3/../../cross-section-libraries/e
 ndfb71_hdf5/Zr91.h5
 Reading Zr92 from
 /home/oyardas/2023-openmc-depletion-data/months3/../../cross-section-libraries/e
 ndfb71_hdf5/Zr92.h5
 Reading Zr94 from
 /home/oyardas/2023-openmc-depletion-data/months3/../../cross-section-libraries/e
 ndfb71_hdf5/Zr94.h5
 Reading Zr96 from
 /home/oyardas/2023-openmc-depletion-data/months3/../../cross-section-libraries/e
 ndfb71_hdf5/Zr96.h5
 Reading H1 from
 /home/oyardas/2023-openmc-depletion-data/months3/../../cross-section-libraries/e
 ndfb71_hdf5/H1.h5
 Reading H2 from
 /home/oyardas/2023-openmc-depletion-data/months3/../../cross-section-libraries/e
 ndfb71_hdf5/H2.h5
 Reading c_H_in_H2O from
 /home/oyardas/2023-openmc-depletion-data/months3/../../cross-section-libraries/e
 ndfb71_hdf5/c_H_in_H2O.h5
 Minimum neutron data temperature: 294 K
 Maximum neutron data temperature: 294 K
 Reading tallies XML file...
 Preparing distributed cell instances...
 Reading plot XML file...
 Writing summary.h5 file...
 Maximum neutron transport energy: 20000000 eV for O17
 Initializing source particles...

 ====================>     K EIGENVALUE SIMULATION     <====================

  Bat./Gen.      k            Average k
  =========   ========   ====================
        1/1    1.35258
        2/1    1.43611
        3/1    1.38404
        4/1    1.35533
        5/1    1.41038
        6/1    1.37000
        7/1    1.44775
        8/1    1.40112
        9/1    1.32849
       10/1    1.45544
       11/1    1.49001
       12/1    1.39860    1.44431 +/- 0.04570
       13/1    1.37439    1.42100 +/- 0.03520
       14/1    1.42702    1.42251 +/- 0.02494
       15/1    1.40602    1.41921 +/- 0.01960
       16/1    1.40204    1.41635 +/- 0.01625
       17/1    1.39507    1.41331 +/- 0.01407
       18/1    1.42003    1.41415 +/- 0.01221
       19/1    1.37101    1.40935 +/- 0.01179
       20/1    1.40486    1.40890 +/- 0.01055
       21/1    1.39239    1.40740 +/- 0.00966
       22/1    1.36856    1.40417 +/- 0.00940
       23/1    1.42492    1.40576 +/- 0.00879
       24/1    1.32075    1.39969 +/- 0.01015
       25/1    1.30168    1.39316 +/- 0.01149
       26/1    1.49175    1.39932 +/- 0.01239
       27/1    1.32457    1.39492 +/- 0.01244
       28/1    1.36778    1.39341 +/- 0.01183
       29/1    1.36553    1.39195 +/- 0.01128
       30/1    1.36317    1.39051 +/- 0.01080
       31/1    1.46168    1.39390 +/- 0.01082
       32/1    1.39313    1.39386 +/- 0.01031
       33/1    1.36940    1.39280 +/- 0.00991
       34/1    1.37786    1.39218 +/- 0.00951
       35/1    1.43459    1.39387 +/- 0.00928
       36/1    1.33658    1.39167 +/- 0.00918
       37/1    1.37203    1.39094 +/- 0.00887
       38/1    1.32484    1.38858 +/- 0.00886
       39/1    1.31905    1.38618 +/- 0.00888
       40/1    1.37534    1.38582 +/- 0.00859
       41/1    1.26932    1.38206 +/- 0.00912
       42/1    1.47701    1.38503 +/- 0.00931
       43/1    1.39841    1.38544 +/- 0.00904
       44/1    1.46245    1.38770 +/- 0.00905
       45/1    1.37005    1.38720 +/- 0.00881
       46/1    1.36108    1.38647 +/- 0.00859
       47/1    1.38715    1.38649 +/- 0.00835
       48/1    1.32770    1.38494 +/- 0.00828
       49/1    1.39862    1.38529 +/- 0.00807
       50/1    1.41447    1.38602 +/- 0.00790
 Creating state point statepoint.50.h5...

 =======================>     TIMING STATISTICS     <=======================

 Total time for initialization     = 2.1083e+00 seconds
   Reading cross sections          = 2.0725e+00 seconds
 Total time in simulation          = 1.9518e-01 seconds
   Time in transport only          = 1.3362e-01 seconds
   Time in inactive batches        = 2.8274e-02 seconds
   Time in active batches          = 1.6691e-01 seconds
   Time synchronizing fission bank = 2.3323e-02 seconds
     Sampling source sites         = 7.5141e-03 seconds
     SEND/RECV source sites        = 4.2248e-04 seconds
   Time accumulating tallies       = 3.6560e-03 seconds
   Time writing statepoints        = 2.4876e-02 seconds
 Total time for finalization       = 2.2493e-05 seconds
 Total time elapsed                = 2.3184e+00 seconds
 Calculation Rate (inactive)       = 353684 particles/second
 Calculation Rate (active)         = 239656 particles/second

 ============================>     RESULTS     <============================

 k-effective (Collision)     = 1.38331 +/- 0.00580
 k-effective (Track-length)  = 1.38602 +/- 0.00790
 k-effective (Absorption)    = 1.37634 +/- 0.00514
 Combined k-effective        = 1.37927 +/- 0.00450
 Leakage Fraction            = 0.00000 +/- 0.00000

